chr14:0-101219177
ctcf_deep_chr14
bases in batch (core allotment reached) 76455469
bases in batch (core allotment reached) 76438617
bases in batch (core allotment reached) 76439801
bases in batch (core allotment reached) 76436478
bases in batch (core allotment reached) 76437198
bases in batch (core allotment reached) 76456870
bases in batch (core allotment reached) 76431782
bases in batch (core allotment reached) 76435170
bases in batch (core allotment reached) 76522541
bases in batch (core allotment reached) 76507834
bases in batch (core allotment reached) 76443432
bases in batch (core allotment reached) 76438911
bases in batch (core allotment reached) 76465551
bases in batch (core allotment reached) 76455999
bases in batch (core allotment reached) 76434446
bases in batch (core allotment reached) 76440580
bases in batch (core allotment reached) 76448931
bases in batch (core allotment reached) 76446863
bases in batch (core allotment reached) 76458442
bases in batch (core allotment reached) 76481788
bases in batch (core allotment reached) 76458724
bases in batch (core allotment reached) 76432549
bases in batch (core allotment reached) 76443804
bases in batch (core allotment reached) 76446371
bases in batch (core allotment reached) 76456807
bases in batch (core allotment reached) 76449998
bases in batch (core allotment reached) 76463728
bases in batch (core allotment reached) 76445951
bases in batch (core allotment reached) 76432164
bases in batch (core allotment reached) 76433057
bases in batch (core allotment reached) 76436462
bases in batch (last for core) 75808477
Starting up parallel processes, tasklist took 14.504173278808594
Starting merge, parallel processing took 421.99347376823425
bigwig
Merge took 501.8152892589569

