chr1:0-248387497
ctcf_deep_chr1
bases in batch (batch size exceeded) 25006745
bases in batch (batch size exceeded) 25017388
bases in batch (batch size exceeded) 25004054
bases in batch (batch size exceeded) 25043172
bases in batch (batch size exceeded) 25024492
bases in batch (batch size exceeded) 25006813
bases in batch (batch size exceeded) 25002083
bases in batch (core allotment reached) 18800874
bases in batch (batch size exceeded) 25057866
bases in batch (batch size exceeded) 25009357
bases in batch (batch size exceeded) 25000195
bases in batch (batch size exceeded) 25041561
bases in batch (batch size exceeded) 25014116
bases in batch (batch size exceeded) 25000215
bases in batch (batch size exceeded) 25019493
bases in batch (core allotment reached) 18765270
bases in batch (batch size exceeded) 25010104
bases in batch (batch size exceeded) 25006043
bases in batch (batch size exceeded) 25007808
bases in batch (batch size exceeded) 25014695
bases in batch (batch size exceeded) 25001595
bases in batch (batch size exceeded) 25004693
bases in batch (batch size exceeded) 25011355
bases in batch (core allotment reached) 18846561
bases in batch (batch size exceeded) 25094722
bases in batch (batch size exceeded) 25010428
bases in batch (batch size exceeded) 25035453
bases in batch (batch size exceeded) 25020890
bases in batch (batch size exceeded) 25000918
bases in batch (batch size exceeded) 25002473
bases in batch (batch size exceeded) 25022815
bases in batch (core allotment reached) 18724377
bases in batch (batch size exceeded) 25007214
bases in batch (batch size exceeded) 25038985
bases in batch (batch size exceeded) 25000643
bases in batch (batch size exceeded) 25007655
bases in batch (batch size exceeded) 25015666
bases in batch (batch size exceeded) 25000312
bases in batch (batch size exceeded) 25069101
bases in batch (core allotment reached) 18859332
bases in batch (batch size exceeded) 25018470
bases in batch (batch size exceeded) 25018085
bases in batch (batch size exceeded) 25007373
bases in batch (batch size exceeded) 25154028
bases in batch (batch size exceeded) 25007225
bases in batch (batch size exceeded) 25015997
bases in batch (batch size exceeded) 25036747
bases in batch (core allotment reached) 18647339
bases in batch (batch size exceeded) 25009537
bases in batch (batch size exceeded) 25005841
bases in batch (batch size exceeded) 25065221
bases in batch (batch size exceeded) 25065765
bases in batch (batch size exceeded) 25001270
bases in batch (batch size exceeded) 25005839
bases in batch (batch size exceeded) 25036681
bases in batch (core allotment reached) 18713628
bases in batch (batch size exceeded) 25055964
bases in batch (batch size exceeded) 25005536
bases in batch (batch size exceeded) 25019828
bases in batch (batch size exceeded) 25003181
bases in batch (batch size exceeded) 25005519
bases in batch (batch size exceeded) 25022413
bases in batch (batch size exceeded) 25047816
bases in batch (core allotment reached) 18745706
bases in batch (batch size exceeded) 25005653
bases in batch (batch size exceeded) 25004387
bases in batch (batch size exceeded) 25005498
bases in batch (batch size exceeded) 25000830
bases in batch (batch size exceeded) 25029677
bases in batch (batch size exceeded) 25023168
bases in batch (batch size exceeded) 25025033
bases in batch (core allotment reached) 18805443
bases in batch (batch size exceeded) 25000580
bases in batch (batch size exceeded) 25015665
bases in batch (batch size exceeded) 25087834
bases in batch (batch size exceeded) 25012717
bases in batch (batch size exceeded) 25000066
bases in batch (batch size exceeded) 25004514
bases in batch (batch size exceeded) 25011484
bases in batch (core allotment reached) 18802478
bases in batch (batch size exceeded) 25075322
bases in batch (batch size exceeded) 25010749
bases in batch (batch size exceeded) 25005646
bases in batch (batch size exceeded) 25002692
bases in batch (batch size exceeded) 25009834
bases in batch (batch size exceeded) 25004869
bases in batch (batch size exceeded) 25017507
bases in batch (core allotment reached) 18778346
bases in batch (batch size exceeded) 25003669
bases in batch (batch size exceeded) 25001902
bases in batch (batch size exceeded) 25015726
bases in batch (batch size exceeded) 25013996
bases in batch (batch size exceeded) 25004833
bases in batch (batch size exceeded) 25031522
bases in batch (batch size exceeded) 25003860
bases in batch (core allotment reached) 18832053
bases in batch (batch size exceeded) 25013067
bases in batch (batch size exceeded) 25003799
bases in batch (batch size exceeded) 25002445
bases in batch (batch size exceeded) 25105482
bases in batch (batch size exceeded) 25035910
bases in batch (batch size exceeded) 25039601
bases in batch (batch size exceeded) 25080767
bases in batch (core allotment reached) 18624749
bases in batch (batch size exceeded) 25002883
bases in batch (batch size exceeded) 25114809
bases in batch (batch size exceeded) 25026157
bases in batch (batch size exceeded) 25015328
bases in batch (batch size exceeded) 25029890
bases in batch (batch size exceeded) 25006189
bases in batch (batch size exceeded) 25005302
bases in batch (core allotment reached) 18706634
bases in batch (batch size exceeded) 25057716
bases in batch (batch size exceeded) 25007816
bases in batch (batch size exceeded) 25000500
bases in batch (batch size exceeded) 25008654
bases in batch (batch size exceeded) 25000366
bases in batch (batch size exceeded) 25005754
bases in batch (batch size exceeded) 25000608
bases in batch (core allotment reached) 18856889
bases in batch (batch size exceeded) 25013291
bases in batch (batch size exceeded) 25000655
bases in batch (batch size exceeded) 25023094
bases in batch (batch size exceeded) 25013708
bases in batch (batch size exceeded) 25014574
bases in batch (batch size exceeded) 25009407
bases in batch (batch size exceeded) 25002636
bases in batch (core allotment reached) 18822081
bases in batch (batch size exceeded) 25023299
bases in batch (batch size exceeded) 25010845
bases in batch (batch size exceeded) 25009489
bases in batch (batch size exceeded) 25020103
bases in batch (batch size exceeded) 25000663
bases in batch (batch size exceeded) 25003077
bases in batch (batch size exceeded) 25006373
bases in batch (core allotment reached) 18832970
bases in batch (batch size exceeded) 25000497
bases in batch (batch size exceeded) 25002519
bases in batch (batch size exceeded) 25009865
bases in batch (batch size exceeded) 25007085
bases in batch (batch size exceeded) 25000375
bases in batch (batch size exceeded) 25005484
bases in batch (batch size exceeded) 25003751
bases in batch (core allotment reached) 18881031
bases in batch (batch size exceeded) 25000257
bases in batch (batch size exceeded) 25012084
bases in batch (batch size exceeded) 25001323
bases in batch (batch size exceeded) 25109988
bases in batch (batch size exceeded) 25034853
bases in batch (batch size exceeded) 25011511
bases in batch (batch size exceeded) 25034466
bases in batch (core allotment reached) 18697680
bases in batch (batch size exceeded) 25005542
bases in batch (batch size exceeded) 25009653
bases in batch (batch size exceeded) 25187211
bases in batch (batch size exceeded) 25001101
bases in batch (batch size exceeded) 25007810
bases in batch (batch size exceeded) 25007639
bases in batch (batch size exceeded) 25003010
bases in batch (core allotment reached) 18702518
bases in batch (batch size exceeded) 25013509
bases in batch (batch size exceeded) 25006911
bases in batch (batch size exceeded) 25006311
bases in batch (batch size exceeded) 25001254
bases in batch (batch size exceeded) 25001767
bases in batch (batch size exceeded) 25024004
bases in batch (batch size exceeded) 25035892
bases in batch (core allotment reached) 18811289
bases in batch (batch size exceeded) 25001113
bases in batch (batch size exceeded) 25002576
bases in batch (batch size exceeded) 25015078
bases in batch (batch size exceeded) 25002212
bases in batch (batch size exceeded) 25002402
bases in batch (batch size exceeded) 25030339
bases in batch (batch size exceeded) 25019173
bases in batch (core allotment reached) 18836236
bases in batch (batch size exceeded) 25003437
bases in batch (batch size exceeded) 25013697
bases in batch (batch size exceeded) 25011530
bases in batch (batch size exceeded) 25003027
bases in batch (batch size exceeded) 25004967
bases in batch (batch size exceeded) 25019554
bases in batch (batch size exceeded) 25001337
bases in batch (core allotment reached) 18848833
bases in batch (batch size exceeded) 25045503
bases in batch (batch size exceeded) 25007225
bases in batch (batch size exceeded) 25006037
bases in batch (batch size exceeded) 25023931
bases in batch (batch size exceeded) 25017157
bases in batch (batch size exceeded) 25009204
bases in batch (batch size exceeded) 25004831
bases in batch (core allotment reached) 18790444
bases in batch (batch size exceeded) 25004966
bases in batch (batch size exceeded) 25016091
bases in batch (batch size exceeded) 25049852
bases in batch (batch size exceeded) 25020800
bases in batch (batch size exceeded) 25004196
bases in batch (batch size exceeded) 25050519
bases in batch (batch size exceeded) 25007654
bases in batch (core allotment reached) 18754506
bases in batch (batch size exceeded) 25004705
bases in batch (batch size exceeded) 25001427
bases in batch (batch size exceeded) 25000031
bases in batch (batch size exceeded) 25011411
bases in batch (batch size exceeded) 25003338
bases in batch (batch size exceeded) 25074171
bases in batch (batch size exceeded) 25005796
bases in batch (core allotment reached) 18815277
bases in batch (batch size exceeded) 25092018
bases in batch (batch size exceeded) 25003069
bases in batch (batch size exceeded) 25027861
bases in batch (batch size exceeded) 25041987
bases in batch (batch size exceeded) 25006048
bases in batch (batch size exceeded) 25020654
bases in batch (batch size exceeded) 25011604
bases in batch (core allotment reached) 18699919
bases in batch (batch size exceeded) 25004706
bases in batch (batch size exceeded) 25012858
bases in batch (batch size exceeded) 25013053
bases in batch (batch size exceeded) 25018805
bases in batch (batch size exceeded) 25002770
bases in batch (batch size exceeded) 25001739
bases in batch (batch size exceeded) 25063295
bases in batch (core allotment reached) 18783497
bases in batch (batch size exceeded) 25001393
bases in batch (batch size exceeded) 25006031
bases in batch (batch size exceeded) 25007582
bases in batch (batch size exceeded) 25001734
bases in batch (batch size exceeded) 25000948
bases in batch (batch size exceeded) 25013329
bases in batch (batch size exceeded) 25003161
bases in batch (core allotment reached) 18873845
bases in batch (batch size exceeded) 25063797
bases in batch (batch size exceeded) 25001030
bases in batch (batch size exceeded) 25012551
bases in batch (batch size exceeded) 25024742
bases in batch (batch size exceeded) 25009181
bases in batch (batch size exceeded) 25001951
bases in batch (batch size exceeded) 25077430
bases in batch (core allotment reached) 18719002
bases in batch (batch size exceeded) 25008704
bases in batch (batch size exceeded) 25019426
bases in batch (batch size exceeded) 25002021
bases in batch (batch size exceeded) 25101039
bases in batch (batch size exceeded) 25002732
bases in batch (batch size exceeded) 25021847
bases in batch (batch size exceeded) 25007950
bases in batch (core allotment reached) 18754388
bases in batch (batch size exceeded) 25015000
bases in batch (batch size exceeded) 25003394
bases in batch (batch size exceeded) 25012735
bases in batch (batch size exceeded) 25018635
bases in batch (batch size exceeded) 25004975
bases in batch (batch size exceeded) 25019923
bases in batch (batch size exceeded) 25003134
bases in batch (last for core) 18378824
Starting up parallel processes, tasklist took 30.061938762664795
Starting merge, parallel processing took 655.2704775333405
bigwig
Merge took 1201.803256034851

