chr12:0-133324781
ctcf_deep_chr12
bases in batch (batch size exceeded) 25040414
bases in batch (batch size exceeded) 25034192
bases in batch (batch size exceeded) 25018267
bases in batch (batch size exceeded) 25003751
bases in batch (core allotment reached) 2927361
bases in batch (batch size exceeded) 25013395
bases in batch (batch size exceeded) 25002074
bases in batch (batch size exceeded) 25000035
bases in batch (batch size exceeded) 25034218
bases in batch (core allotment reached) 2991156
bases in batch (batch size exceeded) 25053576
bases in batch (batch size exceeded) 25018441
bases in batch (batch size exceeded) 25013806
bases in batch (batch size exceeded) 25000350
bases in batch (core allotment reached) 2939968
bases in batch (batch size exceeded) 25014252
bases in batch (batch size exceeded) 25006664
bases in batch (batch size exceeded) 25002037
bases in batch (batch size exceeded) 25010505
bases in batch (core allotment reached) 2986227
bases in batch (batch size exceeded) 25006322
bases in batch (batch size exceeded) 25000380
bases in batch (batch size exceeded) 25008787
bases in batch (batch size exceeded) 25007152
bases in batch (core allotment reached) 3087883
bases in batch (batch size exceeded) 25008737
bases in batch (batch size exceeded) 25001205
bases in batch (batch size exceeded) 25003932
bases in batch (batch size exceeded) 25005891
bases in batch (core allotment reached) 2999853
bases in batch (batch size exceeded) 25021078
bases in batch (batch size exceeded) 25016854
bases in batch (batch size exceeded) 25004377
bases in batch (batch size exceeded) 25026316
bases in batch (core allotment reached) 2962550
bases in batch (batch size exceeded) 25006771
bases in batch (batch size exceeded) 25121730
bases in batch (batch size exceeded) 25010312
bases in batch (batch size exceeded) 25002454
bases in batch (core allotment reached) 2894961
bases in batch (batch size exceeded) 25072955
bases in batch (batch size exceeded) 25041667
bases in batch (batch size exceeded) 25014831
bases in batch (batch size exceeded) 25016875
bases in batch (core allotment reached) 2887238
bases in batch (batch size exceeded) 25004704
bases in batch (batch size exceeded) 25003211
bases in batch (batch size exceeded) 25027845
bases in batch (batch size exceeded) 25014008
bases in batch (core allotment reached) 2977424
bases in batch (batch size exceeded) 25006648
bases in batch (batch size exceeded) 25006931
bases in batch (batch size exceeded) 25001292
bases in batch (batch size exceeded) 25001140
bases in batch (core allotment reached) 3029275
bases in batch (batch size exceeded) 25001905
bases in batch (batch size exceeded) 25009510
bases in batch (batch size exceeded) 25023579
bases in batch (batch size exceeded) 25006943
bases in batch (core allotment reached) 2976001
bases in batch (batch size exceeded) 25000361
bases in batch (batch size exceeded) 25058346
bases in batch (batch size exceeded) 25050791
bases in batch (batch size exceeded) 25019518
bases in batch (core allotment reached) 2930088
bases in batch (batch size exceeded) 25007260
bases in batch (batch size exceeded) 25031257
bases in batch (batch size exceeded) 25001047
bases in batch (batch size exceeded) 25002112
bases in batch (core allotment reached) 2992294
bases in batch (batch size exceeded) 25022490
bases in batch (batch size exceeded) 25003660
bases in batch (batch size exceeded) 25010556
bases in batch (batch size exceeded) 25013803
bases in batch (core allotment reached) 2970659
bases in batch (batch size exceeded) 25017580
bases in batch (batch size exceeded) 25011427
bases in batch (batch size exceeded) 25014752
bases in batch (batch size exceeded) 25170710
bases in batch (core allotment reached) 2822621
bases in batch (batch size exceeded) 25043585
bases in batch (batch size exceeded) 25003577
bases in batch (batch size exceeded) 25063013
bases in batch (batch size exceeded) 25018030
bases in batch (core allotment reached) 2891639
bases in batch (batch size exceeded) 25025467
bases in batch (batch size exceeded) 25006053
bases in batch (batch size exceeded) 25026238
bases in batch (batch size exceeded) 25005558
bases in batch (core allotment reached) 3006173
bases in batch (batch size exceeded) 25042064
bases in batch (batch size exceeded) 25010586
bases in batch (batch size exceeded) 25073606
bases in batch (batch size exceeded) 25009132
bases in batch (core allotment reached) 2898118
bases in batch (batch size exceeded) 25025694
bases in batch (batch size exceeded) 25017898
bases in batch (batch size exceeded) 25013580
bases in batch (batch size exceeded) 25029215
bases in batch (core allotment reached) 2946954
bases in batch (batch size exceeded) 25026174
bases in batch (batch size exceeded) 25003752
bases in batch (batch size exceeded) 25000666
bases in batch (batch size exceeded) 25002117
bases in batch (core allotment reached) 2988845
bases in batch (batch size exceeded) 25003393
bases in batch (batch size exceeded) 25008902
bases in batch (batch size exceeded) 25013090
bases in batch (batch size exceeded) 25018592
bases in batch (core allotment reached) 2976994
bases in batch (batch size exceeded) 25020956
bases in batch (batch size exceeded) 25004738
bases in batch (batch size exceeded) 25019396
bases in batch (batch size exceeded) 25022139
bases in batch (core allotment reached) 2951626
bases in batch (batch size exceeded) 25019926
bases in batch (batch size exceeded) 25012108
bases in batch (batch size exceeded) 25037651
bases in batch (batch size exceeded) 25019884
bases in batch (core allotment reached) 2939303
bases in batch (batch size exceeded) 25000185
bases in batch (batch size exceeded) 25019839
bases in batch (batch size exceeded) 25020924
bases in batch (batch size exceeded) 25018736
bases in batch (core allotment reached) 2979472
bases in batch (batch size exceeded) 25011700
bases in batch (batch size exceeded) 25050084
bases in batch (batch size exceeded) 25000429
bases in batch (batch size exceeded) 25022154
bases in batch (core allotment reached) 2965948
bases in batch (batch size exceeded) 25015115
bases in batch (batch size exceeded) 25002567
bases in batch (batch size exceeded) 25000448
bases in batch (batch size exceeded) 25006984
bases in batch (core allotment reached) 3026875
bases in batch (batch size exceeded) 25018787
bases in batch (batch size exceeded) 25014383
bases in batch (batch size exceeded) 25011211
bases in batch (batch size exceeded) 25032457
bases in batch (core allotment reached) 2940703
bases in batch (batch size exceeded) 25000922
bases in batch (batch size exceeded) 25000331
bases in batch (batch size exceeded) 25016638
bases in batch (batch size exceeded) 25023236
bases in batch (core allotment reached) 2981195
bases in batch (batch size exceeded) 25019777
bases in batch (batch size exceeded) 25003903
bases in batch (batch size exceeded) 25006238
bases in batch (batch size exceeded) 25023410
bases in batch (core allotment reached) 2979428
bases in batch (batch size exceeded) 25025153
bases in batch (batch size exceeded) 25000724
bases in batch (batch size exceeded) 25007516
bases in batch (batch size exceeded) 25002829
bases in batch (core allotment reached) 2985930
bases in batch (batch size exceeded) 25017863
bases in batch (batch size exceeded) 25000360
bases in batch (batch size exceeded) 25018572
bases in batch (batch size exceeded) 25066213
bases in batch (last for core) 2374809
Starting up parallel processes, tasklist took 19.95789122581482
Starting merge, parallel processing took 190.45228266716003
bigwig
Merge took 642.9073367118835

