chr17:0-84277185
ctcf_deep_chr17
bases in batch (core allotment reached) 66743087
bases in batch (core allotment reached) 66678417
bases in batch (core allotment reached) 66657924
bases in batch (core allotment reached) 66656459
bases in batch (core allotment reached) 66647440
bases in batch (core allotment reached) 66667097
bases in batch (core allotment reached) 66645499
bases in batch (core allotment reached) 66698859
bases in batch (core allotment reached) 66644278
bases in batch (core allotment reached) 66655624
bases in batch (core allotment reached) 66650607
bases in batch (core allotment reached) 66640608
bases in batch (core allotment reached) 66644408
bases in batch (core allotment reached) 66641014
bases in batch (core allotment reached) 66658981
bases in batch (core allotment reached) 66646190
bases in batch (core allotment reached) 66641085
bases in batch (core allotment reached) 66660346
bases in batch (core allotment reached) 66656237
bases in batch (core allotment reached) 66649722
bases in batch (core allotment reached) 66661539
bases in batch (core allotment reached) 66658129
bases in batch (core allotment reached) 66640062
bases in batch (core allotment reached) 66641591
bases in batch (core allotment reached) 66648231
bases in batch (core allotment reached) 66661789
bases in batch (core allotment reached) 66691601
bases in batch (core allotment reached) 66643397
bases in batch (core allotment reached) 66645838
bases in batch (core allotment reached) 66649360
bases in batch (core allotment reached) 66643421
bases in batch (last for core) 66109333
Starting up parallel processes, tasklist took 14.60291337966919
Starting merge, parallel processing took 132.8310830593109
bigwig
Merge took 411.80525374412537

