chr21:0-45827691
ctcf_deep_chr21
bases in batch (core allotment reached) 35561698
bases in batch (core allotment reached) 35553363
bases in batch (core allotment reached) 35551689
bases in batch (core allotment reached) 35557980
bases in batch (core allotment reached) 35552218
bases in batch (core allotment reached) 35557121
bases in batch (core allotment reached) 35583023
bases in batch (core allotment reached) 35570105
bases in batch (core allotment reached) 35559417
bases in batch (core allotment reached) 35552488
bases in batch (core allotment reached) 35563726
bases in batch (core allotment reached) 35557316
bases in batch (core allotment reached) 35597527
bases in batch (core allotment reached) 35635443
bases in batch (core allotment reached) 35564125
bases in batch (core allotment reached) 35563004
bases in batch (core allotment reached) 35552395
bases in batch (core allotment reached) 35554683
bases in batch (core allotment reached) 35576851
bases in batch (core allotment reached) 35608538
bases in batch (core allotment reached) 35557529
bases in batch (core allotment reached) 35553371
bases in batch (core allotment reached) 35556547
bases in batch (core allotment reached) 35559074
bases in batch (core allotment reached) 35555411
bases in batch (core allotment reached) 35556946
bases in batch (core allotment reached) 35559113
bases in batch (core allotment reached) 35603123
bases in batch (core allotment reached) 35560730
bases in batch (core allotment reached) 35557893
bases in batch (core allotment reached) 35653609
bases in batch (last for core) 35007941
Starting up parallel processes, tasklist took 9.673961877822876
Starting merge, parallel processing took 75.60017538070679
bigwig
Merge took 220.88481259346008

