chr2:0-242696747
ctcf_deep_chr2
bases in batch (batch size exceeded) 25056502
bases in batch (batch size exceeded) 25012318
bases in batch (batch size exceeded) 25014761
bases in batch (batch size exceeded) 25003669
bases in batch (batch size exceeded) 25011874
bases in batch (batch size exceeded) 25006977
bases in batch (batch size exceeded) 25004589
bases in batch (core allotment reached) 12052084
bases in batch (batch size exceeded) 25003468
bases in batch (batch size exceeded) 25000699
bases in batch (batch size exceeded) 25017697
bases in batch (batch size exceeded) 25032694
bases in batch (batch size exceeded) 25025548
bases in batch (batch size exceeded) 25010072
bases in batch (batch size exceeded) 25017222
bases in batch (core allotment reached) 12056279
bases in batch (batch size exceeded) 25009029
bases in batch (batch size exceeded) 25036568
bases in batch (batch size exceeded) 25002880
bases in batch (batch size exceeded) 25003588
bases in batch (batch size exceeded) 25001474
bases in batch (batch size exceeded) 25006865
bases in batch (batch size exceeded) 25009226
bases in batch (core allotment reached) 12144352
bases in batch (batch size exceeded) 25051522
bases in batch (batch size exceeded) 25022531
bases in batch (batch size exceeded) 25014122
bases in batch (batch size exceeded) 25062229
bases in batch (batch size exceeded) 25026247
bases in batch (batch size exceeded) 25010893
bases in batch (batch size exceeded) 25006066
bases in batch (core allotment reached) 12143940
bases in batch (batch size exceeded) 25005143
bases in batch (batch size exceeded) 25003488
bases in batch (batch size exceeded) 25003683
bases in batch (batch size exceeded) 25011976
bases in batch (batch size exceeded) 25012482
bases in batch (batch size exceeded) 25024519
bases in batch (batch size exceeded) 25008040
bases in batch (core allotment reached) 12095790
bases in batch (batch size exceeded) 25012041
bases in batch (batch size exceeded) 25008192
bases in batch (batch size exceeded) 25003056
bases in batch (batch size exceeded) 25017846
bases in batch (batch size exceeded) 25006424
bases in batch (batch size exceeded) 25041018
bases in batch (batch size exceeded) 25028638
bases in batch (core allotment reached) 12040918
bases in batch (batch size exceeded) 25009613
bases in batch (batch size exceeded) 25009683
bases in batch (batch size exceeded) 25013429
bases in batch (batch size exceeded) 25024638
bases in batch (batch size exceeded) 25009985
bases in batch (batch size exceeded) 25010561
bases in batch (batch size exceeded) 25005083
bases in batch (core allotment reached) 12076296
bases in batch (batch size exceeded) 25001849
bases in batch (batch size exceeded) 25001243
bases in batch (batch size exceeded) 25013597
bases in batch (batch size exceeded) 25020365
bases in batch (batch size exceeded) 25008125
bases in batch (batch size exceeded) 25009795
bases in batch (batch size exceeded) 25000356
bases in batch (core allotment reached) 12122089
bases in batch (batch size exceeded) 25000540
bases in batch (batch size exceeded) 25008966
bases in batch (batch size exceeded) 25033094
bases in batch (batch size exceeded) 25003964
bases in batch (batch size exceeded) 25050602
bases in batch (batch size exceeded) 25010252
bases in batch (batch size exceeded) 25004856
bases in batch (core allotment reached) 12043768
bases in batch (batch size exceeded) 25075560
bases in batch (batch size exceeded) 25007633
bases in batch (batch size exceeded) 25021538
bases in batch (batch size exceeded) 25015189
bases in batch (batch size exceeded) 25016123
bases in batch (batch size exceeded) 25066774
bases in batch (batch size exceeded) 25002242
bases in batch (core allotment reached) 11951320
bases in batch (batch size exceeded) 25102800
bases in batch (batch size exceeded) 25007074
bases in batch (batch size exceeded) 25077741
bases in batch (batch size exceeded) 25173144
bases in batch (batch size exceeded) 25003784
bases in batch (batch size exceeded) 25059354
bases in batch (batch size exceeded) 25002303
bases in batch (core allotment reached) 11739764
bases in batch (batch size exceeded) 25025871
bases in batch (batch size exceeded) 25014203
bases in batch (batch size exceeded) 25007030
bases in batch (batch size exceeded) 25001541
bases in batch (batch size exceeded) 25030738
bases in batch (batch size exceeded) 25017984
bases in batch (batch size exceeded) 25003457
bases in batch (core allotment reached) 12051827
bases in batch (batch size exceeded) 25006478
bases in batch (batch size exceeded) 25014488
bases in batch (batch size exceeded) 25046928
bases in batch (batch size exceeded) 25015429
bases in batch (batch size exceeded) 25000367
bases in batch (batch size exceeded) 25004390
bases in batch (batch size exceeded) 25008271
bases in batch (core allotment reached) 12170411
bases in batch (batch size exceeded) 25009347
bases in batch (batch size exceeded) 25021834
bases in batch (batch size exceeded) 25005121
bases in batch (batch size exceeded) 25015473
bases in batch (batch size exceeded) 25011347
bases in batch (batch size exceeded) 25000407
bases in batch (batch size exceeded) 25003572
bases in batch (core allotment reached) 12084410
bases in batch (batch size exceeded) 25005900
bases in batch (batch size exceeded) 25061327
bases in batch (batch size exceeded) 25005259
bases in batch (batch size exceeded) 25002227
bases in batch (batch size exceeded) 25002730
bases in batch (batch size exceeded) 25012119
bases in batch (batch size exceeded) 25005639
bases in batch (core allotment reached) 12056521
bases in batch (batch size exceeded) 25001668
bases in batch (batch size exceeded) 25010828
bases in batch (batch size exceeded) 25000238
bases in batch (batch size exceeded) 25038788
bases in batch (batch size exceeded) 25067377
bases in batch (batch size exceeded) 25001066
bases in batch (batch size exceeded) 25015006
bases in batch (core allotment reached) 12016673
bases in batch (batch size exceeded) 25003613
bases in batch (batch size exceeded) 25002167
bases in batch (batch size exceeded) 25001642
bases in batch (batch size exceeded) 25034567
bases in batch (batch size exceeded) 25047442
bases in batch (batch size exceeded) 25022097
bases in batch (batch size exceeded) 25009570
bases in batch (core allotment reached) 12035759
bases in batch (batch size exceeded) 25004038
bases in batch (batch size exceeded) 25017548
bases in batch (batch size exceeded) 25008441
bases in batch (batch size exceeded) 25002034
bases in batch (batch size exceeded) 25001557
bases in batch (batch size exceeded) 25000538
bases in batch (batch size exceeded) 25000412
bases in batch (core allotment reached) 12137465
bases in batch (batch size exceeded) 25000502
bases in batch (batch size exceeded) 25014887
bases in batch (batch size exceeded) 25004885
bases in batch (batch size exceeded) 25006403
bases in batch (batch size exceeded) 25010001
bases in batch (batch size exceeded) 25006376
bases in batch (batch size exceeded) 25008410
bases in batch (core allotment reached) 12102887
bases in batch (batch size exceeded) 25013649
bases in batch (batch size exceeded) 25003564
bases in batch (batch size exceeded) 25016921
bases in batch (batch size exceeded) 25000697
bases in batch (batch size exceeded) 25014707
bases in batch (batch size exceeded) 25005367
bases in batch (batch size exceeded) 25006992
bases in batch (core allotment reached) 12096126
bases in batch (batch size exceeded) 25014072
bases in batch (batch size exceeded) 25002428
bases in batch (batch size exceeded) 25002118
bases in batch (batch size exceeded) 25014572
bases in batch (batch size exceeded) 25019948
bases in batch (batch size exceeded) 25003739
bases in batch (batch size exceeded) 25003395
bases in batch (core allotment reached) 12107331
bases in batch (batch size exceeded) 25079886
bases in batch (batch size exceeded) 25014530
bases in batch (batch size exceeded) 25025034
bases in batch (batch size exceeded) 25004388
bases in batch (batch size exceeded) 25016735
bases in batch (batch size exceeded) 25029216
bases in batch (batch size exceeded) 25022157
bases in batch (core allotment reached) 11965173
bases in batch (batch size exceeded) 25002033
bases in batch (batch size exceeded) 25008354
bases in batch (batch size exceeded) 25005048
bases in batch (batch size exceeded) 25001909
bases in batch (batch size exceeded) 25005047
bases in batch (batch size exceeded) 25007810
bases in batch (batch size exceeded) 25005169
bases in batch (core allotment reached) 12119247
bases in batch (batch size exceeded) 25065136
bases in batch (batch size exceeded) 25033172
bases in batch (batch size exceeded) 25004366
bases in batch (batch size exceeded) 25008675
bases in batch (batch size exceeded) 25003585
bases in batch (batch size exceeded) 25006289
bases in batch (batch size exceeded) 25001088
bases in batch (core allotment reached) 12036217
bases in batch (batch size exceeded) 25001101
bases in batch (batch size exceeded) 25009421
bases in batch (batch size exceeded) 25004574
bases in batch (batch size exceeded) 25005257
bases in batch (batch size exceeded) 25006029
bases in batch (batch size exceeded) 25006924
bases in batch (batch size exceeded) 25000698
bases in batch (core allotment reached) 12117800
bases in batch (batch size exceeded) 25125155
bases in batch (batch size exceeded) 25003588
bases in batch (batch size exceeded) 25002926
bases in batch (batch size exceeded) 25032864
bases in batch (batch size exceeded) 25063687
bases in batch (batch size exceeded) 25028803
bases in batch (batch size exceeded) 25041402
bases in batch (core allotment reached) 11856543
bases in batch (batch size exceeded) 25054975
bases in batch (batch size exceeded) 25010614
bases in batch (batch size exceeded) 25037875
bases in batch (batch size exceeded) 25011437
bases in batch (batch size exceeded) 25002759
bases in batch (batch size exceeded) 25002066
bases in batch (batch size exceeded) 25014533
bases in batch (core allotment reached) 12037995
bases in batch (batch size exceeded) 25011326
bases in batch (batch size exceeded) 25009159
bases in batch (batch size exceeded) 25071624
bases in batch (batch size exceeded) 25038911
bases in batch (batch size exceeded) 25005275
bases in batch (batch size exceeded) 25004781
bases in batch (batch size exceeded) 25031323
bases in batch (core allotment reached) 11981188
bases in batch (batch size exceeded) 25018258
bases in batch (batch size exceeded) 25015522
bases in batch (batch size exceeded) 25000587
bases in batch (batch size exceeded) 25009862
bases in batch (batch size exceeded) 25025383
bases in batch (batch size exceeded) 25000779
bases in batch (batch size exceeded) 25030091
bases in batch (core allotment reached) 12077218
bases in batch (batch size exceeded) 25000541
bases in batch (batch size exceeded) 25007543
bases in batch (batch size exceeded) 25068967
bases in batch (batch size exceeded) 25080012
bases in batch (batch size exceeded) 25002121
bases in batch (batch size exceeded) 25002100
bases in batch (batch size exceeded) 25034979
bases in batch (core allotment reached) 11962940
bases in batch (batch size exceeded) 25008612
bases in batch (batch size exceeded) 25014803
bases in batch (batch size exceeded) 25000138
bases in batch (batch size exceeded) 25000884
bases in batch (batch size exceeded) 25000997
bases in batch (batch size exceeded) 25047979
bases in batch (batch size exceeded) 25009802
bases in batch (core allotment reached) 12076975
bases in batch (batch size exceeded) 25008442
bases in batch (batch size exceeded) 25006351
bases in batch (batch size exceeded) 25007464
bases in batch (batch size exceeded) 25002705
bases in batch (batch size exceeded) 25008895
bases in batch (batch size exceeded) 25012190
bases in batch (batch size exceeded) 25006222
bases in batch (last for core) 11493172
Starting up parallel processes, tasklist took 30.61976385116577
Starting merge, parallel processing took 351.98405718803406
bigwig
Merge took 1170.9478430747986

