chr6:0-172126870
ctcf_deep_chr6
bases in batch (batch size exceeded) 25038294
bases in batch (batch size exceeded) 25004723
bases in batch (batch size exceeded) 25016980
bases in batch (batch size exceeded) 25000032
bases in batch (batch size exceeded) 25007141
bases in batch (core allotment reached) 7012670
bases in batch (batch size exceeded) 25007163
bases in batch (batch size exceeded) 25003940
bases in batch (batch size exceeded) 25006967
bases in batch (batch size exceeded) 25000251
bases in batch (batch size exceeded) 25013022
bases in batch (core allotment reached) 7031568
bases in batch (batch size exceeded) 25026419
bases in batch (batch size exceeded) 25000236
bases in batch (batch size exceeded) 25012040
bases in batch (batch size exceeded) 25005847
bases in batch (batch size exceeded) 25008075
bases in batch (core allotment reached) 7008510
bases in batch (batch size exceeded) 25042393
bases in batch (batch size exceeded) 25016143
bases in batch (batch size exceeded) 25165615
bases in batch (batch size exceeded) 25000797
bases in batch (batch size exceeded) 25000229
bases in batch (core allotment reached) 6873979
bases in batch (batch size exceeded) 25007804
bases in batch (batch size exceeded) 25003854
bases in batch (batch size exceeded) 25019638
bases in batch (batch size exceeded) 25020489
bases in batch (batch size exceeded) 25016673
bases in batch (core allotment reached) 6992783
bases in batch (batch size exceeded) 25003583
bases in batch (batch size exceeded) 25036996
bases in batch (batch size exceeded) 25070231
bases in batch (batch size exceeded) 25015706
bases in batch (batch size exceeded) 25024643
bases in batch (core allotment reached) 6907760
bases in batch (batch size exceeded) 25009924
bases in batch (batch size exceeded) 25001727
bases in batch (batch size exceeded) 25017069
bases in batch (batch size exceeded) 25002433
bases in batch (batch size exceeded) 25014042
bases in batch (core allotment reached) 7013686
bases in batch (batch size exceeded) 25029684
bases in batch (batch size exceeded) 25005346
bases in batch (batch size exceeded) 25016931
bases in batch (batch size exceeded) 25010847
bases in batch (batch size exceeded) 25000093
bases in batch (core allotment reached) 6996183
bases in batch (batch size exceeded) 25002416
bases in batch (batch size exceeded) 25016776
bases in batch (batch size exceeded) 25009578
bases in batch (batch size exceeded) 25035144
bases in batch (batch size exceeded) 25013179
bases in batch (core allotment reached) 6983000
bases in batch (batch size exceeded) 25005451
bases in batch (batch size exceeded) 25006166
bases in batch (batch size exceeded) 25050888
bases in batch (batch size exceeded) 25003360
bases in batch (batch size exceeded) 25001830
bases in batch (core allotment reached) 6998091
bases in batch (batch size exceeded) 25006761
bases in batch (batch size exceeded) 25010923
bases in batch (batch size exceeded) 25002459
bases in batch (batch size exceeded) 25026943
bases in batch (batch size exceeded) 25000523
bases in batch (core allotment reached) 7012239
bases in batch (batch size exceeded) 25002351
bases in batch (batch size exceeded) 25026218
bases in batch (batch size exceeded) 25108886
bases in batch (batch size exceeded) 25013682
bases in batch (batch size exceeded) 25007727
bases in batch (core allotment reached) 6901216
bases in batch (batch size exceeded) 25053062
bases in batch (batch size exceeded) 25000124
bases in batch (batch size exceeded) 25002343
bases in batch (batch size exceeded) 25002400
bases in batch (batch size exceeded) 25001922
bases in batch (core allotment reached) 7000786
bases in batch (batch size exceeded) 25035380
bases in batch (batch size exceeded) 25002879
bases in batch (batch size exceeded) 25014329
bases in batch (batch size exceeded) 25018668
bases in batch (batch size exceeded) 25002878
bases in batch (core allotment reached) 7000983
bases in batch (batch size exceeded) 25000742
bases in batch (batch size exceeded) 25034649
bases in batch (batch size exceeded) 25027034
bases in batch (batch size exceeded) 25008459
bases in batch (batch size exceeded) 25027479
bases in batch (core allotment reached) 6978580
bases in batch (batch size exceeded) 25063061
bases in batch (batch size exceeded) 25003577
bases in batch (batch size exceeded) 25005316
bases in batch (batch size exceeded) 25012755
bases in batch (batch size exceeded) 25007704
bases in batch (core allotment reached) 6980207
bases in batch (batch size exceeded) 25015067
bases in batch (batch size exceeded) 25002437
bases in batch (batch size exceeded) 25009514
bases in batch (batch size exceeded) 25009450
bases in batch (batch size exceeded) 25040232
bases in batch (core allotment reached) 6988491
bases in batch (batch size exceeded) 25009665
bases in batch (batch size exceeded) 25009270
bases in batch (batch size exceeded) 25039604
bases in batch (batch size exceeded) 25009017
bases in batch (batch size exceeded) 25003294
bases in batch (core allotment reached) 7044806
bases in batch (batch size exceeded) 25002763
bases in batch (batch size exceeded) 25017592
bases in batch (batch size exceeded) 25003729
bases in batch (batch size exceeded) 25016899
bases in batch (batch size exceeded) 25004130
bases in batch (core allotment reached) 7025410
bases in batch (batch size exceeded) 25003495
bases in batch (batch size exceeded) 25055081
bases in batch (batch size exceeded) 25040204
bases in batch (batch size exceeded) 25014579
bases in batch (batch size exceeded) 25024070
bases in batch (core allotment reached) 7004554
bases in batch (batch size exceeded) 25003284
bases in batch (batch size exceeded) 25003858
bases in batch (batch size exceeded) 25018881
bases in batch (batch size exceeded) 25000123
bases in batch (batch size exceeded) 25023257
bases in batch (core allotment reached) 7025054
bases in batch (batch size exceeded) 25007426
bases in batch (batch size exceeded) 25001463
bases in batch (batch size exceeded) 25005147
bases in batch (batch size exceeded) 25006946
bases in batch (batch size exceeded) 25019615
bases in batch (core allotment reached) 7018696
bases in batch (batch size exceeded) 25010461
bases in batch (batch size exceeded) 25007512
bases in batch (batch size exceeded) 25020949
bases in batch (batch size exceeded) 25006734
bases in batch (batch size exceeded) 25007273
bases in batch (core allotment reached) 7008619
bases in batch (batch size exceeded) 25006430
bases in batch (batch size exceeded) 25011521
bases in batch (batch size exceeded) 25005670
bases in batch (batch size exceeded) 25005012
bases in batch (batch size exceeded) 25055115
bases in batch (core allotment reached) 6999787
bases in batch (batch size exceeded) 25009264
bases in batch (batch size exceeded) 25006199
bases in batch (batch size exceeded) 25043839
bases in batch (batch size exceeded) 25001923
bases in batch (batch size exceeded) 25001977
bases in batch (core allotment reached) 7005765
bases in batch (batch size exceeded) 25003302
bases in batch (batch size exceeded) 25016921
bases in batch (batch size exceeded) 25012433
bases in batch (batch size exceeded) 25000461
bases in batch (batch size exceeded) 25006108
bases in batch (core allotment reached) 7027289
bases in batch (batch size exceeded) 25016218
bases in batch (batch size exceeded) 25020066
bases in batch (batch size exceeded) 25000934
bases in batch (batch size exceeded) 25003351
bases in batch (batch size exceeded) 25001420
bases in batch (core allotment reached) 7018159
bases in batch (batch size exceeded) 25008366
bases in batch (batch size exceeded) 25022044
bases in batch (batch size exceeded) 25000767
bases in batch (batch size exceeded) 25003861
bases in batch (batch size exceeded) 25011073
bases in batch (core allotment reached) 7033674
bases in batch (batch size exceeded) 25005802
bases in batch (batch size exceeded) 25037457
bases in batch (batch size exceeded) 25034500
bases in batch (batch size exceeded) 25010446
bases in batch (batch size exceeded) 25002449
bases in batch (core allotment reached) 6982993
bases in batch (batch size exceeded) 25019263
bases in batch (batch size exceeded) 25018378
bases in batch (batch size exceeded) 25029743
bases in batch (batch size exceeded) 25004042
bases in batch (batch size exceeded) 25000363
bases in batch (core allotment reached) 6989760
bases in batch (batch size exceeded) 25007182
bases in batch (batch size exceeded) 25009054
bases in batch (batch size exceeded) 25003808
bases in batch (batch size exceeded) 25013717
bases in batch (batch size exceeded) 25006017
bases in batch (core allotment reached) 7030558
bases in batch (batch size exceeded) 25040767
bases in batch (batch size exceeded) 25019113
bases in batch (batch size exceeded) 25009138
bases in batch (batch size exceeded) 25017672
bases in batch (batch size exceeded) 25004616
bases in batch (last for core) 6555722
Starting up parallel processes, tasklist took 21.62865400314331
Starting merge, parallel processing took 262.1727159023285
bigwig
Merge took 839.3882591724396

