chr14:0-101219177
ctcf_deep_chr14
bases in batch (batch size exceeded) 25050323
bases in batch (batch size exceeded) 25012767
bases in batch (batch size exceeded) 25013459
bases in batch (core allotment reached) 1378920
bases in batch (batch size exceeded) 25005713
bases in batch (batch size exceeded) 25008779
bases in batch (batch size exceeded) 25017269
bases in batch (core allotment reached) 1406856
bases in batch (batch size exceeded) 25003837
bases in batch (batch size exceeded) 25019561
bases in batch (batch size exceeded) 25004250
bases in batch (core allotment reached) 1412153
bases in batch (batch size exceeded) 25007287
bases in batch (batch size exceeded) 25000514
bases in batch (batch size exceeded) 25019617
bases in batch (core allotment reached) 1409060
bases in batch (batch size exceeded) 25019712
bases in batch (batch size exceeded) 25002255
bases in batch (batch size exceeded) 25035785
bases in batch (core allotment reached) 1379446
bases in batch (batch size exceeded) 25000447
bases in batch (batch size exceeded) 25000966
bases in batch (batch size exceeded) 25036820
bases in batch (core allotment reached) 1418637
bases in batch (batch size exceeded) 25005332
bases in batch (batch size exceeded) 25067433
bases in batch (batch size exceeded) 25001566
bases in batch (core allotment reached) 1357451
bases in batch (batch size exceeded) 25034706
bases in batch (batch size exceeded) 25000016
bases in batch (batch size exceeded) 25009911
bases in batch (core allotment reached) 1390537
bases in batch (batch size exceeded) 25074031
bases in batch (batch size exceeded) 25006800
bases in batch (batch size exceeded) 25000533
bases in batch (core allotment reached) 1441177
bases in batch (batch size exceeded) 25020112
bases in batch (batch size exceeded) 25015861
bases in batch (batch size exceeded) 25002917
bases in batch (core allotment reached) 1468944
bases in batch (batch size exceeded) 25006284
bases in batch (batch size exceeded) 25001344
bases in batch (batch size exceeded) 25020916
bases in batch (core allotment reached) 1414888
bases in batch (batch size exceeded) 25014012
bases in batch (batch size exceeded) 25040517
bases in batch (batch size exceeded) 25020108
bases in batch (core allotment reached) 1364274
bases in batch (batch size exceeded) 25008544
bases in batch (batch size exceeded) 25005367
bases in batch (batch size exceeded) 25009624
bases in batch (core allotment reached) 1442016
bases in batch (batch size exceeded) 25049852
bases in batch (batch size exceeded) 25024043
bases in batch (batch size exceeded) 25007486
bases in batch (core allotment reached) 1374618
bases in batch (batch size exceeded) 25092653
bases in batch (batch size exceeded) 25000376
bases in batch (batch size exceeded) 25038289
bases in batch (core allotment reached) 1303128
bases in batch (batch size exceeded) 25000756
bases in batch (batch size exceeded) 25006355
bases in batch (batch size exceeded) 25006957
bases in batch (core allotment reached) 1426512
bases in batch (batch size exceeded) 25012263
bases in batch (batch size exceeded) 25007652
bases in batch (batch size exceeded) 25009306
bases in batch (core allotment reached) 1419710
bases in batch (batch size exceeded) 25020791
bases in batch (batch size exceeded) 25028317
bases in batch (batch size exceeded) 25003517
bases in batch (core allotment reached) 1394238
bases in batch (batch size exceeded) 25002361
bases in batch (batch size exceeded) 25013910
bases in batch (batch size exceeded) 25039209
bases in batch (core allotment reached) 1402962
bases in batch (batch size exceeded) 25001954
bases in batch (batch size exceeded) 25008625
bases in batch (batch size exceeded) 25006777
bases in batch (core allotment reached) 1464432
bases in batch (batch size exceeded) 25005219
bases in batch (batch size exceeded) 25003036
bases in batch (batch size exceeded) 25002927
bases in batch (core allotment reached) 1447542
bases in batch (batch size exceeded) 25006652
bases in batch (batch size exceeded) 25014824
bases in batch (batch size exceeded) 25000248
bases in batch (core allotment reached) 1410825
bases in batch (batch size exceeded) 25011168
bases in batch (batch size exceeded) 25002862
bases in batch (batch size exceeded) 25007417
bases in batch (core allotment reached) 1422357
bases in batch (batch size exceeded) 25037977
bases in batch (batch size exceeded) 25018681
bases in batch (batch size exceeded) 25001335
bases in batch (core allotment reached) 1388378
bases in batch (batch size exceeded) 25002235
bases in batch (batch size exceeded) 25012230
bases in batch (batch size exceeded) 25004155
bases in batch (core allotment reached) 1438187
bases in batch (batch size exceeded) 25048818
bases in batch (batch size exceeded) 25003902
bases in batch (batch size exceeded) 25010306
bases in batch (core allotment reached) 1386972
bases in batch (batch size exceeded) 25004512
bases in batch (batch size exceeded) 25013719
bases in batch (batch size exceeded) 25012590
bases in batch (core allotment reached) 1432907
bases in batch (batch size exceeded) 25002095
bases in batch (batch size exceeded) 25041142
bases in batch (batch size exceeded) 25007237
bases in batch (core allotment reached) 1395477
bases in batch (batch size exceeded) 25004371
bases in batch (batch size exceeded) 25018288
bases in batch (batch size exceeded) 25007752
bases in batch (core allotment reached) 1401753
bases in batch (batch size exceeded) 25001871
bases in batch (batch size exceeded) 25021174
bases in batch (batch size exceeded) 25006301
bases in batch (core allotment reached) 1403711
bases in batch (batch size exceeded) 25003786
bases in batch (batch size exceeded) 25023393
bases in batch (batch size exceeded) 25007777
bases in batch (core allotment reached) 1401506
bases in batch (batch size exceeded) 25015698
bases in batch (batch size exceeded) 25002588
bases in batch (batch size exceeded) 25014578
bases in batch (last for core) 775613
Starting up parallel processes, tasklist took 20.00479245185852
Starting merge, parallel processing took 181.6047604084015
bigwig
Merge took 490.53328227996826

