chr4:0-193575430
ctcf_deep_chr4
bases in batch (batch size exceeded) 25019878
bases in batch (batch size exceeded) 25018902
bases in batch (batch size exceeded) 25001750
bases in batch (batch size exceeded) 25011500
bases in batch (batch size exceeded) 25002101
bases in batch (core allotment reached) 18196444
bases in batch (batch size exceeded) 25019712
bases in batch (batch size exceeded) 25010955
bases in batch (batch size exceeded) 25005432
bases in batch (batch size exceeded) 25004537
bases in batch (batch size exceeded) 25005473
bases in batch (core allotment reached) 18200266
bases in batch (batch size exceeded) 25104406
bases in batch (batch size exceeded) 25008044
bases in batch (batch size exceeded) 25030714
bases in batch (batch size exceeded) 25063300
bases in batch (batch size exceeded) 25000981
bases in batch (core allotment reached) 18039018
bases in batch (batch size exceeded) 25001379
bases in batch (batch size exceeded) 25035550
bases in batch (batch size exceeded) 25006436
bases in batch (batch size exceeded) 25006549
bases in batch (batch size exceeded) 25066421
bases in batch (core allotment reached) 18142579
bases in batch (batch size exceeded) 25128468
bases in batch (batch size exceeded) 25006108
bases in batch (batch size exceeded) 25114371
bases in batch (batch size exceeded) 25013652
bases in batch (batch size exceeded) 25003845
bases in batch (core allotment reached) 17998501
bases in batch (batch size exceeded) 25002032
bases in batch (batch size exceeded) 25028813
bases in batch (batch size exceeded) 25059404
bases in batch (batch size exceeded) 25008939
bases in batch (batch size exceeded) 25006032
bases in batch (core allotment reached) 18130565
bases in batch (batch size exceeded) 25033111
bases in batch (batch size exceeded) 25006624
bases in batch (batch size exceeded) 25003089
bases in batch (batch size exceeded) 25001075
bases in batch (batch size exceeded) 25003785
bases in batch (core allotment reached) 18187399
bases in batch (batch size exceeded) 25026351
bases in batch (batch size exceeded) 25000922
bases in batch (batch size exceeded) 25039808
bases in batch (batch size exceeded) 25019928
bases in batch (batch size exceeded) 25051688
bases in batch (core allotment reached) 18110705
bases in batch (batch size exceeded) 25016567
bases in batch (batch size exceeded) 25014096
bases in batch (batch size exceeded) 25007809
bases in batch (batch size exceeded) 25000015
bases in batch (batch size exceeded) 25059532
bases in batch (core allotment reached) 18152981
bases in batch (batch size exceeded) 25004430
bases in batch (batch size exceeded) 25016536
bases in batch (batch size exceeded) 25008700
bases in batch (batch size exceeded) 25074610
bases in batch (batch size exceeded) 25012074
bases in batch (core allotment reached) 18132080
bases in batch (batch size exceeded) 25000621
bases in batch (batch size exceeded) 25000804
bases in batch (batch size exceeded) 25010715
bases in batch (batch size exceeded) 25001512
bases in batch (batch size exceeded) 25018020
bases in batch (core allotment reached) 18246757
bases in batch (batch size exceeded) 25001301
bases in batch (batch size exceeded) 25023307
bases in batch (batch size exceeded) 25029341
bases in batch (batch size exceeded) 25040771
bases in batch (batch size exceeded) 25005009
bases in batch (core allotment reached) 18151876
bases in batch (batch size exceeded) 25000140
bases in batch (batch size exceeded) 25008501
bases in batch (batch size exceeded) 25006750
bases in batch (batch size exceeded) 25004284
bases in batch (batch size exceeded) 25021091
bases in batch (core allotment reached) 18203760
bases in batch (batch size exceeded) 25006032
bases in batch (batch size exceeded) 25033819
bases in batch (batch size exceeded) 25011900
bases in batch (batch size exceeded) 25003766
bases in batch (batch size exceeded) 25045342
bases in batch (core allotment reached) 18155590
bases in batch (batch size exceeded) 25107743
bases in batch (batch size exceeded) 25020878
bases in batch (batch size exceeded) 25020605
bases in batch (batch size exceeded) 25001711
bases in batch (batch size exceeded) 25004387
bases in batch (core allotment reached) 18085862
bases in batch (batch size exceeded) 25009268
bases in batch (batch size exceeded) 25004319
bases in batch (batch size exceeded) 25014220
bases in batch (batch size exceeded) 25001435
bases in batch (batch size exceeded) 25009732
bases in batch (core allotment reached) 18208557
bases in batch (batch size exceeded) 25051586
bases in batch (batch size exceeded) 25001464
bases in batch (batch size exceeded) 25013298
bases in batch (batch size exceeded) 25058397
bases in batch (batch size exceeded) 25000168
bases in batch (core allotment reached) 18121691
bases in batch (batch size exceeded) 25003384
bases in batch (batch size exceeded) 25003688
bases in batch (batch size exceeded) 25002017
bases in batch (batch size exceeded) 25039068
bases in batch (batch size exceeded) 25050732
bases in batch (core allotment reached) 18140485
bases in batch (batch size exceeded) 25009924
bases in batch (batch size exceeded) 25000061
bases in batch (batch size exceeded) 25001612
bases in batch (batch size exceeded) 25009785
bases in batch (batch size exceeded) 25010452
bases in batch (core allotment reached) 18206797
bases in batch (batch size exceeded) 25002791
bases in batch (batch size exceeded) 25000555
bases in batch (batch size exceeded) 25035898
bases in batch (batch size exceeded) 25004521
bases in batch (batch size exceeded) 25007783
bases in batch (core allotment reached) 18194872
bases in batch (batch size exceeded) 25057218
bases in batch (batch size exceeded) 25037855
bases in batch (batch size exceeded) 25081490
bases in batch (batch size exceeded) 25023516
bases in batch (batch size exceeded) 25022267
bases in batch (core allotment reached) 18011470
bases in batch (batch size exceeded) 25002727
bases in batch (batch size exceeded) 25026972
bases in batch (batch size exceeded) 25034995
bases in batch (batch size exceeded) 25031390
bases in batch (batch size exceeded) 25000246
bases in batch (core allotment reached) 18144980
bases in batch (batch size exceeded) 25020549
bases in batch (batch size exceeded) 25000399
bases in batch (batch size exceeded) 25000992
bases in batch (batch size exceeded) 25031534
bases in batch (batch size exceeded) 25023417
bases in batch (core allotment reached) 18192412
bases in batch (batch size exceeded) 25000639
bases in batch (batch size exceeded) 25020080
bases in batch (batch size exceeded) 25018503
bases in batch (batch size exceeded) 25031667
bases in batch (batch size exceeded) 25002091
bases in batch (core allotment reached) 18286949
bases in batch (batch size exceeded) 25019700
bases in batch (batch size exceeded) 25010695
bases in batch (batch size exceeded) 25003445
bases in batch (batch size exceeded) 25006375
bases in batch (batch size exceeded) 25007996
bases in batch (core allotment reached) 18196618
bases in batch (batch size exceeded) 25018334
bases in batch (batch size exceeded) 25025727
bases in batch (batch size exceeded) 25019410
bases in batch (batch size exceeded) 25005549
bases in batch (batch size exceeded) 25014233
bases in batch (core allotment reached) 18158818
bases in batch (batch size exceeded) 25001229
bases in batch (batch size exceeded) 25016991
bases in batch (batch size exceeded) 25005135
bases in batch (batch size exceeded) 25000536
bases in batch (batch size exceeded) 25014076
bases in batch (core allotment reached) 18212998
bases in batch (batch size exceeded) 25021529
bases in batch (batch size exceeded) 25013305
bases in batch (batch size exceeded) 25000350
bases in batch (batch size exceeded) 25016444
bases in batch (batch size exceeded) 25000933
bases in batch (core allotment reached) 18196968
bases in batch (batch size exceeded) 25005172
bases in batch (batch size exceeded) 25012033
bases in batch (batch size exceeded) 25027600
bases in batch (batch size exceeded) 25016576
bases in batch (batch size exceeded) 25014867
bases in batch (core allotment reached) 18175577
bases in batch (batch size exceeded) 25002021
bases in batch (batch size exceeded) 25007248
bases in batch (batch size exceeded) 25018037
bases in batch (batch size exceeded) 25008256
bases in batch (batch size exceeded) 25083177
bases in batch (core allotment reached) 18133341
bases in batch (batch size exceeded) 25022498
bases in batch (batch size exceeded) 25026951
bases in batch (batch size exceeded) 25007330
bases in batch (batch size exceeded) 25006249
bases in batch (batch size exceeded) 25002587
bases in batch (core allotment reached) 18171148
bases in batch (batch size exceeded) 25024223
bases in batch (batch size exceeded) 25003943
bases in batch (batch size exceeded) 25002186
bases in batch (batch size exceeded) 25013577
bases in batch (batch size exceeded) 25088917
bases in batch (last for core) 17531059
Starting up parallel processes, tasklist took 29.44475030899048
Starting merge, parallel processing took 288.1956522464752
bigwig
Merge took 931.4815917015076

