chr10:0-134758122
ctcf_deep_chr10
bases in batch (batch size exceeded) 25002389
bases in batch (batch size exceeded) 25015193
bases in batch (batch size exceeded) 25007113
bases in batch (batch size exceeded) 25004149
bases in batch (core allotment reached) 4513999
bases in batch (batch size exceeded) 25000240
bases in batch (batch size exceeded) 25035399
bases in batch (batch size exceeded) 25031784
bases in batch (batch size exceeded) 25007367
bases in batch (core allotment reached) 4477621
bases in batch (batch size exceeded) 25014509
bases in batch (batch size exceeded) 25018443
bases in batch (batch size exceeded) 25020925
bases in batch (batch size exceeded) 25024635
bases in batch (core allotment reached) 4474988
bases in batch (batch size exceeded) 25077538
bases in batch (batch size exceeded) 25006338
bases in batch (batch size exceeded) 25020008
bases in batch (batch size exceeded) 25006163
bases in batch (core allotment reached) 4431797
bases in batch (batch size exceeded) 25006671
bases in batch (batch size exceeded) 25004636
bases in batch (batch size exceeded) 25007770
bases in batch (batch size exceeded) 25016068
bases in batch (core allotment reached) 4510813
bases in batch (batch size exceeded) 25009803
bases in batch (batch size exceeded) 25031111
bases in batch (batch size exceeded) 25009489
bases in batch (batch size exceeded) 25003461
bases in batch (core allotment reached) 4500698
bases in batch (batch size exceeded) 25020567
bases in batch (batch size exceeded) 25000073
bases in batch (batch size exceeded) 25002420
bases in batch (batch size exceeded) 25012805
bases in batch (core allotment reached) 4510744
bases in batch (batch size exceeded) 25013351
bases in batch (batch size exceeded) 25009523
bases in batch (batch size exceeded) 25003218
bases in batch (batch size exceeded) 25014362
bases in batch (core allotment reached) 4549931
bases in batch (batch size exceeded) 25005859
bases in batch (batch size exceeded) 25017374
bases in batch (batch size exceeded) 25000356
bases in batch (batch size exceeded) 25003013
bases in batch (core allotment reached) 4512511
bases in batch (batch size exceeded) 25006513
bases in batch (batch size exceeded) 25012011
bases in batch (batch size exceeded) 25001260
bases in batch (batch size exceeded) 25010427
bases in batch (core allotment reached) 4509643
bases in batch (batch size exceeded) 25000011
bases in batch (batch size exceeded) 25004760
bases in batch (batch size exceeded) 25016284
bases in batch (batch size exceeded) 25011515
bases in batch (core allotment reached) 4514825
bases in batch (batch size exceeded) 25032249
bases in batch (batch size exceeded) 25006031
bases in batch (batch size exceeded) 25169915
bases in batch (batch size exceeded) 25006537
bases in batch (core allotment reached) 4363512
bases in batch (batch size exceeded) 25054587
bases in batch (batch size exceeded) 25002041
bases in batch (batch size exceeded) 25002967
bases in batch (batch size exceeded) 25024481
bases in batch (core allotment reached) 4464343
bases in batch (batch size exceeded) 25021426
bases in batch (batch size exceeded) 25008199
bases in batch (batch size exceeded) 25004669
bases in batch (batch size exceeded) 25004558
bases in batch (core allotment reached) 4512333
bases in batch (batch size exceeded) 25000657
bases in batch (batch size exceeded) 25002370
bases in batch (batch size exceeded) 25004273
bases in batch (batch size exceeded) 25000283
bases in batch (core allotment reached) 4563649
bases in batch (batch size exceeded) 25013491
bases in batch (batch size exceeded) 25007557
bases in batch (batch size exceeded) 25039490
bases in batch (batch size exceeded) 25003634
bases in batch (core allotment reached) 4504322
bases in batch (batch size exceeded) 25021335
bases in batch (batch size exceeded) 25013091
bases in batch (batch size exceeded) 25009803
bases in batch (batch size exceeded) 25000746
bases in batch (core allotment reached) 4494052
bases in batch (batch size exceeded) 25005417
bases in batch (batch size exceeded) 25024810
bases in batch (batch size exceeded) 25000100
bases in batch (batch size exceeded) 25015375
bases in batch (core allotment reached) 4500395
bases in batch (batch size exceeded) 25007363
bases in batch (batch size exceeded) 25003164
bases in batch (batch size exceeded) 25004634
bases in batch (batch size exceeded) 25003918
bases in batch (core allotment reached) 4523475
bases in batch (batch size exceeded) 25002244
bases in batch (batch size exceeded) 25038915
bases in batch (batch size exceeded) 25010486
bases in batch (batch size exceeded) 25000121
bases in batch (core allotment reached) 4493983
bases in batch (batch size exceeded) 25075436
bases in batch (batch size exceeded) 25035200
bases in batch (batch size exceeded) 25033661
bases in batch (batch size exceeded) 25006874
bases in batch (core allotment reached) 4684346
bases in batch (batch size exceeded) 25019208
bases in batch (batch size exceeded) 25002124
bases in batch (batch size exceeded) 25004843
bases in batch (batch size exceeded) 25002032
bases in batch (core allotment reached) 4514414
bases in batch (batch size exceeded) 25003622
bases in batch (batch size exceeded) 25006896
bases in batch (batch size exceeded) 25000143
bases in batch (batch size exceeded) 25005436
bases in batch (core allotment reached) 4554643
bases in batch (batch size exceeded) 25016767
bases in batch (batch size exceeded) 25007973
bases in batch (batch size exceeded) 25007297
bases in batch (batch size exceeded) 25000465
bases in batch (core allotment reached) 4510257
bases in batch (batch size exceeded) 25064267
bases in batch (batch size exceeded) 25016794
bases in batch (batch size exceeded) 25005759
bases in batch (batch size exceeded) 25012970
bases in batch (core allotment reached) 4440582
bases in batch (batch size exceeded) 25017175
bases in batch (batch size exceeded) 25063669
bases in batch (batch size exceeded) 25006734
bases in batch (batch size exceeded) 25003292
bases in batch (core allotment reached) 4453034
bases in batch (batch size exceeded) 25040805
bases in batch (batch size exceeded) 25051466
bases in batch (batch size exceeded) 25026830
bases in batch (batch size exceeded) 25009092
bases in batch (core allotment reached) 4418219
bases in batch (batch size exceeded) 25013414
bases in batch (batch size exceeded) 25001812
bases in batch (batch size exceeded) 25019275
bases in batch (batch size exceeded) 25018069
bases in batch (core allotment reached) 4497830
bases in batch (batch size exceeded) 25031299
bases in batch (batch size exceeded) 25052994
bases in batch (batch size exceeded) 25072067
bases in batch (batch size exceeded) 25031338
bases in batch (core allotment reached) 4352771
bases in batch (batch size exceeded) 25001110
bases in batch (batch size exceeded) 25000907
bases in batch (batch size exceeded) 25003030
bases in batch (batch size exceeded) 25035251
bases in batch (core allotment reached) 4505928
bases in batch (batch size exceeded) 25008365
bases in batch (batch size exceeded) 25016089
bases in batch (batch size exceeded) 25026529
bases in batch (batch size exceeded) 25002310
bases in batch (core allotment reached) 4497673
bases in batch (batch size exceeded) 25003416
bases in batch (batch size exceeded) 25006244
bases in batch (batch size exceeded) 25029756
bases in batch (batch size exceeded) 25007533
bases in batch (last for core) 3844448
Starting up parallel processes, tasklist took 14.26094365119934
Starting merge, parallel processing took 198.14362025260925
bigwig
Merge took 655.9495639801025

