chr3:0-201106605
ctcf_deep_chr3
bases in batch (batch size exceeded) 25032875
bases in batch (batch size exceeded) 25008881
bases in batch (batch size exceeded) 25000024
bases in batch (batch size exceeded) 25036827
bases in batch (batch size exceeded) 25012869
bases in batch (batch size exceeded) 25014735
bases in batch (core allotment reached) 4350342
bases in batch (batch size exceeded) 25051757
bases in batch (batch size exceeded) 25016748
bases in batch (batch size exceeded) 25001630
bases in batch (batch size exceeded) 25025360
bases in batch (batch size exceeded) 25182636
bases in batch (batch size exceeded) 25006178
bases in batch (core allotment reached) 4158293
bases in batch (batch size exceeded) 25014094
bases in batch (batch size exceeded) 25034252
bases in batch (batch size exceeded) 25004498
bases in batch (batch size exceeded) 25020262
bases in batch (batch size exceeded) 25003664
bases in batch (batch size exceeded) 25014641
bases in batch (core allotment reached) 4345403
bases in batch (batch size exceeded) 25034482
bases in batch (batch size exceeded) 25023886
bases in batch (batch size exceeded) 25000328
bases in batch (batch size exceeded) 25008730
bases in batch (batch size exceeded) 25012285
bases in batch (batch size exceeded) 25004571
bases in batch (core allotment reached) 4383308
bases in batch (batch size exceeded) 25020149
bases in batch (batch size exceeded) 25029903
bases in batch (batch size exceeded) 25018678
bases in batch (batch size exceeded) 25024322
bases in batch (batch size exceeded) 25018064
bases in batch (batch size exceeded) 25059828
bases in batch (core allotment reached) 4273907
bases in batch (batch size exceeded) 25014688
bases in batch (batch size exceeded) 25002520
bases in batch (batch size exceeded) 25015403
bases in batch (batch size exceeded) 25001576
bases in batch (batch size exceeded) 25015713
bases in batch (batch size exceeded) 25008624
bases in batch (core allotment reached) 4376567
bases in batch (batch size exceeded) 25012776
bases in batch (batch size exceeded) 25004997
bases in batch (batch size exceeded) 25002845
bases in batch (batch size exceeded) 25027971
bases in batch (batch size exceeded) 25001774
bases in batch (batch size exceeded) 25002882
bases in batch (core allotment reached) 4398418
bases in batch (batch size exceeded) 25009811
bases in batch (batch size exceeded) 25003481
bases in batch (batch size exceeded) 25009989
bases in batch (batch size exceeded) 25001188
bases in batch (batch size exceeded) 25032116
bases in batch (batch size exceeded) 25017192
bases in batch (core allotment reached) 4373206
bases in batch (batch size exceeded) 25000697
bases in batch (batch size exceeded) 25009381
bases in batch (batch size exceeded) 25020388
bases in batch (batch size exceeded) 25002910
bases in batch (batch size exceeded) 25009312
bases in batch (batch size exceeded) 25056362
bases in batch (core allotment reached) 4358157
bases in batch (batch size exceeded) 25007470
bases in batch (batch size exceeded) 25008022
bases in batch (batch size exceeded) 25006715
bases in batch (batch size exceeded) 25002699
bases in batch (batch size exceeded) 25005307
bases in batch (batch size exceeded) 25010978
bases in batch (core allotment reached) 4424206
bases in batch (batch size exceeded) 25043755
bases in batch (batch size exceeded) 25008049
bases in batch (batch size exceeded) 25024507
bases in batch (batch size exceeded) 25026018
bases in batch (batch size exceeded) 25000898
bases in batch (batch size exceeded) 25005215
bases in batch (core allotment reached) 4331756
bases in batch (batch size exceeded) 25003139
bases in batch (batch size exceeded) 25026368
bases in batch (batch size exceeded) 25024290
bases in batch (batch size exceeded) 25160324
bases in batch (batch size exceeded) 25002075
bases in batch (batch size exceeded) 25025851
bases in batch (core allotment reached) 4201813
bases in batch (batch size exceeded) 25076392
bases in batch (batch size exceeded) 25002948
bases in batch (batch size exceeded) 25029088
bases in batch (batch size exceeded) 25005048
bases in batch (batch size exceeded) 25001731
bases in batch (batch size exceeded) 25015586
bases in batch (core allotment reached) 4315819
bases in batch (batch size exceeded) 25002473
bases in batch (batch size exceeded) 25008406
bases in batch (batch size exceeded) 25012237
bases in batch (batch size exceeded) 25048631
bases in batch (batch size exceeded) 25017338
bases in batch (batch size exceeded) 25031071
bases in batch (core allotment reached) 4324654
bases in batch (batch size exceeded) 25002495
bases in batch (batch size exceeded) 25009466
bases in batch (batch size exceeded) 25002132
bases in batch (batch size exceeded) 25028123
bases in batch (batch size exceeded) 25016693
bases in batch (batch size exceeded) 25004466
bases in batch (core allotment reached) 4378471
bases in batch (batch size exceeded) 25019177
bases in batch (batch size exceeded) 25027749
bases in batch (batch size exceeded) 25022856
bases in batch (batch size exceeded) 25042762
bases in batch (batch size exceeded) 25027358
bases in batch (batch size exceeded) 25002933
bases in batch (core allotment reached) 4299905
bases in batch (batch size exceeded) 25012920
bases in batch (batch size exceeded) 25005259
bases in batch (batch size exceeded) 25007580
bases in batch (batch size exceeded) 25000633
bases in batch (batch size exceeded) 25030347
bases in batch (batch size exceeded) 25117126
bases in batch (core allotment reached) 4261594
bases in batch (batch size exceeded) 25004692
bases in batch (batch size exceeded) 25008618
bases in batch (batch size exceeded) 25015570
bases in batch (batch size exceeded) 25000198
bases in batch (batch size exceeded) 25011477
bases in batch (batch size exceeded) 25033893
bases in batch (core allotment reached) 4412264
bases in batch (batch size exceeded) 25046420
bases in batch (batch size exceeded) 25007146
bases in batch (batch size exceeded) 25021060
bases in batch (batch size exceeded) 25013709
bases in batch (batch size exceeded) 25007118
bases in batch (batch size exceeded) 25006464
bases in batch (core allotment reached) 4335497
bases in batch (batch size exceeded) 25005707
bases in batch (batch size exceeded) 25003055
bases in batch (batch size exceeded) 25001880
bases in batch (batch size exceeded) 25010750
bases in batch (batch size exceeded) 25010329
bases in batch (batch size exceeded) 25000154
bases in batch (core allotment reached) 4431436
bases in batch (batch size exceeded) 25025465
bases in batch (batch size exceeded) 25005515
bases in batch (batch size exceeded) 25012495
bases in batch (batch size exceeded) 25003993
bases in batch (batch size exceeded) 25014735
bases in batch (batch size exceeded) 25003185
bases in batch (core allotment reached) 4381936
bases in batch (batch size exceeded) 25021830
bases in batch (batch size exceeded) 25114906
bases in batch (batch size exceeded) 25013949
bases in batch (batch size exceeded) 25040753
bases in batch (batch size exceeded) 25005813
bases in batch (batch size exceeded) 25000527
bases in batch (core allotment reached) 4246041
bases in batch (batch size exceeded) 25002006
bases in batch (batch size exceeded) 25019202
bases in batch (batch size exceeded) 25005802
bases in batch (batch size exceeded) 25022860
bases in batch (batch size exceeded) 25008002
bases in batch (batch size exceeded) 25024331
bases in batch (core allotment reached) 4384969
bases in batch (batch size exceeded) 25010875
bases in batch (batch size exceeded) 25012839
bases in batch (batch size exceeded) 25002349
bases in batch (batch size exceeded) 25003796
bases in batch (batch size exceeded) 25010881
bases in batch (batch size exceeded) 25005508
bases in batch (core allotment reached) 4412091
bases in batch (batch size exceeded) 25025089
bases in batch (batch size exceeded) 25000828
bases in batch (batch size exceeded) 25000297
bases in batch (batch size exceeded) 25038582
bases in batch (batch size exceeded) 25005582
bases in batch (batch size exceeded) 25008296
bases in batch (core allotment reached) 4367299
bases in batch (batch size exceeded) 25000548
bases in batch (batch size exceeded) 25023023
bases in batch (batch size exceeded) 25063069
bases in batch (batch size exceeded) 25021404
bases in batch (batch size exceeded) 25024734
bases in batch (batch size exceeded) 25102237
bases in batch (core allotment reached) 4200957
bases in batch (batch size exceeded) 25003411
bases in batch (batch size exceeded) 25003678
bases in batch (batch size exceeded) 25018028
bases in batch (batch size exceeded) 25001818
bases in batch (batch size exceeded) 25012227
bases in batch (batch size exceeded) 25165551
bases in batch (core allotment reached) 4246599
bases in batch (batch size exceeded) 25043574
bases in batch (batch size exceeded) 25001753
bases in batch (batch size exceeded) 25008228
bases in batch (batch size exceeded) 25021589
bases in batch (batch size exceeded) 25018053
bases in batch (batch size exceeded) 25000946
bases in batch (core allotment reached) 4416428
bases in batch (batch size exceeded) 25014049
bases in batch (batch size exceeded) 25046641
bases in batch (batch size exceeded) 25000439
bases in batch (batch size exceeded) 25005379
bases in batch (batch size exceeded) 25079945
bases in batch (batch size exceeded) 25020294
bases in batch (core allotment reached) 4288382
bases in batch (batch size exceeded) 25004284
bases in batch (batch size exceeded) 25044923
bases in batch (batch size exceeded) 25011427
bases in batch (batch size exceeded) 25004139
bases in batch (batch size exceeded) 25007697
bases in batch (batch size exceeded) 25000707
bases in batch (core allotment reached) 4380774
bases in batch (batch size exceeded) 25013421
bases in batch (batch size exceeded) 25071698
bases in batch (batch size exceeded) 25005911
bases in batch (batch size exceeded) 25003620
bases in batch (batch size exceeded) 25000089
bases in batch (batch size exceeded) 25006073
bases in batch (core allotment reached) 4336519
bases in batch (batch size exceeded) 25010746
bases in batch (batch size exceeded) 25060602
bases in batch (batch size exceeded) 25006324
bases in batch (batch size exceeded) 25028549
bases in batch (batch size exceeded) 25004924
bases in batch (batch size exceeded) 25005948
bases in batch (last for core) 3808895
Starting up parallel processes, tasklist took 33.13110327720642
Starting merge, parallel processing took 556.1672401428223
bigwig
Merge took 969.6765158176422

