chr13:0-114240146
ctcf_deep_chr13
bases in batch (batch size exceeded) 25002242
bases in batch (batch size exceeded) 25006125
bases in batch (batch size exceeded) 25008087
bases in batch (core allotment reached) 5622479
bases in batch (batch size exceeded) 25001401
bases in batch (batch size exceeded) 25002068
bases in batch (batch size exceeded) 25005292
bases in batch (core allotment reached) 5618796
bases in batch (batch size exceeded) 25014754
bases in batch (batch size exceeded) 25012117
bases in batch (batch size exceeded) 25003525
bases in batch (core allotment reached) 5585391
bases in batch (batch size exceeded) 25023587
bases in batch (batch size exceeded) 25044413
bases in batch (batch size exceeded) 25010390
bases in batch (core allotment reached) 5536256
bases in batch (batch size exceeded) 25003478
bases in batch (batch size exceeded) 25018184
bases in batch (batch size exceeded) 25005770
bases in batch (core allotment reached) 5626544
bases in batch (batch size exceeded) 25020954
bases in batch (batch size exceeded) 25030459
bases in batch (batch size exceeded) 25002941
bases in batch (core allotment reached) 5566324
bases in batch (batch size exceeded) 25013471
bases in batch (batch size exceeded) 25041827
bases in batch (batch size exceeded) 25004663
bases in batch (core allotment reached) 5570837
bases in batch (batch size exceeded) 25066566
bases in batch (batch size exceeded) 25012711
bases in batch (batch size exceeded) 25005341
bases in batch (core allotment reached) 5531052
bases in batch (batch size exceeded) 25012469
bases in batch (batch size exceeded) 25021404
bases in batch (batch size exceeded) 25066694
bases in batch (core allotment reached) 5518185
bases in batch (batch size exceeded) 25021840
bases in batch (batch size exceeded) 25026355
bases in batch (batch size exceeded) 25004532
bases in batch (core allotment reached) 5579089
bases in batch (batch size exceeded) 25005281
bases in batch (batch size exceeded) 25002795
bases in batch (batch size exceeded) 25003089
bases in batch (core allotment reached) 5624675
bases in batch (batch size exceeded) 25008246
bases in batch (batch size exceeded) 25013116
bases in batch (batch size exceeded) 25015146
bases in batch (core allotment reached) 5581384
bases in batch (batch size exceeded) 25003370
bases in batch (batch size exceeded) 25024169
bases in batch (batch size exceeded) 25006017
bases in batch (core allotment reached) 5585366
bases in batch (batch size exceeded) 25012535
bases in batch (batch size exceeded) 25203484
bases in batch (batch size exceeded) 25016006
bases in batch (core allotment reached) 5442937
bases in batch (batch size exceeded) 25000613
bases in batch (batch size exceeded) 25000308
bases in batch (batch size exceeded) 25015007
bases in batch (core allotment reached) 5632044
bases in batch (batch size exceeded) 25017019
bases in batch (batch size exceeded) 25000004
bases in batch (batch size exceeded) 25047112
bases in batch (core allotment reached) 5618210
bases in batch (batch size exceeded) 25012964
bases in batch (batch size exceeded) 25004691
bases in batch (batch size exceeded) 25003718
bases in batch (core allotment reached) 5596882
bases in batch (batch size exceeded) 25004123
bases in batch (batch size exceeded) 25101429
bases in batch (batch size exceeded) 25043839
bases in batch (core allotment reached) 5465143
bases in batch (batch size exceeded) 25021825
bases in batch (batch size exceeded) 25031102
bases in batch (batch size exceeded) 25007893
bases in batch (core allotment reached) 5592743
bases in batch (batch size exceeded) 25004309
bases in batch (batch size exceeded) 25010606
bases in batch (batch size exceeded) 25010062
bases in batch (core allotment reached) 5596643
bases in batch (batch size exceeded) 25009406
bases in batch (batch size exceeded) 25000758
bases in batch (batch size exceeded) 25004498
bases in batch (core allotment reached) 5601381
bases in batch (batch size exceeded) 25019342
bases in batch (batch size exceeded) 25019372
bases in batch (batch size exceeded) 25004481
bases in batch (core allotment reached) 5574673
bases in batch (batch size exceeded) 25008383
bases in batch (batch size exceeded) 25015304
bases in batch (batch size exceeded) 25000428
bases in batch (core allotment reached) 5594627
bases in batch (batch size exceeded) 25073330
bases in batch (batch size exceeded) 25001308
bases in batch (batch size exceeded) 25008149
bases in batch (core allotment reached) 5652319
bases in batch (batch size exceeded) 25002116
bases in batch (batch size exceeded) 25016572
bases in batch (batch size exceeded) 25001114
bases in batch (core allotment reached) 5597478
bases in batch (batch size exceeded) 25039756
bases in batch (batch size exceeded) 25009674
bases in batch (batch size exceeded) 25014220
bases in batch (core allotment reached) 5553958
bases in batch (batch size exceeded) 25003185
bases in batch (batch size exceeded) 25008735
bases in batch (batch size exceeded) 25016432
bases in batch (core allotment reached) 5594316
bases in batch (batch size exceeded) 25035620
bases in batch (batch size exceeded) 25038785
bases in batch (batch size exceeded) 25008568
bases in batch (core allotment reached) 5530769
bases in batch (batch size exceeded) 25001777
bases in batch (batch size exceeded) 25013072
bases in batch (batch size exceeded) 25009417
bases in batch (core allotment reached) 5604893
bases in batch (batch size exceeded) 25024926
bases in batch (batch size exceeded) 25001335
bases in batch (batch size exceeded) 25006748
bases in batch (core allotment reached) 5588048
bases in batch (batch size exceeded) 25001661
bases in batch (batch size exceeded) 25006162
bases in batch (batch size exceeded) 25003299
bases in batch (core allotment reached) 5644437
bases in batch (batch size exceeded) 25011861
bases in batch (batch size exceeded) 25005235
bases in batch (batch size exceeded) 25037055
bases in batch (last for core) 4953806
Starting up parallel processes, tasklist took 13.428638935089111
Starting merge, parallel processing took 264.71501421928406
bigwig
Merge took 546.5528099536896

