chr20:0-66210247
ctcf_deep_chr20
bases in batch (core allotment reached) 52062494
bases in batch (core allotment reached) 52056633
bases in batch (core allotment reached) 52062586
bases in batch (core allotment reached) 52053745
bases in batch (core allotment reached) 52054288
bases in batch (core allotment reached) 52068278
bases in batch (core allotment reached) 52060345
bases in batch (core allotment reached) 52080664
bases in batch (core allotment reached) 52054408
bases in batch (core allotment reached) 52101377
bases in batch (core allotment reached) 52094015
bases in batch (core allotment reached) 52058913
bases in batch (core allotment reached) 52061343
bases in batch (core allotment reached) 52081570
bases in batch (core allotment reached) 52057808
bases in batch (core allotment reached) 52071897
bases in batch (core allotment reached) 52063347
bases in batch (core allotment reached) 52061945
bases in batch (core allotment reached) 52068617
bases in batch (core allotment reached) 52058663
bases in batch (core allotment reached) 52060539
bases in batch (core allotment reached) 52063413
bases in batch (core allotment reached) 52055721
bases in batch (core allotment reached) 52121248
bases in batch (core allotment reached) 52056865
bases in batch (core allotment reached) 52054491
bases in batch (core allotment reached) 52100647
bases in batch (core allotment reached) 52055956
bases in batch (core allotment reached) 52057334
bases in batch (core allotment reached) 52053976
bases in batch (core allotment reached) 52062342
bases in batch (last for core) 51606843
Starting up parallel processes, tasklist took 9.769771575927734
Starting merge, parallel processing took 104.1787679195404
bigwig
Merge took 319.98025035858154

