chr18:0-80542536
ctcf_deep_chr18
bases in batch (core allotment reached) 59720082
bases in batch (core allotment reached) 59698369
bases in batch (core allotment reached) 59703806
bases in batch (core allotment reached) 59698289
bases in batch (core allotment reached) 59701388
bases in batch (core allotment reached) 59696964
bases in batch (core allotment reached) 59695182
bases in batch (core allotment reached) 59712407
bases in batch (core allotment reached) 59703220
bases in batch (core allotment reached) 59700348
bases in batch (core allotment reached) 59708547
bases in batch (core allotment reached) 59698832
bases in batch (core allotment reached) 59740321
bases in batch (core allotment reached) 59776532
bases in batch (core allotment reached) 59715105
bases in batch (core allotment reached) 59740261
bases in batch (core allotment reached) 59701846
bases in batch (core allotment reached) 59696098
bases in batch (core allotment reached) 59713738
bases in batch (core allotment reached) 59722995
bases in batch (core allotment reached) 59758657
bases in batch (core allotment reached) 59720568
bases in batch (core allotment reached) 59701887
bases in batch (core allotment reached) 59725480
bases in batch (core allotment reached) 59707719
bases in batch (core allotment reached) 59723313
bases in batch (core allotment reached) 59700281
bases in batch (core allotment reached) 59779381
bases in batch (core allotment reached) 59764106
bases in batch (core allotment reached) 59725306
bases in batch (core allotment reached) 59740599
bases in batch (last for core) 58946737
Starting up parallel processes, tasklist took 11.219330549240112
Starting merge, parallel processing took 111.82316088676453
bigwig
Merge took 389.4203450679779

