chr9:0-150617274
ctcf_deep_chr9
bases in batch (batch size exceeded) 25002073
bases in batch (batch size exceeded) 25010705
bases in batch (batch size exceeded) 25007095
bases in batch (core allotment reached) 21848039
bases in batch (batch size exceeded) 25031446
bases in batch (batch size exceeded) 25028797
bases in batch (batch size exceeded) 25029423
bases in batch (core allotment reached) 21770719
bases in batch (batch size exceeded) 25018921
bases in batch (batch size exceeded) 25011957
bases in batch (batch size exceeded) 25019316
bases in batch (core allotment reached) 21839873
bases in batch (batch size exceeded) 25215766
bases in batch (batch size exceeded) 25032203
bases in batch (batch size exceeded) 25073287
bases in batch (core allotment reached) 21538704
bases in batch (batch size exceeded) 25002804
bases in batch (batch size exceeded) 25014801
bases in batch (batch size exceeded) 25009311
bases in batch (core allotment reached) 21869771
bases in batch (batch size exceeded) 25005061
bases in batch (batch size exceeded) 25011794
bases in batch (batch size exceeded) 25005149
bases in batch (core allotment reached) 21840021
bases in batch (batch size exceeded) 25138378
bases in batch (batch size exceeded) 25005170
bases in batch (batch size exceeded) 25062325
bases in batch (core allotment reached) 21674384
bases in batch (batch size exceeded) 25017125
bases in batch (batch size exceeded) 25026248
bases in batch (batch size exceeded) 25014788
bases in batch (core allotment reached) 21834604
bases in batch (batch size exceeded) 25034166
bases in batch (batch size exceeded) 25006324
bases in batch (batch size exceeded) 25002370
bases in batch (core allotment reached) 21826738
bases in batch (batch size exceeded) 25038001
bases in batch (batch size exceeded) 25016916
bases in batch (batch size exceeded) 25042219
bases in batch (core allotment reached) 21791862
bases in batch (batch size exceeded) 25022162
bases in batch (batch size exceeded) 25025675
bases in batch (batch size exceeded) 25008236
bases in batch (core allotment reached) 21814188
bases in batch (batch size exceeded) 25000908
bases in batch (batch size exceeded) 25006360
bases in batch (batch size exceeded) 25016370
bases in batch (core allotment reached) 21840556
bases in batch (batch size exceeded) 25005223
bases in batch (batch size exceeded) 25002254
bases in batch (batch size exceeded) 25020636
bases in batch (core allotment reached) 21840307
bases in batch (batch size exceeded) 25000439
bases in batch (batch size exceeded) 25014321
bases in batch (batch size exceeded) 25010409
bases in batch (core allotment reached) 21846778
bases in batch (batch size exceeded) 25036995
bases in batch (batch size exceeded) 25000947
bases in batch (batch size exceeded) 25003953
bases in batch (core allotment reached) 21827948
bases in batch (batch size exceeded) 25001061
bases in batch (batch size exceeded) 25051794
bases in batch (batch size exceeded) 25000427
bases in batch (core allotment reached) 21835199
bases in batch (batch size exceeded) 25005878
bases in batch (batch size exceeded) 25005656
bases in batch (batch size exceeded) 25002028
bases in batch (core allotment reached) 21847389
bases in batch (batch size exceeded) 25004117
bases in batch (batch size exceeded) 25021321
bases in batch (batch size exceeded) 25009362
bases in batch (core allotment reached) 21841025
bases in batch (batch size exceeded) 25019225
bases in batch (batch size exceeded) 25126355
bases in batch (batch size exceeded) 25000357
bases in batch (core allotment reached) 21715519
bases in batch (batch size exceeded) 25009507
bases in batch (batch size exceeded) 25017146
bases in batch (batch size exceeded) 25007329
bases in batch (core allotment reached) 21832680
bases in batch (batch size exceeded) 25008222
bases in batch (batch size exceeded) 25000575
bases in batch (batch size exceeded) 25016754
bases in batch (core allotment reached) 21833311
bases in batch (batch size exceeded) 25006249
bases in batch (batch size exceeded) 25030157
bases in batch (batch size exceeded) 25033919
bases in batch (core allotment reached) 21791363
bases in batch (batch size exceeded) 25007927
bases in batch (batch size exceeded) 25043897
bases in batch (batch size exceeded) 25014110
bases in batch (core allotment reached) 21900861
bases in batch (batch size exceeded) 25011372
bases in batch (batch size exceeded) 25003044
bases in batch (batch size exceeded) 25026794
bases in batch (core allotment reached) 21830518
bases in batch (batch size exceeded) 25027022
bases in batch (batch size exceeded) 25052833
bases in batch (batch size exceeded) 25003835
bases in batch (core allotment reached) 21786573
bases in batch (batch size exceeded) 25000158
bases in batch (batch size exceeded) 25000089
bases in batch (batch size exceeded) 25027228
bases in batch (core allotment reached) 21882227
bases in batch (batch size exceeded) 25009656
bases in batch (batch size exceeded) 25000316
bases in batch (batch size exceeded) 25037302
bases in batch (core allotment reached) 21815242
bases in batch (batch size exceeded) 25068263
bases in batch (batch size exceeded) 25018905
bases in batch (batch size exceeded) 25016366
bases in batch (core allotment reached) 21758900
bases in batch (batch size exceeded) 25005789
bases in batch (batch size exceeded) 25001179
bases in batch (batch size exceeded) 25003478
bases in batch (core allotment reached) 21986434
bases in batch (batch size exceeded) 25025927
bases in batch (batch size exceeded) 25082939
bases in batch (batch size exceeded) 25001938
bases in batch (core allotment reached) 21755131
bases in batch (batch size exceeded) 25004762
bases in batch (batch size exceeded) 25009723
bases in batch (batch size exceeded) 25014835
bases in batch (core allotment reached) 21898589
bases in batch (batch size exceeded) 25003208
bases in batch (batch size exceeded) 25012320
bases in batch (batch size exceeded) 25004692
bases in batch (last for core) 21117565
Starting up parallel processes, tasklist took 16.262998580932617
Starting merge, parallel processing took 301.7903687953949
bigwig
Merge took 725.8509910106659

