chr8:0-146259322
ctcf_deep_chr8
bases in batch (batch size exceeded) 25007043
bases in batch (batch size exceeded) 25004440
bases in batch (batch size exceeded) 25004247
bases in batch (batch size exceeded) 25011355
bases in batch (core allotment reached) 11011859
bases in batch (batch size exceeded) 25001696
bases in batch (batch size exceeded) 25001324
bases in batch (batch size exceeded) 25001688
bases in batch (batch size exceeded) 25010664
bases in batch (core allotment reached) 10966598
bases in batch (batch size exceeded) 25007013
bases in batch (batch size exceeded) 25002759
bases in batch (batch size exceeded) 25005588
bases in batch (batch size exceeded) 25016798
bases in batch (core allotment reached) 10963862
bases in batch (batch size exceeded) 25023356
bases in batch (batch size exceeded) 25039627
bases in batch (batch size exceeded) 25063020
bases in batch (batch size exceeded) 25022190
bases in batch (core allotment reached) 10834023
bases in batch (batch size exceeded) 25027749
bases in batch (batch size exceeded) 25073871
bases in batch (batch size exceeded) 25000029
bases in batch (batch size exceeded) 25001011
bases in batch (core allotment reached) 10892911
bases in batch (batch size exceeded) 25010203
bases in batch (batch size exceeded) 25017216
bases in batch (batch size exceeded) 25001777
bases in batch (batch size exceeded) 25008438
bases in batch (core allotment reached) 10952307
bases in batch (batch size exceeded) 25013549
bases in batch (batch size exceeded) 25021550
bases in batch (batch size exceeded) 25051060
bases in batch (batch size exceeded) 25015275
bases in batch (core allotment reached) 10915524
bases in batch (batch size exceeded) 25016714
bases in batch (batch size exceeded) 25005909
bases in batch (batch size exceeded) 25008516
bases in batch (batch size exceeded) 25034751
bases in batch (core allotment reached) 10951114
bases in batch (batch size exceeded) 25010970
bases in batch (batch size exceeded) 25014522
bases in batch (batch size exceeded) 25019238
bases in batch (batch size exceeded) 25003460
bases in batch (core allotment reached) 10953263
bases in batch (batch size exceeded) 25014195
bases in batch (batch size exceeded) 25003943
bases in batch (batch size exceeded) 25005457
bases in batch (batch size exceeded) 25019851
bases in batch (core allotment reached) 10938374
bases in batch (batch size exceeded) 25002691
bases in batch (batch size exceeded) 25003196
bases in batch (batch size exceeded) 25001757
bases in batch (batch size exceeded) 25127292
bases in batch (core allotment reached) 10852103
bases in batch (batch size exceeded) 25000167
bases in batch (batch size exceeded) 25007727
bases in batch (batch size exceeded) 25003314
bases in batch (batch size exceeded) 25006974
bases in batch (core allotment reached) 11014352
bases in batch (batch size exceeded) 25009222
bases in batch (batch size exceeded) 25017890
bases in batch (batch size exceeded) 25005025
bases in batch (batch size exceeded) 25031496
bases in batch (core allotment reached) 10924832
bases in batch (batch size exceeded) 25012293
bases in batch (batch size exceeded) 25016669
bases in batch (batch size exceeded) 25112919
bases in batch (batch size exceeded) 25027524
bases in batch (core allotment reached) 10823709
bases in batch (batch size exceeded) 25010518
bases in batch (batch size exceeded) 25000385
bases in batch (batch size exceeded) 25037346
bases in batch (batch size exceeded) 25005047
bases in batch (core allotment reached) 10929004
bases in batch (batch size exceeded) 25072904
bases in batch (batch size exceeded) 25004752
bases in batch (batch size exceeded) 25009221
bases in batch (batch size exceeded) 25045982
bases in batch (core allotment reached) 10885531
bases in batch (batch size exceeded) 25002288
bases in batch (batch size exceeded) 25019736
bases in batch (batch size exceeded) 25015427
bases in batch (batch size exceeded) 25017853
bases in batch (core allotment reached) 10968577
bases in batch (batch size exceeded) 25032835
bases in batch (batch size exceeded) 25021019
bases in batch (batch size exceeded) 25077536
bases in batch (batch size exceeded) 25036109
bases in batch (core allotment reached) 10841154
bases in batch (batch size exceeded) 25024695
bases in batch (batch size exceeded) 25026727
bases in batch (batch size exceeded) 25002693
bases in batch (batch size exceeded) 25005180
bases in batch (core allotment reached) 10928497
bases in batch (batch size exceeded) 25002539
bases in batch (batch size exceeded) 25024209
bases in batch (batch size exceeded) 25038648
bases in batch (batch size exceeded) 25001392
bases in batch (core allotment reached) 10946735
bases in batch (batch size exceeded) 25005243
bases in batch (batch size exceeded) 25003816
bases in batch (batch size exceeded) 25003701
bases in batch (batch size exceeded) 25020037
bases in batch (core allotment reached) 10954791
bases in batch (batch size exceeded) 25000158
bases in batch (batch size exceeded) 25065658
bases in batch (batch size exceeded) 25019983
bases in batch (batch size exceeded) 25000150
bases in batch (core allotment reached) 10898091
bases in batch (batch size exceeded) 25004930
bases in batch (batch size exceeded) 25017157
bases in batch (batch size exceeded) 25053000
bases in batch (batch size exceeded) 25000643
bases in batch (core allotment reached) 10905947
bases in batch (batch size exceeded) 25008463
bases in batch (batch size exceeded) 25033501
bases in batch (batch size exceeded) 25035473
bases in batch (batch size exceeded) 25003694
bases in batch (core allotment reached) 10918675
bases in batch (batch size exceeded) 25020430
bases in batch (batch size exceeded) 25037740
bases in batch (batch size exceeded) 25063752
bases in batch (batch size exceeded) 25011097
bases in batch (core allotment reached) 10860356
bases in batch (batch size exceeded) 25022594
bases in batch (batch size exceeded) 25002812
bases in batch (batch size exceeded) 25000504
bases in batch (batch size exceeded) 25006824
bases in batch (core allotment reached) 10979713
bases in batch (batch size exceeded) 25004935
bases in batch (batch size exceeded) 25017285
bases in batch (batch size exceeded) 25005296
bases in batch (batch size exceeded) 25003752
bases in batch (core allotment reached) 10954750
bases in batch (batch size exceeded) 25003295
bases in batch (batch size exceeded) 25000818
bases in batch (batch size exceeded) 25002857
bases in batch (batch size exceeded) 25002580
bases in batch (core allotment reached) 10976664
bases in batch (batch size exceeded) 25026096
bases in batch (batch size exceeded) 25012473
bases in batch (batch size exceeded) 25012706
bases in batch (batch size exceeded) 25027058
bases in batch (core allotment reached) 10990945
bases in batch (batch size exceeded) 25009833
bases in batch (batch size exceeded) 25002843
bases in batch (batch size exceeded) 25003234
bases in batch (batch size exceeded) 25023657
bases in batch (core allotment reached) 10943292
bases in batch (batch size exceeded) 25003267
bases in batch (batch size exceeded) 25011174
bases in batch (batch size exceeded) 25013670
bases in batch (batch size exceeded) 25001437
bases in batch (core allotment reached) 11004153
bases in batch (batch size exceeded) 25005767
bases in batch (batch size exceeded) 25039841
bases in batch (batch size exceeded) 25016295
bases in batch (batch size exceeded) 25038169
bases in batch (last for core) 10252418
Starting up parallel processes, tasklist took 17.6558940410614
Starting merge, parallel processing took 209.33558702468872
bigwig
Merge took 703.5065352916718

