chr5:0-182045437
ctcf_deep_chr5
bases in batch (batch size exceeded) 25006135
bases in batch (batch size exceeded) 25006414
bases in batch (batch size exceeded) 25039623
bases in batch (batch size exceeded) 25022651
bases in batch (batch size exceeded) 25014836
bases in batch (core allotment reached) 14931876
bases in batch (batch size exceeded) 25016426
bases in batch (batch size exceeded) 25004855
bases in batch (batch size exceeded) 25090528
bases in batch (batch size exceeded) 25011703
bases in batch (batch size exceeded) 25006485
bases in batch (core allotment reached) 14874129
bases in batch (batch size exceeded) 25001738
bases in batch (batch size exceeded) 25003229
bases in batch (batch size exceeded) 25002203
bases in batch (batch size exceeded) 25002668
bases in batch (batch size exceeded) 25004284
bases in batch (core allotment reached) 14985055
bases in batch (batch size exceeded) 25020984
bases in batch (batch size exceeded) 25003130
bases in batch (batch size exceeded) 25004181
bases in batch (batch size exceeded) 25001249
bases in batch (batch size exceeded) 25004535
bases in batch (core allotment reached) 14967688
bases in batch (batch size exceeded) 25030509
bases in batch (batch size exceeded) 25021118
bases in batch (batch size exceeded) 25014530
bases in batch (batch size exceeded) 25039919
bases in batch (batch size exceeded) 25019563
bases in batch (core allotment reached) 14881554
bases in batch (batch size exceeded) 25000035
bases in batch (batch size exceeded) 25007217
bases in batch (batch size exceeded) 25003097
bases in batch (batch size exceeded) 25009077
bases in batch (batch size exceeded) 25008604
bases in batch (core allotment reached) 14969867
bases in batch (batch size exceeded) 25010046
bases in batch (batch size exceeded) 25044258
bases in batch (batch size exceeded) 25007952
bases in batch (batch size exceeded) 25161114
bases in batch (batch size exceeded) 25015519
bases in batch (core allotment reached) 14774803
bases in batch (batch size exceeded) 25005201
bases in batch (batch size exceeded) 25016516
bases in batch (batch size exceeded) 25025614
bases in batch (batch size exceeded) 25000869
bases in batch (batch size exceeded) 25038773
bases in batch (core allotment reached) 14928448
bases in batch (batch size exceeded) 25002423
bases in batch (batch size exceeded) 25014940
bases in batch (batch size exceeded) 25005831
bases in batch (batch size exceeded) 25004754
bases in batch (batch size exceeded) 25005551
bases in batch (core allotment reached) 14999043
bases in batch (batch size exceeded) 25001513
bases in batch (batch size exceeded) 25044682
bases in batch (batch size exceeded) 25016586
bases in batch (batch size exceeded) 25011094
bases in batch (batch size exceeded) 25021681
bases in batch (core allotment reached) 14917244
bases in batch (batch size exceeded) 25003584
bases in batch (batch size exceeded) 25003746
bases in batch (batch size exceeded) 25000849
bases in batch (batch size exceeded) 25003167
bases in batch (batch size exceeded) 25006828
bases in batch (core allotment reached) 15019427
bases in batch (batch size exceeded) 25015722
bases in batch (batch size exceeded) 25070346
bases in batch (batch size exceeded) 25021146
bases in batch (batch size exceeded) 25004968
bases in batch (batch size exceeded) 25003599
bases in batch (core allotment reached) 14882683
bases in batch (batch size exceeded) 25001548
bases in batch (batch size exceeded) 25028201
bases in batch (batch size exceeded) 25028114
bases in batch (batch size exceeded) 25116112
bases in batch (batch size exceeded) 25007162
bases in batch (core allotment reached) 14820431
bases in batch (batch size exceeded) 25003141
bases in batch (batch size exceeded) 25035744
bases in batch (batch size exceeded) 25173361
bases in batch (batch size exceeded) 25003497
bases in batch (batch size exceeded) 25021942
bases in batch (core allotment reached) 14762627
bases in batch (batch size exceeded) 25018910
bases in batch (batch size exceeded) 25003050
bases in batch (batch size exceeded) 25006263
bases in batch (batch size exceeded) 25016508
bases in batch (batch size exceeded) 25018093
bases in batch (core allotment reached) 14973520
bases in batch (batch size exceeded) 25007840
bases in batch (batch size exceeded) 25000766
bases in batch (batch size exceeded) 25000326
bases in batch (batch size exceeded) 25002663
bases in batch (batch size exceeded) 25042999
bases in batch (core allotment reached) 14948360
bases in batch (batch size exceeded) 25000020
bases in batch (batch size exceeded) 25000503
bases in batch (batch size exceeded) 25104977
bases in batch (batch size exceeded) 25006114
bases in batch (batch size exceeded) 25010793
bases in batch (core allotment reached) 14874772
bases in batch (batch size exceeded) 25013146
bases in batch (batch size exceeded) 25020196
bases in batch (batch size exceeded) 25006506
bases in batch (batch size exceeded) 25022599
bases in batch (batch size exceeded) 25011367
bases in batch (core allotment reached) 14925135
bases in batch (batch size exceeded) 25014028
bases in batch (batch size exceeded) 25056582
bases in batch (batch size exceeded) 25008085
bases in batch (batch size exceeded) 25013809
bases in batch (batch size exceeded) 25021216
bases in batch (core allotment reached) 14916263
bases in batch (batch size exceeded) 25056325
bases in batch (batch size exceeded) 25029540
bases in batch (batch size exceeded) 25001538
bases in batch (batch size exceeded) 25006095
bases in batch (batch size exceeded) 25018427
bases in batch (core allotment reached) 14886744
bases in batch (batch size exceeded) 25007359
bases in batch (batch size exceeded) 25001539
bases in batch (batch size exceeded) 25007788
bases in batch (batch size exceeded) 25005278
bases in batch (batch size exceeded) 25009156
bases in batch (core allotment reached) 15016458
bases in batch (batch size exceeded) 25005364
bases in batch (batch size exceeded) 25017249
bases in batch (batch size exceeded) 25012144
bases in batch (batch size exceeded) 25023361
bases in batch (batch size exceeded) 25002883
bases in batch (core allotment reached) 14936801
bases in batch (batch size exceeded) 25004231
bases in batch (batch size exceeded) 25006039
bases in batch (batch size exceeded) 25011317
bases in batch (batch size exceeded) 25009244
bases in batch (batch size exceeded) 25009839
bases in batch (core allotment reached) 14956281
bases in batch (batch size exceeded) 25014863
bases in batch (batch size exceeded) 25016438
bases in batch (batch size exceeded) 25011688
bases in batch (batch size exceeded) 25004209
bases in batch (batch size exceeded) 25004622
bases in batch (core allotment reached) 14949144
bases in batch (batch size exceeded) 25009472
bases in batch (batch size exceeded) 25018384
bases in batch (batch size exceeded) 25014699
bases in batch (batch size exceeded) 25001565
bases in batch (batch size exceeded) 25039702
bases in batch (core allotment reached) 14929343
bases in batch (batch size exceeded) 25003089
bases in batch (batch size exceeded) 25001430
bases in batch (batch size exceeded) 25002843
bases in batch (batch size exceeded) 25001960
bases in batch (batch size exceeded) 25004731
bases in batch (core allotment reached) 14986448
bases in batch (batch size exceeded) 25016079
bases in batch (batch size exceeded) 25007483
bases in batch (batch size exceeded) 25028165
bases in batch (batch size exceeded) 25000402
bases in batch (batch size exceeded) 25005613
bases in batch (core allotment reached) 14940147
bases in batch (batch size exceeded) 25030718
bases in batch (batch size exceeded) 25006176
bases in batch (batch size exceeded) 25022581
bases in batch (batch size exceeded) 25025452
bases in batch (batch size exceeded) 25019892
bases in batch (core allotment reached) 14893700
bases in batch (batch size exceeded) 25014005
bases in batch (batch size exceeded) 25000355
bases in batch (batch size exceeded) 25034136
bases in batch (batch size exceeded) 25013319
bases in batch (batch size exceeded) 25068951
bases in batch (core allotment reached) 14872008
bases in batch (batch size exceeded) 25003217
bases in batch (batch size exceeded) 25023305
bases in batch (batch size exceeded) 25002144
bases in batch (batch size exceeded) 25005456
bases in batch (batch size exceeded) 25007661
bases in batch (core allotment reached) 14963240
bases in batch (batch size exceeded) 25012569
bases in batch (batch size exceeded) 25014384
bases in batch (batch size exceeded) 25003457
bases in batch (batch size exceeded) 25008466
bases in batch (batch size exceeded) 25110514
bases in batch (core allotment reached) 14863935
bases in batch (batch size exceeded) 25000319
bases in batch (batch size exceeded) 25026620
bases in batch (batch size exceeded) 25010719
bases in batch (batch size exceeded) 25046688
bases in batch (batch size exceeded) 25003237
bases in batch (last for core) 14531940
Starting up parallel processes, tasklist took 23.304866313934326
Starting merge, parallel processing took 280.4757282733917
bigwig
Merge took 875.0982842445374

