chr16:0-96330493
ctcf_deep_chr16
bases in batch (core allotment reached) 70511891
bases in batch (core allotment reached) 70519955
bases in batch (core allotment reached) 70503186
bases in batch (core allotment reached) 70503164
bases in batch (core allotment reached) 70518880
bases in batch (core allotment reached) 70505185
bases in batch (core allotment reached) 70533216
bases in batch (core allotment reached) 70501004
bases in batch (core allotment reached) 70501369
bases in batch (core allotment reached) 70537388
bases in batch (core allotment reached) 70510154
bases in batch (core allotment reached) 70506339
bases in batch (core allotment reached) 70509558
bases in batch (core allotment reached) 70523597
bases in batch (core allotment reached) 70506639
bases in batch (core allotment reached) 70504687
bases in batch (core allotment reached) 70533453
bases in batch (core allotment reached) 70520173
bases in batch (core allotment reached) 70501862
bases in batch (core allotment reached) 70523527
bases in batch (core allotment reached) 70511732
bases in batch (core allotment reached) 70516122
bases in batch (core allotment reached) 70510647
bases in batch (core allotment reached) 70520009
bases in batch (core allotment reached) 70515756
bases in batch (core allotment reached) 70501082
bases in batch (core allotment reached) 70508805
bases in batch (core allotment reached) 70507838
bases in batch (core allotment reached) 70510322
bases in batch (core allotment reached) 70502998
bases in batch (core allotment reached) 70514260
bases in batch (last for core) 70122444
Starting up parallel processes, tasklist took 13.837249755859375
Starting merge, parallel processing took 140.51816368103027
bigwig
Merge took 473.01614785194397

