chr11:0-135127772
ctcf_deep_chr11
bases in batch (batch size exceeded) 25004650
bases in batch (batch size exceeded) 25005780
bases in batch (batch size exceeded) 25001682
bases in batch (batch size exceeded) 25059480
bases in batch (core allotment reached) 8538944
bases in batch (batch size exceeded) 25036988
bases in batch (batch size exceeded) 25020870
bases in batch (batch size exceeded) 25004811
bases in batch (batch size exceeded) 25015775
bases in batch (core allotment reached) 8522105
bases in batch (batch size exceeded) 25005034
bases in batch (batch size exceeded) 25045316
bases in batch (batch size exceeded) 25026175
bases in batch (batch size exceeded) 25005716
bases in batch (core allotment reached) 8499979
bases in batch (batch size exceeded) 25037137
bases in batch (batch size exceeded) 25004362
bases in batch (batch size exceeded) 25023448
bases in batch (batch size exceeded) 25057208
bases in batch (core allotment reached) 8460063
bases in batch (batch size exceeded) 25049063
bases in batch (batch size exceeded) 25013297
bases in batch (batch size exceeded) 25071821
bases in batch (batch size exceeded) 25077619
bases in batch (core allotment reached) 8378807
bases in batch (batch size exceeded) 25009028
bases in batch (batch size exceeded) 25045595
bases in batch (batch size exceeded) 25067533
bases in batch (batch size exceeded) 25002758
bases in batch (core allotment reached) 8466203
bases in batch (batch size exceeded) 25020196
bases in batch (batch size exceeded) 25002841
bases in batch (batch size exceeded) 25056206
bases in batch (batch size exceeded) 25000808
bases in batch (core allotment reached) 8503308
bases in batch (batch size exceeded) 25014928
bases in batch (batch size exceeded) 25012950
bases in batch (batch size exceeded) 25000646
bases in batch (batch size exceeded) 25005573
bases in batch (core allotment reached) 8573875
bases in batch (batch size exceeded) 25006174
bases in batch (batch size exceeded) 25010809
bases in batch (batch size exceeded) 25024950
bases in batch (batch size exceeded) 25026666
bases in batch (core allotment reached) 8537849
bases in batch (batch size exceeded) 25016609
bases in batch (batch size exceeded) 25006825
bases in batch (batch size exceeded) 25076923
bases in batch (batch size exceeded) 25010474
bases in batch (core allotment reached) 8482858
bases in batch (batch size exceeded) 25010133
bases in batch (batch size exceeded) 25004257
bases in batch (batch size exceeded) 25016569
bases in batch (batch size exceeded) 25016667
bases in batch (core allotment reached) 8536917
bases in batch (batch size exceeded) 25008854
bases in batch (batch size exceeded) 25014557
bases in batch (batch size exceeded) 25002142
bases in batch (batch size exceeded) 25001183
bases in batch (core allotment reached) 8557754
bases in batch (batch size exceeded) 25010145
bases in batch (batch size exceeded) 25006531
bases in batch (batch size exceeded) 25079967
bases in batch (batch size exceeded) 25005759
bases in batch (core allotment reached) 8502634
bases in batch (batch size exceeded) 25008585
bases in batch (batch size exceeded) 25003691
bases in batch (batch size exceeded) 25005702
bases in batch (batch size exceeded) 25012926
bases in batch (core allotment reached) 8551932
bases in batch (batch size exceeded) 25033999
bases in batch (batch size exceeded) 25039787
bases in batch (batch size exceeded) 25000542
bases in batch (batch size exceeded) 25014061
bases in batch (core allotment reached) 8496289
bases in batch (batch size exceeded) 25011217
bases in batch (batch size exceeded) 25002754
bases in batch (batch size exceeded) 25012502
bases in batch (batch size exceeded) 25005041
bases in batch (core allotment reached) 8573669
bases in batch (batch size exceeded) 25006702
bases in batch (batch size exceeded) 25013400
bases in batch (batch size exceeded) 25000176
bases in batch (batch size exceeded) 25012035
bases in batch (core allotment reached) 8550522
bases in batch (batch size exceeded) 25001148
bases in batch (batch size exceeded) 25009969
bases in batch (batch size exceeded) 25015997
bases in batch (batch size exceeded) 25009695
bases in batch (core allotment reached) 8560362
bases in batch (batch size exceeded) 25003725
bases in batch (batch size exceeded) 25004142
bases in batch (batch size exceeded) 25004372
bases in batch (batch size exceeded) 25034404
bases in batch (core allotment reached) 8533294
bases in batch (batch size exceeded) 25001446
bases in batch (batch size exceeded) 25011711
bases in batch (batch size exceeded) 25039813
bases in batch (batch size exceeded) 25005091
bases in batch (core allotment reached) 8525089
bases in batch (batch size exceeded) 25000078
bases in batch (batch size exceeded) 25139994
bases in batch (batch size exceeded) 25032341
bases in batch (batch size exceeded) 25000101
bases in batch (core allotment reached) 8406938
bases in batch (batch size exceeded) 25031443
bases in batch (batch size exceeded) 25004861
bases in batch (batch size exceeded) 25002113
bases in batch (batch size exceeded) 25002747
bases in batch (core allotment reached) 8545901
bases in batch (batch size exceeded) 25006527
bases in batch (batch size exceeded) 25006494
bases in batch (batch size exceeded) 25020573
bases in batch (batch size exceeded) 25001274
bases in batch (core allotment reached) 8546834
bases in batch (batch size exceeded) 25018082
bases in batch (batch size exceeded) 25016218
bases in batch (batch size exceeded) 25012157
bases in batch (batch size exceeded) 25026852
bases in batch (core allotment reached) 8511356
bases in batch (batch size exceeded) 25006407
bases in batch (batch size exceeded) 25027344
bases in batch (batch size exceeded) 25001155
bases in batch (batch size exceeded) 25012453
bases in batch (core allotment reached) 8550113
bases in batch (batch size exceeded) 25000449
bases in batch (batch size exceeded) 25018120
bases in batch (batch size exceeded) 25000783
bases in batch (batch size exceeded) 25021838
bases in batch (core allotment reached) 8561859
bases in batch (batch size exceeded) 25027366
bases in batch (batch size exceeded) 25020118
bases in batch (batch size exceeded) 25002010
bases in batch (batch size exceeded) 25033243
bases in batch (core allotment reached) 8510299
bases in batch (batch size exceeded) 25037069
bases in batch (batch size exceeded) 25011409
bases in batch (batch size exceeded) 25000519
bases in batch (batch size exceeded) 25010860
bases in batch (core allotment reached) 8571275
bases in batch (batch size exceeded) 25000785
bases in batch (batch size exceeded) 25000702
bases in batch (batch size exceeded) 25011062
bases in batch (batch size exceeded) 25000033
bases in batch (core allotment reached) 8578896
bases in batch (batch size exceeded) 25000592
bases in batch (batch size exceeded) 25282436
bases in batch (batch size exceeded) 25008081
bases in batch (batch size exceeded) 25006505
bases in batch (core allotment reached) 8392721
bases in batch (batch size exceeded) 25000664
bases in batch (batch size exceeded) 25000987
bases in batch (batch size exceeded) 25064959
bases in batch (batch size exceeded) 25061653
bases in batch (core allotment reached) 8452527
bases in batch (batch size exceeded) 25018389
bases in batch (batch size exceeded) 25019637
bases in batch (batch size exceeded) 25003749
bases in batch (batch size exceeded) 25005056
bases in batch (last for core) 8034445
Starting up parallel processes, tasklist took 30.32890510559082
Starting merge, parallel processing took 200.71803092956543
bigwig
Merge took 658.3242273330688

