chrX:0-154259625
ctcf_deep_chrX
bases in batch (batch size exceeded) 25023704
bases in batch (batch size exceeded) 25014723
bases in batch (batch size exceeded) 25010905
bases in batch (batch size exceeded) 25003324
bases in batch (core allotment reached) 14857123
bases in batch (batch size exceeded) 25004475
bases in batch (batch size exceeded) 25001817
bases in batch (batch size exceeded) 25087570
bases in batch (batch size exceeded) 25001461
bases in batch (core allotment reached) 14822888
bases in batch (batch size exceeded) 25000928
bases in batch (batch size exceeded) 25052832
bases in batch (batch size exceeded) 25056368
bases in batch (batch size exceeded) 25014769
bases in batch (core allotment reached) 14817253
bases in batch (batch size exceeded) 25054435
bases in batch (batch size exceeded) 25014647
bases in batch (batch size exceeded) 25001824
bases in batch (batch size exceeded) 25021726
bases in batch (core allotment reached) 14825849
bases in batch (batch size exceeded) 25000072
bases in batch (batch size exceeded) 25004021
bases in batch (batch size exceeded) 25019453
bases in batch (batch size exceeded) 25027928
bases in batch (core allotment reached) 14863080
bases in batch (batch size exceeded) 25023069
bases in batch (batch size exceeded) 25005946
bases in batch (batch size exceeded) 25009800
bases in batch (batch size exceeded) 25006469
bases in batch (core allotment reached) 14872574
bases in batch (batch size exceeded) 25021900
bases in batch (batch size exceeded) 25007287
bases in batch (batch size exceeded) 25009282
bases in batch (batch size exceeded) 25004378
bases in batch (core allotment reached) 14897356
bases in batch (batch size exceeded) 25002426
bases in batch (batch size exceeded) 25038371
bases in batch (batch size exceeded) 25005291
bases in batch (batch size exceeded) 25091107
bases in batch (core allotment reached) 14782970
bases in batch (batch size exceeded) 25034409
bases in batch (batch size exceeded) 25040165
bases in batch (batch size exceeded) 25009587
bases in batch (batch size exceeded) 25016406
bases in batch (core allotment reached) 14808603
bases in batch (batch size exceeded) 25002977
bases in batch (batch size exceeded) 25018860
bases in batch (batch size exceeded) 25008507
bases in batch (batch size exceeded) 25014372
bases in batch (core allotment reached) 14867275
bases in batch (batch size exceeded) 25014469
bases in batch (batch size exceeded) 25015184
bases in batch (batch size exceeded) 25007673
bases in batch (batch size exceeded) 25001847
bases in batch (core allotment reached) 14870531
bases in batch (batch size exceeded) 25004283
bases in batch (batch size exceeded) 25173409
bases in batch (batch size exceeded) 25000469
bases in batch (batch size exceeded) 25000987
bases in batch (core allotment reached) 14762289
bases in batch (batch size exceeded) 25000949
bases in batch (batch size exceeded) 25025328
bases in batch (batch size exceeded) 25013142
bases in batch (batch size exceeded) 25007605
bases in batch (core allotment reached) 14868078
bases in batch (batch size exceeded) 25029559
bases in batch (batch size exceeded) 25013557
bases in batch (batch size exceeded) 25003100
bases in batch (batch size exceeded) 25005921
bases in batch (core allotment reached) 14858745
bases in batch (batch size exceeded) 25017680
bases in batch (batch size exceeded) 25009021
bases in batch (batch size exceeded) 25027145
bases in batch (batch size exceeded) 25007956
bases in batch (core allotment reached) 14850509
bases in batch (batch size exceeded) 25027312
bases in batch (batch size exceeded) 25096990
bases in batch (batch size exceeded) 25005558
bases in batch (batch size exceeded) 25009554
bases in batch (core allotment reached) 14805253
bases in batch (batch size exceeded) 25016117
bases in batch (batch size exceeded) 25037629
bases in batch (batch size exceeded) 25003026
bases in batch (batch size exceeded) 25018247
bases in batch (core allotment reached) 14842240
bases in batch (batch size exceeded) 25010313
bases in batch (batch size exceeded) 25005819
bases in batch (batch size exceeded) 25010047
bases in batch (batch size exceeded) 25003160
bases in batch (core allotment reached) 14893450
bases in batch (batch size exceeded) 25002543
bases in batch (batch size exceeded) 25000526
bases in batch (batch size exceeded) 25000211
bases in batch (batch size exceeded) 25010933
bases in batch (core allotment reached) 14919831
bases in batch (batch size exceeded) 25022467
bases in batch (batch size exceeded) 25057166
bases in batch (batch size exceeded) 25044251
bases in batch (batch size exceeded) 25018517
bases in batch (core allotment reached) 14768541
bases in batch (batch size exceeded) 25005683
bases in batch (batch size exceeded) 25003167
bases in batch (batch size exceeded) 25009420
bases in batch (batch size exceeded) 25006520
bases in batch (core allotment reached) 14903374
bases in batch (batch size exceeded) 25029231
bases in batch (batch size exceeded) 25000615
bases in batch (batch size exceeded) 25009414
bases in batch (batch size exceeded) 25039629
bases in batch (core allotment reached) 14867575
bases in batch (batch size exceeded) 25109022
bases in batch (batch size exceeded) 25119820
bases in batch (batch size exceeded) 25008335
bases in batch (batch size exceeded) 25043191
bases in batch (core allotment reached) 14634528
bases in batch (batch size exceeded) 25005641
bases in batch (batch size exceeded) 25013815
bases in batch (batch size exceeded) 25003915
bases in batch (batch size exceeded) 25070837
bases in batch (core allotment reached) 14895789
bases in batch (batch size exceeded) 25138564
bases in batch (batch size exceeded) 25022522
bases in batch (batch size exceeded) 25009424
bases in batch (batch size exceeded) 25000706
bases in batch (core allotment reached) 14738539
bases in batch (batch size exceeded) 25001677
bases in batch (batch size exceeded) 25014052
bases in batch (batch size exceeded) 25010202
bases in batch (batch size exceeded) 25006617
bases in batch (core allotment reached) 14881251
bases in batch (batch size exceeded) 25001447
bases in batch (batch size exceeded) 25022361
bases in batch (batch size exceeded) 25079377
bases in batch (batch size exceeded) 25005318
bases in batch (core allotment reached) 14808969
bases in batch (batch size exceeded) 25003531
bases in batch (batch size exceeded) 25009024
bases in batch (batch size exceeded) 25000121
bases in batch (batch size exceeded) 25011038
bases in batch (core allotment reached) 14886771
bases in batch (batch size exceeded) 25007216
bases in batch (batch size exceeded) 25000691
bases in batch (batch size exceeded) 25003769
bases in batch (batch size exceeded) 25019275
bases in batch (core allotment reached) 14883462
bases in batch (batch size exceeded) 25014711
bases in batch (batch size exceeded) 25002672
bases in batch (batch size exceeded) 25003359
bases in batch (batch size exceeded) 25006476
bases in batch (core allotment reached) 14889553
bases in batch (batch size exceeded) 25025998
bases in batch (batch size exceeded) 25004590
bases in batch (batch size exceeded) 25001065
bases in batch (batch size exceeded) 25006387
bases in batch (core allotment reached) 14887639
bases in batch (batch size exceeded) 25018128
bases in batch (batch size exceeded) 25008660
bases in batch (batch size exceeded) 25023677
bases in batch (batch size exceeded) 25004512
bases in batch (last for core) 14427840
Starting up parallel processes, tasklist took 22.756272315979004
Starting merge, parallel processing took 211.73357033729553
bigwig
Merge took 745.5451576709747

