chr19:0-61707359
ctcf_deep_chr19
bases in batch (core allotment reached) 48078044
bases in batch (core allotment reached) 48104202
bases in batch (core allotment reached) 48083227
bases in batch (core allotment reached) 48082255
bases in batch (core allotment reached) 48074538
bases in batch (core allotment reached) 48108490
bases in batch (core allotment reached) 48078323
bases in batch (core allotment reached) 48102418
bases in batch (core allotment reached) 48097419
bases in batch (core allotment reached) 48089295
bases in batch (core allotment reached) 48078217
bases in batch (core allotment reached) 48088178
bases in batch (core allotment reached) 48076843
bases in batch (core allotment reached) 48080215
bases in batch (core allotment reached) 48074503
bases in batch (core allotment reached) 48073770
bases in batch (core allotment reached) 48080085
bases in batch (core allotment reached) 48079367
bases in batch (core allotment reached) 48105907
bases in batch (core allotment reached) 48088270
bases in batch (core allotment reached) 48080230
bases in batch (core allotment reached) 48110783
bases in batch (core allotment reached) 48117608
bases in batch (core allotment reached) 48095353
bases in batch (core allotment reached) 48099551
bases in batch (core allotment reached) 48076375
bases in batch (core allotment reached) 48075273
bases in batch (core allotment reached) 48075642
bases in batch (core allotment reached) 48081180
bases in batch (core allotment reached) 48128851
bases in batch (core allotment reached) 48078049
bases in batch (last for core) 47616022
Starting up parallel processes, tasklist took 10.746729373931885
Starting merge, parallel processing took 88.79483842849731
bigwig
Merge took 299.274863243103

