chr15:0-100338308
ctcf_deep_chr15
bases in batch (batch size exceeded) 25019230
bases in batch (batch size exceeded) 25011470
bases in batch (batch size exceeded) 25007640
bases in batch (core allotment reached) 11473887
bases in batch (batch size exceeded) 25003279
bases in batch (batch size exceeded) 25016113
bases in batch (batch size exceeded) 25034361
bases in batch (core allotment reached) 11457225
bases in batch (batch size exceeded) 25019987
bases in batch (batch size exceeded) 25000375
bases in batch (batch size exceeded) 25027617
bases in batch (core allotment reached) 11493984
bases in batch (batch size exceeded) 25006948
bases in batch (batch size exceeded) 25044538
bases in batch (batch size exceeded) 25010362
bases in batch (core allotment reached) 11478843
bases in batch (batch size exceeded) 25003218
bases in batch (batch size exceeded) 25016531
bases in batch (batch size exceeded) 25064689
bases in batch (core allotment reached) 11459719
bases in batch (batch size exceeded) 25036552
bases in batch (batch size exceeded) 25049139
bases in batch (batch size exceeded) 25009749
bases in batch (core allotment reached) 11414512
bases in batch (batch size exceeded) 25009778
bases in batch (batch size exceeded) 25001125
bases in batch (batch size exceeded) 25004406
bases in batch (core allotment reached) 11493475
bases in batch (batch size exceeded) 25138608
bases in batch (batch size exceeded) 25047743
bases in batch (batch size exceeded) 25004070
bases in batch (core allotment reached) 11374678
bases in batch (batch size exceeded) 25012230
bases in batch (batch size exceeded) 25003427
bases in batch (batch size exceeded) 25046439
bases in batch (core allotment reached) 11447710
bases in batch (batch size exceeded) 25007736
bases in batch (batch size exceeded) 25071567
bases in batch (batch size exceeded) 25009325
bases in batch (core allotment reached) 11453812
bases in batch (batch size exceeded) 25002084
bases in batch (batch size exceeded) 25000130
bases in batch (batch size exceeded) 25064262
bases in batch (core allotment reached) 11448512
bases in batch (batch size exceeded) 25022751
bases in batch (batch size exceeded) 25008876
bases in batch (batch size exceeded) 25018610
bases in batch (core allotment reached) 11471066
bases in batch (batch size exceeded) 25015802
bases in batch (batch size exceeded) 25088599
bases in batch (batch size exceeded) 25005182
bases in batch (core allotment reached) 11410741
bases in batch (batch size exceeded) 25002356
bases in batch (batch size exceeded) 25139900
bases in batch (batch size exceeded) 25022892
bases in batch (core allotment reached) 11376156
bases in batch (batch size exceeded) 25031684
bases in batch (batch size exceeded) 25003444
bases in batch (batch size exceeded) 25006340
bases in batch (core allotment reached) 11468393
bases in batch (batch size exceeded) 25009463
bases in batch (batch size exceeded) 25003151
bases in batch (batch size exceeded) 25048050
bases in batch (core allotment reached) 11499124
bases in batch (batch size exceeded) 25009269
bases in batch (batch size exceeded) 25074948
bases in batch (batch size exceeded) 25070167
bases in batch (core allotment reached) 11379632
bases in batch (batch size exceeded) 25001665
bases in batch (batch size exceeded) 25015062
bases in batch (batch size exceeded) 25024630
bases in batch (core allotment reached) 11487674
bases in batch (batch size exceeded) 25002465
bases in batch (batch size exceeded) 25000500
bases in batch (batch size exceeded) 25003034
bases in batch (core allotment reached) 11515626
bases in batch (batch size exceeded) 25002892
bases in batch (batch size exceeded) 25000222
bases in batch (batch size exceeded) 25048768
bases in batch (core allotment reached) 11467252
bases in batch (batch size exceeded) 25018179
bases in batch (batch size exceeded) 25007221
bases in batch (batch size exceeded) 25015700
bases in batch (core allotment reached) 11473337
bases in batch (batch size exceeded) 25000363
bases in batch (batch size exceeded) 25002958
bases in batch (batch size exceeded) 25001969
bases in batch (core allotment reached) 11504625
bases in batch (batch size exceeded) 25030666
bases in batch (batch size exceeded) 25085501
bases in batch (batch size exceeded) 25001957
bases in batch (core allotment reached) 11420547
bases in batch (batch size exceeded) 25011444
bases in batch (batch size exceeded) 25013431
bases in batch (batch size exceeded) 25001643
bases in batch (core allotment reached) 11484695
bases in batch (batch size exceeded) 25008794
bases in batch (batch size exceeded) 25017128
bases in batch (batch size exceeded) 25042920
bases in batch (core allotment reached) 11439710
bases in batch (batch size exceeded) 25001511
bases in batch (batch size exceeded) 25004500
bases in batch (batch size exceeded) 25047372
bases in batch (core allotment reached) 11461767
bases in batch (batch size exceeded) 25000863
bases in batch (batch size exceeded) 25022087
bases in batch (batch size exceeded) 25010401
bases in batch (core allotment reached) 11501974
bases in batch (batch size exceeded) 25047007
bases in batch (batch size exceeded) 25000174
bases in batch (batch size exceeded) 25012402
bases in batch (core allotment reached) 11465319
bases in batch (batch size exceeded) 25004216
bases in batch (batch size exceeded) 25015019
bases in batch (batch size exceeded) 25007261
bases in batch (core allotment reached) 11490515
bases in batch (batch size exceeded) 25005587
bases in batch (batch size exceeded) 25009393
bases in batch (batch size exceeded) 25008246
bases in batch (core allotment reached) 11528152
bases in batch (batch size exceeded) 25000739
bases in batch (batch size exceeded) 25017581
bases in batch (batch size exceeded) 25010996
bases in batch (core allotment reached) 11486319
bases in batch (batch size exceeded) 25018210
bases in batch (batch size exceeded) 25003536
bases in batch (batch size exceeded) 25001435
bases in batch (last for core) 10946292
Starting up parallel processes, tasklist took 14.512726783752441
Starting merge, parallel processing took 181.5704414844513
bigwig
Merge took 493.07654666900635

