chr7:0-160567423
ctcf_deep_chr7
bases in batch (batch size exceeded) 25022137
bases in batch (batch size exceeded) 25011171
bases in batch (batch size exceeded) 25011134
bases in batch (batch size exceeded) 25019450
bases in batch (core allotment reached) 22713660
bases in batch (batch size exceeded) 25002573
bases in batch (batch size exceeded) 25000584
bases in batch (batch size exceeded) 25003581
bases in batch (batch size exceeded) 25022186
bases in batch (core allotment reached) 22747077
bases in batch (batch size exceeded) 25011318
bases in batch (batch size exceeded) 25012515
bases in batch (batch size exceeded) 25054313
bases in batch (batch size exceeded) 25002038
bases in batch (core allotment reached) 22686450
bases in batch (batch size exceeded) 25027663
bases in batch (batch size exceeded) 25004381
bases in batch (batch size exceeded) 25013383
bases in batch (batch size exceeded) 25004149
bases in batch (core allotment reached) 22718558
bases in batch (batch size exceeded) 25002745
bases in batch (batch size exceeded) 25004470
bases in batch (batch size exceeded) 25062194
bases in batch (batch size exceeded) 25022473
bases in batch (core allotment reached) 22716859
bases in batch (batch size exceeded) 25006950
bases in batch (batch size exceeded) 25002500
bases in batch (batch size exceeded) 25005653
bases in batch (batch size exceeded) 25028712
bases in batch (core allotment reached) 22734663
bases in batch (batch size exceeded) 25025520
bases in batch (batch size exceeded) 25004290
bases in batch (batch size exceeded) 25079259
bases in batch (batch size exceeded) 25004017
bases in batch (core allotment reached) 22668992
bases in batch (batch size exceeded) 25015473
bases in batch (batch size exceeded) 25006541
bases in batch (batch size exceeded) 25012615
bases in batch (batch size exceeded) 25003333
bases in batch (core allotment reached) 22729066
bases in batch (batch size exceeded) 25004431
bases in batch (batch size exceeded) 25025048
bases in batch (batch size exceeded) 25000616
bases in batch (batch size exceeded) 25010516
bases in batch (core allotment reached) 22739824
bases in batch (batch size exceeded) 25000245
bases in batch (batch size exceeded) 25003655
bases in batch (batch size exceeded) 25001222
bases in batch (batch size exceeded) 25029270
bases in batch (core allotment reached) 22737610
bases in batch (batch size exceeded) 25007606
bases in batch (batch size exceeded) 25000274
bases in batch (batch size exceeded) 25026048
bases in batch (batch size exceeded) 25184939
bases in batch (core allotment reached) 22555962
bases in batch (batch size exceeded) 25024399
bases in batch (batch size exceeded) 25008424
bases in batch (batch size exceeded) 25012528
bases in batch (batch size exceeded) 25000670
bases in batch (core allotment reached) 22739003
bases in batch (batch size exceeded) 25005349
bases in batch (batch size exceeded) 25003763
bases in batch (batch size exceeded) 25000744
bases in batch (batch size exceeded) 25008272
bases in batch (core allotment reached) 22748058
bases in batch (batch size exceeded) 25000644
bases in batch (batch size exceeded) 25003577
bases in batch (batch size exceeded) 25037870
bases in batch (batch size exceeded) 25000733
bases in batch (core allotment reached) 22723147
bases in batch (batch size exceeded) 25019679
bases in batch (batch size exceeded) 25024528
bases in batch (batch size exceeded) 25005301
bases in batch (batch size exceeded) 25020021
bases in batch (core allotment reached) 22697840
bases in batch (batch size exceeded) 25036727
bases in batch (batch size exceeded) 25033242
bases in batch (batch size exceeded) 25020177
bases in batch (batch size exceeded) 25000041
bases in batch (core allotment reached) 22690515
bases in batch (batch size exceeded) 25015219
bases in batch (batch size exceeded) 25000968
bases in batch (batch size exceeded) 25021551
bases in batch (batch size exceeded) 25004211
bases in batch (core allotment reached) 22731901
bases in batch (batch size exceeded) 25018159
bases in batch (batch size exceeded) 25039122
bases in batch (batch size exceeded) 25008058
bases in batch (batch size exceeded) 25000114
bases in batch (core allotment reached) 22715348
bases in batch (batch size exceeded) 25004237
bases in batch (batch size exceeded) 25021335
bases in batch (batch size exceeded) 25009075
bases in batch (batch size exceeded) 25001351
bases in batch (core allotment reached) 22739612
bases in batch (batch size exceeded) 25008859
bases in batch (batch size exceeded) 25003087
bases in batch (batch size exceeded) 25011739
bases in batch (batch size exceeded) 25004404
bases in batch (core allotment reached) 22745839
bases in batch (batch size exceeded) 25008188
bases in batch (batch size exceeded) 25005103
bases in batch (batch size exceeded) 25023790
bases in batch (batch size exceeded) 25011488
bases in batch (core allotment reached) 22785549
bases in batch (batch size exceeded) 25021545
bases in batch (batch size exceeded) 25061558
bases in batch (batch size exceeded) 25030276
bases in batch (batch size exceeded) 25004955
bases in batch (core allotment reached) 22655386
bases in batch (batch size exceeded) 25007986
bases in batch (batch size exceeded) 25006570
bases in batch (batch size exceeded) 25011578
bases in batch (batch size exceeded) 25001544
bases in batch (core allotment reached) 22740051
bases in batch (batch size exceeded) 25022656
bases in batch (batch size exceeded) 25132493
bases in batch (batch size exceeded) 25041525
bases in batch (batch size exceeded) 25008753
bases in batch (core allotment reached) 22575123
bases in batch (batch size exceeded) 25001727
bases in batch (batch size exceeded) 25013276
bases in batch (batch size exceeded) 25047601
bases in batch (batch size exceeded) 25008395
bases in batch (core allotment reached) 22719008
bases in batch (batch size exceeded) 25001711
bases in batch (batch size exceeded) 25067590
bases in batch (batch size exceeded) 25003184
bases in batch (batch size exceeded) 25008425
bases in batch (core allotment reached) 22751714
bases in batch (batch size exceeded) 25022309
bases in batch (batch size exceeded) 25002688
bases in batch (batch size exceeded) 25020327
bases in batch (batch size exceeded) 25028115
bases in batch (core allotment reached) 22694025
bases in batch (batch size exceeded) 25014295
bases in batch (batch size exceeded) 25013114
bases in batch (batch size exceeded) 25015730
bases in batch (batch size exceeded) 25020791
bases in batch (core allotment reached) 22708705
bases in batch (batch size exceeded) 25010971
bases in batch (batch size exceeded) 25000739
bases in batch (batch size exceeded) 25003211
bases in batch (batch size exceeded) 25001385
bases in batch (core allotment reached) 22793014
bases in batch (batch size exceeded) 25002718
bases in batch (batch size exceeded) 25010339
bases in batch (batch size exceeded) 25013287
bases in batch (batch size exceeded) 25011222
bases in batch (core allotment reached) 22728136
bases in batch (batch size exceeded) 25000639
bases in batch (batch size exceeded) 25003819
bases in batch (batch size exceeded) 25004319
bases in batch (batch size exceeded) 25054856
bases in batch (core allotment reached) 22741490
bases in batch (batch size exceeded) 25043300
bases in batch (batch size exceeded) 25000649
bases in batch (batch size exceeded) 25078565
bases in batch (batch size exceeded) 25009410
bases in batch (last for core) 22142992
Starting up parallel processes, tasklist took 26.343541860580444
Starting merge, parallel processing took 232.09280228614807
bigwig
Merge took 780.124294757843

