chr22:0-51353906
ctcf_deep_chr22
bases in batch (core allotment reached) 37144912
bases in batch (core allotment reached) 37148630
bases in batch (core allotment reached) 37156435
bases in batch (core allotment reached) 37144302
bases in batch (core allotment reached) 37145212
bases in batch (core allotment reached) 37173060
bases in batch (core allotment reached) 37143443
bases in batch (core allotment reached) 37146504
bases in batch (core allotment reached) 37144810
bases in batch (core allotment reached) 37361767
bases in batch (core allotment reached) 37148415
bases in batch (core allotment reached) 37141153
bases in batch (core allotment reached) 37142183
bases in batch (core allotment reached) 37160769
bases in batch (core allotment reached) 37146484
bases in batch (core allotment reached) 37153878
bases in batch (core allotment reached) 37145167
bases in batch (core allotment reached) 37147910
bases in batch (core allotment reached) 37165147
bases in batch (core allotment reached) 37153442
bases in batch (core allotment reached) 37157456
bases in batch (core allotment reached) 37143820
bases in batch (core allotment reached) 37170658
bases in batch (core allotment reached) 37185654
bases in batch (core allotment reached) 37142926
bases in batch (core allotment reached) 37143045
bases in batch (core allotment reached) 37201631
bases in batch (core allotment reached) 37156414
bases in batch (core allotment reached) 37142577
bases in batch (core allotment reached) 37144974
bases in batch (core allotment reached) 37147481
bases in batch (last for core) 36543241
Starting up parallel processes, tasklist took 8.43661880493164
Starting merge, parallel processing took 77.49560451507568
bigwig
Merge took 248.54441237449646

