chr20:0-66210247
hia5_free_chr20
bases in batch (core allotment reached) 7537349
bases in batch (core allotment reached) 7507351
bases in batch (core allotment reached) 7523858
bases in batch (core allotment reached) 7509934
bases in batch (core allotment reached) 7533508
bases in batch (core allotment reached) 7525371
bases in batch (core allotment reached) 7507960
bases in batch (core allotment reached) 7523272
bases in batch (core allotment reached) 7511979
bases in batch (core allotment reached) 7524123
bases in batch (core allotment reached) 7509304
bases in batch (core allotment reached) 7510351
bases in batch (core allotment reached) 7510762
bases in batch (core allotment reached) 7519867
bases in batch (core allotment reached) 7507161
bases in batch (core allotment reached) 7511170
bases in batch (core allotment reached) 7508472
bases in batch (core allotment reached) 7509149
bases in batch (core allotment reached) 7543257
bases in batch (core allotment reached) 7528271
bases in batch (core allotment reached) 7514581
bases in batch (core allotment reached) 7555761
bases in batch (core allotment reached) 7511700
bases in batch (core allotment reached) 7518295
bases in batch (core allotment reached) 7529809
bases in batch (core allotment reached) 7509941
bases in batch (core allotment reached) 7522176
bases in batch (core allotment reached) 7508249
bases in batch (core allotment reached) 7506617
bases in batch (core allotment reached) 7508085
bases in batch (core allotment reached) 7520915
bases in batch (last for core) 7123563
Starting up parallel processes, tasklist took 1.0972135066986084
Starting merge, parallel processing took 29.03974676132202
bigwig
Merge took 315.97568106651306

