chr5:0-182045437
hia5_free_chr5
bases in batch (core allotment reached) 20020009
bases in batch (core allotment reached) 20076876
bases in batch (core allotment reached) 19999630
bases in batch (core allotment reached) 19991382
bases in batch (core allotment reached) 20000734
bases in batch (core allotment reached) 20018803
bases in batch (core allotment reached) 20021359
bases in batch (core allotment reached) 19992032
bases in batch (core allotment reached) 20030103
bases in batch (core allotment reached) 20040349
bases in batch (core allotment reached) 19992836
bases in batch (core allotment reached) 19992534
bases in batch (core allotment reached) 19991273
bases in batch (core allotment reached) 19996620
bases in batch (core allotment reached) 19990750
bases in batch (core allotment reached) 19990953
bases in batch (core allotment reached) 19991427
bases in batch (core allotment reached) 20005942
bases in batch (core allotment reached) 19991609
bases in batch (core allotment reached) 20077596
bases in batch (core allotment reached) 19995532
bases in batch (core allotment reached) 20003566
bases in batch (core allotment reached) 20025885
bases in batch (core allotment reached) 20074161
bases in batch (core allotment reached) 19992288
bases in batch (core allotment reached) 20005364
bases in batch (core allotment reached) 19998563
bases in batch (core allotment reached) 20007713
bases in batch (core allotment reached) 20044217
bases in batch (core allotment reached) 20003385
bases in batch (core allotment reached) 20015479
bases in batch (last for core) 19322561
Starting up parallel processes, tasklist took 2.8565480709075928
Starting merge, parallel processing took 69.76695728302002
bigwig
Merge took 867.8495888710022

