chr19:0-61707359
hia5_free_chr19
bases in batch (core allotment reached) 7115600
bases in batch (core allotment reached) 7116650
bases in batch (core allotment reached) 7101303
bases in batch (core allotment reached) 7123326
bases in batch (core allotment reached) 7102440
bases in batch (core allotment reached) 7108384
bases in batch (core allotment reached) 7120010
bases in batch (core allotment reached) 7148888
bases in batch (core allotment reached) 7120545
bases in batch (core allotment reached) 7101815
bases in batch (core allotment reached) 7098874
bases in batch (core allotment reached) 7102433
bases in batch (core allotment reached) 7105931
bases in batch (core allotment reached) 7110381
bases in batch (core allotment reached) 7105273
bases in batch (core allotment reached) 7120183
bases in batch (core allotment reached) 7131966
bases in batch (core allotment reached) 7103074
bases in batch (core allotment reached) 7099875
bases in batch (core allotment reached) 7110144
bases in batch (core allotment reached) 7107750
bases in batch (core allotment reached) 7115414
bases in batch (core allotment reached) 7099684
bases in batch (core allotment reached) 7097924
bases in batch (core allotment reached) 7106899
bases in batch (core allotment reached) 7101265
bases in batch (core allotment reached) 7099041
bases in batch (core allotment reached) 7115601
bases in batch (core allotment reached) 7100773
bases in batch (core allotment reached) 7101208
bases in batch (core allotment reached) 7098634
bases in batch (last for core) 6735667
Starting up parallel processes, tasklist took 1.2161705493927002
Starting merge, parallel processing took 41.64628195762634
bigwig
Merge took 297.4517045021057

