chr1:0-248387497
hia5_free_chr1
bases in batch (core allotment reached) 27922516
bases in batch (core allotment reached) 27932677
bases in batch (core allotment reached) 27978631
bases in batch (core allotment reached) 27957135
bases in batch (core allotment reached) 27931306
bases in batch (core allotment reached) 27924980
bases in batch (core allotment reached) 27926700
bases in batch (core allotment reached) 27968356
bases in batch (core allotment reached) 27928974
bases in batch (core allotment reached) 27924255
bases in batch (core allotment reached) 27923836
bases in batch (core allotment reached) 27953575
bases in batch (core allotment reached) 27947000
bases in batch (core allotment reached) 27924524
bases in batch (core allotment reached) 27937989
bases in batch (core allotment reached) 27941789
bases in batch (core allotment reached) 27947325
bases in batch (core allotment reached) 27932796
bases in batch (core allotment reached) 27933821
bases in batch (core allotment reached) 27924404
bases in batch (core allotment reached) 27946297
bases in batch (core allotment reached) 27931845
bases in batch (core allotment reached) 27932775
bases in batch (core allotment reached) 27925142
bases in batch (core allotment reached) 27924036
bases in batch (core allotment reached) 27934421
bases in batch (core allotment reached) 27922592
bases in batch (core allotment reached) 27926166
bases in batch (core allotment reached) 27951809
bases in batch (core allotment reached) 27926743
bases in batch (core allotment reached) 27924331
bases in batch (last for core) 27485361
Starting up parallel processes, tasklist took 4.105466365814209
Starting merge, parallel processing took 125.00901794433594
bigwig
Merge took 1183.7256665229797

