chr9:0-150617274
hia5_free_chr9
bases in batch (core allotment reached) 13730250
bases in batch (core allotment reached) 13726208
bases in batch (core allotment reached) 13732719
bases in batch (core allotment reached) 13747035
bases in batch (core allotment reached) 13726065
bases in batch (core allotment reached) 13747628
bases in batch (core allotment reached) 13733061
bases in batch (core allotment reached) 13735572
bases in batch (core allotment reached) 13731599
bases in batch (core allotment reached) 13742980
bases in batch (core allotment reached) 13749357
bases in batch (core allotment reached) 13775645
bases in batch (core allotment reached) 13758417
bases in batch (core allotment reached) 13744675
bases in batch (core allotment reached) 13746254
bases in batch (core allotment reached) 13736913
bases in batch (core allotment reached) 13728131
bases in batch (core allotment reached) 13725356
bases in batch (core allotment reached) 13737700
bases in batch (core allotment reached) 13747657
bases in batch (core allotment reached) 13738927
bases in batch (core allotment reached) 13726179
bases in batch (core allotment reached) 13728163
bases in batch (core allotment reached) 13725762
bases in batch (core allotment reached) 13734307
bases in batch (core allotment reached) 13730188
bases in batch (core allotment reached) 13758942
bases in batch (core allotment reached) 13788853
bases in batch (core allotment reached) 13725775
bases in batch (core allotment reached) 13758430
bases in batch (core allotment reached) 13737874
bases in batch (last for core) 13251000
Starting up parallel processes, tasklist took 2.226860761642456
Starting merge, parallel processing took 167.29715085029602
bigwig
Merge took 717.1096987724304

