chr10:0-134758122
hia5_free_chr10
bases in batch (core allotment reached) 15030054
bases in batch (core allotment reached) 15046031
bases in batch (core allotment reached) 15041132
bases in batch (core allotment reached) 15026924
bases in batch (core allotment reached) 15026640
bases in batch (core allotment reached) 15028567
bases in batch (core allotment reached) 15054715
bases in batch (core allotment reached) 15040687
bases in batch (core allotment reached) 15060183
bases in batch (core allotment reached) 15028309
bases in batch (core allotment reached) 15050995
bases in batch (core allotment reached) 15063644
bases in batch (core allotment reached) 15075304
bases in batch (core allotment reached) 15034126
bases in batch (core allotment reached) 15027298
bases in batch (core allotment reached) 15028972
bases in batch (core allotment reached) 15052142
bases in batch (core allotment reached) 15063949
bases in batch (core allotment reached) 15035803
bases in batch (core allotment reached) 15063488
bases in batch (core allotment reached) 15032280
bases in batch (core allotment reached) 15048942
bases in batch (core allotment reached) 15044941
bases in batch (core allotment reached) 15038761
bases in batch (core allotment reached) 15026877
bases in batch (core allotment reached) 15040594
bases in batch (core allotment reached) 15026671
bases in batch (core allotment reached) 15034917
bases in batch (core allotment reached) 15056983
bases in batch (core allotment reached) 15037173
bases in batch (core allotment reached) 15028933
bases in batch (last for core) 14550247
Starting up parallel processes, tasklist took 2.201179027557373
Starting merge, parallel processing took 54.02177023887634
bigwig
Merge took 642.7062759399414

