chr22:0-51353906
hia5_free_chr22
bases in batch (core allotment reached) 5394677
bases in batch (core allotment reached) 5432789
bases in batch (core allotment reached) 5410546
bases in batch (core allotment reached) 5381175
bases in batch (core allotment reached) 5385236
bases in batch (core allotment reached) 5380015
bases in batch (core allotment reached) 5384248
bases in batch (core allotment reached) 5387866
bases in batch (core allotment reached) 5382183
bases in batch (core allotment reached) 5394754
bases in batch (core allotment reached) 5383395
bases in batch (core allotment reached) 5388596
bases in batch (core allotment reached) 5387094
bases in batch (core allotment reached) 5384849
bases in batch (core allotment reached) 5385302
bases in batch (core allotment reached) 5410726
bases in batch (core allotment reached) 5404535
bases in batch (core allotment reached) 5387637
bases in batch (core allotment reached) 5392266
bases in batch (core allotment reached) 5399481
bases in batch (core allotment reached) 5378340
bases in batch (core allotment reached) 5377739
bases in batch (core allotment reached) 5384013
bases in batch (core allotment reached) 5393127
bases in batch (core allotment reached) 5389547
bases in batch (core allotment reached) 5390304
bases in batch (core allotment reached) 5382587
bases in batch (core allotment reached) 5398338
bases in batch (core allotment reached) 5378512
bases in batch (core allotment reached) 5429019
bases in batch (core allotment reached) 5384788
bases in batch (last for core) 4938730
Starting up parallel processes, tasklist took 0.8589341640472412
Starting merge, parallel processing took 37.79965114593506
bigwig
Merge took 246.82030034065247

