chr13:0-114240146
hia5_free_chr13
bases in batch (core allotment reached) 11441649
bases in batch (core allotment reached) 11405435
bases in batch (core allotment reached) 11415859
bases in batch (core allotment reached) 11416193
bases in batch (core allotment reached) 11449225
bases in batch (core allotment reached) 11432997
bases in batch (core allotment reached) 11418676
bases in batch (core allotment reached) 11440758
bases in batch (core allotment reached) 11406846
bases in batch (core allotment reached) 11428731
bases in batch (core allotment reached) 11417428
bases in batch (core allotment reached) 11413648
bases in batch (core allotment reached) 11417616
bases in batch (core allotment reached) 11404955
bases in batch (core allotment reached) 11406016
bases in batch (core allotment reached) 11415447
bases in batch (core allotment reached) 11406583
bases in batch (core allotment reached) 11423946
bases in batch (core allotment reached) 11421394
bases in batch (core allotment reached) 11408035
bases in batch (core allotment reached) 11418830
bases in batch (core allotment reached) 11448216
bases in batch (core allotment reached) 11405707
bases in batch (core allotment reached) 11404894
bases in batch (core allotment reached) 11420313
bases in batch (core allotment reached) 11404881
bases in batch (core allotment reached) 11407519
bases in batch (core allotment reached) 11412809
bases in batch (core allotment reached) 11406222
bases in batch (core allotment reached) 11420313
bases in batch (core allotment reached) 11412758
bases in batch (last for core) 11001279
Starting up parallel processes, tasklist took 1.7546513080596924
Starting merge, parallel processing took 69.69688630104065
bigwig
Merge took 545.3101258277893

