chr17:0-84277185
hia5_free_chr17
bases in batch (core allotment reached) 9461514
bases in batch (core allotment reached) 9454402
bases in batch (core allotment reached) 9464409
bases in batch (core allotment reached) 9468917
bases in batch (core allotment reached) 9462779
bases in batch (core allotment reached) 9459352
bases in batch (core allotment reached) 9467227
bases in batch (core allotment reached) 9468889
bases in batch (core allotment reached) 9469842
bases in batch (core allotment reached) 9463077
bases in batch (core allotment reached) 9458539
bases in batch (core allotment reached) 9459889
bases in batch (core allotment reached) 9454258
bases in batch (core allotment reached) 9455866
bases in batch (core allotment reached) 9486081
bases in batch (core allotment reached) 9454701
bases in batch (core allotment reached) 9457374
bases in batch (core allotment reached) 9461591
bases in batch (core allotment reached) 9478986
bases in batch (core allotment reached) 9482582
bases in batch (core allotment reached) 9472112
bases in batch (core allotment reached) 9482580
bases in batch (core allotment reached) 9491647
bases in batch (core allotment reached) 9461542
bases in batch (core allotment reached) 9454971
bases in batch (core allotment reached) 9506013
bases in batch (core allotment reached) 9464920
bases in batch (core allotment reached) 9465169
bases in batch (core allotment reached) 9466954
bases in batch (core allotment reached) 9455609
bases in batch (core allotment reached) 9470283
bases in batch (last for core) 9038695
Starting up parallel processes, tasklist took 1.5414693355560303
Starting merge, parallel processing took 55.791420698165894
bigwig
Merge took 406.4794726371765

