chrX:0-154259625
hia5_free_chrX
bases in batch (core allotment reached) 16178230
bases in batch (core allotment reached) 16189820
bases in batch (core allotment reached) 16197055
bases in batch (core allotment reached) 16194849
bases in batch (core allotment reached) 16175846
bases in batch (core allotment reached) 16181239
bases in batch (core allotment reached) 16176168
bases in batch (core allotment reached) 16179767
bases in batch (core allotment reached) 16198174
bases in batch (core allotment reached) 16178162
bases in batch (core allotment reached) 16181257
bases in batch (core allotment reached) 16179590
bases in batch (core allotment reached) 16219326
bases in batch (core allotment reached) 16176501
bases in batch (core allotment reached) 16177921
bases in batch (core allotment reached) 16175015
bases in batch (core allotment reached) 16226534
bases in batch (core allotment reached) 16194329
bases in batch (core allotment reached) 16205297
bases in batch (core allotment reached) 16178300
bases in batch (core allotment reached) 16193569
bases in batch (core allotment reached) 16175791
bases in batch (core allotment reached) 16192831
bases in batch (core allotment reached) 16177079
bases in batch (core allotment reached) 16178025
bases in batch (core allotment reached) 16181371
bases in batch (core allotment reached) 16192020
bases in batch (core allotment reached) 16178746
bases in batch (core allotment reached) 16174029
bases in batch (core allotment reached) 16197413
bases in batch (core allotment reached) 16176812
bases in batch (last for core) 15734128
Starting up parallel processes, tasklist took 2.553591012954712
Starting merge, parallel processing took 57.00257468223572
bigwig
Merge took 740.2508628368378

