chr11:0-135127772
hia5_free_chr11
bases in batch (core allotment reached) 15494221
bases in batch (core allotment reached) 15525438
bases in batch (core allotment reached) 15489956
bases in batch (core allotment reached) 15490743
bases in batch (core allotment reached) 15497023
bases in batch (core allotment reached) 15510525
bases in batch (core allotment reached) 15490107
bases in batch (core allotment reached) 15489750
bases in batch (core allotment reached) 15504327
bases in batch (core allotment reached) 15491213
bases in batch (core allotment reached) 15501243
bases in batch (core allotment reached) 15494118
bases in batch (core allotment reached) 15503649
bases in batch (core allotment reached) 15503021
bases in batch (core allotment reached) 15494283
bases in batch (core allotment reached) 15507796
bases in batch (core allotment reached) 15529865
bases in batch (core allotment reached) 15553488
bases in batch (core allotment reached) 15498600
bases in batch (core allotment reached) 15492513
bases in batch (core allotment reached) 15504143
bases in batch (core allotment reached) 15498499
bases in batch (core allotment reached) 15526721
bases in batch (core allotment reached) 15530808
bases in batch (core allotment reached) 15505013
bases in batch (core allotment reached) 15520563
bases in batch (core allotment reached) 15509146
bases in batch (core allotment reached) 15563687
bases in batch (core allotment reached) 15491197
bases in batch (core allotment reached) 15494352
bases in batch (core allotment reached) 15490404
bases in batch (last for core) 14973579
Starting up parallel processes, tasklist took 2.3502426147460938
Starting merge, parallel processing took 54.61610150337219
bigwig
Merge took 645.5950331687927

