chr18:0-80542536
hia5_free_chr18
bases in batch (core allotment reached) 8541288
bases in batch (core allotment reached) 8528872
bases in batch (core allotment reached) 8549066
bases in batch (core allotment reached) 8524057
bases in batch (core allotment reached) 8531936
bases in batch (core allotment reached) 8529277
bases in batch (core allotment reached) 8526253
bases in batch (core allotment reached) 8557849
bases in batch (core allotment reached) 8540247
bases in batch (core allotment reached) 8534406
bases in batch (core allotment reached) 8522179
bases in batch (core allotment reached) 8546783
bases in batch (core allotment reached) 8559280
bases in batch (core allotment reached) 8527913
bases in batch (core allotment reached) 8527230
bases in batch (core allotment reached) 8552754
bases in batch (core allotment reached) 8526219
bases in batch (core allotment reached) 8526887
bases in batch (core allotment reached) 8534008
bases in batch (core allotment reached) 8531703
bases in batch (core allotment reached) 8530827
bases in batch (core allotment reached) 8523066
bases in batch (core allotment reached) 8528258
bases in batch (core allotment reached) 8530842
bases in batch (core allotment reached) 8533216
bases in batch (core allotment reached) 8534267
bases in batch (core allotment reached) 8526975
bases in batch (core allotment reached) 8533794
bases in batch (core allotment reached) 8528850
bases in batch (core allotment reached) 8563567
bases in batch (core allotment reached) 8532438
bases in batch (last for core) 8124653
Starting up parallel processes, tasklist took 1.321753740310669
Starting merge, parallel processing took 52.52248525619507
bigwig
Merge took 386.7931160926819

