chr4:0-193575430
hia5_free_chr4
bases in batch (core allotment reached) 20085739
bases in batch (core allotment reached) 20067122
bases in batch (core allotment reached) 20075748
bases in batch (core allotment reached) 20052468
bases in batch (core allotment reached) 20056486
bases in batch (core allotment reached) 20094000
bases in batch (core allotment reached) 20113808
bases in batch (core allotment reached) 20055168
bases in batch (core allotment reached) 20058490
bases in batch (core allotment reached) 20058633
bases in batch (core allotment reached) 20084102
bases in batch (core allotment reached) 20060466
bases in batch (core allotment reached) 20088975
bases in batch (core allotment reached) 20055268
bases in batch (core allotment reached) 20055141
bases in batch (core allotment reached) 20097672
bases in batch (core allotment reached) 20057813
bases in batch (core allotment reached) 20054421
bases in batch (core allotment reached) 20060599
bases in batch (core allotment reached) 20056078
bases in batch (core allotment reached) 20056676
bases in batch (core allotment reached) 20054219
bases in batch (core allotment reached) 20066403
bases in batch (core allotment reached) 20070085
bases in batch (core allotment reached) 20059413
bases in batch (core allotment reached) 20053337
bases in batch (core allotment reached) 20068078
bases in batch (core allotment reached) 20062229
bases in batch (core allotment reached) 20101566
bases in batch (core allotment reached) 20053651
bases in batch (core allotment reached) 20060681
bases in batch (last for core) 19574536
Starting up parallel processes, tasklist took 3.074859380722046
Starting merge, parallel processing took 81.74592065811157
bigwig
Merge took 924.7103798389435

