chr14:0-101219177
hia5_free_chr14
bases in batch (core allotment reached) 11087491
bases in batch (core allotment reached) 11085682
bases in batch (core allotment reached) 11083395
bases in batch (core allotment reached) 11110363
bases in batch (core allotment reached) 11092032
bases in batch (core allotment reached) 11099522
bases in batch (core allotment reached) 11083838
bases in batch (core allotment reached) 11104491
bases in batch (core allotment reached) 11096017
bases in batch (core allotment reached) 11086591
bases in batch (core allotment reached) 11092725
bases in batch (core allotment reached) 11083145
bases in batch (core allotment reached) 11086881
bases in batch (core allotment reached) 11101192
bases in batch (core allotment reached) 11089681
bases in batch (core allotment reached) 11098002
bases in batch (core allotment reached) 11084334
bases in batch (core allotment reached) 11080979
bases in batch (core allotment reached) 11096246
bases in batch (core allotment reached) 11112480
bases in batch (core allotment reached) 11091530
bases in batch (core allotment reached) 11081337
bases in batch (core allotment reached) 11096739
bases in batch (core allotment reached) 11082706
bases in batch (core allotment reached) 11086250
bases in batch (core allotment reached) 11084393
bases in batch (core allotment reached) 11087408
bases in batch (core allotment reached) 11105743
bases in batch (core allotment reached) 11095249
bases in batch (core allotment reached) 11122019
bases in batch (core allotment reached) 11086018
bases in batch (last for core) 10715649
Starting up parallel processes, tasklist took 1.7479534149169922
Starting merge, parallel processing took 45.42859983444214
bigwig
Merge took 487.5630512237549

