chr12:0-133324781
hia5_free_chr12
bases in batch (core allotment reached) 14816602
bases in batch (core allotment reached) 14811261
bases in batch (core allotment reached) 14805595
bases in batch (core allotment reached) 14813391
bases in batch (core allotment reached) 14846027
bases in batch (core allotment reached) 14816464
bases in batch (core allotment reached) 14811759
bases in batch (core allotment reached) 14850740
bases in batch (core allotment reached) 14810876
bases in batch (core allotment reached) 14811796
bases in batch (core allotment reached) 14820031
bases in batch (core allotment reached) 14833689
bases in batch (core allotment reached) 14843688
bases in batch (core allotment reached) 14828363
bases in batch (core allotment reached) 14806660
bases in batch (core allotment reached) 14805362
bases in batch (core allotment reached) 14810449
bases in batch (core allotment reached) 14814246
bases in batch (core allotment reached) 14815452
bases in batch (core allotment reached) 14837917
bases in batch (core allotment reached) 14813936
bases in batch (core allotment reached) 14816926
bases in batch (core allotment reached) 14819464
bases in batch (core allotment reached) 14806631
bases in batch (core allotment reached) 14817758
bases in batch (core allotment reached) 14810940
bases in batch (core allotment reached) 14805438
bases in batch (core allotment reached) 14808885
bases in batch (core allotment reached) 14826110
bases in batch (core allotment reached) 14810746
bases in batch (core allotment reached) 14817933
bases in batch (last for core) 14401313
Starting up parallel processes, tasklist took 2.207456111907959
Starting merge, parallel processing took 51.597046852111816
bigwig
Merge took 638.6513025760651

