chr16:0-96330493
hia5_free_chr16
bases in batch (core allotment reached) 10126424
bases in batch (core allotment reached) 10129608
bases in batch (core allotment reached) 10142403
bases in batch (core allotment reached) 10133654
bases in batch (core allotment reached) 10133664
bases in batch (core allotment reached) 10125712
bases in batch (core allotment reached) 10142632
bases in batch (core allotment reached) 10151051
bases in batch (core allotment reached) 10140509
bases in batch (core allotment reached) 10134781
bases in batch (core allotment reached) 10195877
bases in batch (core allotment reached) 10127498
bases in batch (core allotment reached) 10126335
bases in batch (core allotment reached) 10126830
bases in batch (core allotment reached) 10130721
bases in batch (core allotment reached) 10125904
bases in batch (core allotment reached) 10148258
bases in batch (core allotment reached) 10127809
bases in batch (core allotment reached) 10132937
bases in batch (core allotment reached) 10143072
bases in batch (core allotment reached) 10180760
bases in batch (core allotment reached) 10137915
bases in batch (core allotment reached) 10126534
bases in batch (core allotment reached) 10154118
bases in batch (core allotment reached) 10127493
bases in batch (core allotment reached) 10141701
bases in batch (core allotment reached) 10126486
bases in batch (core allotment reached) 10134172
bases in batch (core allotment reached) 10136253
bases in batch (core allotment reached) 10132835
bases in batch (core allotment reached) 10127406
bases in batch (last for core) 9747179
Starting up parallel processes, tasklist took 1.620349645614624
Starting merge, parallel processing took 52.85662245750427
bigwig
Merge took 462.3939514160156

