chr7:0-160567423
hia5_free_chr7
bases in batch (core allotment reached) 17557397
bases in batch (core allotment reached) 17513339
bases in batch (core allotment reached) 17518405
bases in batch (core allotment reached) 17536377
bases in batch (core allotment reached) 17530143
bases in batch (core allotment reached) 17515336
bases in batch (core allotment reached) 17511926
bases in batch (core allotment reached) 17516203
bases in batch (core allotment reached) 17514905
bases in batch (core allotment reached) 17514691
bases in batch (core allotment reached) 17533211
bases in batch (core allotment reached) 17523807
bases in batch (core allotment reached) 17521265
bases in batch (core allotment reached) 17526831
bases in batch (core allotment reached) 17538042
bases in batch (core allotment reached) 17518851
bases in batch (core allotment reached) 17515089
bases in batch (core allotment reached) 17523248
bases in batch (core allotment reached) 17566709
bases in batch (core allotment reached) 17512490
bases in batch (core allotment reached) 17513111
bases in batch (core allotment reached) 17525904
bases in batch (core allotment reached) 17519209
bases in batch (core allotment reached) 17514851
bases in batch (core allotment reached) 17515862
bases in batch (core allotment reached) 17522259
bases in batch (core allotment reached) 17515003
bases in batch (core allotment reached) 17512223
bases in batch (core allotment reached) 17512592
bases in batch (core allotment reached) 17543853
bases in batch (core allotment reached) 17528684
bases in batch (last for core) 17149185
Starting up parallel processes, tasklist took 2.7630274295806885
Starting merge, parallel processing took 62.427878618240356
bigwig
Merge took 767.7151839733124

