chr15:0-100338308
hia5_free_chr15
bases in batch (core allotment reached) 12373167
bases in batch (core allotment reached) 12392009
bases in batch (core allotment reached) 12364059
bases in batch (core allotment reached) 12366481
bases in batch (core allotment reached) 12363929
bases in batch (core allotment reached) 12365544
bases in batch (core allotment reached) 12365368
bases in batch (core allotment reached) 12363158
bases in batch (core allotment reached) 12364864
bases in batch (core allotment reached) 12373451
bases in batch (core allotment reached) 12379359
bases in batch (core allotment reached) 12363891
bases in batch (core allotment reached) 12402571
bases in batch (core allotment reached) 12369914
bases in batch (core allotment reached) 12370428
bases in batch (core allotment reached) 12375366
bases in batch (core allotment reached) 12365365
bases in batch (core allotment reached) 12368781
bases in batch (core allotment reached) 12400968
bases in batch (core allotment reached) 12366746
bases in batch (core allotment reached) 12376565
bases in batch (core allotment reached) 12371573
bases in batch (core allotment reached) 12363377
bases in batch (core allotment reached) 12368451
bases in batch (core allotment reached) 12364697
bases in batch (core allotment reached) 12371374
bases in batch (core allotment reached) 12367571
bases in batch (core allotment reached) 12370010
bases in batch (core allotment reached) 12368728
bases in batch (core allotment reached) 12364390
bases in batch (core allotment reached) 12374985
bases in batch (last for core) 12097623
Starting up parallel processes, tasklist took 1.8343498706817627
Starting merge, parallel processing took 68.20135641098022
bigwig
Merge took 482.1116259098053

