chr6:0-172126870
hia5_free_chr6
bases in batch (core allotment reached) 18620678
bases in batch (core allotment reached) 18623320
bases in batch (core allotment reached) 18675533
bases in batch (core allotment reached) 18621441
bases in batch (core allotment reached) 18623478
bases in batch (core allotment reached) 18627728
bases in batch (core allotment reached) 18631147
bases in batch (core allotment reached) 18633875
bases in batch (core allotment reached) 18633253
bases in batch (core allotment reached) 18620026
bases in batch (core allotment reached) 18646680
bases in batch (core allotment reached) 18632245
bases in batch (core allotment reached) 18621157
bases in batch (core allotment reached) 18620520
bases in batch (core allotment reached) 18631272
bases in batch (core allotment reached) 18622290
bases in batch (core allotment reached) 18620611
bases in batch (core allotment reached) 18623058
bases in batch (core allotment reached) 18626735
bases in batch (core allotment reached) 18630172
bases in batch (core allotment reached) 18651795
bases in batch (core allotment reached) 18623074
bases in batch (core allotment reached) 18638488
bases in batch (core allotment reached) 18647437
bases in batch (core allotment reached) 18646726
bases in batch (core allotment reached) 18637796
bases in batch (core allotment reached) 18626905
bases in batch (core allotment reached) 18646611
bases in batch (core allotment reached) 18643216
bases in batch (core allotment reached) 18633673
bases in batch (core allotment reached) 18620481
bases in batch (last for core) 18237323
Starting up parallel processes, tasklist took 2.905107021331787
Starting merge, parallel processing took 66.76085329055786
bigwig
Merge took 824.7628209590912

