chr8:0-146259322
hia5_free_chr8
bases in batch (core allotment reached) 15717488
bases in batch (core allotment reached) 15750072
bases in batch (core allotment reached) 15713584
bases in batch (core allotment reached) 15713603
bases in batch (core allotment reached) 15712990
bases in batch (core allotment reached) 15720471
bases in batch (core allotment reached) 15711808
bases in batch (core allotment reached) 15724465
bases in batch (core allotment reached) 15712361
bases in batch (core allotment reached) 15714765
bases in batch (core allotment reached) 15731933
bases in batch (core allotment reached) 15728446
bases in batch (core allotment reached) 15714561
bases in batch (core allotment reached) 15749490
bases in batch (core allotment reached) 15715036
bases in batch (core allotment reached) 15714037
bases in batch (core allotment reached) 15728745
bases in batch (core allotment reached) 15711644
bases in batch (core allotment reached) 15732540
bases in batch (core allotment reached) 15712994
bases in batch (core allotment reached) 15749706
bases in batch (core allotment reached) 15725192
bases in batch (core allotment reached) 15711108
bases in batch (core allotment reached) 15712615
bases in batch (core allotment reached) 15712267
bases in batch (core allotment reached) 15719021
bases in batch (core allotment reached) 15733905
bases in batch (core allotment reached) 15713225
bases in batch (core allotment reached) 15711334
bases in batch (core allotment reached) 15714071
bases in batch (core allotment reached) 15717229
bases in batch (last for core) 15383664
Starting up parallel processes, tasklist took 2.536984443664551
Starting merge, parallel processing took 54.9189567565918
bigwig
Merge took 695.940099477768

