chr21:0-45827691
hia5_free_chr21
bases in batch (core allotment reached) 5022280
bases in batch (core allotment reached) 5026394
bases in batch (core allotment reached) 5031781
bases in batch (core allotment reached) 5022836
bases in batch (core allotment reached) 5022245
bases in batch (core allotment reached) 5022113
bases in batch (core allotment reached) 5042911
bases in batch (core allotment reached) 5069248
bases in batch (core allotment reached) 5050245
bases in batch (core allotment reached) 5034271
bases in batch (core allotment reached) 5029059
bases in batch (core allotment reached) 5031083
bases in batch (core allotment reached) 5023709
bases in batch (core allotment reached) 5025592
bases in batch (core allotment reached) 5033329
bases in batch (core allotment reached) 5063337
bases in batch (core allotment reached) 5024656
bases in batch (core allotment reached) 5031812
bases in batch (core allotment reached) 5024563
bases in batch (core allotment reached) 5023390
bases in batch (core allotment reached) 5036478
bases in batch (core allotment reached) 5025488
bases in batch (core allotment reached) 5045287
bases in batch (core allotment reached) 5024339
bases in batch (core allotment reached) 5034948
bases in batch (core allotment reached) 5036408
bases in batch (core allotment reached) 5041685
bases in batch (core allotment reached) 5039386
bases in batch (core allotment reached) 5030441
bases in batch (core allotment reached) 5041864
bases in batch (core allotment reached) 5024005
bases in batch (last for core) 4664732
Starting up parallel processes, tasklist took 0.9678432941436768
Starting merge, parallel processing took 26.291863441467285
bigwig
Merge took 219.46401071548462

