chr3:0-201106605
hia5_free_chr3
bases in batch (core allotment reached) 21692718
bases in batch (core allotment reached) 21737723
bases in batch (core allotment reached) 21716659
bases in batch (core allotment reached) 21705464
bases in batch (core allotment reached) 21714355
bases in batch (core allotment reached) 21721047
bases in batch (core allotment reached) 21696061
bases in batch (core allotment reached) 21724188
bases in batch (core allotment reached) 21710200
bases in batch (core allotment reached) 21727282
bases in batch (core allotment reached) 21698583
bases in batch (core allotment reached) 21694801
bases in batch (core allotment reached) 21699827
bases in batch (core allotment reached) 21709614
bases in batch (core allotment reached) 21695514
bases in batch (core allotment reached) 21695319
bases in batch (core allotment reached) 21706816
bases in batch (core allotment reached) 21702275
bases in batch (core allotment reached) 21696733
bases in batch (core allotment reached) 21717894
bases in batch (core allotment reached) 21711809
bases in batch (core allotment reached) 21711152
bases in batch (core allotment reached) 21695432
bases in batch (core allotment reached) 21713464
bases in batch (core allotment reached) 21703705
bases in batch (core allotment reached) 21733005
bases in batch (core allotment reached) 21705460
bases in batch (core allotment reached) 21703095
bases in batch (core allotment reached) 21700716
bases in batch (core allotment reached) 21702543
bases in batch (core allotment reached) 21692522
bases in batch (last for core) 21223886
Starting up parallel processes, tasklist took 3.168574094772339
Starting merge, parallel processing took 79.47207021713257
bigwig
Merge took 958.4418904781342

