chr2:0-242696747
hia5_free_chr2
bases in batch (core allotment reached) 26567226
bases in batch (core allotment reached) 26558874
bases in batch (core allotment reached) 26545136
bases in batch (core allotment reached) 26588725
bases in batch (core allotment reached) 26572726
bases in batch (core allotment reached) 26568883
bases in batch (core allotment reached) 26570197
bases in batch (core allotment reached) 26546234
bases in batch (core allotment reached) 26549274
bases in batch (core allotment reached) 26570223
bases in batch (core allotment reached) 26548372
bases in batch (core allotment reached) 26568844
bases in batch (core allotment reached) 26549042
bases in batch (core allotment reached) 26561990
bases in batch (core allotment reached) 26569112
bases in batch (core allotment reached) 26565398
bases in batch (core allotment reached) 26564251
bases in batch (core allotment reached) 26594866
bases in batch (core allotment reached) 26553895
bases in batch (core allotment reached) 26585512
bases in batch (core allotment reached) 26549366
bases in batch (core allotment reached) 26576763
bases in batch (core allotment reached) 26559471
bases in batch (core allotment reached) 26551339
bases in batch (core allotment reached) 26572591
bases in batch (core allotment reached) 26548026
bases in batch (core allotment reached) 26564811
bases in batch (core allotment reached) 26552193
bases in batch (core allotment reached) 26546328
bases in batch (core allotment reached) 26550656
bases in batch (core allotment reached) 26549502
bases in batch (last for core) 26006249
Starting up parallel processes, tasklist took 3.8521432876586914
Starting merge, parallel processing took 90.58487582206726
bigwig
Merge took 1159.0604538917542

