chr10:0-134758134
histone1_chr10
bases in batch (batch size exceeded) 25071301
bases in batch (batch size exceeded) 25013482
bases in batch (batch size exceeded) 25008655
bases in batch (batch size exceeded) 25006927
bases in batch (batch size exceeded) 25011521
bases in batch (batch size exceeded) 25015317
bases in batch (batch size exceeded) 25020208
Warning: end of allotment mismatch, batch 0 at chr10 start 4276649 end 4276648
bases in batch (core allotment reached) 0
bases in batch (batch size exceeded) 25008115
bases in batch (batch size exceeded) 25001139
bases in batch (batch size exceeded) 25022386
bases in batch (batch size exceeded) 25000280
bases in batch (batch size exceeded) 25073508
bases in batch (batch size exceeded) 25023020
bases in batch (batch size exceeded) 25027930
Warning: end of allotment mismatch, batch 0 at chr10 start 8649850 end 8649849
bases in batch (core allotment reached) 0
bases in batch (batch size exceeded) 25018109
bases in batch (batch size exceeded) 25001663
bases in batch (batch size exceeded) 25012524
bases in batch (batch size exceeded) 25015634
bases in batch (batch size exceeded) 25015099
bases in batch (batch size exceeded) 25019445
bases in batch (batch size exceeded) 25006272
bases in batch (core allotment reached) 86098
bases in batch (batch size exceeded) 25021010
bases in batch (batch size exceeded) 25000050
bases in batch (batch size exceeded) 25036360
bases in batch (batch size exceeded) 25004827
bases in batch (batch size exceeded) 25016196
bases in batch (batch size exceeded) 25029096
bases in batch (batch size exceeded) 25007844
bases in batch (core allotment reached) 18251
bases in batch (batch size exceeded) 25007557
bases in batch (batch size exceeded) 25007932
bases in batch (batch size exceeded) 25000810
bases in batch (batch size exceeded) 25027886
bases in batch (batch size exceeded) 25031960
bases in batch (batch size exceeded) 25008490
bases in batch (batch size exceeded) 25003940
bases in batch (core allotment reached) 62225
bases in batch (batch size exceeded) 25013375
bases in batch (batch size exceeded) 25018707
bases in batch (batch size exceeded) 25001496
bases in batch (batch size exceeded) 25018673
bases in batch (batch size exceeded) 25001582
bases in batch (batch size exceeded) 25004443
bases in batch (batch size exceeded) 25000358
bases in batch (core allotment reached) 74120
bases in batch (batch size exceeded) 25040027
bases in batch (batch size exceeded) 25008189
bases in batch (batch size exceeded) 25003841
bases in batch (batch size exceeded) 25017819
bases in batch (batch size exceeded) 25008217
bases in batch (batch size exceeded) 25006429
bases in batch (batch size exceeded) 25001068
bases in batch (core allotment reached) 64220
bases in batch (batch size exceeded) 25001730
bases in batch (batch size exceeded) 25007472
bases in batch (batch size exceeded) 25017391
bases in batch (batch size exceeded) 25025923
bases in batch (batch size exceeded) 25014497
bases in batch (batch size exceeded) 25027526
bases in batch (batch size exceeded) 25018883
bases in batch (core allotment reached) 32914
bases in batch (batch size exceeded) 25039831
bases in batch (batch size exceeded) 25000170
bases in batch (batch size exceeded) 25042095
bases in batch (batch size exceeded) 25011141
bases in batch (batch size exceeded) 25007054
bases in batch (batch size exceeded) 25002560
bases in batch (batch size exceeded) 25005791
bases in batch (core allotment reached) 20676
bases in batch (batch size exceeded) 25038806
bases in batch (batch size exceeded) 25010714
bases in batch (batch size exceeded) 25001847
bases in batch (batch size exceeded) 25009929
bases in batch (batch size exceeded) 25000036
bases in batch (batch size exceeded) 25005888
bases in batch (batch size exceeded) 25019977
bases in batch (core allotment reached) 43476
bases in batch (batch size exceeded) 25013160
bases in batch (batch size exceeded) 25008869
bases in batch (batch size exceeded) 25038004
bases in batch (batch size exceeded) 25001517
bases in batch (batch size exceeded) 25008161
bases in batch (batch size exceeded) 25000814
bases in batch (batch size exceeded) 25004910
bases in batch (core allotment reached) 65575
bases in batch (batch size exceeded) 25004097
bases in batch (batch size exceeded) 25004290
bases in batch (batch size exceeded) 25012166
bases in batch (batch size exceeded) 25001410
bases in batch (batch size exceeded) 25003857
bases in batch (batch size exceeded) 25004346
bases in batch (batch size exceeded) 25024372
bases in batch (core allotment reached) 76387
bases in batch (batch size exceeded) 25008371
bases in batch (batch size exceeded) 25013933
bases in batch (batch size exceeded) 25016836
bases in batch (batch size exceeded) 25005502
bases in batch (batch size exceeded) 25007161
bases in batch (batch size exceeded) 25001946
bases in batch (batch size exceeded) 25001555
bases in batch (core allotment reached) 77983
bases in batch (batch size exceeded) 25004396
bases in batch (batch size exceeded) 25000962
bases in batch (batch size exceeded) 25001628
bases in batch (batch size exceeded) 25011688
bases in batch (batch size exceeded) 25012490
bases in batch (batch size exceeded) 25044653
bases in batch (batch size exceeded) 25000101
bases in batch (core allotment reached) 58708
bases in batch (batch size exceeded) 25000865
bases in batch (batch size exceeded) 25004697
bases in batch (batch size exceeded) 25002849
bases in batch (batch size exceeded) 25011107
bases in batch (batch size exceeded) 25020035
bases in batch (batch size exceeded) 25007519
bases in batch (batch size exceeded) 25049736
bases in batch (core allotment reached) 51463
bases in batch (batch size exceeded) 25001822
bases in batch (batch size exceeded) 25050244
bases in batch (batch size exceeded) 25046918
bases in batch (batch size exceeded) 25000214
bases in batch (batch size exceeded) 25033959
bases in batch (batch size exceeded) 25027435
bases in batch (core allotment reached) 24971099
bases in batch (batch size exceeded) 25002805
bases in batch (batch size exceeded) 25001496
bases in batch (batch size exceeded) 25015725
bases in batch (batch size exceeded) 25023752
bases in batch (batch size exceeded) 25017644
bases in batch (batch size exceeded) 25000465
bases in batch (batch size exceeded) 25004504
bases in batch (core allotment reached) 84771
bases in batch (batch size exceeded) 25007433
bases in batch (batch size exceeded) 25000971
bases in batch (batch size exceeded) 25000776
bases in batch (batch size exceeded) 25049691
bases in batch (batch size exceeded) 25003631
bases in batch (batch size exceeded) 25019035
bases in batch (batch size exceeded) 25014699
bases in batch (core allotment reached) 36829
bases in batch (batch size exceeded) 25007126
bases in batch (batch size exceeded) 25015915
bases in batch (batch size exceeded) 25021368
bases in batch (batch size exceeded) 25003886
bases in batch (batch size exceeded) 25009047
bases in batch (batch size exceeded) 25002009
bases in batch (batch size exceeded) 25007683
bases in batch (core allotment reached) 86635
bases in batch (batch size exceeded) 25028699
bases in batch (batch size exceeded) 25002211
bases in batch (batch size exceeded) 25015244
bases in batch (batch size exceeded) 25001135
bases in batch (batch size exceeded) 25001705
bases in batch (batch size exceeded) 25016778
bases in batch (batch size exceeded) 25002723
bases in batch (core allotment reached) 63609
bases in batch (batch size exceeded) 25002081
bases in batch (batch size exceeded) 25034279
bases in batch (batch size exceeded) 25004545
bases in batch (batch size exceeded) 25008829
bases in batch (batch size exceeded) 25001636
bases in batch (batch size exceeded) 25007418
bases in batch (batch size exceeded) 25043470
bases in batch (core allotment reached) 41483
bases in batch (batch size exceeded) 25014598
bases in batch (batch size exceeded) 25002045
bases in batch (batch size exceeded) 25000374
bases in batch (batch size exceeded) 25027627
bases in batch (batch size exceeded) 25010061
bases in batch (batch size exceeded) 25019870
bases in batch (batch size exceeded) 25004761
bases in batch (core allotment reached) 71368
bases in batch (batch size exceeded) 25010399
bases in batch (batch size exceeded) 25008744
bases in batch (batch size exceeded) 25007513
bases in batch (batch size exceeded) 25005943
bases in batch (batch size exceeded) 25002288
bases in batch (batch size exceeded) 25032833
bases in batch (batch size exceeded) 25000106
bases in batch (core allotment reached) 73206
bases in batch (batch size exceeded) 25018381
bases in batch (batch size exceeded) 25015764
bases in batch (batch size exceeded) 25001482
bases in batch (batch size exceeded) 25000217
bases in batch (batch size exceeded) 25000096
bases in batch (batch size exceeded) 25031909
bases in batch (batch size exceeded) 25006781
bases in batch (core allotment reached) 55079
bases in batch (batch size exceeded) 25000353
bases in batch (batch size exceeded) 25005681
bases in batch (batch size exceeded) 25004893
bases in batch (batch size exceeded) 25014311
bases in batch (batch size exceeded) 25011587
bases in batch (batch size exceeded) 25005380
bases in batch (batch size exceeded) 25002569
bases in batch (core allotment reached) 125807
bases in batch (batch size exceeded) 25002922
bases in batch (batch size exceeded) 25013469
bases in batch (batch size exceeded) 25026626
bases in batch (batch size exceeded) 25057146
bases in batch (batch size exceeded) 25007631
bases in batch (batch size exceeded) 25022378
bases in batch (batch size exceeded) 25029449
Warning: end of allotment mismatch, batch 0 at chr10 start 108887015 end 108887014
bases in batch (core allotment reached) 0
bases in batch (batch size exceeded) 25002059
bases in batch (batch size exceeded) 25019502
bases in batch (batch size exceeded) 25015188
bases in batch (batch size exceeded) 25032696
bases in batch (batch size exceeded) 25018551
bases in batch (batch size exceeded) 25011290
bases in batch (batch size exceeded) 25014847
bases in batch (core allotment reached) 17638
bases in batch (batch size exceeded) 25005522
bases in batch (batch size exceeded) 25007372
bases in batch (batch size exceeded) 25002072
bases in batch (batch size exceeded) 25000380
bases in batch (batch size exceeded) 25015716
bases in batch (batch size exceeded) 25026756
bases in batch (batch size exceeded) 25009485
bases in batch (core allotment reached) 93208
bases in batch (batch size exceeded) 25049583
bases in batch (batch size exceeded) 25000374
bases in batch (batch size exceeded) 25013100
bases in batch (batch size exceeded) 25002256
bases in batch (batch size exceeded) 25048053
bases in batch (batch size exceeded) 25024259
bases in batch (core allotment reached) 24992022
bases in batch (batch size exceeded) 25016833
bases in batch (batch size exceeded) 25044270
bases in batch (batch size exceeded) 25007055
bases in batch (batch size exceeded) 25000816
bases in batch (batch size exceeded) 25001919
bases in batch (batch size exceeded) 25000158
bases in batch (batch size exceeded) 25016537
bases in batch (core allotment reached) 98838
bases in batch (batch size exceeded) 25002339
bases in batch (batch size exceeded) 25009115
bases in batch (batch size exceeded) 25007595
bases in batch (batch size exceeded) 25026402
bases in batch (batch size exceeded) 25007729
bases in batch (batch size exceeded) 25009344
bases in batch (batch size exceeded) 25096774
Warning: end of allotment mismatch, batch 0 at chr10 start 130328921 end 130328920
bases in batch (core allotment reached) 0
bases in batch (batch size exceeded) 25005864
bases in batch (batch size exceeded) 25001268
bases in batch (batch size exceeded) 25013683
bases in batch (batch size exceeded) 25006159
bases in batch (batch size exceeded) 25012344
bases in batch (batch size exceeded) 25008925
bases in batch (last for core) 24548530
Starting up parallel processes, tasklist took 25.7557475566864
Starting merge, parallel processing took 319.1503014564514
bigwig
Merge took 665.8752574920654

