chr6:0-172126628
histone3_chr6
bases in batch (batch size exceeded) 25002059
bases in batch (batch size exceeded) 25007574
bases in batch (batch size exceeded) 25003422
bases in batch (batch size exceeded) 25036287
bases in batch (batch size exceeded) 25002608
bases in batch (batch size exceeded) 25008805
bases in batch (batch size exceeded) 25010104
bases in batch (batch size exceeded) 25011922
bases in batch (core allotment reached) 19044218
bases in batch (batch size exceeded) 25043135
bases in batch (batch size exceeded) 25002423
bases in batch (batch size exceeded) 25045547
bases in batch (batch size exceeded) 25022459
bases in batch (batch size exceeded) 25002602
bases in batch (batch size exceeded) 25006683
bases in batch (batch size exceeded) 25007170
bases in batch (batch size exceeded) 25052155
bases in batch (core allotment reached) 18967351
bases in batch (batch size exceeded) 25001755
bases in batch (batch size exceeded) 25000914
bases in batch (batch size exceeded) 25005549
bases in batch (batch size exceeded) 25002327
bases in batch (batch size exceeded) 25002215
bases in batch (batch size exceeded) 25035197
bases in batch (batch size exceeded) 25010891
bases in batch (batch size exceeded) 25002041
bases in batch (core allotment reached) 19070495
bases in batch (batch size exceeded) 25020334
bases in batch (batch size exceeded) 25000950
bases in batch (batch size exceeded) 25001245
bases in batch (batch size exceeded) 25012217
bases in batch (batch size exceeded) 25026476
bases in batch (batch size exceeded) 25008664
bases in batch (batch size exceeded) 25006278
bases in batch (batch size exceeded) 25008201
bases in batch (core allotment reached) 19047790
bases in batch (batch size exceeded) 25010204
bases in batch (batch size exceeded) 25032517
bases in batch (batch size exceeded) 25017693
bases in batch (batch size exceeded) 25001264
bases in batch (batch size exceeded) 25002755
bases in batch (batch size exceeded) 25023968
bases in batch (batch size exceeded) 25016783
bases in batch (batch size exceeded) 25010055
bases in batch (core allotment reached) 19039808
bases in batch (batch size exceeded) 25008725
bases in batch (batch size exceeded) 25011429
bases in batch (batch size exceeded) 25012905
bases in batch (batch size exceeded) 25001073
bases in batch (batch size exceeded) 25011191
bases in batch (batch size exceeded) 25000173
bases in batch (batch size exceeded) 25008288
bases in batch (batch size exceeded) 25015470
bases in batch (core allotment reached) 19062138
bases in batch (batch size exceeded) 25004229
bases in batch (batch size exceeded) 25000540
bases in batch (batch size exceeded) 25000876
bases in batch (batch size exceeded) 25004812
bases in batch (batch size exceeded) 25001135
bases in batch (batch size exceeded) 25022988
bases in batch (batch size exceeded) 25003953
bases in batch (batch size exceeded) 25019610
bases in batch (core allotment reached) 19073018
bases in batch (batch size exceeded) 25005291
bases in batch (batch size exceeded) 25018593
bases in batch (batch size exceeded) 25000329
bases in batch (batch size exceeded) 25013262
bases in batch (batch size exceeded) 25023119
bases in batch (batch size exceeded) 25007005
bases in batch (batch size exceeded) 25003036
bases in batch (batch size exceeded) 25016061
bases in batch (core allotment reached) 19053926
bases in batch (batch size exceeded) 25003129
bases in batch (batch size exceeded) 25002176
bases in batch (batch size exceeded) 25003715
bases in batch (batch size exceeded) 25017425
bases in batch (batch size exceeded) 25002961
bases in batch (batch size exceeded) 25000034
bases in batch (batch size exceeded) 25000325
bases in batch (batch size exceeded) 25014592
bases in batch (core allotment reached) 19089249
bases in batch (batch size exceeded) 25000603
bases in batch (batch size exceeded) 25005261
bases in batch (batch size exceeded) 25000554
bases in batch (batch size exceeded) 25042415
bases in batch (batch size exceeded) 25001235
bases in batch (batch size exceeded) 25007936
bases in batch (batch size exceeded) 25011713
bases in batch (batch size exceeded) 25001357
bases in batch (core allotment reached) 19060984
bases in batch (batch size exceeded) 25009136
bases in batch (batch size exceeded) 25025136
bases in batch (batch size exceeded) 25005386
bases in batch (batch size exceeded) 25023961
bases in batch (batch size exceeded) 25014380
bases in batch (batch size exceeded) 25008311
bases in batch (batch size exceeded) 25001025
bases in batch (batch size exceeded) 25004320
bases in batch (core allotment reached) 19055281
bases in batch (batch size exceeded) 25021735
bases in batch (batch size exceeded) 25000262
bases in batch (batch size exceeded) 25005435
bases in batch (batch size exceeded) 25027441
bases in batch (batch size exceeded) 25019019
bases in batch (batch size exceeded) 25017160
bases in batch (batch size exceeded) 25000159
bases in batch (batch size exceeded) 25001166
bases in batch (core allotment reached) 19034298
bases in batch (batch size exceeded) 25065764
bases in batch (batch size exceeded) 25008032
bases in batch (batch size exceeded) 25002794
bases in batch (batch size exceeded) 25008507
bases in batch (batch size exceeded) 25016884
bases in batch (batch size exceeded) 25015615
bases in batch (batch size exceeded) 25011627
bases in batch (batch size exceeded) 25013206
bases in batch (core allotment reached) 19019682
bases in batch (batch size exceeded) 25000584
bases in batch (batch size exceeded) 25012657
bases in batch (batch size exceeded) 25000165
bases in batch (batch size exceeded) 25052204
bases in batch (batch size exceeded) 25005048
bases in batch (batch size exceeded) 25001441
bases in batch (batch size exceeded) 25008303
bases in batch (batch size exceeded) 25000725
bases in batch (core allotment reached) 19089587
bases in batch (batch size exceeded) 25007836
bases in batch (batch size exceeded) 25001266
bases in batch (batch size exceeded) 25038437
bases in batch (batch size exceeded) 25006605
bases in batch (batch size exceeded) 25000698
bases in batch (batch size exceeded) 25071987
bases in batch (batch size exceeded) 25058558
bases in batch (batch size exceeded) 25003660
bases in batch (core allotment reached) 18939562
bases in batch (batch size exceeded) 25019117
bases in batch (batch size exceeded) 25004766
bases in batch (batch size exceeded) 25012771
bases in batch (batch size exceeded) 25017633
bases in batch (batch size exceeded) 25001876
bases in batch (batch size exceeded) 25001811
bases in batch (batch size exceeded) 25009128
bases in batch (batch size exceeded) 25016827
bases in batch (core allotment reached) 19045383
bases in batch (batch size exceeded) 25009415
bases in batch (batch size exceeded) 25004167
bases in batch (batch size exceeded) 25029408
bases in batch (batch size exceeded) 25004201
bases in batch (batch size exceeded) 25011637
bases in batch (batch size exceeded) 25011817
bases in batch (batch size exceeded) 25012101
bases in batch (batch size exceeded) 25022065
bases in batch (core allotment reached) 19026359
bases in batch (batch size exceeded) 25016335
bases in batch (batch size exceeded) 25019573
bases in batch (batch size exceeded) 25014247
bases in batch (batch size exceeded) 25017883
bases in batch (batch size exceeded) 25004323
bases in batch (batch size exceeded) 25021565
bases in batch (batch size exceeded) 25039134
bases in batch (batch size exceeded) 25001700
bases in batch (core allotment reached) 19003010
bases in batch (batch size exceeded) 25001819
bases in batch (batch size exceeded) 25001382
bases in batch (batch size exceeded) 25003257
bases in batch (batch size exceeded) 25020026
bases in batch (batch size exceeded) 25000403
bases in batch (batch size exceeded) 25011251
bases in batch (batch size exceeded) 25040999
bases in batch (batch size exceeded) 25000872
bases in batch (core allotment reached) 19061051
bases in batch (batch size exceeded) 25039153
bases in batch (batch size exceeded) 25010605
bases in batch (batch size exceeded) 25001156
bases in batch (batch size exceeded) 25002862
bases in batch (batch size exceeded) 25000052
bases in batch (batch size exceeded) 25018853
bases in batch (batch size exceeded) 25009307
bases in batch (batch size exceeded) 25000524
bases in batch (core allotment reached) 19058408
bases in batch (batch size exceeded) 25015630
bases in batch (batch size exceeded) 25044857
bases in batch (batch size exceeded) 25007323
bases in batch (batch size exceeded) 25018628
bases in batch (batch size exceeded) 25050457
bases in batch (batch size exceeded) 25034658
bases in batch (batch size exceeded) 25001512
bases in batch (batch size exceeded) 25007743
bases in batch (core allotment reached) 18958172
bases in batch (batch size exceeded) 25001440
bases in batch (batch size exceeded) 25016773
bases in batch (batch size exceeded) 25007193
bases in batch (batch size exceeded) 25022620
bases in batch (batch size exceeded) 25012808
bases in batch (batch size exceeded) 25018393
bases in batch (batch size exceeded) 25031444
bases in batch (batch size exceeded) 25004744
bases in batch (core allotment reached) 19011758
bases in batch (batch size exceeded) 25025658
bases in batch (batch size exceeded) 25062059
bases in batch (batch size exceeded) 25021261
bases in batch (batch size exceeded) 25006321
bases in batch (batch size exceeded) 25016617
bases in batch (batch size exceeded) 25029545
bases in batch (batch size exceeded) 25007565
bases in batch (batch size exceeded) 25015488
bases in batch (core allotment reached) 18950986
bases in batch (batch size exceeded) 25013457
bases in batch (batch size exceeded) 25004029
bases in batch (batch size exceeded) 25002536
bases in batch (batch size exceeded) 25000832
bases in batch (batch size exceeded) 25032866
bases in batch (batch size exceeded) 25000611
bases in batch (batch size exceeded) 25008475
bases in batch (batch size exceeded) 25001662
bases in batch (core allotment reached) 19084129
bases in batch (batch size exceeded) 25003505
bases in batch (batch size exceeded) 25036689
bases in batch (batch size exceeded) 25002478
bases in batch (batch size exceeded) 25049090
bases in batch (batch size exceeded) 25036726
bases in batch (batch size exceeded) 25066242
bases in batch (batch size exceeded) 25039093
bases in batch (batch size exceeded) 25007912
bases in batch (core allotment reached) 18885565
bases in batch (batch size exceeded) 25086306
bases in batch (batch size exceeded) 25008149
bases in batch (batch size exceeded) 25015587
bases in batch (batch size exceeded) 25013268
bases in batch (batch size exceeded) 25012563
bases in batch (batch size exceeded) 25016046
bases in batch (batch size exceeded) 25006785
bases in batch (batch size exceeded) 25001170
bases in batch (core allotment reached) 18975464
bases in batch (batch size exceeded) 25001358
bases in batch (batch size exceeded) 25033951
bases in batch (batch size exceeded) 25000785
bases in batch (batch size exceeded) 25003762
bases in batch (batch size exceeded) 25006006
bases in batch (batch size exceeded) 25002681
bases in batch (batch size exceeded) 25006316
bases in batch (batch size exceeded) 25013781
bases in batch (core allotment reached) 19091930
bases in batch (batch size exceeded) 25016691
bases in batch (batch size exceeded) 25025697
bases in batch (batch size exceeded) 25013779
bases in batch (batch size exceeded) 25010107
bases in batch (batch size exceeded) 25029303
bases in batch (batch size exceeded) 25023125
bases in batch (batch size exceeded) 25004099
bases in batch (batch size exceeded) 25000060
bases in batch (core allotment reached) 19007281
bases in batch (batch size exceeded) 25014203
bases in batch (batch size exceeded) 25031658
bases in batch (batch size exceeded) 25002895
bases in batch (batch size exceeded) 25002966
bases in batch (batch size exceeded) 25005459
bases in batch (batch size exceeded) 25031196
bases in batch (batch size exceeded) 25002845
bases in batch (batch size exceeded) 25009695
bases in batch (core allotment reached) 19029120
bases in batch (batch size exceeded) 25000411
bases in batch (batch size exceeded) 25004056
bases in batch (batch size exceeded) 25011099
bases in batch (batch size exceeded) 25023340
bases in batch (batch size exceeded) 25035072
bases in batch (batch size exceeded) 25001819
bases in batch (batch size exceeded) 25011373
bases in batch (batch size exceeded) 25006125
bases in batch (core allotment reached) 19033345
bases in batch (batch size exceeded) 25013575
bases in batch (batch size exceeded) 25048942
bases in batch (batch size exceeded) 25002803
bases in batch (batch size exceeded) 25002280
bases in batch (batch size exceeded) 25002676
bases in batch (batch size exceeded) 25007584
bases in batch (batch size exceeded) 25055414
bases in batch (batch size exceeded) 25015736
bases in batch (core allotment reached) 18982447
bases in batch (batch size exceeded) 25008153
bases in batch (batch size exceeded) 25002354
bases in batch (batch size exceeded) 25031268
bases in batch (batch size exceeded) 25050772
bases in batch (batch size exceeded) 25002311
bases in batch (batch size exceeded) 25012494
bases in batch (batch size exceeded) 25002312
bases in batch (batch size exceeded) 25004360
bases in batch (last for core) 18652020
Starting up parallel processes, tasklist took 31.46413516998291
Starting merge, parallel processing took 458.4947805404663
bigwig
Merge took 851.8216784000397

