chr8:0-146259331
histone2_chr8
bases in batch (batch size exceeded) 25019008
bases in batch (batch size exceeded) 25010609
bases in batch (batch size exceeded) 25000636
bases in batch (batch size exceeded) 25012450
bases in batch (batch size exceeded) 25045400
bases in batch (batch size exceeded) 25004300
bases in batch (batch size exceeded) 25000947
bases in batch (core allotment reached) 7214389
bases in batch (batch size exceeded) 25008237
bases in batch (batch size exceeded) 25030118
bases in batch (batch size exceeded) 25011985
bases in batch (batch size exceeded) 25009154
bases in batch (batch size exceeded) 25033715
bases in batch (batch size exceeded) 25031553
bases in batch (batch size exceeded) 25003388
bases in batch (core allotment reached) 7168963
bases in batch (batch size exceeded) 25009522
bases in batch (batch size exceeded) 25001872
bases in batch (batch size exceeded) 25009911
bases in batch (batch size exceeded) 25000837
bases in batch (batch size exceeded) 25004900
bases in batch (batch size exceeded) 25055671
bases in batch (batch size exceeded) 25057944
bases in batch (core allotment reached) 7131132
bases in batch (batch size exceeded) 25004646
bases in batch (batch size exceeded) 25019962
bases in batch (batch size exceeded) 25012989
bases in batch (batch size exceeded) 25016188
bases in batch (batch size exceeded) 25000805
bases in batch (batch size exceeded) 25014369
bases in batch (batch size exceeded) 25001651
bases in batch (core allotment reached) 7214074
bases in batch (batch size exceeded) 25000491
bases in batch (batch size exceeded) 25037771
bases in batch (batch size exceeded) 25008576
bases in batch (batch size exceeded) 25029521
bases in batch (batch size exceeded) 25019758
bases in batch (batch size exceeded) 25004983
bases in batch (batch size exceeded) 25028420
bases in batch (core allotment reached) 7141576
bases in batch (batch size exceeded) 25000490
bases in batch (batch size exceeded) 25005891
bases in batch (batch size exceeded) 25004998
bases in batch (batch size exceeded) 25023324
bases in batch (batch size exceeded) 25010990
bases in batch (batch size exceeded) 25001888
bases in batch (batch size exceeded) 25019366
bases in batch (core allotment reached) 7221803
bases in batch (batch size exceeded) 25019103
bases in batch (batch size exceeded) 25029766
bases in batch (batch size exceeded) 25022720
bases in batch (batch size exceeded) 25013608
bases in batch (batch size exceeded) 25000791
bases in batch (batch size exceeded) 25001769
bases in batch (batch size exceeded) 25015195
bases in batch (core allotment reached) 7167257
bases in batch (batch size exceeded) 25014503
bases in batch (batch size exceeded) 25004216
bases in batch (batch size exceeded) 25026191
bases in batch (batch size exceeded) 25001865
bases in batch (batch size exceeded) 25000756
bases in batch (batch size exceeded) 25012404
bases in batch (batch size exceeded) 25000467
bases in batch (core allotment reached) 7213539
bases in batch (batch size exceeded) 25001554
bases in batch (batch size exceeded) 25011001
bases in batch (batch size exceeded) 25023857
bases in batch (batch size exceeded) 25016858
bases in batch (batch size exceeded) 25001740
bases in batch (batch size exceeded) 25021109
bases in batch (batch size exceeded) 25003468
bases in batch (core allotment reached) 7217774
bases in batch (batch size exceeded) 25060026
bases in batch (batch size exceeded) 25018321
bases in batch (batch size exceeded) 25005608
bases in batch (batch size exceeded) 25057158
bases in batch (batch size exceeded) 25019220
bases in batch (batch size exceeded) 25034922
bases in batch (batch size exceeded) 25007746
bases in batch (core allotment reached) 7081165
bases in batch (batch size exceeded) 25005061
bases in batch (batch size exceeded) 25000621
bases in batch (batch size exceeded) 25036231
bases in batch (batch size exceeded) 25013415
bases in batch (batch size exceeded) 25002863
bases in batch (batch size exceeded) 25022468
bases in batch (batch size exceeded) 25025053
bases in batch (core allotment reached) 7199212
bases in batch (batch size exceeded) 25001021
bases in batch (batch size exceeded) 25006460
bases in batch (batch size exceeded) 25007843
bases in batch (batch size exceeded) 25019382
bases in batch (batch size exceeded) 25007820
bases in batch (batch size exceeded) 25022786
bases in batch (batch size exceeded) 25024548
bases in batch (core allotment reached) 7193007
bases in batch (batch size exceeded) 25031998
bases in batch (batch size exceeded) 25019815
bases in batch (batch size exceeded) 25009094
bases in batch (batch size exceeded) 25040287
bases in batch (batch size exceeded) 25015241
bases in batch (batch size exceeded) 25011684
bases in batch (batch size exceeded) 25003060
bases in batch (core allotment reached) 7138310
bases in batch (batch size exceeded) 25001774
bases in batch (batch size exceeded) 25005063
bases in batch (batch size exceeded) 25019409
bases in batch (batch size exceeded) 25008271
bases in batch (batch size exceeded) 25027937
bases in batch (batch size exceeded) 25007533
bases in batch (batch size exceeded) 25000418
bases in batch (core allotment reached) 7203128
bases in batch (batch size exceeded) 25010980
bases in batch (batch size exceeded) 25000367
bases in batch (batch size exceeded) 25016823
bases in batch (batch size exceeded) 25012733
bases in batch (batch size exceeded) 25015476
bases in batch (batch size exceeded) 25011937
bases in batch (batch size exceeded) 25007303
bases in batch (core allotment reached) 7215318
bases in batch (batch size exceeded) 25000430
bases in batch (batch size exceeded) 25047745
bases in batch (batch size exceeded) 25021885
bases in batch (batch size exceeded) 25002948
bases in batch (batch size exceeded) 25001542
bases in batch (batch size exceeded) 25014265
bases in batch (batch size exceeded) 25032262
bases in batch (core allotment reached) 7150192
bases in batch (batch size exceeded) 25007790
bases in batch (batch size exceeded) 25019230
bases in batch (batch size exceeded) 25014274
bases in batch (batch size exceeded) 25022398
bases in batch (batch size exceeded) 25051335
bases in batch (batch size exceeded) 25001640
bases in batch (batch size exceeded) 25015532
bases in batch (core allotment reached) 7140150
bases in batch (batch size exceeded) 25056351
bases in batch (batch size exceeded) 25029458
bases in batch (batch size exceeded) 25019868
bases in batch (batch size exceeded) 25011921
bases in batch (batch size exceeded) 25002162
bases in batch (batch size exceeded) 25015768
bases in batch (batch size exceeded) 25020239
bases in batch (core allotment reached) 7129822
bases in batch (batch size exceeded) 25022795
bases in batch (batch size exceeded) 25031459
bases in batch (batch size exceeded) 25007988
bases in batch (batch size exceeded) 25024742
bases in batch (batch size exceeded) 25026534
bases in batch (batch size exceeded) 25019478
bases in batch (batch size exceeded) 25003752
bases in batch (core allotment reached) 7154326
bases in batch (batch size exceeded) 25029427
bases in batch (batch size exceeded) 25013582
bases in batch (batch size exceeded) 25006232
bases in batch (batch size exceeded) 25011347
bases in batch (batch size exceeded) 25001215
bases in batch (batch size exceeded) 25002851
bases in batch (batch size exceeded) 25000755
bases in batch (core allotment reached) 7245252
bases in batch (batch size exceeded) 25008489
bases in batch (batch size exceeded) 25028475
bases in batch (batch size exceeded) 25046044
bases in batch (batch size exceeded) 25001443
bases in batch (batch size exceeded) 25018469
bases in batch (batch size exceeded) 25002070
bases in batch (batch size exceeded) 25023339
bases in batch (core allotment reached) 7162381
bases in batch (batch size exceeded) 25009413
bases in batch (batch size exceeded) 25034689
bases in batch (batch size exceeded) 25019598
bases in batch (batch size exceeded) 25006213
bases in batch (batch size exceeded) 25005140
bases in batch (batch size exceeded) 25010332
bases in batch (batch size exceeded) 25003730
bases in batch (core allotment reached) 7184639
bases in batch (batch size exceeded) 25011004
bases in batch (batch size exceeded) 25011043
bases in batch (batch size exceeded) 25004601
bases in batch (batch size exceeded) 25005603
bases in batch (batch size exceeded) 25020304
bases in batch (batch size exceeded) 25005012
bases in batch (batch size exceeded) 25018871
bases in batch (core allotment reached) 7218644
bases in batch (batch size exceeded) 25009556
bases in batch (batch size exceeded) 25054400
bases in batch (batch size exceeded) 25003726
bases in batch (batch size exceeded) 25025908
bases in batch (batch size exceeded) 25010612
bases in batch (batch size exceeded) 25002134
bases in batch (batch size exceeded) 25055246
bases in batch (core allotment reached) 7109485
bases in batch (batch size exceeded) 25006814
bases in batch (batch size exceeded) 25047305
bases in batch (batch size exceeded) 25013288
bases in batch (batch size exceeded) 25009285
bases in batch (batch size exceeded) 25048368
bases in batch (batch size exceeded) 25001845
bases in batch (batch size exceeded) 25023847
bases in batch (core allotment reached) 7127146
bases in batch (batch size exceeded) 25012922
bases in batch (batch size exceeded) 25033212
bases in batch (batch size exceeded) 25013646
bases in batch (batch size exceeded) 25026746
bases in batch (batch size exceeded) 25025971
bases in batch (batch size exceeded) 25006908
bases in batch (batch size exceeded) 25028486
bases in batch (core allotment reached) 7127226
bases in batch (batch size exceeded) 25017875
bases in batch (batch size exceeded) 25007006
bases in batch (batch size exceeded) 25002725
bases in batch (batch size exceeded) 25017749
bases in batch (batch size exceeded) 25031804
bases in batch (batch size exceeded) 25052509
bases in batch (batch size exceeded) 25002420
bases in batch (core allotment reached) 7149854
bases in batch (batch size exceeded) 25001737
bases in batch (batch size exceeded) 25002750
bases in batch (batch size exceeded) 25017398
bases in batch (batch size exceeded) 25005779
bases in batch (batch size exceeded) 25006367
bases in batch (batch size exceeded) 25000287
bases in batch (batch size exceeded) 25007438
bases in batch (core allotment reached) 7235325
bases in batch (batch size exceeded) 25004668
bases in batch (batch size exceeded) 25063787
bases in batch (batch size exceeded) 25036992
bases in batch (batch size exceeded) 25018810
bases in batch (batch size exceeded) 25000631
bases in batch (batch size exceeded) 25001354
bases in batch (batch size exceeded) 25007328
bases in batch (core allotment reached) 7143557
bases in batch (batch size exceeded) 25039747
bases in batch (batch size exceeded) 25025144
bases in batch (batch size exceeded) 25018603
bases in batch (batch size exceeded) 25002538
bases in batch (batch size exceeded) 25022906
bases in batch (batch size exceeded) 25043583
bases in batch (batch size exceeded) 25001695
bases in batch (core allotment reached) 7120868
bases in batch (batch size exceeded) 25014389
bases in batch (batch size exceeded) 25027022
bases in batch (batch size exceeded) 25016704
bases in batch (batch size exceeded) 25008125
bases in batch (batch size exceeded) 25000527
bases in batch (batch size exceeded) 25002247
bases in batch (batch size exceeded) 25011762
bases in batch (core allotment reached) 7247190
bases in batch (batch size exceeded) 25008832
bases in batch (batch size exceeded) 25005215
bases in batch (batch size exceeded) 25031096
bases in batch (batch size exceeded) 25011284
bases in batch (batch size exceeded) 25055428
bases in batch (batch size exceeded) 25008249
bases in batch (batch size exceeded) 25004841
bases in batch (last for core) 6669351
Starting up parallel processes, tasklist took 24.44355583190918
Starting merge, parallel processing took 332.14866828918457
bigwig
Merge took 695.1621353626251

