chr20:0-66210255
histone2_chr20
bases in batch (batch size exceeded) 25032794
bases in batch (batch size exceeded) 25001019
bases in batch (batch size exceeded) 25002785
bases in batch (core allotment reached) 10250049
bases in batch (batch size exceeded) 25004542
bases in batch (batch size exceeded) 25004428
bases in batch (batch size exceeded) 25012166
bases in batch (core allotment reached) 10232819
bases in batch (batch size exceeded) 25035790
bases in batch (batch size exceeded) 25002768
bases in batch (batch size exceeded) 25000930
bases in batch (core allotment reached) 10226105
bases in batch (batch size exceeded) 25013329
bases in batch (batch size exceeded) 25031482
bases in batch (batch size exceeded) 25015737
bases in batch (core allotment reached) 10191280
bases in batch (batch size exceeded) 25000299
bases in batch (batch size exceeded) 25002811
bases in batch (batch size exceeded) 25000539
bases in batch (core allotment reached) 10248736
bases in batch (batch size exceeded) 25006215
bases in batch (batch size exceeded) 25020705
bases in batch (batch size exceeded) 25002428
bases in batch (core allotment reached) 10223840
bases in batch (batch size exceeded) 25002022
bases in batch (batch size exceeded) 25039685
bases in batch (batch size exceeded) 25006640
bases in batch (core allotment reached) 10204729
bases in batch (batch size exceeded) 25010695
bases in batch (batch size exceeded) 25016719
bases in batch (batch size exceeded) 25000274
bases in batch (core allotment reached) 10223524
bases in batch (batch size exceeded) 25001658
bases in batch (batch size exceeded) 25004002
bases in batch (batch size exceeded) 25023295
bases in batch (core allotment reached) 10223540
bases in batch (batch size exceeded) 25006658
bases in batch (batch size exceeded) 25000483
bases in batch (batch size exceeded) 25040766
bases in batch (core allotment reached) 10200214
bases in batch (batch size exceeded) 25029613
bases in batch (batch size exceeded) 25001050
bases in batch (batch size exceeded) 25009067
bases in batch (core allotment reached) 10207668
bases in batch (batch size exceeded) 25004234
bases in batch (batch size exceeded) 25006120
bases in batch (batch size exceeded) 25011431
bases in batch (core allotment reached) 10252013
bases in batch (batch size exceeded) 25001572
bases in batch (batch size exceeded) 25007547
bases in batch (batch size exceeded) 25019277
bases in batch (core allotment reached) 10225621
bases in batch (batch size exceeded) 25009528
bases in batch (batch size exceeded) 25009129
bases in batch (batch size exceeded) 25017922
bases in batch (core allotment reached) 10212217
bases in batch (batch size exceeded) 25004005
bases in batch (batch size exceeded) 25006092
bases in batch (batch size exceeded) 25025934
bases in batch (core allotment reached) 10238575
bases in batch (batch size exceeded) 25005030
bases in batch (batch size exceeded) 25005354
bases in batch (batch size exceeded) 25020908
bases in batch (core allotment reached) 10234074
bases in batch (batch size exceeded) 25036814
bases in batch (batch size exceeded) 25026092
bases in batch (batch size exceeded) 25063303
bases in batch (core allotment reached) 10122468
bases in batch (batch size exceeded) 25012221
bases in batch (batch size exceeded) 25008120
bases in batch (batch size exceeded) 25026435
bases in batch (core allotment reached) 10201152
bases in batch (batch size exceeded) 25036597
bases in batch (batch size exceeded) 25010288
bases in batch (batch size exceeded) 25037793
bases in batch (core allotment reached) 10206838
bases in batch (batch size exceeded) 25017946
bases in batch (batch size exceeded) 25018389
bases in batch (batch size exceeded) 25005351
bases in batch (core allotment reached) 10211529
bases in batch (batch size exceeded) 25012043
bases in batch (batch size exceeded) 25002650
bases in batch (batch size exceeded) 25030277
bases in batch (core allotment reached) 10247996
bases in batch (batch size exceeded) 25002590
bases in batch (batch size exceeded) 25068977
bases in batch (batch size exceeded) 25007756
bases in batch (core allotment reached) 10192080
bases in batch (batch size exceeded) 25027938
bases in batch (batch size exceeded) 25002375
bases in batch (batch size exceeded) 25005610
bases in batch (core allotment reached) 10236528
bases in batch (batch size exceeded) 25047583
bases in batch (batch size exceeded) 25010852
bases in batch (batch size exceeded) 25001198
bases in batch (core allotment reached) 10191756
bases in batch (batch size exceeded) 25000055
bases in batch (batch size exceeded) 25013447
bases in batch (batch size exceeded) 25000032
bases in batch (core allotment reached) 10266735
bases in batch (batch size exceeded) 25054298
bases in batch (batch size exceeded) 25023147
bases in batch (batch size exceeded) 25016429
bases in batch (core allotment reached) 10153671
bases in batch (batch size exceeded) 25013834
bases in batch (batch size exceeded) 25036298
bases in batch (batch size exceeded) 25004925
bases in batch (core allotment reached) 10192868
bases in batch (batch size exceeded) 25003323
bases in batch (batch size exceeded) 25003575
bases in batch (batch size exceeded) 25013266
bases in batch (core allotment reached) 10227545
bases in batch (batch size exceeded) 25004159
bases in batch (batch size exceeded) 25010134
bases in batch (batch size exceeded) 25004332
bases in batch (core allotment reached) 10229115
bases in batch (batch size exceeded) 25000336
bases in batch (batch size exceeded) 25021031
bases in batch (batch size exceeded) 25005306
bases in batch (core allotment reached) 10232435
bases in batch (batch size exceeded) 25004890
bases in batch (batch size exceeded) 25053769
bases in batch (batch size exceeded) 25002576
bases in batch (core allotment reached) 10190208
bases in batch (batch size exceeded) 25021579
bases in batch (batch size exceeded) 25012157
bases in batch (batch size exceeded) 25025056
bases in batch (last for core) 9800233
Starting up parallel processes, tasklist took 12.26288628578186
Starting merge, parallel processing took 223.02567052841187
bigwig
Merge took 325.2850749492645

