chr3:0-201105948
histone1_chr3
bases in batch (batch size exceeded) 25010816
bases in batch (batch size exceeded) 25025141
bases in batch (batch size exceeded) 25002916
bases in batch (batch size exceeded) 25012238
bases in batch (batch size exceeded) 25001523
bases in batch (batch size exceeded) 25003666
bases in batch (batch size exceeded) 25000092
bases in batch (batch size exceeded) 25033402
bases in batch (batch size exceeded) 25002641
bases in batch (batch size exceeded) 25001281
bases in batch (core allotment reached) 10542768
bases in batch (batch size exceeded) 25012983
bases in batch (batch size exceeded) 25034083
bases in batch (batch size exceeded) 25006560
bases in batch (batch size exceeded) 25010788
bases in batch (batch size exceeded) 25013400
bases in batch (batch size exceeded) 25060648
bases in batch (batch size exceeded) 25015936
bases in batch (batch size exceeded) 25028495
bases in batch (batch size exceeded) 25004140
bases in batch (batch size exceeded) 25018615
bases in batch (core allotment reached) 10434360
bases in batch (batch size exceeded) 25002146
bases in batch (batch size exceeded) 25001773
bases in batch (batch size exceeded) 25002627
bases in batch (batch size exceeded) 25001336
bases in batch (batch size exceeded) 25000621
bases in batch (batch size exceeded) 25027283
bases in batch (batch size exceeded) 25001365
bases in batch (batch size exceeded) 25003785
bases in batch (batch size exceeded) 25011163
bases in batch (batch size exceeded) 25034079
bases in batch (core allotment reached) 10577226
bases in batch (batch size exceeded) 25055855
bases in batch (batch size exceeded) 25000981
bases in batch (batch size exceeded) 25024160
bases in batch (batch size exceeded) 25013576
bases in batch (batch size exceeded) 25031596
bases in batch (batch size exceeded) 25000826
bases in batch (batch size exceeded) 25041719
bases in batch (batch size exceeded) 25020538
bases in batch (batch size exceeded) 25008353
bases in batch (batch size exceeded) 25047160
bases in batch (core allotment reached) 10448367
bases in batch (batch size exceeded) 25020946
bases in batch (batch size exceeded) 25006369
bases in batch (batch size exceeded) 25007465
bases in batch (batch size exceeded) 25044197
bases in batch (batch size exceeded) 25023443
bases in batch (batch size exceeded) 25016126
bases in batch (batch size exceeded) 25001384
bases in batch (batch size exceeded) 25002579
bases in batch (batch size exceeded) 25044775
bases in batch (batch size exceeded) 25000628
bases in batch (core allotment reached) 10481997
bases in batch (batch size exceeded) 25010327
bases in batch (batch size exceeded) 25007662
bases in batch (batch size exceeded) 25000072
bases in batch (batch size exceeded) 25041562
bases in batch (batch size exceeded) 25005383
bases in batch (batch size exceeded) 25001081
bases in batch (batch size exceeded) 25002812
bases in batch (batch size exceeded) 25002645
bases in batch (batch size exceeded) 25000901
bases in batch (batch size exceeded) 25048631
bases in batch (core allotment reached) 10520274
bases in batch (batch size exceeded) 25017853
bases in batch (batch size exceeded) 25004169
bases in batch (batch size exceeded) 25018575
bases in batch (batch size exceeded) 25028018
bases in batch (batch size exceeded) 25029440
bases in batch (batch size exceeded) 25000038
bases in batch (batch size exceeded) 25008180
bases in batch (batch size exceeded) 25046468
bases in batch (batch size exceeded) 25007653
bases in batch (batch size exceeded) 25008773
bases in batch (core allotment reached) 10467479
bases in batch (batch size exceeded) 25032138
bases in batch (batch size exceeded) 25042003
bases in batch (batch size exceeded) 25006141
bases in batch (batch size exceeded) 25006110
bases in batch (batch size exceeded) 25000109
bases in batch (batch size exceeded) 25031990
bases in batch (batch size exceeded) 25012211
bases in batch (batch size exceeded) 25011150
bases in batch (batch size exceeded) 25004939
bases in batch (batch size exceeded) 25000397
bases in batch (core allotment reached) 10490423
bases in batch (batch size exceeded) 25007845
bases in batch (batch size exceeded) 25001513
bases in batch (batch size exceeded) 25002151
bases in batch (batch size exceeded) 25013908
bases in batch (batch size exceeded) 25003475
bases in batch (batch size exceeded) 25000515
bases in batch (batch size exceeded) 25001541
bases in batch (batch size exceeded) 25004056
bases in batch (batch size exceeded) 25000167
bases in batch (batch size exceeded) 25001945
bases in batch (core allotment reached) 10622251
bases in batch (batch size exceeded) 25000344
bases in batch (batch size exceeded) 25002105
bases in batch (batch size exceeded) 25016592
bases in batch (batch size exceeded) 25005922
bases in batch (batch size exceeded) 25024054
bases in batch (batch size exceeded) 25001118
bases in batch (batch size exceeded) 25032102
bases in batch (batch size exceeded) 25030512
bases in batch (batch size exceeded) 25048867
bases in batch (batch size exceeded) 25001479
bases in batch (core allotment reached) 10473532
bases in batch (batch size exceeded) 25001990
bases in batch (batch size exceeded) 25011168
bases in batch (batch size exceeded) 25000345
bases in batch (batch size exceeded) 25018884
bases in batch (batch size exceeded) 25001246
bases in batch (batch size exceeded) 25021826
bases in batch (batch size exceeded) 25005712
bases in batch (batch size exceeded) 25000455
bases in batch (batch size exceeded) 25008989
bases in batch (batch size exceeded) 25005163
bases in batch (core allotment reached) 10560673
bases in batch (batch size exceeded) 25002420
bases in batch (batch size exceeded) 25010938
bases in batch (batch size exceeded) 25007344
bases in batch (batch size exceeded) 25019547
bases in batch (batch size exceeded) 25022520
bases in batch (batch size exceeded) 25038833
bases in batch (batch size exceeded) 25004125
bases in batch (batch size exceeded) 25032457
bases in batch (batch size exceeded) 25007609
bases in batch (batch size exceeded) 25013307
bases in batch (core allotment reached) 10495885
bases in batch (batch size exceeded) 25026217
bases in batch (batch size exceeded) 25002126
bases in batch (batch size exceeded) 25016634
bases in batch (batch size exceeded) 25006768
bases in batch (batch size exceeded) 25002874
bases in batch (batch size exceeded) 25001767
bases in batch (batch size exceeded) 25003642
bases in batch (batch size exceeded) 25020364
bases in batch (batch size exceeded) 25011082
bases in batch (batch size exceeded) 25003172
bases in batch (core allotment reached) 10555384
bases in batch (batch size exceeded) 25022952
bases in batch (batch size exceeded) 25081934
bases in batch (batch size exceeded) 25001431
bases in batch (batch size exceeded) 25024124
bases in batch (batch size exceeded) 25024979
bases in batch (batch size exceeded) 25038895
bases in batch (batch size exceeded) 25032214
bases in batch (batch size exceeded) 25014821
bases in batch (batch size exceeded) 25002856
bases in batch (batch size exceeded) 25008899
bases in batch (core allotment reached) 10386615
bases in batch (batch size exceeded) 25009613
bases in batch (batch size exceeded) 25002027
bases in batch (batch size exceeded) 25042782
bases in batch (batch size exceeded) 25002724
bases in batch (batch size exceeded) 25005604
bases in batch (batch size exceeded) 25000980
bases in batch (batch size exceeded) 25062838
bases in batch (batch size exceeded) 25030103
bases in batch (batch size exceeded) 25013124
bases in batch (batch size exceeded) 25004198
bases in batch (core allotment reached) 10471588
bases in batch (batch size exceeded) 25000758
bases in batch (batch size exceeded) 25040609
bases in batch (batch size exceeded) 25048455
bases in batch (batch size exceeded) 25017585
bases in batch (batch size exceeded) 25002372
bases in batch (batch size exceeded) 25025808
bases in batch (batch size exceeded) 25011117
bases in batch (batch size exceeded) 25059115
bases in batch (batch size exceeded) 25003352
bases in batch (batch size exceeded) 25000775
bases in batch (core allotment reached) 10427000
bases in batch (batch size exceeded) 25010552
bases in batch (batch size exceeded) 25029240
bases in batch (batch size exceeded) 25005438
bases in batch (batch size exceeded) 25078976
bases in batch (batch size exceeded) 25012141
bases in batch (batch size exceeded) 25000423
bases in batch (batch size exceeded) 25002615
bases in batch (batch size exceeded) 25020272
bases in batch (batch size exceeded) 25005319
bases in batch (batch size exceeded) 25005279
bases in batch (core allotment reached) 10464793
bases in batch (batch size exceeded) 25067364
bases in batch (batch size exceeded) 25013564
bases in batch (batch size exceeded) 25014889
bases in batch (batch size exceeded) 25006549
bases in batch (batch size exceeded) 25007208
bases in batch (batch size exceeded) 25034232
bases in batch (batch size exceeded) 25034207
bases in batch (batch size exceeded) 25015380
bases in batch (batch size exceeded) 25007580
bases in batch (batch size exceeded) 25010193
bases in batch (core allotment reached) 10426149
bases in batch (batch size exceeded) 25041987
bases in batch (batch size exceeded) 25004434
bases in batch (batch size exceeded) 25010886
bases in batch (batch size exceeded) 25013257
bases in batch (batch size exceeded) 25005031
bases in batch (batch size exceeded) 25009688
bases in batch (batch size exceeded) 25000750
bases in batch (batch size exceeded) 25015523
bases in batch (batch size exceeded) 25004958
bases in batch (batch size exceeded) 25020941
bases in batch (core allotment reached) 10510045
bases in batch (batch size exceeded) 25001282
bases in batch (batch size exceeded) 25019770
bases in batch (batch size exceeded) 25066712
bases in batch (batch size exceeded) 25034787
bases in batch (batch size exceeded) 25003305
bases in batch (batch size exceeded) 25011803
bases in batch (batch size exceeded) 25010384
bases in batch (batch size exceeded) 25000724
bases in batch (batch size exceeded) 25000192
bases in batch (batch size exceeded) 25000899
bases in batch (core allotment reached) 10486134
bases in batch (batch size exceeded) 25009488
bases in batch (batch size exceeded) 25007679
bases in batch (batch size exceeded) 25035134
bases in batch (batch size exceeded) 25073649
bases in batch (batch size exceeded) 25003289
bases in batch (batch size exceeded) 25014955
bases in batch (batch size exceeded) 25022918
bases in batch (batch size exceeded) 25013270
bases in batch (batch size exceeded) 25001699
bases in batch (batch size exceeded) 25045301
bases in batch (core allotment reached) 10412418
bases in batch (batch size exceeded) 25000884
bases in batch (batch size exceeded) 25002504
bases in batch (batch size exceeded) 25043779
bases in batch (batch size exceeded) 25022291
bases in batch (batch size exceeded) 25003585
bases in batch (batch size exceeded) 25014158
bases in batch (batch size exceeded) 25006879
bases in batch (batch size exceeded) 25001897
bases in batch (batch size exceeded) 25011238
bases in batch (batch size exceeded) 25001929
bases in batch (core allotment reached) 10529920
bases in batch (batch size exceeded) 25040012
bases in batch (batch size exceeded) 25000523
bases in batch (batch size exceeded) 25000512
bases in batch (batch size exceeded) 25005017
bases in batch (batch size exceeded) 25017903
bases in batch (batch size exceeded) 25002030
bases in batch (batch size exceeded) 25011244
bases in batch (batch size exceeded) 25007619
bases in batch (batch size exceeded) 25016591
bases in batch (batch size exceeded) 25010207
bases in batch (core allotment reached) 10526852
bases in batch (batch size exceeded) 25027080
bases in batch (batch size exceeded) 25028200
bases in batch (batch size exceeded) 25014562
bases in batch (batch size exceeded) 25044123
bases in batch (batch size exceeded) 25001248
bases in batch (batch size exceeded) 25002120
bases in batch (batch size exceeded) 25005428
bases in batch (batch size exceeded) 25001676
bases in batch (batch size exceeded) 25008649
bases in batch (batch size exceeded) 25001689
bases in batch (core allotment reached) 10510605
bases in batch (batch size exceeded) 25000623
bases in batch (batch size exceeded) 25006170
bases in batch (batch size exceeded) 25046167
bases in batch (batch size exceeded) 25004188
bases in batch (batch size exceeded) 25005062
bases in batch (batch size exceeded) 25010711
bases in batch (batch size exceeded) 25019620
bases in batch (batch size exceeded) 25043625
bases in batch (batch size exceeded) 25043750
bases in batch (batch size exceeded) 25029945
bases in batch (core allotment reached) 10449996
bases in batch (batch size exceeded) 25027621
bases in batch (batch size exceeded) 25003660
bases in batch (batch size exceeded) 25002756
bases in batch (batch size exceeded) 25034359
bases in batch (batch size exceeded) 25025062
bases in batch (batch size exceeded) 25010022
bases in batch (batch size exceeded) 25030440
bases in batch (batch size exceeded) 25008783
bases in batch (batch size exceeded) 25003893
bases in batch (batch size exceeded) 25003324
bases in batch (core allotment reached) 10485418
bases in batch (batch size exceeded) 25020892
bases in batch (batch size exceeded) 25001302
bases in batch (batch size exceeded) 25001940
bases in batch (batch size exceeded) 25022182
bases in batch (batch size exceeded) 25006334
bases in batch (batch size exceeded) 25013570
bases in batch (batch size exceeded) 25011164
bases in batch (batch size exceeded) 25006603
bases in batch (batch size exceeded) 25001104
bases in batch (batch size exceeded) 25046406
bases in batch (core allotment reached) 10532518
bases in batch (batch size exceeded) 25000211
bases in batch (batch size exceeded) 25009953
bases in batch (batch size exceeded) 25012438
bases in batch (batch size exceeded) 25016699
bases in batch (batch size exceeded) 25003102
bases in batch (batch size exceeded) 25008559
bases in batch (batch size exceeded) 25039594
bases in batch (batch size exceeded) 25000693
bases in batch (batch size exceeded) 25003734
bases in batch (batch size exceeded) 25016462
bases in batch (core allotment reached) 10536104
bases in batch (batch size exceeded) 25002039
bases in batch (batch size exceeded) 25009851
bases in batch (batch size exceeded) 25052290
bases in batch (batch size exceeded) 25005102
bases in batch (batch size exceeded) 25024810
bases in batch (batch size exceeded) 25040640
bases in batch (batch size exceeded) 25023567
bases in batch (batch size exceeded) 25001488
bases in batch (batch size exceeded) 25030352
bases in batch (batch size exceeded) 25040714
bases in batch (core allotment reached) 10434676
bases in batch (batch size exceeded) 25000756
bases in batch (batch size exceeded) 25014390
bases in batch (batch size exceeded) 25023521
bases in batch (batch size exceeded) 25009147
bases in batch (batch size exceeded) 25001299
bases in batch (batch size exceeded) 25017726
bases in batch (batch size exceeded) 25029703
bases in batch (batch size exceeded) 25057281
bases in batch (batch size exceeded) 25004944
bases in batch (batch size exceeded) 25029844
bases in batch (core allotment reached) 10449349
bases in batch (batch size exceeded) 25004776
bases in batch (batch size exceeded) 25031660
bases in batch (batch size exceeded) 25006856
bases in batch (batch size exceeded) 25000544
bases in batch (batch size exceeded) 25033643
bases in batch (batch size exceeded) 25006831
bases in batch (batch size exceeded) 25000824
bases in batch (batch size exceeded) 25016101
bases in batch (batch size exceeded) 25000267
bases in batch (batch size exceeded) 25019131
bases in batch (core allotment reached) 10525355
bases in batch (batch size exceeded) 25003434
bases in batch (batch size exceeded) 25004713
bases in batch (batch size exceeded) 25000161
bases in batch (batch size exceeded) 25011497
bases in batch (batch size exceeded) 25002610
bases in batch (batch size exceeded) 25001996
bases in batch (batch size exceeded) 25013645
bases in batch (batch size exceeded) 25014461
bases in batch (batch size exceeded) 25071117
bases in batch (batch size exceeded) 25014055
bases in batch (last for core) 10157801
Starting up parallel processes, tasklist took 37.559382915496826
Starting merge, parallel processing took 480.17405247688293
bigwig
Merge took 990.5310175418854

