chr19:0-61707364
histone2_chr19
bases in batch (batch size exceeded) 25016364
bases in batch (batch size exceeded) 25034826
bases in batch (batch size exceeded) 25000090
bases in batch (core allotment reached) 1497259
bases in batch (batch size exceeded) 25025412
bases in batch (batch size exceeded) 25053620
bases in batch (batch size exceeded) 25002878
bases in batch (core allotment reached) 1495405
bases in batch (batch size exceeded) 25002751
bases in batch (batch size exceeded) 25016360
bases in batch (batch size exceeded) 25008949
bases in batch (core allotment reached) 1523709
bases in batch (batch size exceeded) 25001033
bases in batch (batch size exceeded) 25018935
bases in batch (batch size exceeded) 25040711
bases in batch (core allotment reached) 1493019
bases in batch (batch size exceeded) 25002212
bases in batch (batch size exceeded) 25004863
bases in batch (batch size exceeded) 25002672
bases in batch (core allotment reached) 1557214
bases in batch (batch size exceeded) 25022595
bases in batch (batch size exceeded) 25034127
bases in batch (batch size exceeded) 25065370
bases in batch (core allotment reached) 1428378
bases in batch (batch size exceeded) 25007147
bases in batch (batch size exceeded) 25039437
bases in batch (batch size exceeded) 25008291
bases in batch (core allotment reached) 1557264
bases in batch (batch size exceeded) 25002332
bases in batch (batch size exceeded) 25000946
bases in batch (batch size exceeded) 25012966
bases in batch (core allotment reached) 1528575
bases in batch (batch size exceeded) 25026323
bases in batch (batch size exceeded) 25004030
bases in batch (batch size exceeded) 25013187
bases in batch (core allotment reached) 1509993
bases in batch (batch size exceeded) 25001252
bases in batch (batch size exceeded) 25028853
bases in batch (batch size exceeded) 25011096
bases in batch (core allotment reached) 1508620
bases in batch (batch size exceeded) 25004732
bases in batch (batch size exceeded) 25000464
bases in batch (batch size exceeded) 25008433
bases in batch (core allotment reached) 1595696
bases in batch (batch size exceeded) 25003268
bases in batch (batch size exceeded) 25004290
bases in batch (batch size exceeded) 25089155
bases in batch (core allotment reached) 1466846
bases in batch (batch size exceeded) 25045815
bases in batch (batch size exceeded) 25047680
bases in batch (batch size exceeded) 25039110
bases in batch (core allotment reached) 1475956
bases in batch (batch size exceeded) 25021584
bases in batch (batch size exceeded) 25022379
bases in batch (batch size exceeded) 25002026
bases in batch (core allotment reached) 1516102
bases in batch (batch size exceeded) 25000908
bases in batch (batch size exceeded) 25026719
bases in batch (batch size exceeded) 25029449
bases in batch (core allotment reached) 1490657
bases in batch (batch size exceeded) 25022936
bases in batch (batch size exceeded) 25017367
bases in batch (batch size exceeded) 25043700
bases in batch (core allotment reached) 1469410
bases in batch (batch size exceeded) 25010519
bases in batch (batch size exceeded) 25006291
bases in batch (batch size exceeded) 25000573
bases in batch (core allotment reached) 1569233
bases in batch (batch size exceeded) 25001858
bases in batch (batch size exceeded) 25094646
bases in batch (batch size exceeded) 25005450
bases in batch (core allotment reached) 1453152
bases in batch (batch size exceeded) 25012230
bases in batch (batch size exceeded) 25019406
bases in batch (batch size exceeded) 25006097
bases in batch (core allotment reached) 1509697
bases in batch (batch size exceeded) 25001396
bases in batch (batch size exceeded) 25005423
bases in batch (batch size exceeded) 25001316
bases in batch (core allotment reached) 1536659
bases in batch (batch size exceeded) 25002381
bases in batch (batch size exceeded) 25002403
bases in batch (batch size exceeded) 25042806
bases in batch (core allotment reached) 1522781
bases in batch (batch size exceeded) 25000766
bases in batch (batch size exceeded) 25000041
bases in batch (batch size exceeded) 25001863
bases in batch (core allotment reached) 1544757
bases in batch (batch size exceeded) 25046084
bases in batch (batch size exceeded) 25000100
bases in batch (batch size exceeded) 25033308
bases in batch (core allotment reached) 1491875
bases in batch (batch size exceeded) 25000770
bases in batch (batch size exceeded) 25037294
bases in batch (batch size exceeded) 25008419
bases in batch (core allotment reached) 1500942
bases in batch (batch size exceeded) 25001402
bases in batch (batch size exceeded) 25003414
bases in batch (batch size exceeded) 25004631
bases in batch (core allotment reached) 1547401
bases in batch (batch size exceeded) 25002995
bases in batch (batch size exceeded) 25069350
bases in batch (batch size exceeded) 25002882
bases in batch (core allotment reached) 1510234
bases in batch (batch size exceeded) 25041633
bases in batch (batch size exceeded) 25006129
bases in batch (batch size exceeded) 25069884
bases in batch (core allotment reached) 1426284
bases in batch (batch size exceeded) 25018870
bases in batch (batch size exceeded) 25065905
bases in batch (batch size exceeded) 25017097
bases in batch (core allotment reached) 1442310
bases in batch (batch size exceeded) 25021296
bases in batch (batch size exceeded) 25004451
bases in batch (batch size exceeded) 25014867
bases in batch (core allotment reached) 1513471
bases in batch (batch size exceeded) 25025982
bases in batch (batch size exceeded) 25018238
bases in batch (batch size exceeded) 25001652
bases in batch (core allotment reached) 1501814
bases in batch (batch size exceeded) 25041767
bases in batch (batch size exceeded) 25010275
bases in batch (batch size exceeded) 25000815
bases in batch (core allotment reached) 1506764
bases in batch (batch size exceeded) 25001846
bases in batch (batch size exceeded) 25000534
bases in batch (batch size exceeded) 25003108
bases in batch (last for core) 976229
Starting up parallel processes, tasklist took 10.9653799533844
Starting merge, parallel processing took 137.53536534309387
bigwig
Merge took 301.2730441093445

