chr20:0-66210255
histone1_chr20
bases in batch (batch size exceeded) 25009787
bases in batch (batch size exceeded) 25000691
bases in batch (batch size exceeded) 25017876
bases in batch (core allotment reached) 11746839
bases in batch (batch size exceeded) 25009186
bases in batch (batch size exceeded) 25012284
bases in batch (batch size exceeded) 25005747
bases in batch (core allotment reached) 11712078
bases in batch (batch size exceeded) 25006650
bases in batch (batch size exceeded) 25006290
bases in batch (batch size exceeded) 25005827
bases in batch (core allotment reached) 11713748
bases in batch (batch size exceeded) 25003842
bases in batch (batch size exceeded) 25011260
bases in batch (batch size exceeded) 25000992
bases in batch (core allotment reached) 11755902
bases in batch (batch size exceeded) 25009612
bases in batch (batch size exceeded) 25020991
bases in batch (batch size exceeded) 25015308
bases in batch (core allotment reached) 11684103
bases in batch (batch size exceeded) 25001067
bases in batch (batch size exceeded) 25001590
bases in batch (batch size exceeded) 25034702
bases in batch (core allotment reached) 11714615
bases in batch (batch size exceeded) 25014585
bases in batch (batch size exceeded) 25000417
bases in batch (batch size exceeded) 25000039
bases in batch (core allotment reached) 11721256
bases in batch (batch size exceeded) 25001197
bases in batch (batch size exceeded) 25002002
bases in batch (batch size exceeded) 25009506
bases in batch (core allotment reached) 11721068
bases in batch (batch size exceeded) 25000970
bases in batch (batch size exceeded) 25029490
bases in batch (batch size exceeded) 25005995
bases in batch (core allotment reached) 11732441
bases in batch (batch size exceeded) 25020582
bases in batch (batch size exceeded) 25011104
bases in batch (batch size exceeded) 25002236
bases in batch (core allotment reached) 11714589
bases in batch (batch size exceeded) 25001221
bases in batch (batch size exceeded) 25001321
bases in batch (batch size exceeded) 25014010
bases in batch (core allotment reached) 11743436
bases in batch (batch size exceeded) 25004588
bases in batch (batch size exceeded) 25056911
bases in batch (batch size exceeded) 25024419
bases in batch (core allotment reached) 11652666
bases in batch (batch size exceeded) 25024117
bases in batch (batch size exceeded) 25037244
bases in batch (batch size exceeded) 25002702
bases in batch (core allotment reached) 11672912
bases in batch (batch size exceeded) 25043830
bases in batch (batch size exceeded) 25004319
bases in batch (batch size exceeded) 25004228
bases in batch (core allotment reached) 11713473
bases in batch (batch size exceeded) 25041269
bases in batch (batch size exceeded) 25002344
bases in batch (batch size exceeded) 25026877
bases in batch (core allotment reached) 11661413
bases in batch (batch size exceeded) 25001417
bases in batch (batch size exceeded) 25005293
bases in batch (batch size exceeded) 25002053
bases in batch (core allotment reached) 11729547
bases in batch (batch size exceeded) 25005735
bases in batch (batch size exceeded) 25000741
bases in batch (batch size exceeded) 25043610
bases in batch (core allotment reached) 11681369
bases in batch (batch size exceeded) 25013701
bases in batch (batch size exceeded) 25012322
bases in batch (batch size exceeded) 25001873
bases in batch (core allotment reached) 11717840
bases in batch (batch size exceeded) 25001483
bases in batch (batch size exceeded) 25000124
bases in batch (batch size exceeded) 25010456
bases in batch (core allotment reached) 11732965
bases in batch (batch size exceeded) 25010812
bases in batch (batch size exceeded) 25033082
bases in batch (batch size exceeded) 25008518
bases in batch (core allotment reached) 11678060
bases in batch (batch size exceeded) 25019270
bases in batch (batch size exceeded) 25002424
bases in batch (batch size exceeded) 25007341
bases in batch (core allotment reached) 11712861
bases in batch (batch size exceeded) 25005797
bases in batch (batch size exceeded) 25013125
bases in batch (batch size exceeded) 25021117
bases in batch (core allotment reached) 11725615
bases in batch (batch size exceeded) 25007222
bases in batch (batch size exceeded) 25067120
bases in batch (batch size exceeded) 25011111
bases in batch (core allotment reached) 11652732
bases in batch (batch size exceeded) 25011577
bases in batch (batch size exceeded) 25001303
bases in batch (batch size exceeded) 25003029
bases in batch (core allotment reached) 11734163
bases in batch (batch size exceeded) 25004631
bases in batch (batch size exceeded) 25004769
bases in batch (batch size exceeded) 25000771
bases in batch (core allotment reached) 11757840
bases in batch (batch size exceeded) 25001447
bases in batch (batch size exceeded) 25096380
bases in batch (batch size exceeded) 25029177
bases in batch (core allotment reached) 11604496
bases in batch (batch size exceeded) 25004169
bases in batch (batch size exceeded) 25036853
bases in batch (batch size exceeded) 25045761
bases in batch (core allotment reached) 11666424
bases in batch (batch size exceeded) 25020950
bases in batch (batch size exceeded) 25021975
bases in batch (batch size exceeded) 25008978
bases in batch (core allotment reached) 11693280
bases in batch (batch size exceeded) 25020787
bases in batch (batch size exceeded) 25001751
bases in batch (batch size exceeded) 25006082
bases in batch (core allotment reached) 11746344
bases in batch (batch size exceeded) 25067648
bases in batch (batch size exceeded) 25002155
bases in batch (batch size exceeded) 25001383
bases in batch (core allotment reached) 11666827
bases in batch (batch size exceeded) 25012743
bases in batch (batch size exceeded) 25020445
bases in batch (batch size exceeded) 25014192
bases in batch (core allotment reached) 11690332
bases in batch (batch size exceeded) 25009227
bases in batch (batch size exceeded) 25006201
bases in batch (batch size exceeded) 25012323
bases in batch (last for core) 11173483
Starting up parallel processes, tasklist took 12.725605964660645
Starting merge, parallel processing took 197.4277627468109
bigwig
Merge took 323.93988966941833

