chr3:0-201105948
histone2_chr3
bases in batch (batch size exceeded) 25014032
bases in batch (batch size exceeded) 25045489
bases in batch (batch size exceeded) 25017768
bases in batch (batch size exceeded) 25001010
bases in batch (batch size exceeded) 25009632
bases in batch (batch size exceeded) 25008239
bases in batch (batch size exceeded) 25009293
bases in batch (batch size exceeded) 25029513
bases in batch (batch size exceeded) 25024678
bases in batch (batch size exceeded) 25004874
bases in batch (core allotment reached) 2385658
bases in batch (batch size exceeded) 25000056
bases in batch (batch size exceeded) 25002507
bases in batch (batch size exceeded) 25008849
bases in batch (batch size exceeded) 25017749
bases in batch (batch size exceeded) 25000947
bases in batch (batch size exceeded) 25007155
bases in batch (batch size exceeded) 25024745
bases in batch (batch size exceeded) 25027169
bases in batch (batch size exceeded) 25024456
bases in batch (batch size exceeded) 25002789
bases in batch (core allotment reached) 2428247
bases in batch (batch size exceeded) 25001676
bases in batch (batch size exceeded) 25052215
bases in batch (batch size exceeded) 25052730
bases in batch (batch size exceeded) 25009687
bases in batch (batch size exceeded) 25015809
bases in batch (batch size exceeded) 25011451
bases in batch (batch size exceeded) 25015362
bases in batch (batch size exceeded) 25005965
bases in batch (batch size exceeded) 25010996
bases in batch (batch size exceeded) 25004757
bases in batch (core allotment reached) 2362529
bases in batch (batch size exceeded) 25009510
bases in batch (batch size exceeded) 25008645
bases in batch (batch size exceeded) 25002847
bases in batch (batch size exceeded) 25025219
bases in batch (batch size exceeded) 25003232
bases in batch (batch size exceeded) 25017972
bases in batch (batch size exceeded) 25015111
bases in batch (batch size exceeded) 25014727
bases in batch (batch size exceeded) 25004681
bases in batch (batch size exceeded) 25007151
bases in batch (core allotment reached) 2449770
bases in batch (batch size exceeded) 25004730
bases in batch (batch size exceeded) 25007024
bases in batch (batch size exceeded) 25003174
bases in batch (batch size exceeded) 25000468
bases in batch (batch size exceeded) 25022134
bases in batch (batch size exceeded) 25000837
bases in batch (batch size exceeded) 25004763
bases in batch (batch size exceeded) 25017175
bases in batch (batch size exceeded) 25006955
bases in batch (batch size exceeded) 25006500
bases in batch (core allotment reached) 2482370
bases in batch (batch size exceeded) 25045297
bases in batch (batch size exceeded) 25013452
bases in batch (batch size exceeded) 25000173
bases in batch (batch size exceeded) 25004786
bases in batch (batch size exceeded) 25000102
bases in batch (batch size exceeded) 25005265
bases in batch (batch size exceeded) 25051472
bases in batch (batch size exceeded) 25022216
bases in batch (batch size exceeded) 25008695
bases in batch (batch size exceeded) 25035821
bases in batch (core allotment reached) 2431819
bases in batch (batch size exceeded) 25015701
bases in batch (batch size exceeded) 25003166
bases in batch (batch size exceeded) 25015154
bases in batch (batch size exceeded) 25041813
bases in batch (batch size exceeded) 25024586
bases in batch (batch size exceeded) 25004860
bases in batch (batch size exceeded) 25014322
bases in batch (batch size exceeded) 25014290
bases in batch (batch size exceeded) 25002172
bases in batch (batch size exceeded) 25014932
bases in batch (core allotment reached) 2388421
bases in batch (batch size exceeded) 25081651
bases in batch (batch size exceeded) 25000830
bases in batch (batch size exceeded) 25016092
bases in batch (batch size exceeded) 25016155
bases in batch (batch size exceeded) 25028473
bases in batch (batch size exceeded) 25004084
bases in batch (batch size exceeded) 25039605
bases in batch (batch size exceeded) 25022361
bases in batch (batch size exceeded) 25016449
bases in batch (batch size exceeded) 25026873
bases in batch (core allotment reached) 2285472
bases in batch (batch size exceeded) 25005955
bases in batch (batch size exceeded) 25016018
bases in batch (batch size exceeded) 25024206
bases in batch (batch size exceeded) 25002830
bases in batch (batch size exceeded) 25008803
bases in batch (batch size exceeded) 25022042
bases in batch (batch size exceeded) 25000280
bases in batch (batch size exceeded) 25040795
bases in batch (batch size exceeded) 25035517
bases in batch (batch size exceeded) 25009560
bases in batch (core allotment reached) 2373694
bases in batch (batch size exceeded) 25017654
bases in batch (batch size exceeded) 25011452
bases in batch (batch size exceeded) 25006931
bases in batch (batch size exceeded) 25000485
bases in batch (batch size exceeded) 25022674
bases in batch (batch size exceeded) 25038734
bases in batch (batch size exceeded) 25021626
bases in batch (batch size exceeded) 25035271
bases in batch (batch size exceeded) 25035993
bases in batch (batch size exceeded) 25016434
bases in batch (core allotment reached) 2328946
bases in batch (batch size exceeded) 25007765
bases in batch (batch size exceeded) 25010573
bases in batch (batch size exceeded) 25009473
bases in batch (batch size exceeded) 25010996
bases in batch (batch size exceeded) 25043455
bases in batch (batch size exceeded) 25026635
bases in batch (batch size exceeded) 25027140
bases in batch (batch size exceeded) 25002634
bases in batch (batch size exceeded) 25009157
bases in batch (batch size exceeded) 25005204
bases in batch (core allotment reached) 2391975
bases in batch (batch size exceeded) 25019823
bases in batch (batch size exceeded) 25001188
bases in batch (batch size exceeded) 25004073
bases in batch (batch size exceeded) 25016900
bases in batch (batch size exceeded) 25002347
bases in batch (batch size exceeded) 25031372
bases in batch (batch size exceeded) 25005475
bases in batch (batch size exceeded) 25018340
bases in batch (batch size exceeded) 25029279
bases in batch (batch size exceeded) 25044651
bases in batch (core allotment reached) 2367999
bases in batch (batch size exceeded) 25000274
bases in batch (batch size exceeded) 25011671
bases in batch (batch size exceeded) 25005914
bases in batch (batch size exceeded) 25012894
bases in batch (batch size exceeded) 25023693
bases in batch (batch size exceeded) 25015211
bases in batch (batch size exceeded) 25032901
bases in batch (batch size exceeded) 25030118
bases in batch (batch size exceeded) 25010776
bases in batch (batch size exceeded) 25003817
bases in batch (core allotment reached) 2388841
bases in batch (batch size exceeded) 25001098
bases in batch (batch size exceeded) 25030818
bases in batch (batch size exceeded) 25030230
bases in batch (batch size exceeded) 25004341
bases in batch (batch size exceeded) 25001605
bases in batch (batch size exceeded) 25028352
bases in batch (batch size exceeded) 25002964
bases in batch (batch size exceeded) 25020288
bases in batch (batch size exceeded) 25043111
bases in batch (batch size exceeded) 25006766
bases in batch (core allotment reached) 2381004
bases in batch (batch size exceeded) 25001949
bases in batch (batch size exceeded) 25009118
bases in batch (batch size exceeded) 25003577
bases in batch (batch size exceeded) 25005372
bases in batch (batch size exceeded) 25001994
bases in batch (batch size exceeded) 25000228
bases in batch (batch size exceeded) 25019454
bases in batch (batch size exceeded) 25000350
bases in batch (batch size exceeded) 25011514
bases in batch (batch size exceeded) 25000416
bases in batch (core allotment reached) 2479618
bases in batch (batch size exceeded) 25001450
bases in batch (batch size exceeded) 25001861
bases in batch (batch size exceeded) 25059548
bases in batch (batch size exceeded) 25054683
bases in batch (batch size exceeded) 25009841
bases in batch (batch size exceeded) 25037458
bases in batch (batch size exceeded) 25003003
bases in batch (batch size exceeded) 25006250
bases in batch (batch size exceeded) 25005629
bases in batch (batch size exceeded) 25009814
bases in batch (core allotment reached) 2364934
bases in batch (batch size exceeded) 25013241
bases in batch (batch size exceeded) 25006739
bases in batch (batch size exceeded) 25013881
bases in batch (batch size exceeded) 25057855
bases in batch (batch size exceeded) 25003643
bases in batch (batch size exceeded) 25011415
bases in batch (batch size exceeded) 25012832
bases in batch (batch size exceeded) 25000903
bases in batch (batch size exceeded) 25030235
bases in batch (batch size exceeded) 25017502
bases in batch (core allotment reached) 2368316
bases in batch (batch size exceeded) 25015917
bases in batch (batch size exceeded) 25023088
bases in batch (batch size exceeded) 25035385
bases in batch (batch size exceeded) 25000100
bases in batch (batch size exceeded) 25039495
bases in batch (batch size exceeded) 25000722
bases in batch (batch size exceeded) 25004337
bases in batch (batch size exceeded) 25017112
bases in batch (batch size exceeded) 25005086
bases in batch (batch size exceeded) 25007275
bases in batch (core allotment reached) 2385192
bases in batch (batch size exceeded) 25000308
bases in batch (batch size exceeded) 25022790
bases in batch (batch size exceeded) 25013992
bases in batch (batch size exceeded) 25000799
bases in batch (batch size exceeded) 25006440
bases in batch (batch size exceeded) 25002290
bases in batch (batch size exceeded) 25002884
bases in batch (batch size exceeded) 25007552
bases in batch (batch size exceeded) 25030448
bases in batch (batch size exceeded) 25000266
bases in batch (core allotment reached) 2451835
bases in batch (batch size exceeded) 25005889
bases in batch (batch size exceeded) 25021361
bases in batch (batch size exceeded) 25031132
bases in batch (batch size exceeded) 25039300
bases in batch (batch size exceeded) 25033590
bases in batch (batch size exceeded) 25001344
bases in batch (batch size exceeded) 25006132
bases in batch (batch size exceeded) 25019237
bases in batch (batch size exceeded) 25015423
bases in batch (batch size exceeded) 25015603
bases in batch (core allotment reached) 2344516
bases in batch (batch size exceeded) 25020260
bases in batch (batch size exceeded) 25021279
bases in batch (batch size exceeded) 25044405
bases in batch (batch size exceeded) 25011018
bases in batch (batch size exceeded) 25009189
bases in batch (batch size exceeded) 25000956
bases in batch (batch size exceeded) 25004209
bases in batch (batch size exceeded) 25024442
bases in batch (batch size exceeded) 25011213
bases in batch (batch size exceeded) 25000004
bases in batch (core allotment reached) 2462710
bases in batch (batch size exceeded) 25015364
bases in batch (batch size exceeded) 25003325
bases in batch (batch size exceeded) 25024337
bases in batch (batch size exceeded) 25005705
bases in batch (batch size exceeded) 25000037
bases in batch (batch size exceeded) 25029947
bases in batch (batch size exceeded) 25009531
bases in batch (batch size exceeded) 25007189
bases in batch (batch size exceeded) 25016658
bases in batch (batch size exceeded) 25006102
bases in batch (core allotment reached) 2432907
bases in batch (batch size exceeded) 25041237
bases in batch (batch size exceeded) 25000204
bases in batch (batch size exceeded) 25037704
bases in batch (batch size exceeded) 25007119
bases in batch (batch size exceeded) 25004143
bases in batch (batch size exceeded) 25013297
bases in batch (batch size exceeded) 25007887
bases in batch (batch size exceeded) 25010598
bases in batch (batch size exceeded) 25028911
bases in batch (batch size exceeded) 25048959
bases in batch (core allotment reached) 2383246
bases in batch (batch size exceeded) 25009243
bases in batch (batch size exceeded) 25015468
bases in batch (batch size exceeded) 25005906
bases in batch (batch size exceeded) 25006384
bases in batch (batch size exceeded) 25016293
bases in batch (batch size exceeded) 25060014
bases in batch (batch size exceeded) 25001486
bases in batch (batch size exceeded) 25010834
bases in batch (batch size exceeded) 25008492
bases in batch (batch size exceeded) 25042756
bases in batch (core allotment reached) 2376049
bases in batch (batch size exceeded) 25013742
bases in batch (batch size exceeded) 25001856
bases in batch (batch size exceeded) 25001632
bases in batch (batch size exceeded) 25012125
bases in batch (batch size exceeded) 25023903
bases in batch (batch size exceeded) 25029655
bases in batch (batch size exceeded) 25010440
bases in batch (batch size exceeded) 25018766
bases in batch (batch size exceeded) 25004357
bases in batch (batch size exceeded) 25022825
bases in batch (core allotment reached) 2390569
bases in batch (batch size exceeded) 25000424
bases in batch (batch size exceeded) 25011043
bases in batch (batch size exceeded) 25000061
bases in batch (batch size exceeded) 25012340
bases in batch (batch size exceeded) 25001922
bases in batch (batch size exceeded) 25015309
bases in batch (batch size exceeded) 25036212
bases in batch (batch size exceeded) 25013033
bases in batch (batch size exceeded) 25004532
bases in batch (batch size exceeded) 25018557
bases in batch (core allotment reached) 2424590
bases in batch (batch size exceeded) 25002413
bases in batch (batch size exceeded) 25034301
bases in batch (batch size exceeded) 25036821
bases in batch (batch size exceeded) 25016781
bases in batch (batch size exceeded) 25010496
bases in batch (batch size exceeded) 25000059
bases in batch (batch size exceeded) 25014323
bases in batch (batch size exceeded) 25000874
bases in batch (batch size exceeded) 25042113
bases in batch (batch size exceeded) 25026592
bases in batch (core allotment reached) 2369112
bases in batch (batch size exceeded) 25007593
bases in batch (batch size exceeded) 25047395
bases in batch (batch size exceeded) 25028722
bases in batch (batch size exceeded) 25032141
bases in batch (batch size exceeded) 25000409
bases in batch (batch size exceeded) 25006145
bases in batch (batch size exceeded) 25012996
bases in batch (batch size exceeded) 25004065
bases in batch (batch size exceeded) 25011859
bases in batch (batch size exceeded) 25011845
bases in batch (core allotment reached) 2382646
bases in batch (batch size exceeded) 25024280
bases in batch (batch size exceeded) 25002887
bases in batch (batch size exceeded) 25030890
bases in batch (batch size exceeded) 25000935
bases in batch (batch size exceeded) 25000385
bases in batch (batch size exceeded) 25037242
bases in batch (batch size exceeded) 25001433
bases in batch (batch size exceeded) 25014924
bases in batch (batch size exceeded) 25030686
bases in batch (batch size exceeded) 25019066
bases in batch (core allotment reached) 2367022
bases in batch (batch size exceeded) 25034221
bases in batch (batch size exceeded) 25011225
bases in batch (batch size exceeded) 25016273
bases in batch (batch size exceeded) 25042917
bases in batch (batch size exceeded) 25033074
bases in batch (batch size exceeded) 25004542
bases in batch (batch size exceeded) 25016033
bases in batch (batch size exceeded) 25018739
bases in batch (batch size exceeded) 25031825
bases in batch (batch size exceeded) 25008224
bases in batch (core allotment reached) 2319919
bases in batch (batch size exceeded) 25012980
bases in batch (batch size exceeded) 25022007
bases in batch (batch size exceeded) 25009616
bases in batch (batch size exceeded) 25025316
bases in batch (batch size exceeded) 25012761
bases in batch (batch size exceeded) 25000219
bases in batch (batch size exceeded) 25007477
bases in batch (batch size exceeded) 25004730
bases in batch (batch size exceeded) 25008018
bases in batch (batch size exceeded) 25013495
bases in batch (core allotment reached) 2415926
bases in batch (batch size exceeded) 25015984
bases in batch (batch size exceeded) 25002557
bases in batch (batch size exceeded) 25005100
bases in batch (batch size exceeded) 25000160
bases in batch (batch size exceeded) 25000302
bases in batch (batch size exceeded) 25020544
bases in batch (batch size exceeded) 25042495
bases in batch (batch size exceeded) 25001532
bases in batch (batch size exceeded) 25001228
bases in batch (batch size exceeded) 25000108
bases in batch (last for core) 1860349
Starting up parallel processes, tasklist took 33.4970383644104
Starting merge, parallel processing took 459.69250106811523
bigwig
Merge took 959.1622731685638

