chr21:0-45090682
histone1_chr21
bases in batch (core allotment reached) 61635844
bases in batch (core allotment reached) 61607813
bases in batch (core allotment reached) 61620977
bases in batch (core allotment reached) 61627324
bases in batch (core allotment reached) 61612251
bases in batch (core allotment reached) 61612514
bases in batch (core allotment reached) 61623311
bases in batch (core allotment reached) 61623958
bases in batch (core allotment reached) 61611667
bases in batch (core allotment reached) 61607626
bases in batch (core allotment reached) 61611497
bases in batch (core allotment reached) 61611787
bases in batch (core allotment reached) 61625683
bases in batch (core allotment reached) 61607604
bases in batch (core allotment reached) 61606835
bases in batch (core allotment reached) 61633486
bases in batch (core allotment reached) 61616690
bases in batch (core allotment reached) 61626582
bases in batch (core allotment reached) 61629831
bases in batch (core allotment reached) 61622191
bases in batch (core allotment reached) 61675418
bases in batch (core allotment reached) 61608839
bases in batch (core allotment reached) 61611315
bases in batch (core allotment reached) 61642114
bases in batch (core allotment reached) 61607262
bases in batch (core allotment reached) 61606115
bases in batch (core allotment reached) 61608864
bases in batch (core allotment reached) 61665929
bases in batch (core allotment reached) 61606130
bases in batch (core allotment reached) 61612040
bases in batch (core allotment reached) 61609394
bases in batch (last for core) 61148176
Starting up parallel processes, tasklist took 8.729833602905273
Starting merge, parallel processing took 117.96274328231812
bigwig
Merge took 221.21345782279968

