chr12:0-133324548
histone2_chr12
bases in batch (batch size exceeded) 25010171
bases in batch (batch size exceeded) 25044946
bases in batch (batch size exceeded) 25014506
bases in batch (batch size exceeded) 25007492
bases in batch (batch size exceeded) 25020183
bases in batch (batch size exceeded) 25037123
bases in batch (core allotment reached) 17394546
bases in batch (batch size exceeded) 25010239
bases in batch (batch size exceeded) 25004752
bases in batch (batch size exceeded) 25043460
bases in batch (batch size exceeded) 25000822
bases in batch (batch size exceeded) 25022604
bases in batch (batch size exceeded) 25001314
bases in batch (core allotment reached) 17431048
bases in batch (batch size exceeded) 25001417
bases in batch (batch size exceeded) 25008404
bases in batch (batch size exceeded) 25066981
bases in batch (batch size exceeded) 25011086
bases in batch (batch size exceeded) 25001530
bases in batch (batch size exceeded) 25046176
bases in batch (core allotment reached) 17383277
bases in batch (batch size exceeded) 25038298
bases in batch (batch size exceeded) 25000050
bases in batch (batch size exceeded) 25021431
bases in batch (batch size exceeded) 25024445
bases in batch (batch size exceeded) 25000223
bases in batch (batch size exceeded) 25001704
bases in batch (core allotment reached) 17411266
bases in batch (batch size exceeded) 25006998
bases in batch (batch size exceeded) 25013560
bases in batch (batch size exceeded) 25001573
bases in batch (batch size exceeded) 25008203
bases in batch (batch size exceeded) 25015641
bases in batch (batch size exceeded) 25002573
bases in batch (core allotment reached) 17451593
bases in batch (batch size exceeded) 25004331
bases in batch (batch size exceeded) 25028896
bases in batch (batch size exceeded) 25004453
bases in batch (batch size exceeded) 25019316
bases in batch (batch size exceeded) 25049335
bases in batch (batch size exceeded) 25031556
bases in batch (core allotment reached) 17361237
bases in batch (batch size exceeded) 25011574
bases in batch (batch size exceeded) 25000024
bases in batch (batch size exceeded) 25003315
bases in batch (batch size exceeded) 25007213
bases in batch (batch size exceeded) 25011964
bases in batch (batch size exceeded) 25036462
bases in batch (core allotment reached) 17438328
bases in batch (batch size exceeded) 25001584
bases in batch (batch size exceeded) 25011860
bases in batch (batch size exceeded) 25038693
bases in batch (batch size exceeded) 25001291
bases in batch (batch size exceeded) 25059706
bases in batch (batch size exceeded) 25057048
bases in batch (core allotment reached) 17384739
bases in batch (batch size exceeded) 25009643
bases in batch (batch size exceeded) 25009755
bases in batch (batch size exceeded) 25003242
bases in batch (batch size exceeded) 25020540
bases in batch (batch size exceeded) 25001046
bases in batch (batch size exceeded) 25012781
bases in batch (core allotment reached) 17443057
bases in batch (batch size exceeded) 25002300
bases in batch (batch size exceeded) 25006391
bases in batch (batch size exceeded) 25001673
bases in batch (batch size exceeded) 25001743
bases in batch (batch size exceeded) 25006808
bases in batch (batch size exceeded) 25021670
bases in batch (core allotment reached) 17460795
bases in batch (batch size exceeded) 25017363
bases in batch (batch size exceeded) 25001515
bases in batch (batch size exceeded) 25057982
bases in batch (batch size exceeded) 25001639
bases in batch (batch size exceeded) 25004928
bases in batch (batch size exceeded) 25008072
bases in batch (core allotment reached) 17404237
bases in batch (batch size exceeded) 25048122
bases in batch (batch size exceeded) 25000060
bases in batch (batch size exceeded) 25013637
bases in batch (batch size exceeded) 25003151
bases in batch (batch size exceeded) 25003222
bases in batch (batch size exceeded) 25012293
bases in batch (core allotment reached) 17422390
bases in batch (batch size exceeded) 25043906
bases in batch (batch size exceeded) 25072120
bases in batch (batch size exceeded) 25011473
bases in batch (batch size exceeded) 25005373
bases in batch (batch size exceeded) 25004430
bases in batch (batch size exceeded) 25000525
bases in batch (core allotment reached) 17378965
bases in batch (batch size exceeded) 25016704
bases in batch (batch size exceeded) 25030201
bases in batch (batch size exceeded) 25001249
bases in batch (batch size exceeded) 25000108
bases in batch (batch size exceeded) 25019048
bases in batch (batch size exceeded) 25045231
bases in batch (core allotment reached) 17415270
bases in batch (batch size exceeded) 25014960
bases in batch (batch size exceeded) 25001915
bases in batch (batch size exceeded) 25067250
bases in batch (batch size exceeded) 25011387
bases in batch (batch size exceeded) 25000919
bases in batch (batch size exceeded) 25008589
bases in batch (core allotment reached) 17391385
bases in batch (batch size exceeded) 25016709
bases in batch (batch size exceeded) 25003369
bases in batch (batch size exceeded) 25002363
bases in batch (batch size exceeded) 25018408
bases in batch (batch size exceeded) 25004241
bases in batch (batch size exceeded) 25004480
bases in batch (core allotment reached) 17447600
bases in batch (batch size exceeded) 25008711
bases in batch (batch size exceeded) 25015651
bases in batch (batch size exceeded) 25000784
bases in batch (batch size exceeded) 25002884
bases in batch (batch size exceeded) 25019199
bases in batch (batch size exceeded) 25000482
bases in batch (core allotment reached) 17460255
bases in batch (batch size exceeded) 25031513
bases in batch (batch size exceeded) 25001044
bases in batch (batch size exceeded) 25005719
bases in batch (batch size exceeded) 25030316
bases in batch (batch size exceeded) 25008788
bases in batch (batch size exceeded) 25017772
bases in batch (core allotment reached) 17413963
bases in batch (batch size exceeded) 25005836
bases in batch (batch size exceeded) 25003726
bases in batch (batch size exceeded) 25006839
bases in batch (batch size exceeded) 25000307
bases in batch (batch size exceeded) 25035425
bases in batch (batch size exceeded) 25002663
bases in batch (core allotment reached) 17454884
bases in batch (batch size exceeded) 25020253
bases in batch (batch size exceeded) 25005756
bases in batch (batch size exceeded) 25005659
bases in batch (batch size exceeded) 25012035
bases in batch (batch size exceeded) 25003445
bases in batch (batch size exceeded) 25003624
bases in batch (core allotment reached) 17469662
bases in batch (batch size exceeded) 25016507
bases in batch (batch size exceeded) 25000076
bases in batch (batch size exceeded) 25016801
bases in batch (batch size exceeded) 25013509
bases in batch (batch size exceeded) 25000283
bases in batch (batch size exceeded) 25014143
bases in batch (core allotment reached) 17458216
bases in batch (batch size exceeded) 25003849
bases in batch (batch size exceeded) 25015731
bases in batch (batch size exceeded) 25001984
bases in batch (batch size exceeded) 25005320
bases in batch (batch size exceeded) 25027040
bases in batch (batch size exceeded) 25096279
bases in batch (core allotment reached) 17386544
bases in batch (batch size exceeded) 25014632
bases in batch (batch size exceeded) 25021458
bases in batch (batch size exceeded) 25000462
bases in batch (batch size exceeded) 25002384
bases in batch (batch size exceeded) 25000788
bases in batch (batch size exceeded) 25003823
bases in batch (core allotment reached) 17466304
bases in batch (batch size exceeded) 25020368
bases in batch (batch size exceeded) 25002840
bases in batch (batch size exceeded) 25015943
bases in batch (batch size exceeded) 25006736
bases in batch (batch size exceeded) 25001414
bases in batch (batch size exceeded) 25000099
bases in batch (core allotment reached) 17454345
bases in batch (batch size exceeded) 25043879
bases in batch (batch size exceeded) 25024720
bases in batch (batch size exceeded) 25000323
bases in batch (batch size exceeded) 25002440
bases in batch (batch size exceeded) 25011307
bases in batch (batch size exceeded) 25007554
bases in batch (core allotment reached) 17414773
bases in batch (batch size exceeded) 25005300
bases in batch (batch size exceeded) 25027320
bases in batch (batch size exceeded) 25024142
bases in batch (batch size exceeded) 25010393
bases in batch (batch size exceeded) 25000816
bases in batch (batch size exceeded) 25024776
bases in batch (core allotment reached) 17402904
bases in batch (batch size exceeded) 25015451
bases in batch (batch size exceeded) 25000737
bases in batch (batch size exceeded) 25008309
bases in batch (batch size exceeded) 25013847
bases in batch (batch size exceeded) 25007818
bases in batch (batch size exceeded) 25077623
bases in batch (core allotment reached) 17381571
bases in batch (batch size exceeded) 25030325
bases in batch (batch size exceeded) 25010475
bases in batch (batch size exceeded) 25045390
bases in batch (batch size exceeded) 25026591
bases in batch (batch size exceeded) 25001500
bases in batch (batch size exceeded) 25001377
bases in batch (core allotment reached) 17417032
bases in batch (batch size exceeded) 25015732
bases in batch (batch size exceeded) 25004989
bases in batch (batch size exceeded) 25032891
bases in batch (batch size exceeded) 25023438
bases in batch (batch size exceeded) 25013010
bases in batch (batch size exceeded) 25015125
bases in batch (core allotment reached) 17404118
bases in batch (batch size exceeded) 25024186
bases in batch (batch size exceeded) 25019217
bases in batch (batch size exceeded) 25016794
bases in batch (batch size exceeded) 25019795
bases in batch (batch size exceeded) 25001183
bases in batch (batch size exceeded) 25018453
bases in batch (core allotment reached) 17420951
bases in batch (batch size exceeded) 25005183
bases in batch (batch size exceeded) 25002270
bases in batch (batch size exceeded) 25005194
bases in batch (batch size exceeded) 25004257
bases in batch (batch size exceeded) 25002295
bases in batch (batch size exceeded) 25012072
bases in batch (core allotment reached) 17480469
bases in batch (batch size exceeded) 25004781
bases in batch (batch size exceeded) 25044535
bases in batch (batch size exceeded) 25010883
bases in batch (batch size exceeded) 25001892
bases in batch (batch size exceeded) 25052502
bases in batch (batch size exceeded) 25023225
bases in batch (last for core) 16865368
Starting up parallel processes, tasklist took 22.995260000228882
Starting merge, parallel processing took 304.8092882633209
bigwig
Merge took 655.3960182666779

