chr13:0-113566686
histone1_chr13
bases in batch (batch size exceeded) 25003313
bases in batch (batch size exceeded) 25001152
bases in batch (batch size exceeded) 25001639
bases in batch (batch size exceeded) 25000614
bases in batch (batch size exceeded) 25008885
bases in batch (core allotment reached) 10548282
bases in batch (batch size exceeded) 25000493
bases in batch (batch size exceeded) 25028713
bases in batch (batch size exceeded) 25002437
bases in batch (batch size exceeded) 25038793
bases in batch (batch size exceeded) 25005484
bases in batch (core allotment reached) 10462837
bases in batch (batch size exceeded) 25000453
bases in batch (batch size exceeded) 25002639
bases in batch (batch size exceeded) 25011561
bases in batch (batch size exceeded) 25000729
bases in batch (batch size exceeded) 25012496
bases in batch (core allotment reached) 10546107
bases in batch (batch size exceeded) 25007989
bases in batch (batch size exceeded) 25013847
bases in batch (batch size exceeded) 25010102
bases in batch (batch size exceeded) 25008093
bases in batch (batch size exceeded) 25006274
bases in batch (core allotment reached) 10508115
bases in batch (batch size exceeded) 25001887
bases in batch (batch size exceeded) 25000251
bases in batch (batch size exceeded) 25008333
bases in batch (batch size exceeded) 25000411
bases in batch (batch size exceeded) 25004508
bases in batch (core allotment reached) 10529237
bases in batch (batch size exceeded) 25007287
bases in batch (batch size exceeded) 25000713
bases in batch (batch size exceeded) 25003166
bases in batch (batch size exceeded) 25014632
bases in batch (batch size exceeded) 25003936
bases in batch (core allotment reached) 10509990
bases in batch (batch size exceeded) 25015934
bases in batch (batch size exceeded) 25051577
bases in batch (batch size exceeded) 25048975
bases in batch (batch size exceeded) 25008303
bases in batch (batch size exceeded) 25019616
bases in batch (core allotment reached) 10406006
bases in batch (batch size exceeded) 25021474
bases in batch (batch size exceeded) 25005020
bases in batch (batch size exceeded) 25025911
bases in batch (batch size exceeded) 25011786
bases in batch (batch size exceeded) 25016065
bases in batch (core allotment reached) 10451437
bases in batch (batch size exceeded) 25020047
bases in batch (batch size exceeded) 25052458
bases in batch (batch size exceeded) 25015362
bases in batch (batch size exceeded) 25012063
bases in batch (batch size exceeded) 25018956
bases in batch (core allotment reached) 10410564
bases in batch (batch size exceeded) 25000693
bases in batch (batch size exceeded) 25001844
bases in batch (batch size exceeded) 25004139
bases in batch (batch size exceeded) 25001837
bases in batch (batch size exceeded) 25008877
bases in batch (core allotment reached) 10515504
bases in batch (batch size exceeded) 25006496
bases in batch (batch size exceeded) 25000822
bases in batch (batch size exceeded) 25002066
bases in batch (batch size exceeded) 25000475
bases in batch (batch size exceeded) 25045642
bases in batch (core allotment reached) 10472971
bases in batch (batch size exceeded) 25001352
bases in batch (batch size exceeded) 25008445
bases in batch (batch size exceeded) 25022593
bases in batch (batch size exceeded) 25001977
bases in batch (batch size exceeded) 25001646
bases in batch (core allotment reached) 10493944
bases in batch (batch size exceeded) 25042713
bases in batch (batch size exceeded) 25002336
bases in batch (batch size exceeded) 25046242
bases in batch (batch size exceeded) 25070947
bases in batch (batch size exceeded) 25014005
bases in batch (core allotment reached) 10352328
bases in batch (batch size exceeded) 25026432
bases in batch (batch size exceeded) 25005032
bases in batch (batch size exceeded) 25008115
bases in batch (batch size exceeded) 25030755
bases in batch (batch size exceeded) 25003087
bases in batch (core allotment reached) 10516900
bases in batch (batch size exceeded) 25003415
bases in batch (batch size exceeded) 25035828
bases in batch (batch size exceeded) 25039473
bases in batch (batch size exceeded) 25026838
bases in batch (batch size exceeded) 25015661
bases in batch (core allotment reached) 10423160
bases in batch (batch size exceeded) 25029526
bases in batch (batch size exceeded) 25009443
bases in batch (batch size exceeded) 25003372
bases in batch (batch size exceeded) 25003305
bases in batch (batch size exceeded) 25027354
bases in batch (core allotment reached) 10462351
bases in batch (batch size exceeded) 25013518
bases in batch (batch size exceeded) 25000629
bases in batch (batch size exceeded) 25007611
bases in batch (batch size exceeded) 25003075
bases in batch (batch size exceeded) 25018405
bases in batch (core allotment reached) 10486778
bases in batch (batch size exceeded) 25012656
bases in batch (batch size exceeded) 25005047
bases in batch (batch size exceeded) 25004528
bases in batch (batch size exceeded) 25008645
bases in batch (batch size exceeded) 25064117
bases in batch (core allotment reached) 10450576
bases in batch (batch size exceeded) 25000406
bases in batch (batch size exceeded) 25001452
bases in batch (batch size exceeded) 25016281
bases in batch (batch size exceeded) 25026597
bases in batch (batch size exceeded) 25029983
bases in batch (core allotment reached) 10455934
bases in batch (batch size exceeded) 25018980
bases in batch (batch size exceeded) 25001048
bases in batch (batch size exceeded) 25004053
bases in batch (batch size exceeded) 25007382
bases in batch (batch size exceeded) 25025556
bases in batch (core allotment reached) 10471475
bases in batch (batch size exceeded) 25002950
bases in batch (batch size exceeded) 25045719
bases in batch (batch size exceeded) 25001339
bases in batch (batch size exceeded) 25006635
bases in batch (batch size exceeded) 25000308
bases in batch (core allotment reached) 10476208
bases in batch (batch size exceeded) 25071281
bases in batch (batch size exceeded) 25001489
bases in batch (batch size exceeded) 25000508
bases in batch (batch size exceeded) 25005736
bases in batch (batch size exceeded) 25001842
bases in batch (core allotment reached) 10449355
bases in batch (batch size exceeded) 25003616
bases in batch (batch size exceeded) 25005531
bases in batch (batch size exceeded) 25001906
bases in batch (batch size exceeded) 25000428
bases in batch (batch size exceeded) 25000430
bases in batch (core allotment reached) 10522036
bases in batch (batch size exceeded) 25049023
bases in batch (batch size exceeded) 25005519
bases in batch (batch size exceeded) 25002927
bases in batch (batch size exceeded) 25001195
bases in batch (batch size exceeded) 25007644
bases in batch (core allotment reached) 10480905
bases in batch (batch size exceeded) 25002631
bases in batch (batch size exceeded) 25000856
bases in batch (batch size exceeded) 25004556
bases in batch (batch size exceeded) 25000683
bases in batch (batch size exceeded) 25025033
bases in batch (core allotment reached) 10500175
bases in batch (batch size exceeded) 25002514
bases in batch (batch size exceeded) 25001519
bases in batch (batch size exceeded) 25100079
bases in batch (batch size exceeded) 25001348
bases in batch (batch size exceeded) 25035421
bases in batch (core allotment reached) 10390942
bases in batch (batch size exceeded) 25015378
bases in batch (batch size exceeded) 25001374
bases in batch (batch size exceeded) 25038313
bases in batch (batch size exceeded) 25000794
bases in batch (batch size exceeded) 25011009
bases in batch (core allotment reached) 10467358
bases in batch (batch size exceeded) 25000754
bases in batch (batch size exceeded) 25005034
bases in batch (batch size exceeded) 25001052
bases in batch (batch size exceeded) 25037514
bases in batch (batch size exceeded) 25008191
bases in batch (core allotment reached) 10477399
bases in batch (batch size exceeded) 25012332
bases in batch (batch size exceeded) 25013329
bases in batch (batch size exceeded) 25036185
bases in batch (batch size exceeded) 25017709
bases in batch (batch size exceeded) 25001233
bases in batch (core allotment reached) 10468159
bases in batch (batch size exceeded) 25005705
bases in batch (batch size exceeded) 25037197
bases in batch (batch size exceeded) 25029017
bases in batch (batch size exceeded) 25001247
bases in batch (batch size exceeded) 25018427
bases in batch (core allotment reached) 10438833
bases in batch (batch size exceeded) 25025075
bases in batch (batch size exceeded) 25000782
bases in batch (batch size exceeded) 25012215
bases in batch (batch size exceeded) 25061153
bases in batch (batch size exceeded) 25032616
bases in batch (core allotment reached) 10408999
bases in batch (batch size exceeded) 25003346
bases in batch (batch size exceeded) 25013102
bases in batch (batch size exceeded) 25003952
bases in batch (batch size exceeded) 25002226
bases in batch (batch size exceeded) 25001519
bases in batch (last for core) 10123837
Starting up parallel processes, tasklist took 19.412137031555176
Starting merge, parallel processing took 277.21733236312866
bigwig
Merge took 559.1569457054138

