chr4:0-193574945
histone2_chr4
bases in batch (batch size exceeded) 25022122
bases in batch (batch size exceeded) 25020967
bases in batch (batch size exceeded) 25024369
bases in batch (batch size exceeded) 25000316
bases in batch (batch size exceeded) 25001270
bases in batch (batch size exceeded) 25026520
bases in batch (batch size exceeded) 25001231
bases in batch (batch size exceeded) 25028827
bases in batch (batch size exceeded) 25006237
bases in batch (core allotment reached) 13268835
bases in batch (batch size exceeded) 25020044
bases in batch (batch size exceeded) 25046566
bases in batch (batch size exceeded) 25000122
bases in batch (batch size exceeded) 25005667
bases in batch (batch size exceeded) 25002267
bases in batch (batch size exceeded) 25029361
bases in batch (batch size exceeded) 25019709
bases in batch (batch size exceeded) 25017869
bases in batch (batch size exceeded) 25047021
bases in batch (core allotment reached) 13170979
bases in batch (batch size exceeded) 25017406
bases in batch (batch size exceeded) 25002466
bases in batch (batch size exceeded) 25018614
bases in batch (batch size exceeded) 25023594
bases in batch (batch size exceeded) 25014600
bases in batch (batch size exceeded) 25006778
bases in batch (batch size exceeded) 25003796
bases in batch (batch size exceeded) 25014694
bases in batch (batch size exceeded) 25034201
bases in batch (core allotment reached) 13301855
bases in batch (batch size exceeded) 25016258
bases in batch (batch size exceeded) 25012137
bases in batch (batch size exceeded) 25043840
bases in batch (batch size exceeded) 25003295
bases in batch (batch size exceeded) 25008037
bases in batch (batch size exceeded) 25002762
bases in batch (batch size exceeded) 25001997
bases in batch (batch size exceeded) 25001203
bases in batch (batch size exceeded) 25021464
bases in batch (core allotment reached) 13243944
bases in batch (batch size exceeded) 25018560
bases in batch (batch size exceeded) 25011558
bases in batch (batch size exceeded) 25006425
bases in batch (batch size exceeded) 25021445
bases in batch (batch size exceeded) 25001867
bases in batch (batch size exceeded) 25027300
bases in batch (batch size exceeded) 25009301
bases in batch (batch size exceeded) 25028498
bases in batch (batch size exceeded) 25008819
bases in batch (core allotment reached) 13222421
bases in batch (batch size exceeded) 25004753
bases in batch (batch size exceeded) 25004498
bases in batch (batch size exceeded) 25002502
bases in batch (batch size exceeded) 25004067
bases in batch (batch size exceeded) 25000242
bases in batch (batch size exceeded) 25000310
bases in batch (batch size exceeded) 25029026
bases in batch (batch size exceeded) 25001830
bases in batch (batch size exceeded) 25007940
bases in batch (core allotment reached) 13322106
bases in batch (batch size exceeded) 25001911
bases in batch (batch size exceeded) 25011690
bases in batch (batch size exceeded) 25032623
bases in batch (batch size exceeded) 25012299
bases in batch (batch size exceeded) 25066038
bases in batch (batch size exceeded) 25015822
bases in batch (batch size exceeded) 25043800
bases in batch (batch size exceeded) 25000041
bases in batch (batch size exceeded) 25006159
bases in batch (core allotment reached) 13185975
bases in batch (batch size exceeded) 25000001
bases in batch (batch size exceeded) 25026527
bases in batch (batch size exceeded) 25021037
bases in batch (batch size exceeded) 25039731
bases in batch (batch size exceeded) 25012464
bases in batch (batch size exceeded) 25015847
bases in batch (batch size exceeded) 25019483
bases in batch (batch size exceeded) 25030545
bases in batch (batch size exceeded) 25046629
bases in batch (core allotment reached) 13150114
bases in batch (batch size exceeded) 25049217
bases in batch (batch size exceeded) 25037924
bases in batch (batch size exceeded) 25019500
bases in batch (batch size exceeded) 25035435
bases in batch (batch size exceeded) 25020031
bases in batch (batch size exceeded) 25006740
bases in batch (batch size exceeded) 25000392
bases in batch (batch size exceeded) 25002528
bases in batch (batch size exceeded) 25005102
bases in batch (core allotment reached) 13177935
bases in batch (batch size exceeded) 25004329
bases in batch (batch size exceeded) 25031062
bases in batch (batch size exceeded) 25000444
bases in batch (batch size exceeded) 25005037
bases in batch (batch size exceeded) 25010453
bases in batch (batch size exceeded) 25034520
bases in batch (batch size exceeded) 25020297
bases in batch (batch size exceeded) 25001846
bases in batch (batch size exceeded) 25001665
bases in batch (core allotment reached) 13271068
bases in batch (batch size exceeded) 25031790
bases in batch (batch size exceeded) 25003648
bases in batch (batch size exceeded) 25027610
bases in batch (batch size exceeded) 25000322
bases in batch (batch size exceeded) 25029036
bases in batch (batch size exceeded) 25003034
bases in batch (batch size exceeded) 25036839
bases in batch (batch size exceeded) 25010959
bases in batch (batch size exceeded) 25002905
bases in batch (core allotment reached) 13208872
bases in batch (batch size exceeded) 25057773
bases in batch (batch size exceeded) 25033867
bases in batch (batch size exceeded) 25023398
bases in batch (batch size exceeded) 25026171
bases in batch (batch size exceeded) 25000015
bases in batch (batch size exceeded) 25012968
bases in batch (batch size exceeded) 25003838
bases in batch (batch size exceeded) 25001826
bases in batch (batch size exceeded) 25009404
bases in batch (core allotment reached) 13242144
bases in batch (batch size exceeded) 25002416
bases in batch (batch size exceeded) 25001024
bases in batch (batch size exceeded) 25002602
bases in batch (batch size exceeded) 25000135
bases in batch (batch size exceeded) 25002213
bases in batch (batch size exceeded) 25039599
bases in batch (batch size exceeded) 25000224
bases in batch (batch size exceeded) 25020866
bases in batch (batch size exceeded) 25000725
bases in batch (core allotment reached) 13283095
bases in batch (batch size exceeded) 25011681
bases in batch (batch size exceeded) 25011691
bases in batch (batch size exceeded) 25002833
bases in batch (batch size exceeded) 25007747
bases in batch (batch size exceeded) 25002033
bases in batch (batch size exceeded) 25000189
bases in batch (batch size exceeded) 25015985
bases in batch (batch size exceeded) 25004005
bases in batch (batch size exceeded) 25028439
bases in batch (core allotment reached) 13280218
bases in batch (batch size exceeded) 25028591
bases in batch (batch size exceeded) 25000245
bases in batch (batch size exceeded) 25011564
bases in batch (batch size exceeded) 25007555
bases in batch (batch size exceeded) 25013496
bases in batch (batch size exceeded) 25024352
bases in batch (batch size exceeded) 25030742
bases in batch (batch size exceeded) 25022489
bases in batch (batch size exceeded) 25003137
bases in batch (core allotment reached) 13232721
bases in batch (batch size exceeded) 25001591
bases in batch (batch size exceeded) 25022644
bases in batch (batch size exceeded) 25007268
bases in batch (batch size exceeded) 25063049
bases in batch (batch size exceeded) 25003881
bases in batch (batch size exceeded) 25015455
bases in batch (batch size exceeded) 25011853
bases in batch (batch size exceeded) 25027663
bases in batch (batch size exceeded) 25009393
bases in batch (core allotment reached) 13211528
bases in batch (batch size exceeded) 25031968
bases in batch (batch size exceeded) 25038161
bases in batch (batch size exceeded) 25035363
bases in batch (batch size exceeded) 25030271
bases in batch (batch size exceeded) 25001241
bases in batch (batch size exceeded) 25000318
bases in batch (batch size exceeded) 25006094
bases in batch (batch size exceeded) 25000357
bases in batch (batch size exceeded) 25001995
bases in batch (core allotment reached) 13217235
bases in batch (batch size exceeded) 25002161
bases in batch (batch size exceeded) 25009477
bases in batch (batch size exceeded) 25015208
bases in batch (batch size exceeded) 25000123
bases in batch (batch size exceeded) 25004134
bases in batch (batch size exceeded) 25003629
bases in batch (batch size exceeded) 25000555
bases in batch (batch size exceeded) 25006229
bases in batch (batch size exceeded) 25001834
bases in batch (core allotment reached) 13347173
bases in batch (batch size exceeded) 25017593
bases in batch (batch size exceeded) 25007780
bases in batch (batch size exceeded) 25026098
bases in batch (batch size exceeded) 25016607
bases in batch (batch size exceeded) 25024053
bases in batch (batch size exceeded) 25001783
bases in batch (batch size exceeded) 25009001
bases in batch (batch size exceeded) 25020483
bases in batch (batch size exceeded) 25030390
bases in batch (core allotment reached) 13214599
bases in batch (batch size exceeded) 25031916
bases in batch (batch size exceeded) 25094333
bases in batch (batch size exceeded) 25020510
bases in batch (batch size exceeded) 25033230
bases in batch (batch size exceeded) 25001016
bases in batch (batch size exceeded) 25000758
bases in batch (batch size exceeded) 25010593
bases in batch (batch size exceeded) 25051852
bases in batch (batch size exceeded) 25014889
bases in batch (core allotment reached) 13094079
bases in batch (batch size exceeded) 25035734
bases in batch (batch size exceeded) 25008832
bases in batch (batch size exceeded) 25000173
bases in batch (batch size exceeded) 25002285
bases in batch (batch size exceeded) 25011098
bases in batch (batch size exceeded) 25006923
bases in batch (batch size exceeded) 25006056
bases in batch (batch size exceeded) 25000795
bases in batch (batch size exceeded) 25010454
bases in batch (core allotment reached) 13275316
bases in batch (batch size exceeded) 25003893
bases in batch (batch size exceeded) 25009028
bases in batch (batch size exceeded) 25003671
bases in batch (batch size exceeded) 25002377
bases in batch (batch size exceeded) 25009703
bases in batch (batch size exceeded) 25032635
bases in batch (batch size exceeded) 25006786
bases in batch (batch size exceeded) 25012463
bases in batch (batch size exceeded) 25003756
bases in batch (core allotment reached) 13285855
bases in batch (batch size exceeded) 25028951
bases in batch (batch size exceeded) 25008484
bases in batch (batch size exceeded) 25006315
bases in batch (batch size exceeded) 25032609
bases in batch (batch size exceeded) 25001320
bases in batch (batch size exceeded) 25018456
bases in batch (batch size exceeded) 25003011
bases in batch (batch size exceeded) 25001158
bases in batch (batch size exceeded) 25012601
bases in batch (core allotment reached) 13250189
bases in batch (batch size exceeded) 25020148
bases in batch (batch size exceeded) 25005957
bases in batch (batch size exceeded) 25006823
bases in batch (batch size exceeded) 25010652
bases in batch (batch size exceeded) 25003390
bases in batch (batch size exceeded) 25032817
bases in batch (batch size exceeded) 25040001
bases in batch (batch size exceeded) 25009620
bases in batch (batch size exceeded) 25030283
bases in batch (core allotment reached) 13193389
bases in batch (batch size exceeded) 25006361
bases in batch (batch size exceeded) 25011339
bases in batch (batch size exceeded) 25045545
bases in batch (batch size exceeded) 25001145
bases in batch (batch size exceeded) 25011018
bases in batch (batch size exceeded) 25062775
bases in batch (batch size exceeded) 25055990
bases in batch (batch size exceeded) 25006658
bases in batch (batch size exceeded) 25000370
bases in batch (core allotment reached) 13155476
bases in batch (batch size exceeded) 25037557
bases in batch (batch size exceeded) 25016524
bases in batch (batch size exceeded) 25002879
bases in batch (batch size exceeded) 25007511
bases in batch (batch size exceeded) 25006023
bases in batch (batch size exceeded) 25002504
bases in batch (batch size exceeded) 25002695
bases in batch (batch size exceeded) 25023831
bases in batch (batch size exceeded) 25000788
bases in batch (core allotment reached) 13284298
bases in batch (batch size exceeded) 25016509
bases in batch (batch size exceeded) 25040661
bases in batch (batch size exceeded) 25001457
bases in batch (batch size exceeded) 25020573
bases in batch (batch size exceeded) 25006816
bases in batch (batch size exceeded) 25000176
bases in batch (batch size exceeded) 25022991
bases in batch (batch size exceeded) 25008736
bases in batch (batch size exceeded) 25036290
bases in batch (core allotment reached) 13205279
bases in batch (batch size exceeded) 25000092
bases in batch (batch size exceeded) 25039224
bases in batch (batch size exceeded) 25062295
bases in batch (batch size exceeded) 25027219
bases in batch (batch size exceeded) 25033915
bases in batch (batch size exceeded) 25028627
bases in batch (batch size exceeded) 25024025
bases in batch (batch size exceeded) 25004632
bases in batch (batch size exceeded) 25037075
bases in batch (core allotment reached) 13096198
bases in batch (batch size exceeded) 25024871
bases in batch (batch size exceeded) 25045740
bases in batch (batch size exceeded) 25031867
bases in batch (batch size exceeded) 25003223
bases in batch (batch size exceeded) 25020906
bases in batch (batch size exceeded) 25027590
bases in batch (batch size exceeded) 25003531
bases in batch (batch size exceeded) 25006916
bases in batch (batch size exceeded) 25020498
bases in batch (core allotment reached) 13212072
bases in batch (batch size exceeded) 25007428
bases in batch (batch size exceeded) 25001767
bases in batch (batch size exceeded) 25020928
bases in batch (batch size exceeded) 25003917
bases in batch (batch size exceeded) 25009892
bases in batch (batch size exceeded) 25003150
bases in batch (batch size exceeded) 25001600
bases in batch (batch size exceeded) 25023115
bases in batch (batch size exceeded) 25035095
bases in batch (core allotment reached) 13273224
bases in batch (batch size exceeded) 25004229
bases in batch (batch size exceeded) 25021631
bases in batch (batch size exceeded) 25008810
bases in batch (batch size exceeded) 25006392
bases in batch (batch size exceeded) 25000507
bases in batch (batch size exceeded) 25004825
bases in batch (batch size exceeded) 25006336
bases in batch (batch size exceeded) 25025632
bases in batch (batch size exceeded) 25029617
bases in batch (core allotment reached) 13248163
bases in batch (batch size exceeded) 25004201
bases in batch (batch size exceeded) 25021816
bases in batch (batch size exceeded) 25091312
bases in batch (batch size exceeded) 25001133
bases in batch (batch size exceeded) 25041702
bases in batch (batch size exceeded) 25002355
bases in batch (batch size exceeded) 25005931
bases in batch (batch size exceeded) 25007039
bases in batch (batch size exceeded) 25028283
bases in batch (last for core) 12587241
Starting up parallel processes, tasklist took 31.106335163116455
Starting merge, parallel processing took 455.85193133354187
bigwig
Merge took 914.6111364364624

