chr14:0-101161492
histone1_chr14
bases in batch (batch size exceeded) 25000907
bases in batch (batch size exceeded) 25006507
bases in batch (batch size exceeded) 25006369
bases in batch (batch size exceeded) 25023427
bases in batch (batch size exceeded) 25003399
bases in batch (core allotment reached) 2210514
bases in batch (batch size exceeded) 25018877
bases in batch (batch size exceeded) 25046811
bases in batch (batch size exceeded) 25011964
bases in batch (batch size exceeded) 25005937
bases in batch (batch size exceeded) 25007014
bases in batch (core allotment reached) 2149591
bases in batch (batch size exceeded) 25023121
bases in batch (batch size exceeded) 25002264
bases in batch (batch size exceeded) 25001152
bases in batch (batch size exceeded) 25067357
bases in batch (batch size exceeded) 25014489
bases in batch (core allotment reached) 2132030
bases in batch (batch size exceeded) 25000955
bases in batch (batch size exceeded) 25008217
bases in batch (batch size exceeded) 25003027
bases in batch (batch size exceeded) 25009427
bases in batch (batch size exceeded) 25016143
bases in batch (core allotment reached) 2224776
bases in batch (batch size exceeded) 25003548
bases in batch (batch size exceeded) 25001810
bases in batch (batch size exceeded) 25001226
bases in batch (batch size exceeded) 25000687
bases in batch (batch size exceeded) 25012221
bases in batch (core allotment reached) 2226413
bases in batch (batch size exceeded) 25004660
bases in batch (batch size exceeded) 25007401
bases in batch (batch size exceeded) 25059710
bases in batch (batch size exceeded) 25005860
bases in batch (batch size exceeded) 25007156
bases in batch (core allotment reached) 2188320
bases in batch (batch size exceeded) 25000222
bases in batch (batch size exceeded) 25019247
bases in batch (batch size exceeded) 25007276
bases in batch (batch size exceeded) 25005834
bases in batch (batch size exceeded) 25009549
bases in batch (core allotment reached) 2198139
bases in batch (batch size exceeded) 25001693
bases in batch (batch size exceeded) 25002490
bases in batch (batch size exceeded) 25000691
bases in batch (batch size exceeded) 25008255
bases in batch (batch size exceeded) 25005665
bases in batch (core allotment reached) 2219799
bases in batch (batch size exceeded) 25018521
bases in batch (batch size exceeded) 25048005
bases in batch (batch size exceeded) 25022232
bases in batch (batch size exceeded) 25003241
bases in batch (batch size exceeded) 25001041
bases in batch (core allotment reached) 2180918
bases in batch (batch size exceeded) 25002994
bases in batch (batch size exceeded) 25006932
bases in batch (batch size exceeded) 25005727
bases in batch (batch size exceeded) 25005935
bases in batch (batch size exceeded) 25031446
bases in batch (core allotment reached) 2237294
bases in batch (batch size exceeded) 25011456
bases in batch (batch size exceeded) 25026182
bases in batch (batch size exceeded) 25006730
bases in batch (batch size exceeded) 25002757
bases in batch (batch size exceeded) 25007696
bases in batch (core allotment reached) 2184024
bases in batch (batch size exceeded) 25029790
bases in batch (batch size exceeded) 25060762
bases in batch (batch size exceeded) 25053499
bases in batch (batch size exceeded) 25011980
bases in batch (batch size exceeded) 25063021
bases in batch (core allotment reached) 2020395
bases in batch (batch size exceeded) 25011827
bases in batch (batch size exceeded) 25038419
bases in batch (batch size exceeded) 25016905
bases in batch (batch size exceeded) 25006800
bases in batch (batch size exceeded) 25011185
bases in batch (core allotment reached) 2167263
bases in batch (batch size exceeded) 25016665
bases in batch (batch size exceeded) 25001878
bases in batch (batch size exceeded) 25000272
bases in batch (batch size exceeded) 25012413
bases in batch (batch size exceeded) 25030793
bases in batch (core allotment reached) 2182165
bases in batch (batch size exceeded) 25015582
bases in batch (batch size exceeded) 25027953
bases in batch (batch size exceeded) 25007554
bases in batch (batch size exceeded) 25077872
bases in batch (batch size exceeded) 25038085
bases in batch (core allotment reached) 2093926
bases in batch (batch size exceeded) 25002230
bases in batch (batch size exceeded) 25006829
bases in batch (batch size exceeded) 25014819
bases in batch (batch size exceeded) 25008876
bases in batch (batch size exceeded) 25020401
bases in batch (core allotment reached) 2199225
bases in batch (batch size exceeded) 25012039
bases in batch (batch size exceeded) 25003549
bases in batch (batch size exceeded) 25007631
bases in batch (batch size exceeded) 25000018
bases in batch (batch size exceeded) 25061585
bases in batch (core allotment reached) 2206095
bases in batch (batch size exceeded) 25035753
bases in batch (batch size exceeded) 25002823
bases in batch (batch size exceeded) 25026753
bases in batch (batch size exceeded) 25004885
bases in batch (batch size exceeded) 25000029
bases in batch (core allotment reached) 2218474
bases in batch (batch size exceeded) 25003422
bases in batch (batch size exceeded) 25013625
bases in batch (batch size exceeded) 25006302
bases in batch (batch size exceeded) 25001635
bases in batch (batch size exceeded) 25005204
bases in batch (core allotment reached) 2206435
bases in batch (batch size exceeded) 25005942
bases in batch (batch size exceeded) 25026816
bases in batch (batch size exceeded) 25006849
bases in batch (batch size exceeded) 25000883
bases in batch (batch size exceeded) 25000172
bases in batch (core allotment reached) 2195725
bases in batch (batch size exceeded) 25003160
bases in batch (batch size exceeded) 25007542
bases in batch (batch size exceeded) 25002234
bases in batch (batch size exceeded) 25000318
bases in batch (batch size exceeded) 25010078
bases in batch (core allotment reached) 2216376
bases in batch (batch size exceeded) 25008505
bases in batch (batch size exceeded) 25009831
bases in batch (batch size exceeded) 25009095
bases in batch (batch size exceeded) 25005890
bases in batch (batch size exceeded) 25007093
bases in batch (core allotment reached) 2228921
bases in batch (batch size exceeded) 25033344
bases in batch (batch size exceeded) 25007690
bases in batch (batch size exceeded) 25009697
bases in batch (batch size exceeded) 25007317
bases in batch (batch size exceeded) 25015114
bases in batch (core allotment reached) 2183433
bases in batch (batch size exceeded) 25008899
bases in batch (batch size exceeded) 25002150
bases in batch (batch size exceeded) 25004371
bases in batch (batch size exceeded) 25000599
bases in batch (batch size exceeded) 25000012
bases in batch (core allotment reached) 2221684
bases in batch (batch size exceeded) 25002573
bases in batch (batch size exceeded) 25035522
bases in batch (batch size exceeded) 25018828
bases in batch (batch size exceeded) 25001666
bases in batch (batch size exceeded) 25034469
bases in batch (core allotment reached) 2147700
bases in batch (batch size exceeded) 25010627
bases in batch (batch size exceeded) 25024899
bases in batch (batch size exceeded) 25009700
bases in batch (batch size exceeded) 25000093
bases in batch (batch size exceeded) 25026127
bases in batch (core allotment reached) 2192679
bases in batch (batch size exceeded) 25038040
bases in batch (batch size exceeded) 25014761
bases in batch (batch size exceeded) 25002004
bases in batch (batch size exceeded) 25006311
bases in batch (batch size exceeded) 25000879
bases in batch (core allotment reached) 2187330
bases in batch (batch size exceeded) 25001717
bases in batch (batch size exceeded) 25006836
bases in batch (batch size exceeded) 25003825
bases in batch (batch size exceeded) 25014270
bases in batch (batch size exceeded) 25035584
bases in batch (core allotment reached) 2201479
bases in batch (batch size exceeded) 25015193
bases in batch (batch size exceeded) 25012312
bases in batch (batch size exceeded) 25000669
bases in batch (batch size exceeded) 25015833
bases in batch (batch size exceeded) 25006168
bases in batch (core allotment reached) 2233129
bases in batch (batch size exceeded) 25000458
bases in batch (batch size exceeded) 25028588
bases in batch (batch size exceeded) 25002458
bases in batch (batch size exceeded) 25000239
bases in batch (batch size exceeded) 25030925
bases in batch (core allotment reached) 2178898
bases in batch (batch size exceeded) 25008875
bases in batch (batch size exceeded) 25005679
bases in batch (batch size exceeded) 25006715
bases in batch (batch size exceeded) 25018822
bases in batch (batch size exceeded) 25003978
bases in batch (core allotment reached) 2215803
bases in batch (batch size exceeded) 25027402
bases in batch (batch size exceeded) 25032069
bases in batch (batch size exceeded) 25002113
bases in batch (batch size exceeded) 25037136
bases in batch (batch size exceeded) 25012125
bases in batch (last for core) 1547047
Starting up parallel processes, tasklist took 18.55336570739746
Starting merge, parallel processing took 334.17230343818665
bigwig
Merge took 502.43140983581543

