chr10:0-134758134
histone3_chr10
bases in batch (batch size exceeded) 25002375
bases in batch (batch size exceeded) 25007132
bases in batch (batch size exceeded) 25007733
bases in batch (batch size exceeded) 25008889
bases in batch (batch size exceeded) 25057059
bases in batch (batch size exceeded) 25014056
bases in batch (core allotment reached) 24948059
bases in batch (batch size exceeded) 25010189
bases in batch (batch size exceeded) 25005250
bases in batch (batch size exceeded) 25014753
bases in batch (batch size exceeded) 25001037
bases in batch (batch size exceeded) 25027081
bases in batch (batch size exceeded) 25002443
bases in batch (core allotment reached) 24990726
bases in batch (batch size exceeded) 25002249
bases in batch (batch size exceeded) 25004801
bases in batch (batch size exceeded) 25002650
bases in batch (batch size exceeded) 25005004
bases in batch (batch size exceeded) 25027541
bases in batch (batch size exceeded) 25000929
bases in batch (batch size exceeded) 25006069
Warning: end of allotment mismatch, batch 0 at chr10 start 12728499 end 12728498
bases in batch (core allotment reached) 0
bases in batch (batch size exceeded) 25003730
bases in batch (batch size exceeded) 25045088
bases in batch (batch size exceeded) 25009553
bases in batch (batch size exceeded) 25001461
bases in batch (batch size exceeded) 25021425
bases in batch (batch size exceeded) 25018808
bases in batch (core allotment reached) 24985996
bases in batch (batch size exceeded) 25017409
bases in batch (batch size exceeded) 25034356
bases in batch (batch size exceeded) 25061861
bases in batch (batch size exceeded) 25025808
bases in batch (batch size exceeded) 25020012
bases in batch (batch size exceeded) 25019614
bases in batch (core allotment reached) 24875453
bases in batch (batch size exceeded) 25005410
bases in batch (batch size exceeded) 25056726
bases in batch (batch size exceeded) 25014027
bases in batch (batch size exceeded) 25008054
bases in batch (batch size exceeded) 25031258
bases in batch (batch size exceeded) 25021977
bases in batch (core allotment reached) 24942250
bases in batch (batch size exceeded) 25006338
bases in batch (batch size exceeded) 25019868
bases in batch (batch size exceeded) 25022505
bases in batch (batch size exceeded) 25001018
bases in batch (batch size exceeded) 25007678
bases in batch (batch size exceeded) 25009006
bases in batch (core allotment reached) 24977634
bases in batch (batch size exceeded) 25006985
bases in batch (batch size exceeded) 25040713
bases in batch (batch size exceeded) 25005532
bases in batch (batch size exceeded) 25056166
bases in batch (batch size exceeded) 25007215
bases in batch (batch size exceeded) 25009287
bases in batch (core allotment reached) 24919423
bases in batch (batch size exceeded) 25000400
bases in batch (batch size exceeded) 25062229
bases in batch (batch size exceeded) 25039447
bases in batch (batch size exceeded) 25010051
bases in batch (batch size exceeded) 25001109
bases in batch (batch size exceeded) 25015353
bases in batch (core allotment reached) 24925076
bases in batch (batch size exceeded) 25026771
bases in batch (batch size exceeded) 25006960
bases in batch (batch size exceeded) 25001384
bases in batch (batch size exceeded) 25000786
bases in batch (batch size exceeded) 25000234
bases in batch (batch size exceeded) 25014454
bases in batch (batch size exceeded) 25012078
bases in batch (core allotment reached) 319
bases in batch (batch size exceeded) 25007059
bases in batch (batch size exceeded) 25007572
bases in batch (batch size exceeded) 25009536
bases in batch (batch size exceeded) 25008984
bases in batch (batch size exceeded) 25019514
bases in batch (batch size exceeded) 25003894
bases in batch (core allotment reached) 24995536
bases in batch (batch size exceeded) 25009246
bases in batch (batch size exceeded) 25018833
bases in batch (batch size exceeded) 25028855
bases in batch (batch size exceeded) 25001790
bases in batch (batch size exceeded) 25006268
bases in batch (batch size exceeded) 25024053
bases in batch (core allotment reached) 24990675
bases in batch (batch size exceeded) 25025100
bases in batch (batch size exceeded) 25015853
bases in batch (batch size exceeded) 25017906
bases in batch (batch size exceeded) 25013104
bases in batch (batch size exceeded) 25001825
bases in batch (batch size exceeded) 25029036
bases in batch (core allotment reached) 24950130
bases in batch (batch size exceeded) 25038481
bases in batch (batch size exceeded) 25006332
bases in batch (batch size exceeded) 25002646
bases in batch (batch size exceeded) 25028796
bases in batch (batch size exceeded) 25000200
bases in batch (batch size exceeded) 25007975
bases in batch (core allotment reached) 24959707
bases in batch (batch size exceeded) 25001833
bases in batch (batch size exceeded) 25008987
bases in batch (batch size exceeded) 25013195
bases in batch (batch size exceeded) 25022141
bases in batch (batch size exceeded) 25032460
bases in batch (batch size exceeded) 25000043
bases in batch (core allotment reached) 24996904
bases in batch (batch size exceeded) 25091624
bases in batch (batch size exceeded) 25002888
bases in batch (batch size exceeded) 25003625
bases in batch (batch size exceeded) 25002358
bases in batch (batch size exceeded) 25002503
bases in batch (batch size exceeded) 25003913
bases in batch (core allotment reached) 24943840
bases in batch (batch size exceeded) 25002187
bases in batch (batch size exceeded) 25012768
bases in batch (batch size exceeded) 25048499
bases in batch (batch size exceeded) 25001508
bases in batch (batch size exceeded) 25017600
bases in batch (batch size exceeded) 25007601
bases in batch (core allotment reached) 24989705
bases in batch (batch size exceeded) 25005930
bases in batch (batch size exceeded) 25064994
bases in batch (batch size exceeded) 25004170
bases in batch (batch size exceeded) 25001999
bases in batch (batch size exceeded) 25001549
bases in batch (batch size exceeded) 25047130
bases in batch (core allotment reached) 24921870
bases in batch (batch size exceeded) 25008424
bases in batch (batch size exceeded) 25044021
bases in batch (batch size exceeded) 25005901
bases in batch (batch size exceeded) 25023938
bases in batch (batch size exceeded) 25005143
bases in batch (batch size exceeded) 25013227
bases in batch (core allotment reached) 24950976
bases in batch (batch size exceeded) 25000339
bases in batch (batch size exceeded) 25011806
bases in batch (batch size exceeded) 25002512
bases in batch (batch size exceeded) 25002783
bases in batch (batch size exceeded) 25001399
bases in batch (batch size exceeded) 25013110
bases in batch (batch size exceeded) 25028842
Warning: end of allotment mismatch, batch 0 at chr10 start 83317868 end 83317867
bases in batch (core allotment reached) 0
bases in batch (batch size exceeded) 25011535
bases in batch (batch size exceeded) 25007914
bases in batch (batch size exceeded) 25001299
bases in batch (batch size exceeded) 25013219
bases in batch (batch size exceeded) 25002000
bases in batch (batch size exceeded) 25000753
bases in batch (batch size exceeded) 25043645
Warning: end of allotment mismatch, batch 0 at chr10 start 87566182 end 87566181
bases in batch (core allotment reached) 0
bases in batch (batch size exceeded) 25037487
bases in batch (batch size exceeded) 25011029
bases in batch (batch size exceeded) 25006896
bases in batch (batch size exceeded) 25002664
bases in batch (batch size exceeded) 25005523
bases in batch (batch size exceeded) 25024135
bases in batch (core allotment reached) 24981583
bases in batch (batch size exceeded) 25040622
bases in batch (batch size exceeded) 25003714
bases in batch (batch size exceeded) 25004423
bases in batch (batch size exceeded) 25024134
bases in batch (batch size exceeded) 25023979
bases in batch (batch size exceeded) 25007512
bases in batch (core allotment reached) 24945950
bases in batch (batch size exceeded) 25055922
bases in batch (batch size exceeded) 25004989
bases in batch (batch size exceeded) 25009750
bases in batch (batch size exceeded) 25000831
bases in batch (batch size exceeded) 25002915
bases in batch (batch size exceeded) 25031740
bases in batch (batch size exceeded) 25015111
Warning: end of allotment mismatch, batch 0 at chr10 start 100264837 end 100264836
bases in batch (core allotment reached) 0
bases in batch (batch size exceeded) 25007161
bases in batch (batch size exceeded) 25007478
bases in batch (batch size exceeded) 25010586
bases in batch (batch size exceeded) 25015207
bases in batch (batch size exceeded) 25033489
bases in batch (batch size exceeded) 25007091
bases in batch (core allotment reached) 24989187
bases in batch (batch size exceeded) 25007487
bases in batch (batch size exceeded) 25000072
bases in batch (batch size exceeded) 25004478
bases in batch (batch size exceeded) 25001577
bases in batch (batch size exceeded) 25003148
bases in batch (batch size exceeded) 25025696
bases in batch (batch size exceeded) 25000830
bases in batch (core allotment reached) 2680
bases in batch (batch size exceeded) 25050729
bases in batch (batch size exceeded) 25004652
bases in batch (batch size exceeded) 25039616
bases in batch (batch size exceeded) 25010331
bases in batch (batch size exceeded) 25005473
bases in batch (batch size exceeded) 25002150
bases in batch (core allotment reached) 24947490
bases in batch (batch size exceeded) 25016228
bases in batch (batch size exceeded) 25053971
bases in batch (batch size exceeded) 25010338
bases in batch (batch size exceeded) 25000533
bases in batch (batch size exceeded) 25012585
bases in batch (batch size exceeded) 25000594
bases in batch (core allotment reached) 24956391
bases in batch (batch size exceeded) 25014301
bases in batch (batch size exceeded) 25000579
bases in batch (batch size exceeded) 25004035
bases in batch (batch size exceeded) 25008038
bases in batch (batch size exceeded) 25005752
bases in batch (batch size exceeded) 25030031
bases in batch (core allotment reached) 24993529
bases in batch (batch size exceeded) 25014690
bases in batch (batch size exceeded) 25016121
bases in batch (batch size exceeded) 25019421
bases in batch (batch size exceeded) 25000232
bases in batch (batch size exceeded) 25018478
bases in batch (batch size exceeded) 25000707
bases in batch (batch size exceeded) 25005437
Warning: end of allotment mismatch, batch 0 at chr10 start 125866788 end 125866787
bases in batch (core allotment reached) 0
bases in batch (batch size exceeded) 25006542
bases in batch (batch size exceeded) 25004886
bases in batch (batch size exceeded) 25003804
bases in batch (batch size exceeded) 25047433
bases in batch (batch size exceeded) 25007553
bases in batch (batch size exceeded) 25000898
bases in batch (batch size exceeded) 25005607
Warning: end of allotment mismatch, batch 0 at chr10 start 130238623 end 130238622
bases in batch (core allotment reached) 0
bases in batch (batch size exceeded) 25031107
bases in batch (batch size exceeded) 25004213
bases in batch (batch size exceeded) 25001074
bases in batch (batch size exceeded) 25034980
bases in batch (batch size exceeded) 25019535
bases in batch (batch size exceeded) 25000163
bases in batch (last for core) 24386867
Starting up parallel processes, tasklist took 24.683470249176025
Starting merge, parallel processing took 315.30441451072693
bigwig
Merge took 665.7241127490997

