chr2:0-242696752
histone2_chr2
bases in batch (batch size exceeded) 25008848
bases in batch (batch size exceeded) 25025690
bases in batch (batch size exceeded) 25040131
bases in batch (batch size exceeded) 25023147
bases in batch (batch size exceeded) 25001806
bases in batch (batch size exceeded) 25006762
bases in batch (batch size exceeded) 25002887
bases in batch (batch size exceeded) 25036432
bases in batch (batch size exceeded) 25017860
bases in batch (batch size exceeded) 25016725
bases in batch (batch size exceeded) 25025981
bases in batch (batch size exceeded) 25007984
bases in batch (core allotment reached) 4513577
bases in batch (batch size exceeded) 25001828
bases in batch (batch size exceeded) 25007157
bases in batch (batch size exceeded) 25001103
bases in batch (batch size exceeded) 25014433
bases in batch (batch size exceeded) 25014378
bases in batch (batch size exceeded) 25013609
bases in batch (batch size exceeded) 25002810
bases in batch (batch size exceeded) 25001218
bases in batch (batch size exceeded) 25000463
bases in batch (batch size exceeded) 25019886
bases in batch (batch size exceeded) 25004447
bases in batch (batch size exceeded) 25024512
bases in batch (core allotment reached) 4644935
bases in batch (batch size exceeded) 25000206
bases in batch (batch size exceeded) 25000079
bases in batch (batch size exceeded) 25035403
bases in batch (batch size exceeded) 25010396
bases in batch (batch size exceeded) 25009258
bases in batch (batch size exceeded) 25009626
bases in batch (batch size exceeded) 25016887
bases in batch (batch size exceeded) 25048780
bases in batch (batch size exceeded) 25001764
bases in batch (batch size exceeded) 25039421
bases in batch (batch size exceeded) 25006548
bases in batch (batch size exceeded) 25027533
bases in batch (core allotment reached) 4509209
bases in batch (batch size exceeded) 25003894
bases in batch (batch size exceeded) 25019844
bases in batch (batch size exceeded) 25001667
bases in batch (batch size exceeded) 25003971
bases in batch (batch size exceeded) 25022350
bases in batch (batch size exceeded) 25001907
bases in batch (batch size exceeded) 25000084
bases in batch (batch size exceeded) 25016114
bases in batch (batch size exceeded) 25000059
bases in batch (batch size exceeded) 25015587
bases in batch (batch size exceeded) 25032141
bases in batch (batch size exceeded) 25020151
bases in batch (core allotment reached) 4577732
bases in batch (batch size exceeded) 25006904
bases in batch (batch size exceeded) 25006586
bases in batch (batch size exceeded) 25005611
bases in batch (batch size exceeded) 25000421
bases in batch (batch size exceeded) 25002850
bases in batch (batch size exceeded) 25001465
bases in batch (batch size exceeded) 25012382
bases in batch (batch size exceeded) 25005870
bases in batch (batch size exceeded) 25021689
bases in batch (batch size exceeded) 25016163
bases in batch (batch size exceeded) 25038138
bases in batch (batch size exceeded) 25014137
bases in batch (core allotment reached) 4625322
bases in batch (batch size exceeded) 25026894
bases in batch (batch size exceeded) 25025827
bases in batch (batch size exceeded) 25010573
bases in batch (batch size exceeded) 25002791
bases in batch (batch size exceeded) 25003435
bases in batch (batch size exceeded) 25050332
bases in batch (batch size exceeded) 25006137
bases in batch (batch size exceeded) 25025589
bases in batch (batch size exceeded) 25000502
bases in batch (batch size exceeded) 25001641
bases in batch (batch size exceeded) 25010637
bases in batch (batch size exceeded) 25012526
bases in batch (core allotment reached) 4619501
bases in batch (batch size exceeded) 25032950
bases in batch (batch size exceeded) 25012424
bases in batch (batch size exceeded) 25029871
bases in batch (batch size exceeded) 25022686
bases in batch (batch size exceeded) 25018581
bases in batch (batch size exceeded) 25011066
bases in batch (batch size exceeded) 25007248
bases in batch (batch size exceeded) 25012741
bases in batch (batch size exceeded) 25020171
bases in batch (batch size exceeded) 25013906
bases in batch (batch size exceeded) 25004469
bases in batch (batch size exceeded) 25003782
bases in batch (core allotment reached) 4525002
bases in batch (batch size exceeded) 25000076
bases in batch (batch size exceeded) 25017566
bases in batch (batch size exceeded) 25010029
bases in batch (batch size exceeded) 25029020
bases in batch (batch size exceeded) 25006766
bases in batch (batch size exceeded) 25028136
bases in batch (batch size exceeded) 25030632
bases in batch (batch size exceeded) 25015439
bases in batch (batch size exceeded) 25043024
bases in batch (batch size exceeded) 25003270
bases in batch (batch size exceeded) 25005033
bases in batch (batch size exceeded) 25005920
bases in batch (core allotment reached) 4541903
bases in batch (batch size exceeded) 25008868
bases in batch (batch size exceeded) 25002978
bases in batch (batch size exceeded) 25021903
bases in batch (batch size exceeded) 25016162
bases in batch (batch size exceeded) 25024243
bases in batch (batch size exceeded) 25000688
bases in batch (batch size exceeded) 25000641
bases in batch (batch size exceeded) 25023300
bases in batch (batch size exceeded) 25001376
bases in batch (batch size exceeded) 25009423
bases in batch (batch size exceeded) 25011957
bases in batch (batch size exceeded) 25038369
bases in batch (core allotment reached) 4567532
bases in batch (batch size exceeded) 25009953
bases in batch (batch size exceeded) 25000231
bases in batch (batch size exceeded) 25014875
bases in batch (batch size exceeded) 25006242
bases in batch (batch size exceeded) 25041084
bases in batch (batch size exceeded) 25016335
bases in batch (batch size exceeded) 25015225
bases in batch (batch size exceeded) 25009853
bases in batch (batch size exceeded) 25036280
bases in batch (batch size exceeded) 25004972
bases in batch (batch size exceeded) 25005955
bases in batch (batch size exceeded) 25025482
bases in batch (core allotment reached) 4553899
bases in batch (batch size exceeded) 25000798
bases in batch (batch size exceeded) 25002406
bases in batch (batch size exceeded) 25056787
bases in batch (batch size exceeded) 25000327
bases in batch (batch size exceeded) 25029867
bases in batch (batch size exceeded) 25002403
bases in batch (batch size exceeded) 25007502
bases in batch (batch size exceeded) 25000734
bases in batch (batch size exceeded) 25006673
bases in batch (batch size exceeded) 25010397
bases in batch (batch size exceeded) 25013651
bases in batch (batch size exceeded) 25010235
bases in batch (core allotment reached) 4582655
bases in batch (batch size exceeded) 25002046
bases in batch (batch size exceeded) 25020449
bases in batch (batch size exceeded) 25003060
bases in batch (batch size exceeded) 25001931
bases in batch (batch size exceeded) 25001855
bases in batch (batch size exceeded) 25005349
bases in batch (batch size exceeded) 25020864
bases in batch (batch size exceeded) 25006211
bases in batch (batch size exceeded) 25009084
bases in batch (batch size exceeded) 25020635
bases in batch (batch size exceeded) 25008189
bases in batch (batch size exceeded) 25017024
bases in batch (core allotment reached) 4602137
bases in batch (batch size exceeded) 25002991
bases in batch (batch size exceeded) 25011742
bases in batch (batch size exceeded) 25008170
bases in batch (batch size exceeded) 25000906
bases in batch (batch size exceeded) 25000796
bases in batch (batch size exceeded) 25004634
bases in batch (batch size exceeded) 25013486
bases in batch (batch size exceeded) 25007328
bases in batch (batch size exceeded) 25018224
bases in batch (batch size exceeded) 25005386
bases in batch (batch size exceeded) 25017182
bases in batch (batch size exceeded) 25013540
bases in batch (core allotment reached) 4610180
bases in batch (batch size exceeded) 25015653
bases in batch (batch size exceeded) 25007417
bases in batch (batch size exceeded) 25007953
bases in batch (batch size exceeded) 25000019
bases in batch (batch size exceeded) 25010429
bases in batch (batch size exceeded) 25009200
bases in batch (batch size exceeded) 25010735
bases in batch (batch size exceeded) 25012808
bases in batch (batch size exceeded) 25011201
bases in batch (batch size exceeded) 25006861
bases in batch (batch size exceeded) 25038002
bases in batch (batch size exceeded) 25003483
bases in batch (core allotment reached) 4583608
bases in batch (batch size exceeded) 25027869
bases in batch (batch size exceeded) 25015934
bases in batch (batch size exceeded) 25007032
bases in batch (batch size exceeded) 25007454
bases in batch (batch size exceeded) 25007586
bases in batch (batch size exceeded) 25000642
bases in batch (batch size exceeded) 25009829
bases in batch (batch size exceeded) 25026615
bases in batch (batch size exceeded) 25006736
bases in batch (batch size exceeded) 25000559
bases in batch (batch size exceeded) 25003544
bases in batch (batch size exceeded) 25033999
bases in batch (core allotment reached) 4586307
bases in batch (batch size exceeded) 25038092
bases in batch (batch size exceeded) 25000536
bases in batch (batch size exceeded) 25000075
bases in batch (batch size exceeded) 25003539
bases in batch (batch size exceeded) 25002535
bases in batch (batch size exceeded) 25002272
bases in batch (batch size exceeded) 25015985
bases in batch (batch size exceeded) 25003751
bases in batch (batch size exceeded) 25004052
bases in batch (batch size exceeded) 25000049
bases in batch (batch size exceeded) 25015254
bases in batch (batch size exceeded) 25023959
bases in batch (core allotment reached) 4606325
bases in batch (batch size exceeded) 25046794
bases in batch (batch size exceeded) 25000661
bases in batch (batch size exceeded) 25009429
bases in batch (batch size exceeded) 25000102
bases in batch (batch size exceeded) 25020866
bases in batch (batch size exceeded) 25051186
bases in batch (batch size exceeded) 25026784
bases in batch (batch size exceeded) 25031892
bases in batch (batch size exceeded) 25017079
bases in batch (batch size exceeded) 25023821
bases in batch (batch size exceeded) 25011353
bases in batch (batch size exceeded) 25028404
bases in batch (core allotment reached) 4485236
bases in batch (batch size exceeded) 25024476
bases in batch (batch size exceeded) 25010437
bases in batch (batch size exceeded) 25009145
bases in batch (batch size exceeded) 25001691
bases in batch (batch size exceeded) 25002602
bases in batch (batch size exceeded) 25016850
bases in batch (batch size exceeded) 25037316
bases in batch (batch size exceeded) 25004463
bases in batch (batch size exceeded) 25002375
bases in batch (batch size exceeded) 25001677
bases in batch (batch size exceeded) 25002437
bases in batch (batch size exceeded) 25019848
bases in batch (core allotment reached) 4589767
bases in batch (batch size exceeded) 25038619
bases in batch (batch size exceeded) 25000986
bases in batch (batch size exceeded) 25009946
bases in batch (batch size exceeded) 25020749
bases in batch (batch size exceeded) 25008382
bases in batch (batch size exceeded) 25013734
bases in batch (batch size exceeded) 25001390
bases in batch (batch size exceeded) 25007649
bases in batch (batch size exceeded) 25010956
bases in batch (batch size exceeded) 25011769
bases in batch (batch size exceeded) 25009502
bases in batch (batch size exceeded) 25033947
bases in batch (core allotment reached) 4547504
bases in batch (batch size exceeded) 25006479
bases in batch (batch size exceeded) 25003149
bases in batch (batch size exceeded) 25033569
bases in batch (batch size exceeded) 25006540
bases in batch (batch size exceeded) 25033510
bases in batch (batch size exceeded) 25006102
bases in batch (batch size exceeded) 25000420
bases in batch (batch size exceeded) 25016103
bases in batch (batch size exceeded) 25008878
bases in batch (batch size exceeded) 25005774
bases in batch (batch size exceeded) 25013789
bases in batch (batch size exceeded) 25002577
bases in batch (core allotment reached) 4579387
bases in batch (batch size exceeded) 25002187
bases in batch (batch size exceeded) 25003461
bases in batch (batch size exceeded) 25032949
bases in batch (batch size exceeded) 25004397
bases in batch (batch size exceeded) 25027323
bases in batch (batch size exceeded) 25003443
bases in batch (batch size exceeded) 25013601
bases in batch (batch size exceeded) 25023077
bases in batch (batch size exceeded) 25002343
bases in batch (batch size exceeded) 25020195
bases in batch (batch size exceeded) 25003882
bases in batch (batch size exceeded) 25002730
bases in batch (core allotment reached) 4575735
bases in batch (batch size exceeded) 25018460
bases in batch (batch size exceeded) 25055455
bases in batch (batch size exceeded) 25025017
bases in batch (batch size exceeded) 25019275
bases in batch (batch size exceeded) 25027321
bases in batch (batch size exceeded) 25025060
bases in batch (batch size exceeded) 25020617
bases in batch (batch size exceeded) 25003849
bases in batch (batch size exceeded) 25041714
bases in batch (batch size exceeded) 25003152
bases in batch (batch size exceeded) 25000484
bases in batch (batch size exceeded) 25000779
bases in batch (core allotment reached) 4474658
bases in batch (batch size exceeded) 25004801
bases in batch (batch size exceeded) 25063635
bases in batch (batch size exceeded) 25025721
bases in batch (batch size exceeded) 25000843
bases in batch (batch size exceeded) 25025284
bases in batch (batch size exceeded) 25024108
bases in batch (batch size exceeded) 25044227
bases in batch (batch size exceeded) 25039166
bases in batch (batch size exceeded) 25001039
bases in batch (batch size exceeded) 25073770
bases in batch (batch size exceeded) 25003035
bases in batch (batch size exceeded) 25008725
bases in batch (core allotment reached) 4476576
bases in batch (batch size exceeded) 25004422
bases in batch (batch size exceeded) 25008003
bases in batch (batch size exceeded) 25006264
bases in batch (batch size exceeded) 25002485
bases in batch (batch size exceeded) 25004599
bases in batch (batch size exceeded) 25017866
bases in batch (batch size exceeded) 25005703
bases in batch (batch size exceeded) 25008639
bases in batch (batch size exceeded) 25003508
bases in batch (batch size exceeded) 25014665
bases in batch (batch size exceeded) 25057210
bases in batch (batch size exceeded) 25036298
bases in batch (core allotment reached) 4545669
bases in batch (batch size exceeded) 25003236
bases in batch (batch size exceeded) 25000533
bases in batch (batch size exceeded) 25003278
bases in batch (batch size exceeded) 25011288
bases in batch (batch size exceeded) 25019349
bases in batch (batch size exceeded) 25002912
bases in batch (batch size exceeded) 25000010
bases in batch (batch size exceeded) 25002550
bases in batch (batch size exceeded) 25001153
bases in batch (batch size exceeded) 25002229
bases in batch (batch size exceeded) 25001347
bases in batch (batch size exceeded) 25016573
bases in batch (core allotment reached) 4693964
bases in batch (batch size exceeded) 25012694
bases in batch (batch size exceeded) 25056798
bases in batch (batch size exceeded) 25008441
bases in batch (batch size exceeded) 25009371
bases in batch (batch size exceeded) 25020496
bases in batch (batch size exceeded) 25029347
bases in batch (batch size exceeded) 25017301
bases in batch (batch size exceeded) 25015520
bases in batch (batch size exceeded) 25014772
bases in batch (batch size exceeded) 25025380
bases in batch (batch size exceeded) 25015194
bases in batch (batch size exceeded) 25063507
bases in batch (core allotment reached) 4426850
bases in batch (batch size exceeded) 25003054
bases in batch (batch size exceeded) 25017279
bases in batch (batch size exceeded) 25007573
bases in batch (batch size exceeded) 25020824
bases in batch (batch size exceeded) 25008070
bases in batch (batch size exceeded) 25002533
bases in batch (batch size exceeded) 25033464
bases in batch (batch size exceeded) 25040880
bases in batch (batch size exceeded) 25061798
bases in batch (batch size exceeded) 25016694
bases in batch (batch size exceeded) 25000298
bases in batch (batch size exceeded) 25019257
bases in batch (core allotment reached) 4485668
bases in batch (batch size exceeded) 25000188
bases in batch (batch size exceeded) 25001245
bases in batch (batch size exceeded) 25043665
bases in batch (batch size exceeded) 25015131
bases in batch (batch size exceeded) 25006624
bases in batch (batch size exceeded) 25055220
bases in batch (batch size exceeded) 25009494
bases in batch (batch size exceeded) 25007810
bases in batch (batch size exceeded) 25002570
bases in batch (batch size exceeded) 25034601
bases in batch (batch size exceeded) 25036433
bases in batch (batch size exceeded) 25002045
bases in batch (core allotment reached) 4527766
bases in batch (batch size exceeded) 25020488
bases in batch (batch size exceeded) 25006034
bases in batch (batch size exceeded) 25001417
bases in batch (batch size exceeded) 25012153
bases in batch (batch size exceeded) 25035646
bases in batch (batch size exceeded) 25032281
bases in batch (batch size exceeded) 25022323
bases in batch (batch size exceeded) 25013729
bases in batch (batch size exceeded) 25007765
bases in batch (batch size exceeded) 25026629
bases in batch (batch size exceeded) 25018072
bases in batch (batch size exceeded) 25000350
bases in batch (core allotment reached) 4518581
bases in batch (batch size exceeded) 25021823
bases in batch (batch size exceeded) 25000799
bases in batch (batch size exceeded) 25034216
bases in batch (batch size exceeded) 25008420
bases in batch (batch size exceeded) 25000335
bases in batch (batch size exceeded) 25000667
bases in batch (batch size exceeded) 25003518
bases in batch (batch size exceeded) 25007184
bases in batch (batch size exceeded) 25000825
bases in batch (batch size exceeded) 25045817
bases in batch (batch size exceeded) 25008475
bases in batch (batch size exceeded) 25000531
bases in batch (core allotment reached) 4595306
bases in batch (batch size exceeded) 25009436
bases in batch (batch size exceeded) 25019704
bases in batch (batch size exceeded) 25016429
bases in batch (batch size exceeded) 25035985
bases in batch (batch size exceeded) 25016500
bases in batch (batch size exceeded) 25033497
bases in batch (batch size exceeded) 25044331
bases in batch (batch size exceeded) 25000911
bases in batch (batch size exceeded) 25012972
bases in batch (batch size exceeded) 25017403
bases in batch (batch size exceeded) 25051248
bases in batch (batch size exceeded) 25006466
bases in batch (core allotment reached) 4461920
bases in batch (batch size exceeded) 25004723
bases in batch (batch size exceeded) 25000009
bases in batch (batch size exceeded) 25002718
bases in batch (batch size exceeded) 25041149
bases in batch (batch size exceeded) 25003088
bases in batch (batch size exceeded) 25001336
bases in batch (batch size exceeded) 25007076
bases in batch (batch size exceeded) 25000704
bases in batch (batch size exceeded) 25020119
bases in batch (batch size exceeded) 25045924
bases in batch (batch size exceeded) 25013587
bases in batch (batch size exceeded) 25006300
bases in batch (last for core) 4050331
Starting up parallel processes, tasklist took 40.43506860733032
Starting merge, parallel processing took 555.3346719741821
bigwig
Merge took 1152.9887413978577

