chr19:0-61707364
histone1_chr19
bases in batch (core allotment reached) 76256914
bases in batch (core allotment reached) 76270985
bases in batch (core allotment reached) 76271331
bases in batch (core allotment reached) 76260865
bases in batch (core allotment reached) 76260042
bases in batch (core allotment reached) 76276983
bases in batch (core allotment reached) 76256191
bases in batch (core allotment reached) 76261977
bases in batch (core allotment reached) 76267295
bases in batch (core allotment reached) 76264400
bases in batch (core allotment reached) 76269247
bases in batch (core allotment reached) 76293422
bases in batch (core allotment reached) 76259914
bases in batch (core allotment reached) 76258133
bases in batch (core allotment reached) 76262777
bases in batch (core allotment reached) 76260023
bases in batch (core allotment reached) 76259402
bases in batch (core allotment reached) 76266024
bases in batch (core allotment reached) 76262504
bases in batch (core allotment reached) 76255902
bases in batch (core allotment reached) 76275960
bases in batch (core allotment reached) 76256057
bases in batch (core allotment reached) 76290973
bases in batch (core allotment reached) 76262790
bases in batch (core allotment reached) 76270003
bases in batch (core allotment reached) 76258278
bases in batch (core allotment reached) 76280192
bases in batch (core allotment reached) 76260326
bases in batch (core allotment reached) 76267320
bases in batch (core allotment reached) 76260071
bases in batch (core allotment reached) 76258154
bases in batch (last for core) 75950401
Starting up parallel processes, tasklist took 10.855382204055786
Starting merge, parallel processing took 264.62340688705444
bigwig
Merge took 313.59879302978516

