chr7:0-160567428
histone1_chr7
bases in batch (batch size exceeded) 25021220
bases in batch (batch size exceeded) 25020424
bases in batch (batch size exceeded) 25002586
bases in batch (batch size exceeded) 25018275
bases in batch (batch size exceeded) 25008028
bases in batch (batch size exceeded) 25003443
bases in batch (batch size exceeded) 25001267
bases in batch (batch size exceeded) 25000163
bases in batch (core allotment reached) 4435092
bases in batch (batch size exceeded) 25005365
bases in batch (batch size exceeded) 25041727
bases in batch (batch size exceeded) 25001871
bases in batch (batch size exceeded) 25013771
bases in batch (batch size exceeded) 25008844
bases in batch (batch size exceeded) 25021679
bases in batch (batch size exceeded) 25006698
bases in batch (batch size exceeded) 25010816
bases in batch (core allotment reached) 4399332
bases in batch (batch size exceeded) 25009243
bases in batch (batch size exceeded) 25009632
bases in batch (batch size exceeded) 25009682
bases in batch (batch size exceeded) 25007686
bases in batch (batch size exceeded) 25004839
bases in batch (batch size exceeded) 25013638
bases in batch (batch size exceeded) 25006133
bases in batch (batch size exceeded) 25021896
bases in batch (core allotment reached) 4425638
bases in batch (batch size exceeded) 25005643
bases in batch (batch size exceeded) 25002104
bases in batch (batch size exceeded) 25005866
bases in batch (batch size exceeded) 25002665
bases in batch (batch size exceeded) 25003499
bases in batch (batch size exceeded) 25011637
bases in batch (batch size exceeded) 25001257
bases in batch (batch size exceeded) 25016275
bases in batch (core allotment reached) 4458379
bases in batch (batch size exceeded) 25003149
bases in batch (batch size exceeded) 25008187
bases in batch (batch size exceeded) 25002152
bases in batch (batch size exceeded) 25005367
bases in batch (batch size exceeded) 25026337
bases in batch (batch size exceeded) 25002802
bases in batch (batch size exceeded) 25000237
bases in batch (batch size exceeded) 25001125
bases in batch (core allotment reached) 4457846
bases in batch (batch size exceeded) 25002615
bases in batch (batch size exceeded) 25004495
bases in batch (batch size exceeded) 25038138
bases in batch (batch size exceeded) 25000226
bases in batch (batch size exceeded) 25058649
bases in batch (batch size exceeded) 25004644
bases in batch (batch size exceeded) 25004342
bases in batch (batch size exceeded) 25011842
bases in batch (core allotment reached) 4397635
bases in batch (batch size exceeded) 25000083
bases in batch (batch size exceeded) 25050180
bases in batch (batch size exceeded) 25019669
bases in batch (batch size exceeded) 25003807
bases in batch (batch size exceeded) 25003888
bases in batch (batch size exceeded) 25034698
bases in batch (batch size exceeded) 25006491
bases in batch (batch size exceeded) 25007101
bases in batch (core allotment reached) 4388504
bases in batch (batch size exceeded) 25033387
bases in batch (batch size exceeded) 25034721
bases in batch (batch size exceeded) 25000663
bases in batch (batch size exceeded) 25002864
bases in batch (batch size exceeded) 25001084
bases in batch (batch size exceeded) 25009933
bases in batch (batch size exceeded) 25018891
bases in batch (batch size exceeded) 25066734
bases in batch (core allotment reached) 4339333
bases in batch (batch size exceeded) 25000758
bases in batch (batch size exceeded) 25000457
bases in batch (batch size exceeded) 25007329
bases in batch (batch size exceeded) 25001679
bases in batch (batch size exceeded) 25007641
bases in batch (batch size exceeded) 25003311
bases in batch (batch size exceeded) 25021306
bases in batch (batch size exceeded) 25060203
bases in batch (core allotment reached) 4405837
bases in batch (batch size exceeded) 25037042
bases in batch (batch size exceeded) 25016411
bases in batch (batch size exceeded) 25000391
bases in batch (batch size exceeded) 25028867
bases in batch (batch size exceeded) 25009735
bases in batch (batch size exceeded) 25021534
bases in batch (batch size exceeded) 25012218
bases in batch (batch size exceeded) 25002632
bases in batch (core allotment reached) 4379710
bases in batch (batch size exceeded) 25000178
bases in batch (batch size exceeded) 25002069
bases in batch (batch size exceeded) 25020517
bases in batch (batch size exceeded) 25011372
bases in batch (batch size exceeded) 25010870
bases in batch (batch size exceeded) 25016688
bases in batch (batch size exceeded) 25003382
bases in batch (batch size exceeded) 25005688
bases in batch (core allotment reached) 4436449
bases in batch (batch size exceeded) 25003016
bases in batch (batch size exceeded) 25025010
bases in batch (batch size exceeded) 25000068
bases in batch (batch size exceeded) 25001628
bases in batch (batch size exceeded) 25001309
bases in batch (batch size exceeded) 25000027
bases in batch (batch size exceeded) 25002289
bases in batch (batch size exceeded) 25009396
bases in batch (core allotment reached) 4489373
bases in batch (batch size exceeded) 25024667
bases in batch (batch size exceeded) 25013551
bases in batch (batch size exceeded) 25007941
bases in batch (batch size exceeded) 25005268
bases in batch (batch size exceeded) 25001217
bases in batch (batch size exceeded) 25015464
bases in batch (batch size exceeded) 25011052
bases in batch (batch size exceeded) 25019933
bases in batch (core allotment reached) 4407711
bases in batch (batch size exceeded) 25000225
bases in batch (batch size exceeded) 25002081
bases in batch (batch size exceeded) 25025168
bases in batch (batch size exceeded) 25000367
bases in batch (batch size exceeded) 25007969
bases in batch (batch size exceeded) 25004968
bases in batch (batch size exceeded) 25007893
bases in batch (batch size exceeded) 25004058
bases in batch (core allotment reached) 4466865
bases in batch (batch size exceeded) 25001335
bases in batch (batch size exceeded) 25010715
bases in batch (batch size exceeded) 25000155
bases in batch (batch size exceeded) 25005998
bases in batch (batch size exceeded) 25008228
bases in batch (batch size exceeded) 25022715
bases in batch (batch size exceeded) 25002921
bases in batch (batch size exceeded) 25007513
bases in batch (core allotment reached) 4475682
bases in batch (batch size exceeded) 25002626
bases in batch (batch size exceeded) 25021050
bases in batch (batch size exceeded) 25001725
bases in batch (batch size exceeded) 25014097
bases in batch (batch size exceeded) 25002978
bases in batch (batch size exceeded) 25018335
bases in batch (batch size exceeded) 25003398
bases in batch (batch size exceeded) 25000052
bases in batch (core allotment reached) 4447739
bases in batch (batch size exceeded) 25038818
bases in batch (batch size exceeded) 25003469
bases in batch (batch size exceeded) 25002404
bases in batch (batch size exceeded) 25019216
bases in batch (batch size exceeded) 25043538
bases in batch (batch size exceeded) 25000980
bases in batch (batch size exceeded) 25001589
bases in batch (batch size exceeded) 25014541
bases in batch (core allotment reached) 4394617
bases in batch (batch size exceeded) 25017358
bases in batch (batch size exceeded) 25007765
bases in batch (batch size exceeded) 25034116
bases in batch (batch size exceeded) 25002446
bases in batch (batch size exceeded) 25014603
bases in batch (batch size exceeded) 25008630
bases in batch (batch size exceeded) 25008952
bases in batch (batch size exceeded) 25046870
bases in batch (core allotment reached) 4365916
bases in batch (batch size exceeded) 25008497
bases in batch (batch size exceeded) 25009122
bases in batch (batch size exceeded) 25001050
bases in batch (batch size exceeded) 25036925
bases in batch (batch size exceeded) 25025510
bases in batch (batch size exceeded) 25032774
bases in batch (batch size exceeded) 25018638
bases in batch (batch size exceeded) 25027449
bases in batch (core allotment reached) 4354767
bases in batch (batch size exceeded) 25043215
bases in batch (batch size exceeded) 25012636
bases in batch (batch size exceeded) 25031434
bases in batch (batch size exceeded) 25003191
bases in batch (batch size exceeded) 25001941
bases in batch (batch size exceeded) 25006836
bases in batch (batch size exceeded) 25002180
bases in batch (batch size exceeded) 25036514
bases in batch (core allotment reached) 4369740
bases in batch (batch size exceeded) 25030729
bases in batch (batch size exceeded) 25030127
bases in batch (batch size exceeded) 25001501
bases in batch (batch size exceeded) 25022759
bases in batch (batch size exceeded) 25011731
bases in batch (batch size exceeded) 25028214
bases in batch (batch size exceeded) 25015709
bases in batch (batch size exceeded) 25024913
bases in batch (core allotment reached) 4346823
bases in batch (batch size exceeded) 25001360
bases in batch (batch size exceeded) 25003114
bases in batch (batch size exceeded) 25010750
bases in batch (batch size exceeded) 25003905
bases in batch (batch size exceeded) 25003013
bases in batch (batch size exceeded) 25027794
bases in batch (batch size exceeded) 25047365
bases in batch (batch size exceeded) 25020670
bases in batch (core allotment reached) 4392009
bases in batch (batch size exceeded) 25039375
bases in batch (batch size exceeded) 25019312
bases in batch (batch size exceeded) 25001568
bases in batch (batch size exceeded) 25011021
bases in batch (batch size exceeded) 25014655
bases in batch (batch size exceeded) 25023408
bases in batch (batch size exceeded) 25005397
bases in batch (batch size exceeded) 25012729
bases in batch (core allotment reached) 4393811
bases in batch (batch size exceeded) 25000870
bases in batch (batch size exceeded) 25017258
bases in batch (batch size exceeded) 25033123
bases in batch (batch size exceeded) 25012360
bases in batch (batch size exceeded) 25034317
bases in batch (batch size exceeded) 25032266
bases in batch (batch size exceeded) 25007144
bases in batch (batch size exceeded) 25000402
bases in batch (core allotment reached) 4368889
bases in batch (batch size exceeded) 25000207
bases in batch (batch size exceeded) 25000632
bases in batch (batch size exceeded) 25024965
bases in batch (batch size exceeded) 25014584
bases in batch (batch size exceeded) 25030593
bases in batch (batch size exceeded) 25001255
bases in batch (batch size exceeded) 25000213
bases in batch (batch size exceeded) 25010089
bases in batch (core allotment reached) 4430464
bases in batch (batch size exceeded) 25005690
bases in batch (batch size exceeded) 25022454
bases in batch (batch size exceeded) 25008037
bases in batch (batch size exceeded) 25008218
bases in batch (batch size exceeded) 25037887
bases in batch (batch size exceeded) 25010909
bases in batch (batch size exceeded) 25008257
bases in batch (batch size exceeded) 25001586
bases in batch (core allotment reached) 4423198
bases in batch (batch size exceeded) 25003035
bases in batch (batch size exceeded) 25033229
bases in batch (batch size exceeded) 25004932
bases in batch (batch size exceeded) 25025018
bases in batch (batch size exceeded) 25000068
bases in batch (batch size exceeded) 25011748
bases in batch (batch size exceeded) 25000094
bases in batch (batch size exceeded) 25022808
bases in batch (core allotment reached) 4424240
bases in batch (batch size exceeded) 25001344
bases in batch (batch size exceeded) 25012550
bases in batch (batch size exceeded) 25000398
bases in batch (batch size exceeded) 25025281
bases in batch (batch size exceeded) 25013395
bases in batch (batch size exceeded) 25037946
bases in batch (batch size exceeded) 25054581
bases in batch (batch size exceeded) 25017949
bases in batch (core allotment reached) 4346044
bases in batch (batch size exceeded) 25006167
bases in batch (batch size exceeded) 25000395
bases in batch (batch size exceeded) 25003128
bases in batch (batch size exceeded) 25006863
bases in batch (batch size exceeded) 25000134
bases in batch (batch size exceeded) 25002068
bases in batch (batch size exceeded) 25002965
bases in batch (batch size exceeded) 25031930
bases in batch (core allotment reached) 4479944
bases in batch (batch size exceeded) 25002200
bases in batch (batch size exceeded) 25007818
bases in batch (batch size exceeded) 25055919
bases in batch (batch size exceeded) 25008142
bases in batch (batch size exceeded) 25000448
bases in batch (batch size exceeded) 25034107
bases in batch (batch size exceeded) 25001782
bases in batch (batch size exceeded) 25050688
bases in batch (core allotment reached) 4352008
bases in batch (batch size exceeded) 25003333
bases in batch (batch size exceeded) 25003237
bases in batch (batch size exceeded) 25002342
bases in batch (batch size exceeded) 25007688
bases in batch (batch size exceeded) 25046059
bases in batch (batch size exceeded) 25003703
bases in batch (batch size exceeded) 25005212
bases in batch (batch size exceeded) 25033235
bases in batch (core allotment reached) 4403363
bases in batch (batch size exceeded) 25001780
bases in batch (batch size exceeded) 25002622
bases in batch (batch size exceeded) 25001757
bases in batch (batch size exceeded) 25014670
bases in batch (batch size exceeded) 25008549
bases in batch (batch size exceeded) 25000164
bases in batch (batch size exceeded) 25002180
bases in batch (batch size exceeded) 25001859
bases in batch (last for core) 4226359
Starting up parallel processes, tasklist took 29.142833948135376
Starting merge, parallel processing took 376.7693157196045
bigwig
Merge took 791.4335997104645

