chr11:0-135127769
histone2_chr11
bases in batch (batch size exceeded) 25050927
bases in batch (batch size exceeded) 25037531
bases in batch (batch size exceeded) 25025193
bases in batch (batch size exceeded) 25004435
bases in batch (batch size exceeded) 25034249
bases in batch (batch size exceeded) 25007009
bases in batch (batch size exceeded) 25056855
bases in batch (core allotment reached) 1598033
bases in batch (batch size exceeded) 25014376
bases in batch (batch size exceeded) 25011821
bases in batch (batch size exceeded) 25012237
bases in batch (batch size exceeded) 25019148
bases in batch (batch size exceeded) 25004860
bases in batch (batch size exceeded) 25000286
bases in batch (batch size exceeded) 25025686
bases in batch (core allotment reached) 1752138
bases in batch (batch size exceeded) 25002927
bases in batch (batch size exceeded) 25048922
bases in batch (batch size exceeded) 25006908
bases in batch (batch size exceeded) 25038845
bases in batch (batch size exceeded) 25035585
bases in batch (batch size exceeded) 25030869
bases in batch (batch size exceeded) 25015418
bases in batch (core allotment reached) 1649664
bases in batch (batch size exceeded) 25000459
bases in batch (batch size exceeded) 25013098
bases in batch (batch size exceeded) 25021130
bases in batch (batch size exceeded) 25014458
bases in batch (batch size exceeded) 25018008
bases in batch (batch size exceeded) 25010464
bases in batch (batch size exceeded) 25008378
bases in batch (core allotment reached) 1738096
bases in batch (batch size exceeded) 25034625
bases in batch (batch size exceeded) 25002465
bases in batch (batch size exceeded) 25035529
bases in batch (batch size exceeded) 25001031
bases in batch (batch size exceeded) 25070205
bases in batch (batch size exceeded) 25009619
bases in batch (batch size exceeded) 25038539
bases in batch (core allotment reached) 1622165
bases in batch (batch size exceeded) 25009621
bases in batch (batch size exceeded) 25000622
bases in batch (batch size exceeded) 25011226
bases in batch (batch size exceeded) 25018316
bases in batch (batch size exceeded) 25002841
bases in batch (batch size exceeded) 25001756
bases in batch (batch size exceeded) 25025477
bases in batch (core allotment reached) 1743084
bases in batch (batch size exceeded) 25044331
bases in batch (batch size exceeded) 25007005
bases in batch (batch size exceeded) 25007821
bases in batch (batch size exceeded) 25015362
bases in batch (batch size exceeded) 25001426
bases in batch (batch size exceeded) 25017804
bases in batch (batch size exceeded) 25013750
bases in batch (core allotment reached) 1712565
bases in batch (batch size exceeded) 25007368
bases in batch (batch size exceeded) 25005550
bases in batch (batch size exceeded) 25024836
bases in batch (batch size exceeded) 25011410
bases in batch (batch size exceeded) 25032520
bases in batch (batch size exceeded) 25032004
bases in batch (batch size exceeded) 25068165
bases in batch (core allotment reached) 1647042
bases in batch (batch size exceeded) 25001659
bases in batch (batch size exceeded) 25031972
bases in batch (batch size exceeded) 25019880
bases in batch (batch size exceeded) 25036695
bases in batch (batch size exceeded) 25012159
bases in batch (batch size exceeded) 25000319
bases in batch (batch size exceeded) 25014913
bases in batch (core allotment reached) 1698297
bases in batch (batch size exceeded) 25009828
bases in batch (batch size exceeded) 25006603
bases in batch (batch size exceeded) 25003430
bases in batch (batch size exceeded) 25003064
bases in batch (batch size exceeded) 25000871
bases in batch (batch size exceeded) 25001887
bases in batch (batch size exceeded) 25075747
bases in batch (core allotment reached) 1712710
bases in batch (batch size exceeded) 25000919
bases in batch (batch size exceeded) 25015099
bases in batch (batch size exceeded) 25018507
bases in batch (batch size exceeded) 25000846
bases in batch (batch size exceeded) 25049803
bases in batch (batch size exceeded) 25009309
bases in batch (batch size exceeded) 25027783
bases in batch (core allotment reached) 1695496
bases in batch (batch size exceeded) 25001497
bases in batch (batch size exceeded) 25019595
bases in batch (batch size exceeded) 25012211
bases in batch (batch size exceeded) 25030471
bases in batch (batch size exceeded) 25000879
bases in batch (batch size exceeded) 25004563
bases in batch (batch size exceeded) 25040305
bases in batch (core allotment reached) 1716548
bases in batch (batch size exceeded) 25003295
bases in batch (batch size exceeded) 25026696
bases in batch (batch size exceeded) 25067847
bases in batch (batch size exceeded) 25002470
bases in batch (batch size exceeded) 25000297
bases in batch (batch size exceeded) 25022303
bases in batch (batch size exceeded) 25026977
bases in batch (core allotment reached) 1675941
bases in batch (batch size exceeded) 25000041
bases in batch (batch size exceeded) 25008671
bases in batch (batch size exceeded) 25010017
bases in batch (batch size exceeded) 25001660
bases in batch (batch size exceeded) 25040181
bases in batch (batch size exceeded) 25006334
bases in batch (batch size exceeded) 25000313
bases in batch (core allotment reached) 1788815
bases in batch (batch size exceeded) 25009688
bases in batch (batch size exceeded) 25039914
bases in batch (batch size exceeded) 25009722
bases in batch (batch size exceeded) 25002078
bases in batch (batch size exceeded) 25004735
bases in batch (batch size exceeded) 25007308
bases in batch (batch size exceeded) 25001853
bases in batch (core allotment reached) 1739376
bases in batch (batch size exceeded) 25021028
bases in batch (batch size exceeded) 25055722
bases in batch (batch size exceeded) 25007692
bases in batch (batch size exceeded) 25008490
bases in batch (batch size exceeded) 25038674
bases in batch (batch size exceeded) 25000254
bases in batch (batch size exceeded) 25018789
bases in batch (core allotment reached) 1710463
bases in batch (batch size exceeded) 25010073
bases in batch (batch size exceeded) 25003582
bases in batch (batch size exceeded) 25025127
bases in batch (batch size exceeded) 25012412
bases in batch (batch size exceeded) 25009553
bases in batch (batch size exceeded) 25005482
bases in batch (batch size exceeded) 25013459
bases in batch (core allotment reached) 1734183
bases in batch (batch size exceeded) 25041135
bases in batch (batch size exceeded) 25022977
bases in batch (batch size exceeded) 25005363
bases in batch (batch size exceeded) 25005411
bases in batch (batch size exceeded) 25003522
bases in batch (batch size exceeded) 25015552
bases in batch (batch size exceeded) 25021816
bases in batch (core allotment reached) 1713206
bases in batch (batch size exceeded) 25003835
bases in batch (batch size exceeded) 25000409
bases in batch (batch size exceeded) 25011418
bases in batch (batch size exceeded) 25029052
bases in batch (batch size exceeded) 25056680
bases in batch (batch size exceeded) 25003717
bases in batch (batch size exceeded) 25009093
bases in batch (core allotment reached) 1733774
bases in batch (batch size exceeded) 25006109
bases in batch (batch size exceeded) 25048155
bases in batch (batch size exceeded) 25008790
bases in batch (batch size exceeded) 25034034
bases in batch (batch size exceeded) 25017658
bases in batch (batch size exceeded) 25065872
bases in batch (batch size exceeded) 25012248
bases in batch (core allotment reached) 1631869
bases in batch (batch size exceeded) 25000091
bases in batch (batch size exceeded) 25007006
bases in batch (batch size exceeded) 25004922
bases in batch (batch size exceeded) 25006226
bases in batch (batch size exceeded) 25008005
bases in batch (batch size exceeded) 25004566
bases in batch (batch size exceeded) 25007261
bases in batch (core allotment reached) 1787447
bases in batch (batch size exceeded) 25003697
bases in batch (batch size exceeded) 25017390
bases in batch (batch size exceeded) 25005632
bases in batch (batch size exceeded) 25008515
bases in batch (batch size exceeded) 25008862
bases in batch (batch size exceeded) 25003988
bases in batch (batch size exceeded) 25004689
bases in batch (core allotment reached) 1760376
bases in batch (batch size exceeded) 25003520
bases in batch (batch size exceeded) 25007563
bases in batch (batch size exceeded) 25026863
bases in batch (batch size exceeded) 25039855
bases in batch (batch size exceeded) 25000119
bases in batch (batch size exceeded) 25003787
bases in batch (batch size exceeded) 25000502
bases in batch (core allotment reached) 1733766
bases in batch (batch size exceeded) 25021317
bases in batch (batch size exceeded) 25002343
bases in batch (batch size exceeded) 25023449
bases in batch (batch size exceeded) 25000704
bases in batch (batch size exceeded) 25000450
bases in batch (batch size exceeded) 25000168
bases in batch (batch size exceeded) 25017514
bases in batch (core allotment reached) 1779957
bases in batch (batch size exceeded) 25005818
bases in batch (batch size exceeded) 25003019
bases in batch (batch size exceeded) 25015066
bases in batch (batch size exceeded) 25000598
bases in batch (batch size exceeded) 25002482
bases in batch (batch size exceeded) 25028336
bases in batch (batch size exceeded) 25010958
bases in batch (core allotment reached) 1793123
bases in batch (batch size exceeded) 25003738
bases in batch (batch size exceeded) 25000061
bases in batch (batch size exceeded) 25002479
bases in batch (batch size exceeded) 25001756
bases in batch (batch size exceeded) 25024943
bases in batch (batch size exceeded) 25007315
bases in batch (batch size exceeded) 25002883
bases in batch (core allotment reached) 1811246
bases in batch (batch size exceeded) 25014262
bases in batch (batch size exceeded) 25034409
bases in batch (batch size exceeded) 25052478
bases in batch (batch size exceeded) 25006790
bases in batch (batch size exceeded) 25004963
bases in batch (batch size exceeded) 25044944
bases in batch (batch size exceeded) 25043818
bases in batch (core allotment reached) 1664483
bases in batch (batch size exceeded) 25002367
bases in batch (batch size exceeded) 25011097
bases in batch (batch size exceeded) 25012463
bases in batch (batch size exceeded) 25006775
bases in batch (batch size exceeded) 25009863
bases in batch (batch size exceeded) 25001282
bases in batch (batch size exceeded) 25002202
bases in batch (core allotment reached) 1770447
bases in batch (batch size exceeded) 25012036
bases in batch (batch size exceeded) 25013323
bases in batch (batch size exceeded) 25022303
bases in batch (batch size exceeded) 25021262
bases in batch (batch size exceeded) 25003132
bases in batch (batch size exceeded) 25002090
bases in batch (batch size exceeded) 25000995
bases in batch (core allotment reached) 1751820
bases in batch (batch size exceeded) 25043832
bases in batch (batch size exceeded) 25030048
bases in batch (batch size exceeded) 25002815
bases in batch (batch size exceeded) 25011956
bases in batch (batch size exceeded) 25016769
bases in batch (batch size exceeded) 25014076
bases in batch (batch size exceeded) 25001711
bases in batch (core allotment reached) 1721758
bases in batch (batch size exceeded) 25003291
bases in batch (batch size exceeded) 25004632
bases in batch (batch size exceeded) 25027950
bases in batch (batch size exceeded) 25009106
bases in batch (batch size exceeded) 25008245
bases in batch (batch size exceeded) 25006945
bases in batch (batch size exceeded) 25028624
bases in batch (core allotment reached) 1758614
bases in batch (batch size exceeded) 25016107
bases in batch (batch size exceeded) 25002454
bases in batch (batch size exceeded) 25004308
bases in batch (batch size exceeded) 25002548
bases in batch (batch size exceeded) 25001919
bases in batch (batch size exceeded) 25038386
bases in batch (batch size exceeded) 25021449
bases in batch (last for core) 1179263
Starting up parallel processes, tasklist took 24.298847675323486
Starting merge, parallel processing took 322.24059677124023
bigwig
Merge took 670.5194523334503

