chr14:0-101161492
histone3_chr14
bases in batch (batch size exceeded) 25012362
bases in batch (batch size exceeded) 25013122
bases in batch (batch size exceeded) 25002291
bases in batch (batch size exceeded) 25025476
bases in batch (batch size exceeded) 25037846
bases in batch (core allotment reached) 2727846
bases in batch (batch size exceeded) 25026847
bases in batch (batch size exceeded) 25037287
bases in batch (batch size exceeded) 25013787
bases in batch (batch size exceeded) 25004790
bases in batch (batch size exceeded) 25001238
bases in batch (core allotment reached) 2750269
bases in batch (batch size exceeded) 25047958
bases in batch (batch size exceeded) 25009610
bases in batch (batch size exceeded) 25007163
bases in batch (batch size exceeded) 25001357
bases in batch (batch size exceeded) 25014018
bases in batch (core allotment reached) 2744019
bases in batch (batch size exceeded) 25002445
bases in batch (batch size exceeded) 25000217
bases in batch (batch size exceeded) 25009354
bases in batch (batch size exceeded) 25003350
bases in batch (batch size exceeded) 25002493
bases in batch (core allotment reached) 2815131
bases in batch (batch size exceeded) 25005376
bases in batch (batch size exceeded) 25020456
bases in batch (batch size exceeded) 25003660
bases in batch (batch size exceeded) 25008398
bases in batch (batch size exceeded) 25035463
bases in batch (core allotment reached) 2748057
bases in batch (batch size exceeded) 25013742
bases in batch (batch size exceeded) 25003526
bases in batch (batch size exceeded) 25001153
bases in batch (batch size exceeded) 25003396
bases in batch (batch size exceeded) 25020915
bases in batch (core allotment reached) 2784822
bases in batch (batch size exceeded) 25017480
bases in batch (batch size exceeded) 25003729
bases in batch (batch size exceeded) 25001125
bases in batch (batch size exceeded) 25003677
bases in batch (batch size exceeded) 25008766
bases in batch (core allotment reached) 2793338
bases in batch (batch size exceeded) 25029491
bases in batch (batch size exceeded) 25003423
bases in batch (batch size exceeded) 25005925
bases in batch (batch size exceeded) 25019904
bases in batch (batch size exceeded) 25029568
bases in batch (core allotment reached) 2730405
bases in batch (batch size exceeded) 25078971
bases in batch (batch size exceeded) 25009769
bases in batch (batch size exceeded) 25027929
bases in batch (batch size exceeded) 25003899
bases in batch (batch size exceeded) 25023568
bases in batch (core allotment reached) 2718807
bases in batch (batch size exceeded) 25031190
bases in batch (batch size exceeded) 25045581
bases in batch (batch size exceeded) 25002075
bases in batch (batch size exceeded) 25004315
bases in batch (batch size exceeded) 25010138
bases in batch (core allotment reached) 2724922
bases in batch (batch size exceeded) 25005434
bases in batch (batch size exceeded) 25008313
bases in batch (batch size exceeded) 25000531
bases in batch (batch size exceeded) 25007175
bases in batch (batch size exceeded) 25032607
bases in batch (core allotment reached) 2764017
bases in batch (batch size exceeded) 25008866
bases in batch (batch size exceeded) 25007152
bases in batch (batch size exceeded) 25015347
bases in batch (batch size exceeded) 25008960
bases in batch (batch size exceeded) 25013955
bases in batch (core allotment reached) 2770050
bases in batch (batch size exceeded) 25005755
bases in batch (batch size exceeded) 25001023
bases in batch (batch size exceeded) 25007269
bases in batch (batch size exceeded) 25007240
bases in batch (batch size exceeded) 25002456
bases in batch (core allotment reached) 2826008
bases in batch (batch size exceeded) 25041754
bases in batch (batch size exceeded) 25002507
bases in batch (batch size exceeded) 25009843
bases in batch (batch size exceeded) 25001024
bases in batch (batch size exceeded) 25011530
bases in batch (core allotment reached) 2756025
bases in batch (batch size exceeded) 25002747
bases in batch (batch size exceeded) 25010989
bases in batch (batch size exceeded) 25012369
bases in batch (batch size exceeded) 25014262
bases in batch (batch size exceeded) 25000124
bases in batch (core allotment reached) 2777651
bases in batch (batch size exceeded) 25006984
bases in batch (batch size exceeded) 25047028
bases in batch (batch size exceeded) 25001669
bases in batch (batch size exceeded) 25021394
bases in batch (batch size exceeded) 25002243
bases in batch (core allotment reached) 2738975
bases in batch (batch size exceeded) 25011591
bases in batch (batch size exceeded) 25000148
bases in batch (batch size exceeded) 25029487
bases in batch (batch size exceeded) 25029430
bases in batch (batch size exceeded) 25027518
bases in batch (core allotment reached) 2730019
bases in batch (batch size exceeded) 25000135
bases in batch (batch size exceeded) 25006113
bases in batch (batch size exceeded) 25007391
bases in batch (batch size exceeded) 25017252
bases in batch (batch size exceeded) 25008634
bases in batch (core allotment reached) 2787541
bases in batch (batch size exceeded) 25005166
bases in batch (batch size exceeded) 25043360
bases in batch (batch size exceeded) 25016402
bases in batch (batch size exceeded) 25005452
bases in batch (batch size exceeded) 25029973
bases in batch (core allotment reached) 2723797
bases in batch (batch size exceeded) 25034290
bases in batch (batch size exceeded) 25004334
bases in batch (batch size exceeded) 25011969
bases in batch (batch size exceeded) 25054604
bases in batch (batch size exceeded) 25002362
bases in batch (core allotment reached) 2724169
bases in batch (batch size exceeded) 25001261
bases in batch (batch size exceeded) 25034712
bases in batch (batch size exceeded) 25001949
bases in batch (batch size exceeded) 25003946
bases in batch (batch size exceeded) 25010681
bases in batch (core allotment reached) 2812976
bases in batch (batch size exceeded) 25006657
bases in batch (batch size exceeded) 25021878
bases in batch (batch size exceeded) 25036644
bases in batch (batch size exceeded) 25001307
bases in batch (batch size exceeded) 25009724
bases in batch (core allotment reached) 2762337
bases in batch (batch size exceeded) 25072831
bases in batch (batch size exceeded) 25000358
bases in batch (batch size exceeded) 25002822
bases in batch (batch size exceeded) 25024251
bases in batch (batch size exceeded) 25016960
bases in batch (core allotment reached) 2711023
bases in batch (batch size exceeded) 25055975
bases in batch (batch size exceeded) 25020588
bases in batch (batch size exceeded) 25004537
bases in batch (batch size exceeded) 25031302
bases in batch (batch size exceeded) 25000861
bases in batch (core allotment reached) 2730309
bases in batch (batch size exceeded) 25003330
bases in batch (batch size exceeded) 25002527
bases in batch (batch size exceeded) 25001662
bases in batch (batch size exceeded) 25001045
bases in batch (batch size exceeded) 25000009
bases in batch (core allotment reached) 2843927
bases in batch (batch size exceeded) 25006290
bases in batch (batch size exceeded) 25000382
bases in batch (batch size exceeded) 25001708
bases in batch (batch size exceeded) 25031023
bases in batch (batch size exceeded) 25023182
bases in batch (core allotment reached) 2772735
bases in batch (batch size exceeded) 25005520
bases in batch (batch size exceeded) 25000594
bases in batch (batch size exceeded) 25011800
bases in batch (batch size exceeded) 25010108
bases in batch (batch size exceeded) 25008507
bases in batch (core allotment reached) 2800751
bases in batch (batch size exceeded) 25041572
bases in batch (batch size exceeded) 25000198
bases in batch (batch size exceeded) 25002508
bases in batch (batch size exceeded) 25048669
bases in batch (batch size exceeded) 25001691
bases in batch (core allotment reached) 2724391
bases in batch (batch size exceeded) 25016087
bases in batch (batch size exceeded) 25064691
bases in batch (batch size exceeded) 25047739
bases in batch (batch size exceeded) 25011289
bases in batch (batch size exceeded) 25002816
bases in batch (core allotment reached) 2686153
bases in batch (batch size exceeded) 25038063
bases in batch (batch size exceeded) 25035230
bases in batch (batch size exceeded) 25007504
bases in batch (batch size exceeded) 25016164
bases in batch (batch size exceeded) 25002604
bases in batch (core allotment reached) 2728206
bases in batch (batch size exceeded) 25009719
bases in batch (batch size exceeded) 25003434
bases in batch (batch size exceeded) 25025371
bases in batch (batch size exceeded) 25005562
bases in batch (batch size exceeded) 25007938
bases in batch (core allotment reached) 2774714
bases in batch (batch size exceeded) 25010066
bases in batch (batch size exceeded) 25006973
bases in batch (batch size exceeded) 25000607
bases in batch (batch size exceeded) 25001984
bases in batch (batch size exceeded) 25021428
bases in batch (last for core) 2383896
Starting up parallel processes, tasklist took 18.36791467666626
Starting merge, parallel processing took 243.27830171585083
bigwig
Merge took 501.5008690357208

