chr15:0-99753195
histone3_chr15
bases in batch (batch size exceeded) 25002927
bases in batch (batch size exceeded) 25004213
bases in batch (batch size exceeded) 25008953
bases in batch (batch size exceeded) 25002212
bases in batch (batch size exceeded) 25009285
bases in batch (core allotment reached) 21112495
bases in batch (batch size exceeded) 25003651
bases in batch (batch size exceeded) 25000981
bases in batch (batch size exceeded) 25002134
bases in batch (batch size exceeded) 25000314
bases in batch (batch size exceeded) 25001520
bases in batch (core allotment reached) 21114651
bases in batch (batch size exceeded) 25015333
bases in batch (batch size exceeded) 25004721
bases in batch (batch size exceeded) 25004288
bases in batch (batch size exceeded) 25057809
bases in batch (batch size exceeded) 25000886
bases in batch (core allotment reached) 21039670
bases in batch (batch size exceeded) 25086831
bases in batch (batch size exceeded) 25030843
bases in batch (batch size exceeded) 25000435
bases in batch (batch size exceeded) 25001592
bases in batch (batch size exceeded) 25004898
bases in batch (core allotment reached) 21051221
bases in batch (batch size exceeded) 25022459
bases in batch (batch size exceeded) 25052081
bases in batch (batch size exceeded) 25012947
bases in batch (batch size exceeded) 25006811
bases in batch (batch size exceeded) 25062474
bases in batch (core allotment reached) 20966661
bases in batch (batch size exceeded) 25007551
bases in batch (batch size exceeded) 25019240
bases in batch (batch size exceeded) 25019485
bases in batch (batch size exceeded) 25004053
bases in batch (batch size exceeded) 25002393
bases in batch (core allotment reached) 21076339
bases in batch (batch size exceeded) 25009206
bases in batch (batch size exceeded) 25005269
bases in batch (batch size exceeded) 25026107
bases in batch (batch size exceeded) 25021920
bases in batch (batch size exceeded) 25010988
bases in batch (core allotment reached) 21045343
bases in batch (batch size exceeded) 25021803
bases in batch (batch size exceeded) 25000053
bases in batch (batch size exceeded) 25000287
bases in batch (batch size exceeded) 25010135
bases in batch (batch size exceeded) 25030369
bases in batch (core allotment reached) 21054371
bases in batch (batch size exceeded) 25027877
bases in batch (batch size exceeded) 25037530
bases in batch (batch size exceeded) 25049937
bases in batch (batch size exceeded) 25009372
bases in batch (batch size exceeded) 25016039
bases in batch (core allotment reached) 20989066
bases in batch (batch size exceeded) 25001844
bases in batch (batch size exceeded) 25001099
bases in batch (batch size exceeded) 25000257
bases in batch (batch size exceeded) 25000694
bases in batch (batch size exceeded) 25003624
bases in batch (core allotment reached) 21120243
bases in batch (batch size exceeded) 25001798
bases in batch (batch size exceeded) 25013285
bases in batch (batch size exceeded) 25019466
bases in batch (batch size exceeded) 25050256
bases in batch (batch size exceeded) 25030072
bases in batch (core allotment reached) 21001837
bases in batch (batch size exceeded) 25017930
bases in batch (batch size exceeded) 25002943
bases in batch (batch size exceeded) 25022325
bases in batch (batch size exceeded) 25017327
bases in batch (batch size exceeded) 25011494
bases in batch (core allotment reached) 21066210
bases in batch (batch size exceeded) 25005896
bases in batch (batch size exceeded) 25009171
bases in batch (batch size exceeded) 25090295
bases in batch (batch size exceeded) 25019550
bases in batch (batch size exceeded) 25024855
bases in batch (core allotment reached) 20979737
bases in batch (batch size exceeded) 25013619
bases in batch (batch size exceeded) 25002965
bases in batch (batch size exceeded) 25027255
bases in batch (batch size exceeded) 25003034
bases in batch (batch size exceeded) 25002586
bases in batch (core allotment reached) 21075952
bases in batch (batch size exceeded) 25008199
bases in batch (batch size exceeded) 25005264
bases in batch (batch size exceeded) 25054732
bases in batch (batch size exceeded) 25011176
bases in batch (batch size exceeded) 25008087
bases in batch (core allotment reached) 21042584
bases in batch (batch size exceeded) 25019844
bases in batch (batch size exceeded) 25005983
bases in batch (batch size exceeded) 25014587
bases in batch (batch size exceeded) 25007897
bases in batch (batch size exceeded) 25005193
bases in batch (core allotment reached) 21063861
bases in batch (batch size exceeded) 25009544
bases in batch (batch size exceeded) 25000979
bases in batch (batch size exceeded) 25000524
bases in batch (batch size exceeded) 25043251
bases in batch (batch size exceeded) 25024890
bases in batch (core allotment reached) 21068981
bases in batch (batch size exceeded) 25004662
bases in batch (batch size exceeded) 25002322
bases in batch (batch size exceeded) 25004138
bases in batch (batch size exceeded) 25000881
bases in batch (batch size exceeded) 25009868
bases in batch (core allotment reached) 21104275
bases in batch (batch size exceeded) 25021474
bases in batch (batch size exceeded) 25005224
bases in batch (batch size exceeded) 25061547
bases in batch (batch size exceeded) 25000374
bases in batch (batch size exceeded) 25031684
bases in batch (core allotment reached) 21060542
bases in batch (batch size exceeded) 25027936
bases in batch (batch size exceeded) 25003131
bases in batch (batch size exceeded) 25001451
bases in batch (batch size exceeded) 25006745
bases in batch (batch size exceeded) 25006503
bases in batch (core allotment reached) 21168732
bases in batch (batch size exceeded) 25001855
bases in batch (batch size exceeded) 25002661
bases in batch (batch size exceeded) 25001526
bases in batch (batch size exceeded) 25023412
bases in batch (batch size exceeded) 25032934
bases in batch (core allotment reached) 21056026
bases in batch (batch size exceeded) 25012737
bases in batch (batch size exceeded) 25061971
bases in batch (batch size exceeded) 25004552
bases in batch (batch size exceeded) 25006670
bases in batch (batch size exceeded) 25001226
bases in batch (core allotment reached) 21037162
bases in batch (batch size exceeded) 25005228
bases in batch (batch size exceeded) 25005708
bases in batch (batch size exceeded) 25000262
bases in batch (batch size exceeded) 25042371
bases in batch (batch size exceeded) 25072351
bases in batch (core allotment reached) 20990522
bases in batch (batch size exceeded) 25017108
bases in batch (batch size exceeded) 25004607
bases in batch (batch size exceeded) 25012850
bases in batch (batch size exceeded) 25003615
bases in batch (batch size exceeded) 25011068
bases in batch (core allotment reached) 21066330
bases in batch (batch size exceeded) 25006178
bases in batch (batch size exceeded) 25025974
bases in batch (batch size exceeded) 25011184
bases in batch (batch size exceeded) 25001094
bases in batch (batch size exceeded) 25009006
bases in batch (core allotment reached) 21065089
bases in batch (batch size exceeded) 25000009
bases in batch (batch size exceeded) 25009222
bases in batch (batch size exceeded) 25000403
bases in batch (batch size exceeded) 25017970
bases in batch (batch size exceeded) 25010031
bases in batch (core allotment reached) 21092620
bases in batch (batch size exceeded) 25020595
bases in batch (batch size exceeded) 25066895
bases in batch (batch size exceeded) 25028468
bases in batch (batch size exceeded) 25000834
bases in batch (batch size exceeded) 25012118
bases in batch (core allotment reached) 21007860
bases in batch (batch size exceeded) 25052302
bases in batch (batch size exceeded) 25002709
bases in batch (batch size exceeded) 25000303
bases in batch (batch size exceeded) 25053025
bases in batch (batch size exceeded) 25027871
bases in batch (core allotment reached) 20980558
bases in batch (batch size exceeded) 25005392
bases in batch (batch size exceeded) 25005787
bases in batch (batch size exceeded) 25005465
bases in batch (batch size exceeded) 25009365
bases in batch (batch size exceeded) 25009997
bases in batch (core allotment reached) 21081295
bases in batch (batch size exceeded) 25034743
bases in batch (batch size exceeded) 25027446
bases in batch (batch size exceeded) 25010695
bases in batch (batch size exceeded) 25042254
bases in batch (batch size exceeded) 25025482
bases in batch (core allotment reached) 20995132
bases in batch (batch size exceeded) 25020413
bases in batch (batch size exceeded) 25013541
bases in batch (batch size exceeded) 25007449
bases in batch (batch size exceeded) 25028761
bases in batch (batch size exceeded) 25000358
bases in batch (core allotment reached) 21050892
bases in batch (batch size exceeded) 25022048
bases in batch (batch size exceeded) 25006512
bases in batch (batch size exceeded) 25000689
bases in batch (batch size exceeded) 25001453
bases in batch (batch size exceeded) 25011742
bases in batch (last for core) 20538205
Starting up parallel processes, tasklist took 20.66860604286194
Starting merge, parallel processing took 272.2283935546875
bigwig
Merge took 490.7651023864746

