chr21:0-45090682
histone2_chr21
bases in batch (batch size exceeded) 25005143
bases in batch (batch size exceeded) 25027709
bases in batch (core allotment reached) 10268059
bases in batch (batch size exceeded) 25001396
bases in batch (batch size exceeded) 25009209
bases in batch (core allotment reached) 10310141
bases in batch (batch size exceeded) 25057249
bases in batch (batch size exceeded) 25000514
bases in batch (core allotment reached) 10246208
bases in batch (batch size exceeded) 25000634
bases in batch (batch size exceeded) 25017145
bases in batch (core allotment reached) 10275466
bases in batch (batch size exceeded) 25002508
bases in batch (batch size exceeded) 25041206
bases in batch (core allotment reached) 10251618
bases in batch (batch size exceeded) 25003449
bases in batch (batch size exceeded) 25004411
bases in batch (core allotment reached) 10318301
bases in batch (batch size exceeded) 25020467
bases in batch (batch size exceeded) 25006663
bases in batch (core allotment reached) 10265992
bases in batch (batch size exceeded) 25002624
bases in batch (batch size exceeded) 25010682
bases in batch (core allotment reached) 10279049
bases in batch (batch size exceeded) 25012214
bases in batch (batch size exceeded) 25002265
bases in batch (core allotment reached) 10296651
bases in batch (batch size exceeded) 25007449
bases in batch (batch size exceeded) 25000189
bases in batch (core allotment reached) 10293178
bases in batch (batch size exceeded) 25018387
bases in batch (batch size exceeded) 25003863
bases in batch (core allotment reached) 10275510
bases in batch (batch size exceeded) 25002346
bases in batch (batch size exceeded) 25004929
bases in batch (core allotment reached) 10280492
bases in batch (batch size exceeded) 25012599
bases in batch (batch size exceeded) 25004343
bases in batch (core allotment reached) 10279320
bases in batch (batch size exceeded) 25021844
bases in batch (batch size exceeded) 25007597
bases in batch (core allotment reached) 10262425
bases in batch (batch size exceeded) 25000140
bases in batch (batch size exceeded) 25002577
bases in batch (core allotment reached) 10286326
bases in batch (batch size exceeded) 25027930
bases in batch (batch size exceeded) 25031466
bases in batch (core allotment reached) 10271343
bases in batch (batch size exceeded) 25023882
bases in batch (batch size exceeded) 25000727
bases in batch (core allotment reached) 10262140
bases in batch (batch size exceeded) 25005934
bases in batch (batch size exceeded) 25041641
bases in batch (core allotment reached) 10262644
bases in batch (batch size exceeded) 25025397
bases in batch (batch size exceeded) 25003705
bases in batch (core allotment reached) 10269085
bases in batch (batch size exceeded) 25034541
bases in batch (batch size exceeded) 25021886
bases in batch (core allotment reached) 10231061
bases in batch (batch size exceeded) 25028931
bases in batch (batch size exceeded) 25026480
bases in batch (core allotment reached) 10230485
bases in batch (batch size exceeded) 25001297
bases in batch (batch size exceeded) 25056236
bases in batch (core allotment reached) 10245128
bases in batch (batch size exceeded) 25025429
bases in batch (batch size exceeded) 25005480
bases in batch (core allotment reached) 10271596
bases in batch (batch size exceeded) 25006201
bases in batch (batch size exceeded) 25019739
bases in batch (core allotment reached) 10264597
bases in batch (batch size exceeded) 25002975
bases in batch (batch size exceeded) 25003516
bases in batch (core allotment reached) 10279769
bases in batch (batch size exceeded) 25003047
bases in batch (batch size exceeded) 25003953
bases in batch (core allotment reached) 10307746
bases in batch (batch size exceeded) 25009154
bases in batch (batch size exceeded) 25011947
bases in batch (core allotment reached) 10264856
bases in batch (batch size exceeded) 25016704
bases in batch (batch size exceeded) 25006505
bases in batch (core allotment reached) 10278154
bases in batch (batch size exceeded) 25007053
bases in batch (batch size exceeded) 25007470
bases in batch (core allotment reached) 10341192
bases in batch (batch size exceeded) 25018038
bases in batch (batch size exceeded) 25012312
bases in batch (core allotment reached) 10259656
bases in batch (batch size exceeded) 25020641
bases in batch (batch size exceeded) 25002290
bases in batch (core allotment reached) 10262918
bases in batch (batch size exceeded) 25002845
bases in batch (batch size exceeded) 25003502
bases in batch (last for core) 9812634
Starting up parallel processes, tasklist took 8.247918128967285
Starting merge, parallel processing took 131.9832625389099
bigwig
Merge took 218.76091837882996

