chr2:0-242696752
histone3_chr2
bases in batch (batch size exceeded) 25000840
bases in batch (batch size exceeded) 25007134
bases in batch (batch size exceeded) 25091807
bases in batch (batch size exceeded) 25001612
bases in batch (batch size exceeded) 25029124
bases in batch (batch size exceeded) 25006978
bases in batch (batch size exceeded) 25002096
bases in batch (batch size exceeded) 25001346
bases in batch (batch size exceeded) 25004404
bases in batch (batch size exceeded) 25017611
bases in batch (batch size exceeded) 25004931
bases in batch (batch size exceeded) 25028575
bases in batch (core allotment reached) 10533015
bases in batch (batch size exceeded) 25010289
bases in batch (batch size exceeded) 25049790
bases in batch (batch size exceeded) 25000839
bases in batch (batch size exceeded) 25040639
bases in batch (batch size exceeded) 25001359
bases in batch (batch size exceeded) 25002994
bases in batch (batch size exceeded) 25037942
bases in batch (batch size exceeded) 25001254
bases in batch (batch size exceeded) 25015385
bases in batch (batch size exceeded) 25023747
bases in batch (batch size exceeded) 25009991
bases in batch (batch size exceeded) 25018957
bases in batch (core allotment reached) 10518739
bases in batch (batch size exceeded) 25042654
bases in batch (batch size exceeded) 25045924
bases in batch (batch size exceeded) 25024724
bases in batch (batch size exceeded) 25054984
bases in batch (batch size exceeded) 25024054
bases in batch (batch size exceeded) 25008022
bases in batch (batch size exceeded) 25037099
bases in batch (batch size exceeded) 25012347
bases in batch (batch size exceeded) 25000078
bases in batch (batch size exceeded) 25013996
bases in batch (batch size exceeded) 25028323
bases in batch (batch size exceeded) 25005045
bases in batch (core allotment reached) 10444156
bases in batch (batch size exceeded) 25003918
bases in batch (batch size exceeded) 25046770
bases in batch (batch size exceeded) 25035879
bases in batch (batch size exceeded) 25005835
bases in batch (batch size exceeded) 25007425
bases in batch (batch size exceeded) 25034858
bases in batch (batch size exceeded) 25004476
bases in batch (batch size exceeded) 25024884
bases in batch (batch size exceeded) 25000448
bases in batch (batch size exceeded) 25023216
bases in batch (batch size exceeded) 25015863
bases in batch (batch size exceeded) 25004561
bases in batch (core allotment reached) 10555094
bases in batch (batch size exceeded) 25007128
bases in batch (batch size exceeded) 25007917
bases in batch (batch size exceeded) 25017191
bases in batch (batch size exceeded) 25000064
bases in batch (batch size exceeded) 25006424
bases in batch (batch size exceeded) 25006085
bases in batch (batch size exceeded) 25040954
bases in batch (batch size exceeded) 25003949
bases in batch (batch size exceeded) 25026421
bases in batch (batch size exceeded) 25001540
bases in batch (batch size exceeded) 25006389
bases in batch (batch size exceeded) 25035578
bases in batch (core allotment reached) 10599557
bases in batch (batch size exceeded) 25015620
bases in batch (batch size exceeded) 25011823
bases in batch (batch size exceeded) 25009996
bases in batch (batch size exceeded) 25001666
bases in batch (batch size exceeded) 25004104
bases in batch (batch size exceeded) 25020470
bases in batch (batch size exceeded) 25011853
bases in batch (batch size exceeded) 25007750
bases in batch (batch size exceeded) 25026025
bases in batch (batch size exceeded) 25066817
bases in batch (batch size exceeded) 25079060
bases in batch (batch size exceeded) 25017461
bases in batch (core allotment reached) 10458578
bases in batch (batch size exceeded) 25001927
bases in batch (batch size exceeded) 25022808
bases in batch (batch size exceeded) 25000070
bases in batch (batch size exceeded) 25004631
bases in batch (batch size exceeded) 25001479
bases in batch (batch size exceeded) 25013946
bases in batch (batch size exceeded) 25006468
bases in batch (batch size exceeded) 25011989
bases in batch (batch size exceeded) 25001536
bases in batch (batch size exceeded) 25003301
bases in batch (batch size exceeded) 25024489
bases in batch (batch size exceeded) 25029772
bases in batch (core allotment reached) 10622210
bases in batch (batch size exceeded) 25002063
bases in batch (batch size exceeded) 25035244
bases in batch (batch size exceeded) 25049056
bases in batch (batch size exceeded) 25000660
bases in batch (batch size exceeded) 25042976
bases in batch (batch size exceeded) 25003764
bases in batch (batch size exceeded) 25008634
bases in batch (batch size exceeded) 25004878
bases in batch (batch size exceeded) 25001892
bases in batch (batch size exceeded) 25004007
bases in batch (batch size exceeded) 25017088
bases in batch (batch size exceeded) 25002887
bases in batch (core allotment reached) 10569183
bases in batch (batch size exceeded) 25000020
bases in batch (batch size exceeded) 25035616
bases in batch (batch size exceeded) 25005589
bases in batch (batch size exceeded) 25024539
bases in batch (batch size exceeded) 25004380
bases in batch (batch size exceeded) 25024860
bases in batch (batch size exceeded) 25037862
bases in batch (batch size exceeded) 25008757
bases in batch (batch size exceeded) 25004123
bases in batch (batch size exceeded) 25001339
bases in batch (batch size exceeded) 25001857
bases in batch (batch size exceeded) 25009839
bases in batch (core allotment reached) 10576817
bases in batch (batch size exceeded) 25001555
bases in batch (batch size exceeded) 25002544
bases in batch (batch size exceeded) 25000497
bases in batch (batch size exceeded) 25045519
bases in batch (batch size exceeded) 25001853
bases in batch (batch size exceeded) 25019579
bases in batch (batch size exceeded) 25000715
bases in batch (batch size exceeded) 25020306
bases in batch (batch size exceeded) 25002291
bases in batch (batch size exceeded) 25005763
bases in batch (batch size exceeded) 25080035
bases in batch (batch size exceeded) 25001561
bases in batch (core allotment reached) 10549852
bases in batch (batch size exceeded) 25028678
bases in batch (batch size exceeded) 25013912
bases in batch (batch size exceeded) 25056705
bases in batch (batch size exceeded) 25005574
bases in batch (batch size exceeded) 25014890
bases in batch (batch size exceeded) 25000627
bases in batch (batch size exceeded) 25024010
bases in batch (batch size exceeded) 25009348
bases in batch (batch size exceeded) 25003566
bases in batch (batch size exceeded) 25001359
bases in batch (batch size exceeded) 25002760
bases in batch (batch size exceeded) 25032998
bases in batch (core allotment reached) 10539938
bases in batch (batch size exceeded) 25016677
bases in batch (batch size exceeded) 25004353
bases in batch (batch size exceeded) 25003877
bases in batch (batch size exceeded) 25001059
bases in batch (batch size exceeded) 25003172
bases in batch (batch size exceeded) 25006510
bases in batch (batch size exceeded) 25020831
bases in batch (batch size exceeded) 25032657
bases in batch (batch size exceeded) 25048229
bases in batch (batch size exceeded) 25013151
bases in batch (batch size exceeded) 25051511
bases in batch (batch size exceeded) 25003186
bases in batch (core allotment reached) 10530119
bases in batch (batch size exceeded) 25019506
bases in batch (batch size exceeded) 25036559
bases in batch (batch size exceeded) 25013457
bases in batch (batch size exceeded) 25003154
bases in batch (batch size exceeded) 25015913
bases in batch (batch size exceeded) 25039989
bases in batch (batch size exceeded) 25002046
bases in batch (batch size exceeded) 25006456
bases in batch (batch size exceeded) 25002686
bases in batch (batch size exceeded) 25004805
bases in batch (batch size exceeded) 25001352
bases in batch (batch size exceeded) 25000526
bases in batch (core allotment reached) 10586302
bases in batch (batch size exceeded) 25001717
bases in batch (batch size exceeded) 25007027
bases in batch (batch size exceeded) 25010599
bases in batch (batch size exceeded) 25002336
bases in batch (batch size exceeded) 25023370
bases in batch (batch size exceeded) 25006315
bases in batch (batch size exceeded) 25014708
bases in batch (batch size exceeded) 25011926
bases in batch (batch size exceeded) 25001826
bases in batch (batch size exceeded) 25036666
bases in batch (batch size exceeded) 25006634
bases in batch (batch size exceeded) 25004319
bases in batch (core allotment reached) 10602479
bases in batch (batch size exceeded) 25000368
bases in batch (batch size exceeded) 25008400
bases in batch (batch size exceeded) 25000144
bases in batch (batch size exceeded) 25002456
bases in batch (batch size exceeded) 25000027
bases in batch (batch size exceeded) 25004907
bases in batch (batch size exceeded) 25028525
bases in batch (batch size exceeded) 25000871
bases in batch (batch size exceeded) 25014984
bases in batch (batch size exceeded) 25010475
bases in batch (batch size exceeded) 25024531
bases in batch (batch size exceeded) 25015715
bases in batch (core allotment reached) 10645018
bases in batch (batch size exceeded) 25001492
bases in batch (batch size exceeded) 25001845
bases in batch (batch size exceeded) 25000962
bases in batch (batch size exceeded) 25021570
bases in batch (batch size exceeded) 25024361
bases in batch (batch size exceeded) 25013985
bases in batch (batch size exceeded) 25001747
bases in batch (batch size exceeded) 25002750
bases in batch (batch size exceeded) 25002142
bases in batch (batch size exceeded) 25000271
bases in batch (batch size exceeded) 25001616
bases in batch (batch size exceeded) 25010831
bases in batch (core allotment reached) 10665262
bases in batch (batch size exceeded) 25016593
bases in batch (batch size exceeded) 25000066
bases in batch (batch size exceeded) 25001340
bases in batch (batch size exceeded) 25007116
bases in batch (batch size exceeded) 25037107
bases in batch (batch size exceeded) 25018638
bases in batch (batch size exceeded) 25015936
bases in batch (batch size exceeded) 25023074
bases in batch (batch size exceeded) 25037225
bases in batch (batch size exceeded) 25008240
bases in batch (batch size exceeded) 25022640
bases in batch (batch size exceeded) 25026727
bases in batch (core allotment reached) 10516915
bases in batch (batch size exceeded) 25000969
bases in batch (batch size exceeded) 25004837
bases in batch (batch size exceeded) 25002982
bases in batch (batch size exceeded) 25040081
bases in batch (batch size exceeded) 25001298
bases in batch (batch size exceeded) 25011368
bases in batch (batch size exceeded) 25005938
bases in batch (batch size exceeded) 25026102
bases in batch (batch size exceeded) 25006730
bases in batch (batch size exceeded) 25000206
bases in batch (batch size exceeded) 25038130
bases in batch (batch size exceeded) 25001213
bases in batch (core allotment reached) 10594808
bases in batch (batch size exceeded) 25007994
bases in batch (batch size exceeded) 25029837
bases in batch (batch size exceeded) 25026021
bases in batch (batch size exceeded) 25019744
bases in batch (batch size exceeded) 25001462
bases in batch (batch size exceeded) 25051332
bases in batch (batch size exceeded) 25003004
bases in batch (batch size exceeded) 25026567
bases in batch (batch size exceeded) 25039345
bases in batch (batch size exceeded) 25008929
bases in batch (batch size exceeded) 25038723
bases in batch (batch size exceeded) 25042072
bases in batch (core allotment reached) 10438684
bases in batch (batch size exceeded) 25000729
bases in batch (batch size exceeded) 25021941
bases in batch (batch size exceeded) 25003734
bases in batch (batch size exceeded) 25035228
bases in batch (batch size exceeded) 25001052
bases in batch (batch size exceeded) 25023995
bases in batch (batch size exceeded) 25000265
bases in batch (batch size exceeded) 25000044
bases in batch (batch size exceeded) 25001443
bases in batch (batch size exceeded) 25015394
bases in batch (batch size exceeded) 25012838
bases in batch (batch size exceeded) 25002550
bases in batch (core allotment reached) 10622566
bases in batch (batch size exceeded) 25011213
bases in batch (batch size exceeded) 25002488
bases in batch (batch size exceeded) 25002926
bases in batch (batch size exceeded) 25000623
bases in batch (batch size exceeded) 25021537
bases in batch (batch size exceeded) 25016063
bases in batch (batch size exceeded) 25014302
bases in batch (batch size exceeded) 25010102
bases in batch (batch size exceeded) 25004503
bases in batch (batch size exceeded) 25006558
bases in batch (batch size exceeded) 25009779
bases in batch (batch size exceeded) 25039855
bases in batch (core allotment reached) 10623575
bases in batch (batch size exceeded) 25004967
bases in batch (batch size exceeded) 25004611
bases in batch (batch size exceeded) 25054216
bases in batch (batch size exceeded) 25008125
bases in batch (batch size exceeded) 25000220
bases in batch (batch size exceeded) 25003828
bases in batch (batch size exceeded) 25001505
bases in batch (batch size exceeded) 25011636
bases in batch (batch size exceeded) 25003759
bases in batch (batch size exceeded) 25004332
bases in batch (batch size exceeded) 25016958
bases in batch (batch size exceeded) 25003480
bases in batch (core allotment reached) 10616888
bases in batch (batch size exceeded) 25020263
bases in batch (batch size exceeded) 25047927
bases in batch (batch size exceeded) 25018601
bases in batch (batch size exceeded) 25014389
bases in batch (batch size exceeded) 25016923
bases in batch (batch size exceeded) 25004748
bases in batch (batch size exceeded) 25015834
bases in batch (batch size exceeded) 25001722
bases in batch (batch size exceeded) 25018619
bases in batch (batch size exceeded) 25010323
bases in batch (batch size exceeded) 25016133
bases in batch (batch size exceeded) 25015772
bases in batch (core allotment reached) 10541928
bases in batch (batch size exceeded) 25014636
bases in batch (batch size exceeded) 25008880
bases in batch (batch size exceeded) 25003171
bases in batch (batch size exceeded) 25021316
bases in batch (batch size exceeded) 25013603
bases in batch (batch size exceeded) 25031783
bases in batch (batch size exceeded) 25016754
bases in batch (batch size exceeded) 25017208
bases in batch (batch size exceeded) 25000520
bases in batch (batch size exceeded) 25000589
bases in batch (batch size exceeded) 25066616
bases in batch (batch size exceeded) 25014150
bases in batch (core allotment reached) 10557033
bases in batch (batch size exceeded) 25032013
bases in batch (batch size exceeded) 25004738
bases in batch (batch size exceeded) 25045212
bases in batch (batch size exceeded) 25000429
bases in batch (batch size exceeded) 25003011
bases in batch (batch size exceeded) 25055966
bases in batch (batch size exceeded) 25075899
bases in batch (batch size exceeded) 25002437
bases in batch (batch size exceeded) 25002245
bases in batch (batch size exceeded) 25007600
bases in batch (batch size exceeded) 25000026
bases in batch (batch size exceeded) 25002195
bases in batch (core allotment reached) 10504496
bases in batch (batch size exceeded) 25021869
bases in batch (batch size exceeded) 25000237
bases in batch (batch size exceeded) 25025288
bases in batch (batch size exceeded) 25008646
bases in batch (batch size exceeded) 25002051
bases in batch (batch size exceeded) 25026661
bases in batch (batch size exceeded) 25086312
bases in batch (batch size exceeded) 25004097
bases in batch (batch size exceeded) 25041260
bases in batch (batch size exceeded) 25029443
bases in batch (batch size exceeded) 25013640
bases in batch (batch size exceeded) 25041352
bases in batch (core allotment reached) 10476133
bases in batch (batch size exceeded) 25012681
bases in batch (batch size exceeded) 25042466
bases in batch (batch size exceeded) 25012090
bases in batch (batch size exceeded) 25019698
bases in batch (batch size exceeded) 25050130
bases in batch (batch size exceeded) 25023437
bases in batch (batch size exceeded) 25029977
bases in batch (batch size exceeded) 25034137
bases in batch (batch size exceeded) 25002104
bases in batch (batch size exceeded) 25070121
bases in batch (batch size exceeded) 25000474
bases in batch (batch size exceeded) 25000570
bases in batch (core allotment reached) 10442781
bases in batch (batch size exceeded) 25054183
bases in batch (batch size exceeded) 25004085
bases in batch (batch size exceeded) 25019763
bases in batch (batch size exceeded) 25006876
bases in batch (batch size exceeded) 25001117
bases in batch (batch size exceeded) 25004063
bases in batch (batch size exceeded) 25000545
bases in batch (batch size exceeded) 25010320
bases in batch (batch size exceeded) 25008830
bases in batch (batch size exceeded) 25009671
bases in batch (batch size exceeded) 25004681
bases in batch (batch size exceeded) 25000813
bases in batch (core allotment reached) 10608697
bases in batch (batch size exceeded) 25081432
bases in batch (batch size exceeded) 25019103
bases in batch (batch size exceeded) 25001021
bases in batch (batch size exceeded) 25038570
bases in batch (batch size exceeded) 25009994
bases in batch (batch size exceeded) 25017270
bases in batch (batch size exceeded) 25006044
bases in batch (batch size exceeded) 25000457
bases in batch (batch size exceeded) 25000768
bases in batch (batch size exceeded) 25001981
bases in batch (batch size exceeded) 25002484
bases in batch (batch size exceeded) 25001650
bases in batch (core allotment reached) 10550691
bases in batch (batch size exceeded) 25005646
bases in batch (batch size exceeded) 25004330
bases in batch (batch size exceeded) 25027141
bases in batch (batch size exceeded) 25006857
bases in batch (batch size exceeded) 25042811
bases in batch (batch size exceeded) 25027803
bases in batch (batch size exceeded) 25004247
bases in batch (batch size exceeded) 25093226
bases in batch (batch size exceeded) 25000600
bases in batch (batch size exceeded) 25007603
bases in batch (batch size exceeded) 25045489
bases in batch (batch size exceeded) 25002019
bases in batch (core allotment reached) 10485948
bases in batch (batch size exceeded) 25006256
bases in batch (batch size exceeded) 25002085
bases in batch (batch size exceeded) 25046771
bases in batch (batch size exceeded) 25019709
bases in batch (batch size exceeded) 25018643
bases in batch (batch size exceeded) 25018221
bases in batch (batch size exceeded) 25001492
bases in batch (batch size exceeded) 25020311
bases in batch (batch size exceeded) 25006615
bases in batch (batch size exceeded) 25016388
bases in batch (batch size exceeded) 25016458
bases in batch (batch size exceeded) 25000039
bases in batch (core allotment reached) 10558842
bases in batch (batch size exceeded) 25007290
bases in batch (batch size exceeded) 25019682
bases in batch (batch size exceeded) 25021636
bases in batch (batch size exceeded) 25000441
bases in batch (batch size exceeded) 25024260
bases in batch (batch size exceeded) 25031387
bases in batch (batch size exceeded) 25004723
bases in batch (batch size exceeded) 25004794
bases in batch (batch size exceeded) 25003315
bases in batch (batch size exceeded) 25018520
bases in batch (batch size exceeded) 25014464
bases in batch (batch size exceeded) 25014958
bases in batch (last for core) 10173374
Starting up parallel processes, tasklist took 43.81550884246826
Starting merge, parallel processing took 567.5182602405548
bigwig
Merge took 1193.3616712093353

