chr22:0-51324926
histone2_chr22
bases in batch (core allotment reached) 61600277
bases in batch (core allotment reached) 61600584
bases in batch (core allotment reached) 61613445
bases in batch (core allotment reached) 61620152
bases in batch (core allotment reached) 61595944
bases in batch (core allotment reached) 61596155
bases in batch (core allotment reached) 61613552
bases in batch (core allotment reached) 61597162
bases in batch (core allotment reached) 61595978
bases in batch (core allotment reached) 61595573
bases in batch (core allotment reached) 61607935
bases in batch (core allotment reached) 61596530
bases in batch (core allotment reached) 61598257
bases in batch (core allotment reached) 61602890
bases in batch (core allotment reached) 61630695
bases in batch (core allotment reached) 61596422
bases in batch (core allotment reached) 61595612
bases in batch (core allotment reached) 61694073
bases in batch (core allotment reached) 61608876
bases in batch (core allotment reached) 61623063
bases in batch (core allotment reached) 61596323
bases in batch (core allotment reached) 61627509
bases in batch (core allotment reached) 61652575
bases in batch (core allotment reached) 61616171
bases in batch (core allotment reached) 61605751
bases in batch (core allotment reached) 61603899
bases in batch (core allotment reached) 61597788
bases in batch (core allotment reached) 61594554
bases in batch (core allotment reached) 61602041
bases in batch (core allotment reached) 61689943
bases in batch (core allotment reached) 61612061
bases in batch (last for core) 61029766
Starting up parallel processes, tasklist took 8.313417196273804
Starting merge, parallel processing took 118.32268571853638
bigwig
Merge took 253.18203043937683

