chr1:0-248387328
histone2_chr1
bases in batch (batch size exceeded) 25026356
bases in batch (batch size exceeded) 25002595
bases in batch (batch size exceeded) 25018056
bases in batch (batch size exceeded) 25000424
bases in batch (batch size exceeded) 25011418
bases in batch (batch size exceeded) 25033526
bases in batch (batch size exceeded) 25007819
bases in batch (batch size exceeded) 25050997
bases in batch (batch size exceeded) 25003013
bases in batch (batch size exceeded) 25034683
bases in batch (batch size exceeded) 25006841
bases in batch (batch size exceeded) 25017072
bases in batch (core allotment reached) 6337562
bases in batch (batch size exceeded) 25009602
bases in batch (batch size exceeded) 25013429
bases in batch (batch size exceeded) 25001163
bases in batch (batch size exceeded) 25029014
bases in batch (batch size exceeded) 25004980
bases in batch (batch size exceeded) 25031585
bases in batch (batch size exceeded) 25003930
bases in batch (batch size exceeded) 25042867
bases in batch (batch size exceeded) 25034028
bases in batch (batch size exceeded) 25064008
bases in batch (batch size exceeded) 25028286
bases in batch (batch size exceeded) 25010833
bases in batch (core allotment reached) 6238472
bases in batch (batch size exceeded) 25016273
bases in batch (batch size exceeded) 25008993
bases in batch (batch size exceeded) 25004139
bases in batch (batch size exceeded) 25021768
bases in batch (batch size exceeded) 25014362
bases in batch (batch size exceeded) 25009116
bases in batch (batch size exceeded) 25013767
bases in batch (batch size exceeded) 25000962
bases in batch (batch size exceeded) 25024435
bases in batch (batch size exceeded) 25026178
bases in batch (batch size exceeded) 25009370
bases in batch (batch size exceeded) 25021648
bases in batch (core allotment reached) 6353477
bases in batch (batch size exceeded) 25040816
bases in batch (batch size exceeded) 25009233
bases in batch (batch size exceeded) 25025630
bases in batch (batch size exceeded) 25027609
bases in batch (batch size exceeded) 25017000
bases in batch (batch size exceeded) 25003969
bases in batch (batch size exceeded) 25003136
bases in batch (batch size exceeded) 25030368
bases in batch (batch size exceeded) 25089771
bases in batch (batch size exceeded) 25016009
bases in batch (batch size exceeded) 25000912
bases in batch (batch size exceeded) 25001486
bases in batch (core allotment reached) 6252923
bases in batch (batch size exceeded) 25005015
bases in batch (batch size exceeded) 25001916
bases in batch (batch size exceeded) 25026986
bases in batch (batch size exceeded) 25000467
bases in batch (batch size exceeded) 25036226
bases in batch (batch size exceeded) 25092522
bases in batch (batch size exceeded) 25030410
bases in batch (batch size exceeded) 25027047
bases in batch (batch size exceeded) 25004869
bases in batch (batch size exceeded) 25045027
bases in batch (batch size exceeded) 25017354
bases in batch (batch size exceeded) 25034644
bases in batch (core allotment reached) 6265207
bases in batch (batch size exceeded) 25007963
bases in batch (batch size exceeded) 25009619
bases in batch (batch size exceeded) 25003264
bases in batch (batch size exceeded) 25008860
bases in batch (batch size exceeded) 25000629
bases in batch (batch size exceeded) 25000808
bases in batch (batch size exceeded) 25048040
bases in batch (batch size exceeded) 25001032
bases in batch (batch size exceeded) 25032953
bases in batch (batch size exceeded) 25001701
bases in batch (batch size exceeded) 25008526
bases in batch (batch size exceeded) 25030205
bases in batch (core allotment reached) 6351386
bases in batch (batch size exceeded) 25031898
bases in batch (batch size exceeded) 25002918
bases in batch (batch size exceeded) 25006346
bases in batch (batch size exceeded) 25004472
bases in batch (batch size exceeded) 25030646
bases in batch (batch size exceeded) 25012279
bases in batch (batch size exceeded) 25083412
bases in batch (batch size exceeded) 25035347
bases in batch (batch size exceeded) 25003502
bases in batch (batch size exceeded) 25004219
bases in batch (batch size exceeded) 25007962
bases in batch (batch size exceeded) 25012628
bases in batch (core allotment reached) 6287382
bases in batch (batch size exceeded) 25105577
bases in batch (batch size exceeded) 25034497
bases in batch (batch size exceeded) 25044455
bases in batch (batch size exceeded) 25001329
bases in batch (batch size exceeded) 25004797
bases in batch (batch size exceeded) 25007800
bases in batch (batch size exceeded) 25002116
bases in batch (batch size exceeded) 25006871
bases in batch (batch size exceeded) 25013857
bases in batch (batch size exceeded) 25002372
bases in batch (batch size exceeded) 25029303
bases in batch (batch size exceeded) 25006315
bases in batch (core allotment reached) 6268753
bases in batch (batch size exceeded) 25005900
bases in batch (batch size exceeded) 25008814
bases in batch (batch size exceeded) 25001164
bases in batch (batch size exceeded) 25014720
bases in batch (batch size exceeded) 25032689
bases in batch (batch size exceeded) 25012828
bases in batch (batch size exceeded) 25014344
bases in batch (batch size exceeded) 25029297
bases in batch (batch size exceeded) 25034068
bases in batch (batch size exceeded) 25007421
bases in batch (batch size exceeded) 25006862
bases in batch (batch size exceeded) 25000322
bases in batch (core allotment reached) 6344918
bases in batch (batch size exceeded) 25005226
bases in batch (batch size exceeded) 25013269
bases in batch (batch size exceeded) 25035594
bases in batch (batch size exceeded) 25002859
bases in batch (batch size exceeded) 25004306
bases in batch (batch size exceeded) 25064755
bases in batch (batch size exceeded) 25000711
bases in batch (batch size exceeded) 25006773
bases in batch (batch size exceeded) 25002142
bases in batch (batch size exceeded) 25007106
bases in batch (batch size exceeded) 25051725
bases in batch (batch size exceeded) 25028397
bases in batch (core allotment reached) 6305094
bases in batch (batch size exceeded) 25006663
bases in batch (batch size exceeded) 25004962
bases in batch (batch size exceeded) 25012464
bases in batch (batch size exceeded) 25042415
bases in batch (batch size exceeded) 25022036
bases in batch (batch size exceeded) 25002376
bases in batch (batch size exceeded) 25011100
bases in batch (batch size exceeded) 25008998
bases in batch (batch size exceeded) 25010879
bases in batch (batch size exceeded) 25056078
bases in batch (batch size exceeded) 25012876
bases in batch (batch size exceeded) 25024880
bases in batch (core allotment reached) 6297436
bases in batch (batch size exceeded) 25005611
bases in batch (batch size exceeded) 25036798
bases in batch (batch size exceeded) 25003762
bases in batch (batch size exceeded) 25001215
bases in batch (batch size exceeded) 25017524
bases in batch (batch size exceeded) 25048258
bases in batch (batch size exceeded) 25004145
bases in batch (batch size exceeded) 25008773
bases in batch (batch size exceeded) 25020016
bases in batch (batch size exceeded) 25059129
bases in batch (batch size exceeded) 25016819
bases in batch (batch size exceeded) 25046754
bases in batch (core allotment reached) 6243201
bases in batch (batch size exceeded) 25003703
bases in batch (batch size exceeded) 25014054
bases in batch (batch size exceeded) 25000292
bases in batch (batch size exceeded) 25008775
bases in batch (batch size exceeded) 25006031
bases in batch (batch size exceeded) 25013744
bases in batch (batch size exceeded) 25033260
bases in batch (batch size exceeded) 25025684
bases in batch (batch size exceeded) 25000082
bases in batch (batch size exceeded) 25057015
bases in batch (batch size exceeded) 25032935
bases in batch (batch size exceeded) 25001403
bases in batch (core allotment reached) 6327257
bases in batch (batch size exceeded) 25090174
bases in batch (batch size exceeded) 25032074
bases in batch (batch size exceeded) 25017050
bases in batch (batch size exceeded) 25003840
bases in batch (batch size exceeded) 25007924
bases in batch (batch size exceeded) 25021317
bases in batch (batch size exceeded) 25013521
bases in batch (batch size exceeded) 25001662
bases in batch (batch size exceeded) 25007476
bases in batch (batch size exceeded) 25019293
bases in batch (batch size exceeded) 25000784
bases in batch (batch size exceeded) 25002131
bases in batch (core allotment reached) 6287210
bases in batch (batch size exceeded) 25000931
bases in batch (batch size exceeded) 25007408
bases in batch (batch size exceeded) 25046098
bases in batch (batch size exceeded) 25005191
bases in batch (batch size exceeded) 25008157
bases in batch (batch size exceeded) 25009779
bases in batch (batch size exceeded) 25017856
bases in batch (batch size exceeded) 25008645
bases in batch (batch size exceeded) 25022359
bases in batch (batch size exceeded) 25000297
bases in batch (batch size exceeded) 25000344
bases in batch (batch size exceeded) 25001157
bases in batch (core allotment reached) 6407343
bases in batch (batch size exceeded) 25005437
bases in batch (batch size exceeded) 25003559
bases in batch (batch size exceeded) 25015546
bases in batch (batch size exceeded) 25008351
bases in batch (batch size exceeded) 25002778
bases in batch (batch size exceeded) 25000459
bases in batch (batch size exceeded) 25001415
bases in batch (batch size exceeded) 25025300
bases in batch (batch size exceeded) 25003806
bases in batch (batch size exceeded) 25021877
bases in batch (batch size exceeded) 25002247
bases in batch (batch size exceeded) 25011118
bases in batch (core allotment reached) 6417844
bases in batch (batch size exceeded) 25009258
bases in batch (batch size exceeded) 25016272
bases in batch (batch size exceeded) 25004046
bases in batch (batch size exceeded) 25002011
bases in batch (batch size exceeded) 25005104
bases in batch (batch size exceeded) 25006195
bases in batch (batch size exceeded) 25007290
bases in batch (batch size exceeded) 25000665
bases in batch (batch size exceeded) 25001363
bases in batch (batch size exceeded) 25010370
bases in batch (batch size exceeded) 25000492
bases in batch (batch size exceeded) 25004915
bases in batch (core allotment reached) 6444832
bases in batch (batch size exceeded) 25067165
bases in batch (batch size exceeded) 25016696
bases in batch (batch size exceeded) 25013023
bases in batch (batch size exceeded) 25007866
bases in batch (batch size exceeded) 25000474
bases in batch (batch size exceeded) 25004161
bases in batch (batch size exceeded) 25001782
bases in batch (batch size exceeded) 25000963
bases in batch (batch size exceeded) 25001762
bases in batch (batch size exceeded) 25010270
bases in batch (batch size exceeded) 25010420
bases in batch (batch size exceeded) 25008024
bases in batch (core allotment reached) 6383604
bases in batch (batch size exceeded) 25036040
bases in batch (batch size exceeded) 25002569
bases in batch (batch size exceeded) 25010548
bases in batch (batch size exceeded) 25003569
bases in batch (batch size exceeded) 25004949
bases in batch (batch size exceeded) 25059520
bases in batch (batch size exceeded) 25006627
bases in batch (batch size exceeded) 25025453
bases in batch (batch size exceeded) 25004809
bases in batch (batch size exceeded) 25009338
bases in batch (batch size exceeded) 25017602
bases in batch (batch size exceeded) 25040520
bases in batch (core allotment reached) 6288100
bases in batch (batch size exceeded) 25016499
bases in batch (batch size exceeded) 25000973
bases in batch (batch size exceeded) 25000883
bases in batch (batch size exceeded) 25002711
bases in batch (batch size exceeded) 25028301
bases in batch (batch size exceeded) 25021242
bases in batch (batch size exceeded) 25000151
bases in batch (batch size exceeded) 25039691
bases in batch (batch size exceeded) 25038325
bases in batch (batch size exceeded) 25002255
bases in batch (batch size exceeded) 25010358
bases in batch (batch size exceeded) 25024200
bases in batch (core allotment reached) 6331444
bases in batch (batch size exceeded) 25001022
bases in batch (batch size exceeded) 25000230
bases in batch (batch size exceeded) 25005305
bases in batch (batch size exceeded) 25000036
bases in batch (batch size exceeded) 25010389
bases in batch (batch size exceeded) 25005198
bases in batch (batch size exceeded) 25000275
bases in batch (batch size exceeded) 25043889
bases in batch (batch size exceeded) 25015862
bases in batch (batch size exceeded) 25001323
bases in batch (batch size exceeded) 25003228
bases in batch (batch size exceeded) 25026443
bases in batch (core allotment reached) 6395908
bases in batch (batch size exceeded) 25007079
bases in batch (batch size exceeded) 25008196
bases in batch (batch size exceeded) 25008607
bases in batch (batch size exceeded) 25000394
bases in batch (batch size exceeded) 25008142
bases in batch (batch size exceeded) 25052167
bases in batch (batch size exceeded) 25018047
bases in batch (batch size exceeded) 25000530
bases in batch (batch size exceeded) 25022293
bases in batch (batch size exceeded) 25010344
bases in batch (batch size exceeded) 25000073
bases in batch (batch size exceeded) 25010120
bases in batch (core allotment reached) 6358054
bases in batch (batch size exceeded) 25011539
bases in batch (batch size exceeded) 25016282
bases in batch (batch size exceeded) 25006124
bases in batch (batch size exceeded) 25000283
bases in batch (batch size exceeded) 25005346
bases in batch (batch size exceeded) 25002526
bases in batch (batch size exceeded) 25037478
bases in batch (batch size exceeded) 25020454
bases in batch (batch size exceeded) 25027849
bases in batch (batch size exceeded) 25007908
bases in batch (batch size exceeded) 25002978
bases in batch (batch size exceeded) 25018391
bases in batch (core allotment reached) 6358082
bases in batch (batch size exceeded) 25022414
bases in batch (batch size exceeded) 25002273
bases in batch (batch size exceeded) 25021892
bases in batch (batch size exceeded) 25026453
bases in batch (batch size exceeded) 25006705
bases in batch (batch size exceeded) 25006164
bases in batch (batch size exceeded) 25014945
bases in batch (batch size exceeded) 25000302
bases in batch (batch size exceeded) 25053227
bases in batch (batch size exceeded) 25001331
bases in batch (batch size exceeded) 25003933
bases in batch (batch size exceeded) 25000322
bases in batch (core allotment reached) 6349882
bases in batch (batch size exceeded) 25046677
bases in batch (batch size exceeded) 25016368
bases in batch (batch size exceeded) 25016842
bases in batch (batch size exceeded) 25020933
bases in batch (batch size exceeded) 25015003
bases in batch (batch size exceeded) 25018726
bases in batch (batch size exceeded) 25058007
bases in batch (batch size exceeded) 25009626
bases in batch (batch size exceeded) 25009229
bases in batch (batch size exceeded) 25026554
bases in batch (batch size exceeded) 25003327
bases in batch (batch size exceeded) 25014396
bases in batch (core allotment reached) 6267264
bases in batch (batch size exceeded) 25012384
bases in batch (batch size exceeded) 25030322
bases in batch (batch size exceeded) 25001228
bases in batch (batch size exceeded) 25101839
bases in batch (batch size exceeded) 25043523
bases in batch (batch size exceeded) 25001022
bases in batch (batch size exceeded) 25014910
bases in batch (batch size exceeded) 25047950
bases in batch (batch size exceeded) 25008056
bases in batch (batch size exceeded) 25004202
bases in batch (batch size exceeded) 25005048
bases in batch (batch size exceeded) 25002074
bases in batch (core allotment reached) 6236820
bases in batch (batch size exceeded) 25006124
bases in batch (batch size exceeded) 25038817
bases in batch (batch size exceeded) 25011398
bases in batch (batch size exceeded) 25062277
bases in batch (batch size exceeded) 25019965
bases in batch (batch size exceeded) 25066215
bases in batch (batch size exceeded) 25002239
bases in batch (batch size exceeded) 25009053
bases in batch (batch size exceeded) 25034520
bases in batch (batch size exceeded) 25000184
bases in batch (batch size exceeded) 25004197
bases in batch (batch size exceeded) 25062245
bases in batch (core allotment reached) 6190506
bases in batch (batch size exceeded) 25003745
bases in batch (batch size exceeded) 25023188
bases in batch (batch size exceeded) 25016176
bases in batch (batch size exceeded) 25000468
bases in batch (batch size exceeded) 25038650
bases in batch (batch size exceeded) 25006652
bases in batch (batch size exceeded) 25001914
bases in batch (batch size exceeded) 25032077
bases in batch (batch size exceeded) 25045735
bases in batch (batch size exceeded) 25000639
bases in batch (batch size exceeded) 25002219
bases in batch (batch size exceeded) 25006092
bases in batch (core allotment reached) 6370993
bases in batch (batch size exceeded) 25036885
bases in batch (batch size exceeded) 25058087
bases in batch (batch size exceeded) 25015864
bases in batch (batch size exceeded) 25018768
bases in batch (batch size exceeded) 25017721
bases in batch (batch size exceeded) 25002338
bases in batch (batch size exceeded) 25004271
bases in batch (batch size exceeded) 25014278
bases in batch (batch size exceeded) 25003111
bases in batch (batch size exceeded) 25036517
bases in batch (batch size exceeded) 25001847
bases in batch (batch size exceeded) 25004113
bases in batch (core allotment reached) 6290430
bases in batch (batch size exceeded) 25041957
bases in batch (batch size exceeded) 25012256
bases in batch (batch size exceeded) 25005097
bases in batch (batch size exceeded) 25039730
bases in batch (batch size exceeded) 25001917
bases in batch (batch size exceeded) 25002317
bases in batch (batch size exceeded) 25004068
bases in batch (batch size exceeded) 25053216
bases in batch (batch size exceeded) 25001132
bases in batch (batch size exceeded) 25020506
bases in batch (batch size exceeded) 25019303
bases in batch (batch size exceeded) 25033394
bases in batch (core allotment reached) 6270121
bases in batch (batch size exceeded) 25008168
bases in batch (batch size exceeded) 25001472
bases in batch (batch size exceeded) 25003183
bases in batch (batch size exceeded) 25007988
bases in batch (batch size exceeded) 25017200
bases in batch (batch size exceeded) 25000502
bases in batch (batch size exceeded) 25000529
bases in batch (batch size exceeded) 25002504
bases in batch (batch size exceeded) 25017072
bases in batch (batch size exceeded) 25006016
bases in batch (batch size exceeded) 25019157
bases in batch (batch size exceeded) 25001118
bases in batch (core allotment reached) 6422758
bases in batch (batch size exceeded) 25001473
bases in batch (batch size exceeded) 25000428
bases in batch (batch size exceeded) 25016628
bases in batch (batch size exceeded) 25002738
bases in batch (batch size exceeded) 25000603
bases in batch (batch size exceeded) 25039918
bases in batch (batch size exceeded) 25003880
bases in batch (batch size exceeded) 25019833
bases in batch (batch size exceeded) 25026229
bases in batch (batch size exceeded) 25017030
bases in batch (batch size exceeded) 25004648
bases in batch (batch size exceeded) 25000406
bases in batch (last for core) 5877596
Starting up parallel processes, tasklist took 40.06061410903931
Starting merge, parallel processing took 556.7613418102264
bigwig
Merge took 1165.2948973178864

