chr6:0-172126628
histone2_chr6
bases in batch (batch size exceeded) 25018460
bases in batch (batch size exceeded) 25022455
bases in batch (batch size exceeded) 25000070
bases in batch (batch size exceeded) 25000284
bases in batch (batch size exceeded) 25032152
bases in batch (batch size exceeded) 25000174
bases in batch (batch size exceeded) 25001236
bases in batch (batch size exceeded) 25013486
bases in batch (core allotment reached) 16117964
bases in batch (batch size exceeded) 25006179
bases in batch (batch size exceeded) 25021979
bases in batch (batch size exceeded) 25003514
bases in batch (batch size exceeded) 25000767
bases in batch (batch size exceeded) 25023097
bases in batch (batch size exceeded) 25006983
bases in batch (batch size exceeded) 25009046
bases in batch (batch size exceeded) 25001187
bases in batch (core allotment reached) 16132936
bases in batch (batch size exceeded) 25004600
bases in batch (batch size exceeded) 25013507
bases in batch (batch size exceeded) 25056721
bases in batch (batch size exceeded) 25008290
bases in batch (batch size exceeded) 25058190
bases in batch (batch size exceeded) 25002189
bases in batch (batch size exceeded) 25001141
bases in batch (batch size exceeded) 25026759
bases in batch (core allotment reached) 16044866
bases in batch (batch size exceeded) 25000867
bases in batch (batch size exceeded) 25028172
bases in batch (batch size exceeded) 25048714
bases in batch (batch size exceeded) 25036890
bases in batch (batch size exceeded) 25031470
bases in batch (batch size exceeded) 25005569
bases in batch (batch size exceeded) 25002324
bases in batch (batch size exceeded) 25003202
bases in batch (core allotment reached) 16044769
bases in batch (batch size exceeded) 25026792
bases in batch (batch size exceeded) 25015343
bases in batch (batch size exceeded) 25023809
bases in batch (batch size exceeded) 25008863
bases in batch (batch size exceeded) 25006157
bases in batch (batch size exceeded) 25016213
bases in batch (batch size exceeded) 25023045
bases in batch (batch size exceeded) 25030150
bases in batch (core allotment reached) 16134921
bases in batch (batch size exceeded) 25014810
bases in batch (batch size exceeded) 25002293
bases in batch (batch size exceeded) 25000816
bases in batch (batch size exceeded) 25026041
bases in batch (batch size exceeded) 25043958
bases in batch (batch size exceeded) 25001694
bases in batch (batch size exceeded) 25023135
bases in batch (batch size exceeded) 25001172
bases in batch (core allotment reached) 16113889
bases in batch (batch size exceeded) 25017682
bases in batch (batch size exceeded) 25097443
bases in batch (batch size exceeded) 25003832
bases in batch (batch size exceeded) 25008910
bases in batch (batch size exceeded) 25002732
bases in batch (batch size exceeded) 25001307
bases in batch (batch size exceeded) 25007864
bases in batch (batch size exceeded) 25014456
bases in batch (core allotment reached) 16064218
bases in batch (batch size exceeded) 25059537
bases in batch (batch size exceeded) 25008415
bases in batch (batch size exceeded) 25040135
bases in batch (batch size exceeded) 25013134
bases in batch (batch size exceeded) 25015975
bases in batch (batch size exceeded) 25004111
bases in batch (batch size exceeded) 25030432
bases in batch (batch size exceeded) 25040002
bases in batch (core allotment reached) 16008127
bases in batch (batch size exceeded) 25027701
bases in batch (batch size exceeded) 25004112
bases in batch (batch size exceeded) 25000498
bases in batch (batch size exceeded) 25000803
bases in batch (batch size exceeded) 25001870
bases in batch (batch size exceeded) 25046793
bases in batch (batch size exceeded) 25032835
bases in batch (batch size exceeded) 25000280
bases in batch (core allotment reached) 16119550
bases in batch (batch size exceeded) 25019288
bases in batch (batch size exceeded) 25003950
bases in batch (batch size exceeded) 25002212
bases in batch (batch size exceeded) 25007321
bases in batch (batch size exceeded) 25011589
bases in batch (batch size exceeded) 25021571
bases in batch (batch size exceeded) 25002938
bases in batch (batch size exceeded) 25033068
bases in batch (core allotment reached) 16114103
bases in batch (batch size exceeded) 25001590
bases in batch (batch size exceeded) 25013166
bases in batch (batch size exceeded) 25060492
bases in batch (batch size exceeded) 25001224
bases in batch (batch size exceeded) 25029378
bases in batch (batch size exceeded) 25072978
bases in batch (batch size exceeded) 25065664
bases in batch (batch size exceeded) 25025255
bases in batch (core allotment reached) 15928586
bases in batch (batch size exceeded) 25026998
bases in batch (batch size exceeded) 25011220
bases in batch (batch size exceeded) 25006619
bases in batch (batch size exceeded) 25016614
bases in batch (batch size exceeded) 25004225
bases in batch (batch size exceeded) 25030690
bases in batch (batch size exceeded) 25016818
bases in batch (batch size exceeded) 25013454
bases in batch (core allotment reached) 16111116
bases in batch (batch size exceeded) 25005991
bases in batch (batch size exceeded) 25059581
bases in batch (batch size exceeded) 25006132
bases in batch (batch size exceeded) 25026032
bases in batch (batch size exceeded) 25016831
bases in batch (batch size exceeded) 25000705
bases in batch (batch size exceeded) 25012140
bases in batch (batch size exceeded) 25050372
bases in batch (core allotment reached) 16055339
bases in batch (batch size exceeded) 25000209
bases in batch (batch size exceeded) 25003250
bases in batch (batch size exceeded) 25069227
bases in batch (batch size exceeded) 25001283
bases in batch (batch size exceeded) 25006203
bases in batch (batch size exceeded) 25001276
bases in batch (batch size exceeded) 25031582
bases in batch (batch size exceeded) 25006131
bases in batch (core allotment reached) 16095556
bases in batch (batch size exceeded) 25005861
bases in batch (batch size exceeded) 25007867
bases in batch (batch size exceeded) 25004085
bases in batch (batch size exceeded) 25045361
bases in batch (batch size exceeded) 25059261
bases in batch (batch size exceeded) 25006386
bases in batch (batch size exceeded) 25027370
bases in batch (batch size exceeded) 25033383
bases in batch (core allotment reached) 16009141
bases in batch (batch size exceeded) 25000307
bases in batch (batch size exceeded) 25000405
bases in batch (batch size exceeded) 25027806
bases in batch (batch size exceeded) 25003851
bases in batch (batch size exceeded) 25056066
bases in batch (batch size exceeded) 25051341
bases in batch (batch size exceeded) 25012350
bases in batch (batch size exceeded) 25014976
bases in batch (core allotment reached) 16034628
bases in batch (batch size exceeded) 25023331
bases in batch (batch size exceeded) 25003768
bases in batch (batch size exceeded) 25043031
bases in batch (batch size exceeded) 25030430
bases in batch (batch size exceeded) 25007558
bases in batch (batch size exceeded) 25031065
bases in batch (batch size exceeded) 25033933
bases in batch (batch size exceeded) 25009915
bases in batch (core allotment reached) 16015337
bases in batch (batch size exceeded) 25001424
bases in batch (batch size exceeded) 25023133
bases in batch (batch size exceeded) 25024305
bases in batch (batch size exceeded) 25020671
bases in batch (batch size exceeded) 25035692
bases in batch (batch size exceeded) 25022098
bases in batch (batch size exceeded) 25004294
bases in batch (batch size exceeded) 25008516
bases in batch (core allotment reached) 16076628
bases in batch (batch size exceeded) 25001706
bases in batch (batch size exceeded) 25047527
bases in batch (batch size exceeded) 25006910
bases in batch (batch size exceeded) 25000878
bases in batch (batch size exceeded) 25028432
bases in batch (batch size exceeded) 25010389
bases in batch (batch size exceeded) 25000146
bases in batch (batch size exceeded) 25004799
bases in batch (core allotment reached) 16098310
bases in batch (batch size exceeded) 25001574
bases in batch (batch size exceeded) 25003932
bases in batch (batch size exceeded) 25015484
bases in batch (batch size exceeded) 25006190
bases in batch (batch size exceeded) 25017351
bases in batch (batch size exceeded) 25000690
bases in batch (batch size exceeded) 25010820
bases in batch (batch size exceeded) 25008998
bases in batch (core allotment reached) 16135662
bases in batch (batch size exceeded) 25000445
bases in batch (batch size exceeded) 25026560
bases in batch (batch size exceeded) 25009911
bases in batch (batch size exceeded) 25002638
bases in batch (batch size exceeded) 25004574
bases in batch (batch size exceeded) 25004972
bases in batch (batch size exceeded) 25011978
bases in batch (batch size exceeded) 25004282
bases in batch (core allotment reached) 16134881
bases in batch (batch size exceeded) 25007306
bases in batch (batch size exceeded) 25004227
bases in batch (batch size exceeded) 25075753
bases in batch (batch size exceeded) 25014672
bases in batch (batch size exceeded) 25006658
bases in batch (batch size exceeded) 25011682
bases in batch (batch size exceeded) 25011270
bases in batch (batch size exceeded) 25011493
bases in batch (core allotment reached) 16087302
bases in batch (batch size exceeded) 25002850
bases in batch (batch size exceeded) 25009026
bases in batch (batch size exceeded) 25045709
bases in batch (batch size exceeded) 25010974
bases in batch (batch size exceeded) 25001501
bases in batch (batch size exceeded) 25013207
bases in batch (batch size exceeded) 25032329
bases in batch (batch size exceeded) 25045095
bases in batch (core allotment reached) 16046511
bases in batch (batch size exceeded) 25146744
bases in batch (batch size exceeded) 25026073
bases in batch (batch size exceeded) 25001646
bases in batch (batch size exceeded) 25028227
bases in batch (batch size exceeded) 25001990
bases in batch (batch size exceeded) 25013532
bases in batch (batch size exceeded) 25034841
bases in batch (batch size exceeded) 25025355
bases in batch (core allotment reached) 15940638
bases in batch (batch size exceeded) 25000650
bases in batch (batch size exceeded) 25012705
bases in batch (batch size exceeded) 25012567
bases in batch (batch size exceeded) 25012326
bases in batch (batch size exceeded) 25005351
bases in batch (batch size exceeded) 25015484
bases in batch (batch size exceeded) 25002138
bases in batch (batch size exceeded) 25017275
bases in batch (core allotment reached) 16132435
bases in batch (batch size exceeded) 25000121
bases in batch (batch size exceeded) 25025501
bases in batch (batch size exceeded) 25023401
bases in batch (batch size exceeded) 25003992
bases in batch (batch size exceeded) 25050695
bases in batch (batch size exceeded) 25001350
bases in batch (batch size exceeded) 25003247
bases in batch (batch size exceeded) 25012534
bases in batch (core allotment reached) 16091904
bases in batch (batch size exceeded) 25007243
bases in batch (batch size exceeded) 25003641
bases in batch (batch size exceeded) 25026299
bases in batch (batch size exceeded) 25030885
bases in batch (batch size exceeded) 25045482
bases in batch (batch size exceeded) 25009876
bases in batch (batch size exceeded) 25020505
bases in batch (batch size exceeded) 25004884
bases in batch (core allotment reached) 16058371
bases in batch (batch size exceeded) 25001775
bases in batch (batch size exceeded) 25001901
bases in batch (batch size exceeded) 25020064
bases in batch (batch size exceeded) 25051721
bases in batch (batch size exceeded) 25008727
bases in batch (batch size exceeded) 25017345
bases in batch (batch size exceeded) 25002897
bases in batch (batch size exceeded) 25002296
bases in batch (core allotment reached) 16114312
bases in batch (batch size exceeded) 25001839
bases in batch (batch size exceeded) 25007177
bases in batch (batch size exceeded) 25009782
bases in batch (batch size exceeded) 25006344
bases in batch (batch size exceeded) 25001102
bases in batch (batch size exceeded) 25002861
bases in batch (batch size exceeded) 25001388
bases in batch (batch size exceeded) 25004923
bases in batch (core allotment reached) 16225354
bases in batch (batch size exceeded) 25040779
bases in batch (batch size exceeded) 25013294
bases in batch (batch size exceeded) 25001690
bases in batch (batch size exceeded) 25002321
bases in batch (batch size exceeded) 25003351
bases in batch (batch size exceeded) 25044050
bases in batch (batch size exceeded) 25022251
bases in batch (batch size exceeded) 25016247
bases in batch (core allotment reached) 16098027
bases in batch (batch size exceeded) 25000107
bases in batch (batch size exceeded) 25004861
bases in batch (batch size exceeded) 25016515
bases in batch (batch size exceeded) 25039884
bases in batch (batch size exceeded) 25026390
bases in batch (batch size exceeded) 25020753
bases in batch (batch size exceeded) 25019047
bases in batch (batch size exceeded) 25009181
bases in batch (core allotment reached) 16077289
bases in batch (batch size exceeded) 25028979
bases in batch (batch size exceeded) 25021551
bases in batch (batch size exceeded) 25020845
bases in batch (batch size exceeded) 25017325
bases in batch (batch size exceeded) 25012076
bases in batch (batch size exceeded) 25040381
bases in batch (batch size exceeded) 25042866
bases in batch (batch size exceeded) 25032032
bases in batch (last for core) 15363204
Starting up parallel processes, tasklist took 28.754889249801636
Starting merge, parallel processing took 454.3240900039673
bigwig
Merge took 822.2806961536407

