chr17:0-84276897
histone2_chr17
bases in batch (batch size exceeded) 25011084
bases in batch (batch size exceeded) 25015200
bases in batch (batch size exceeded) 25003106
bases in batch (batch size exceeded) 25006633
bases in batch (core allotment reached) 7323983
bases in batch (batch size exceeded) 25022559
bases in batch (batch size exceeded) 25008719
bases in batch (batch size exceeded) 25005189
bases in batch (batch size exceeded) 25001830
bases in batch (core allotment reached) 7322668
bases in batch (batch size exceeded) 25007698
bases in batch (batch size exceeded) 25011591
bases in batch (batch size exceeded) 25011768
bases in batch (batch size exceeded) 25046213
bases in batch (core allotment reached) 7271803
bases in batch (batch size exceeded) 25002117
bases in batch (batch size exceeded) 25011579
bases in batch (batch size exceeded) 25003744
bases in batch (batch size exceeded) 25011140
bases in batch (core allotment reached) 7343134
bases in batch (batch size exceeded) 25013408
bases in batch (batch size exceeded) 25000312
bases in batch (batch size exceeded) 25040082
bases in batch (batch size exceeded) 25004531
bases in batch (core allotment reached) 7292008
bases in batch (batch size exceeded) 25001224
bases in batch (batch size exceeded) 25049064
bases in batch (batch size exceeded) 25008871
bases in batch (batch size exceeded) 25010231
bases in batch (core allotment reached) 7287914
bases in batch (batch size exceeded) 25001670
bases in batch (batch size exceeded) 25020680
bases in batch (batch size exceeded) 25009022
bases in batch (batch size exceeded) 25012561
bases in batch (core allotment reached) 7356033
bases in batch (batch size exceeded) 25034316
bases in batch (batch size exceeded) 25008708
bases in batch (batch size exceeded) 25000612
bases in batch (batch size exceeded) 25038371
bases in batch (core allotment reached) 7264781
bases in batch (batch size exceeded) 25011537
bases in batch (batch size exceeded) 25009542
bases in batch (batch size exceeded) 25011627
bases in batch (batch size exceeded) 25039703
bases in batch (core allotment reached) 7283478
bases in batch (batch size exceeded) 25010194
bases in batch (batch size exceeded) 25005631
bases in batch (batch size exceeded) 25055547
bases in batch (batch size exceeded) 25044483
bases in batch (core allotment reached) 7244982
bases in batch (batch size exceeded) 25007774
bases in batch (batch size exceeded) 25027815
bases in batch (batch size exceeded) 25029193
bases in batch (batch size exceeded) 25035360
bases in batch (core allotment reached) 7250892
bases in batch (batch size exceeded) 25014205
bases in batch (batch size exceeded) 25003394
bases in batch (batch size exceeded) 25016690
bases in batch (batch size exceeded) 25001783
bases in batch (core allotment reached) 7309681
bases in batch (batch size exceeded) 25089807
bases in batch (batch size exceeded) 25007188
bases in batch (batch size exceeded) 25002784
bases in batch (batch size exceeded) 25001092
bases in batch (core allotment reached) 7259905
bases in batch (batch size exceeded) 25046461
bases in batch (batch size exceeded) 25000146
bases in batch (batch size exceeded) 25018144
bases in batch (batch size exceeded) 25044389
bases in batch (core allotment reached) 7283478
bases in batch (batch size exceeded) 25000864
bases in batch (batch size exceeded) 25005447
bases in batch (batch size exceeded) 25000268
bases in batch (batch size exceeded) 25000855
bases in batch (core allotment reached) 7340247
bases in batch (batch size exceeded) 25004640
bases in batch (batch size exceeded) 25016996
bases in batch (batch size exceeded) 25000760
bases in batch (batch size exceeded) 25006371
bases in batch (core allotment reached) 7317523
bases in batch (batch size exceeded) 25009119
bases in batch (batch size exceeded) 25078138
bases in batch (batch size exceeded) 25006046
bases in batch (batch size exceeded) 25029669
bases in batch (core allotment reached) 7241566
bases in batch (batch size exceeded) 25015071
bases in batch (batch size exceeded) 25003068
bases in batch (batch size exceeded) 25000379
bases in batch (batch size exceeded) 25029441
bases in batch (core allotment reached) 7303239
bases in batch (batch size exceeded) 25019116
bases in batch (batch size exceeded) 25015412
bases in batch (batch size exceeded) 25002327
bases in batch (batch size exceeded) 25018150
bases in batch (core allotment reached) 7301473
bases in batch (batch size exceeded) 25001175
bases in batch (batch size exceeded) 25001483
bases in batch (batch size exceeded) 25010824
bases in batch (batch size exceeded) 25034482
bases in batch (core allotment reached) 7308239
bases in batch (batch size exceeded) 25015708
bases in batch (batch size exceeded) 25031832
bases in batch (batch size exceeded) 25025150
bases in batch (batch size exceeded) 25000688
bases in batch (core allotment reached) 7306711
bases in batch (batch size exceeded) 25003696
bases in batch (batch size exceeded) 25004063
bases in batch (batch size exceeded) 25000100
bases in batch (batch size exceeded) 25006131
bases in batch (core allotment reached) 7342015
bases in batch (batch size exceeded) 25011541
bases in batch (batch size exceeded) 25018853
bases in batch (batch size exceeded) 25020290
bases in batch (batch size exceeded) 25108058
bases in batch (core allotment reached) 7191070
bases in batch (batch size exceeded) 25004856
bases in batch (batch size exceeded) 25008953
bases in batch (batch size exceeded) 25002279
bases in batch (batch size exceeded) 25001917
bases in batch (core allotment reached) 7411841
bases in batch (batch size exceeded) 25008823
bases in batch (batch size exceeded) 25002212
bases in batch (batch size exceeded) 25074288
bases in batch (batch size exceeded) 25026150
bases in batch (core allotment reached) 7264782
bases in batch (batch size exceeded) 25022304
bases in batch (batch size exceeded) 25025608
bases in batch (batch size exceeded) 25028867
bases in batch (batch size exceeded) 25033032
bases in batch (core allotment reached) 7236256
bases in batch (batch size exceeded) 25000594
bases in batch (batch size exceeded) 25046807
bases in batch (batch size exceeded) 25002242
bases in batch (batch size exceeded) 25025675
bases in batch (core allotment reached) 7277132
bases in batch (batch size exceeded) 25027130
bases in batch (batch size exceeded) 25003041
bases in batch (batch size exceeded) 25000299
bases in batch (batch size exceeded) 25028422
bases in batch (core allotment reached) 7404958
bases in batch (batch size exceeded) 25012584
bases in batch (batch size exceeded) 25031628
bases in batch (batch size exceeded) 25045251
bases in batch (batch size exceeded) 25018758
bases in batch (core allotment reached) 7237642
bases in batch (batch size exceeded) 25004487
bases in batch (batch size exceeded) 25008521
bases in batch (batch size exceeded) 25010764
bases in batch (batch size exceeded) 25002412
bases in batch (core allotment reached) 7320865
bases in batch (batch size exceeded) 25029562
bases in batch (batch size exceeded) 25000149
bases in batch (batch size exceeded) 25013182
bases in batch (batch size exceeded) 25023158
bases in batch (core allotment reached) 7292441
bases in batch (batch size exceeded) 25010262
bases in batch (batch size exceeded) 25030367
bases in batch (batch size exceeded) 25002643
bases in batch (batch size exceeded) 25040153
bases in batch (last for core) 6678184
Starting up parallel processes, tasklist took 15.036794185638428
Starting merge, parallel processing took 271.45153975486755
bigwig
Merge took 417.51574444770813

