chr6:0-172126628
histone1_chr6
bases in batch (batch size exceeded) 25019402
bases in batch (batch size exceeded) 25001091
bases in batch (batch size exceeded) 25005292
bases in batch (batch size exceeded) 25018710
bases in batch (batch size exceeded) 25030043
bases in batch (batch size exceeded) 25020117
bases in batch (batch size exceeded) 25027131
bases in batch (batch size exceeded) 25000486
bases in batch (core allotment reached) 20880654
bases in batch (batch size exceeded) 25016815
bases in batch (batch size exceeded) 25000792
bases in batch (batch size exceeded) 25013137
bases in batch (batch size exceeded) 25026881
bases in batch (batch size exceeded) 25045950
bases in batch (batch size exceeded) 25023766
bases in batch (batch size exceeded) 25009269
bases in batch (batch size exceeded) 25078115
bases in batch (core allotment reached) 20773158
bases in batch (batch size exceeded) 25003037
bases in batch (batch size exceeded) 25002874
bases in batch (batch size exceeded) 25009830
bases in batch (batch size exceeded) 25008740
bases in batch (batch size exceeded) 25007558
bases in batch (batch size exceeded) 25009442
bases in batch (batch size exceeded) 25025282
bases in batch (batch size exceeded) 25002134
bases in batch (core allotment reached) 20949681
bases in batch (batch size exceeded) 25001087
bases in batch (batch size exceeded) 25032753
bases in batch (batch size exceeded) 25009910
bases in batch (batch size exceeded) 25000672
bases in batch (batch size exceeded) 25028368
bases in batch (batch size exceeded) 25000104
bases in batch (batch size exceeded) 25025152
bases in batch (batch size exceeded) 25004802
bases in batch (core allotment reached) 20883820
bases in batch (batch size exceeded) 25010870
bases in batch (batch size exceeded) 25000508
bases in batch (batch size exceeded) 25004982
bases in batch (batch size exceeded) 25006473
bases in batch (batch size exceeded) 25012502
bases in batch (batch size exceeded) 25054969
bases in batch (batch size exceeded) 25008691
bases in batch (batch size exceeded) 25001525
bases in batch (core allotment reached) 20892824
bases in batch (batch size exceeded) 25015910
bases in batch (batch size exceeded) 25004085
bases in batch (batch size exceeded) 25001108
bases in batch (batch size exceeded) 25001691
bases in batch (batch size exceeded) 25001336
bases in batch (batch size exceeded) 25023862
bases in batch (batch size exceeded) 25001483
bases in batch (batch size exceeded) 25022920
bases in batch (core allotment reached) 20956727
bases in batch (batch size exceeded) 25005361
bases in batch (batch size exceeded) 25002785
bases in batch (batch size exceeded) 25009067
bases in batch (batch size exceeded) 25020995
bases in batch (batch size exceeded) 25010351
bases in batch (batch size exceeded) 25066625
bases in batch (batch size exceeded) 25001858
bases in batch (batch size exceeded) 25024316
bases in batch (core allotment reached) 20850596
bases in batch (batch size exceeded) 25001085
bases in batch (batch size exceeded) 25000088
bases in batch (batch size exceeded) 25007057
bases in batch (batch size exceeded) 25047639
bases in batch (batch size exceeded) 25005966
bases in batch (batch size exceeded) 25004945
bases in batch (batch size exceeded) 25001073
bases in batch (batch size exceeded) 25048762
bases in batch (core allotment reached) 20886251
bases in batch (batch size exceeded) 25027926
bases in batch (batch size exceeded) 25011715
bases in batch (batch size exceeded) 25033261
bases in batch (batch size exceeded) 25032348
bases in batch (batch size exceeded) 25004488
bases in batch (batch size exceeded) 25032077
bases in batch (batch size exceeded) 25002182
bases in batch (batch size exceeded) 25038732
bases in batch (core allotment reached) 20807803
bases in batch (batch size exceeded) 25043316
bases in batch (batch size exceeded) 25021515
bases in batch (batch size exceeded) 25036691
bases in batch (batch size exceeded) 25005803
bases in batch (batch size exceeded) 25032724
bases in batch (batch size exceeded) 25024058
bases in batch (batch size exceeded) 25000232
bases in batch (batch size exceeded) 25014906
bases in batch (core allotment reached) 20807400
bases in batch (batch size exceeded) 25019645
bases in batch (batch size exceeded) 25000005
bases in batch (batch size exceeded) 25002263
bases in batch (batch size exceeded) 25011826
bases in batch (batch size exceeded) 25000591
bases in batch (batch size exceeded) 25004104
bases in batch (batch size exceeded) 25021218
bases in batch (batch size exceeded) 25006618
bases in batch (core allotment reached) 20920874
bases in batch (batch size exceeded) 25003698
bases in batch (batch size exceeded) 25000985
bases in batch (batch size exceeded) 25003573
bases in batch (batch size exceeded) 25042876
bases in batch (batch size exceeded) 25030086
bases in batch (batch size exceeded) 25027534
bases in batch (batch size exceeded) 25014865
bases in batch (batch size exceeded) 25010017
bases in batch (core allotment reached) 20853029
bases in batch (batch size exceeded) 25003053
bases in batch (batch size exceeded) 25023434
bases in batch (batch size exceeded) 25016093
bases in batch (batch size exceeded) 25001721
bases in batch (batch size exceeded) 25003948
bases in batch (batch size exceeded) 25005860
bases in batch (batch size exceeded) 25003183
bases in batch (batch size exceeded) 25014555
bases in batch (core allotment reached) 20989018
bases in batch (batch size exceeded) 25049877
bases in batch (batch size exceeded) 25036104
bases in batch (batch size exceeded) 25001574
bases in batch (batch size exceeded) 25031548
bases in batch (batch size exceeded) 25013530
bases in batch (batch size exceeded) 25013344
bases in batch (batch size exceeded) 25003711
bases in batch (batch size exceeded) 25008809
bases in batch (core allotment reached) 20871343
bases in batch (batch size exceeded) 25046192
bases in batch (batch size exceeded) 25007409
bases in batch (batch size exceeded) 25005125
bases in batch (batch size exceeded) 25048164
bases in batch (batch size exceeded) 25058173
bases in batch (batch size exceeded) 25002094
bases in batch (batch size exceeded) 25003934
bases in batch (batch size exceeded) 25011002
bases in batch (core allotment reached) 20824257
bases in batch (batch size exceeded) 25000660
bases in batch (batch size exceeded) 25006531
bases in batch (batch size exceeded) 25030954
bases in batch (batch size exceeded) 25000095
bases in batch (batch size exceeded) 25019034
bases in batch (batch size exceeded) 25027337
bases in batch (batch size exceeded) 25006583
bases in batch (batch size exceeded) 25019688
bases in batch (core allotment reached) 20919432
bases in batch (batch size exceeded) 25000900
bases in batch (batch size exceeded) 25005125
bases in batch (batch size exceeded) 25005437
bases in batch (batch size exceeded) 25028593
bases in batch (batch size exceeded) 25006654
bases in batch (batch size exceeded) 25008420
bases in batch (batch size exceeded) 25042748
bases in batch (batch size exceeded) 25026228
bases in batch (core allotment reached) 20882619
bases in batch (batch size exceeded) 25023530
bases in batch (batch size exceeded) 25005103
bases in batch (batch size exceeded) 25010410
bases in batch (batch size exceeded) 25046522
bases in batch (batch size exceeded) 25020669
bases in batch (batch size exceeded) 25046397
bases in batch (batch size exceeded) 25004580
bases in batch (batch size exceeded) 25023174
bases in batch (core allotment reached) 20819709
bases in batch (batch size exceeded) 25015048
bases in batch (batch size exceeded) 25009990
bases in batch (batch size exceeded) 25010658
bases in batch (batch size exceeded) 25017161
bases in batch (batch size exceeded) 25024246
bases in batch (batch size exceeded) 25030989
bases in batch (batch size exceeded) 25001115
bases in batch (batch size exceeded) 25002230
bases in batch (core allotment reached) 20884085
bases in batch (batch size exceeded) 25063364
bases in batch (batch size exceeded) 25038097
bases in batch (batch size exceeded) 25006297
bases in batch (batch size exceeded) 25000257
bases in batch (batch size exceeded) 25016393
bases in batch (batch size exceeded) 25061275
bases in batch (batch size exceeded) 25007399
bases in batch (batch size exceeded) 25007216
bases in batch (core allotment reached) 20790173
bases in batch (batch size exceeded) 25018680
bases in batch (batch size exceeded) 25004073
bases in batch (batch size exceeded) 25012702
bases in batch (batch size exceeded) 25000384
bases in batch (batch size exceeded) 25035422
bases in batch (batch size exceeded) 25019298
bases in batch (batch size exceeded) 25001263
bases in batch (batch size exceeded) 25021150
bases in batch (core allotment reached) 20880179
bases in batch (batch size exceeded) 25016531
bases in batch (batch size exceeded) 25009969
bases in batch (batch size exceeded) 25007404
bases in batch (batch size exceeded) 25000430
bases in batch (batch size exceeded) 25032811
bases in batch (batch size exceeded) 25000746
bases in batch (batch size exceeded) 25025814
bases in batch (batch size exceeded) 25000845
bases in batch (core allotment reached) 20906064
bases in batch (batch size exceeded) 25014540
bases in batch (batch size exceeded) 25016030
bases in batch (batch size exceeded) 25011325
bases in batch (batch size exceeded) 25001442
bases in batch (batch size exceeded) 25005221
bases in batch (batch size exceeded) 25020171
bases in batch (batch size exceeded) 25052548
bases in batch (batch size exceeded) 25006447
bases in batch (core allotment reached) 20863692
bases in batch (batch size exceeded) 25000682
bases in batch (batch size exceeded) 25006717
bases in batch (batch size exceeded) 25014275
bases in batch (batch size exceeded) 25003351
bases in batch (batch size exceeded) 25000489
bases in batch (batch size exceeded) 25008619
bases in batch (batch size exceeded) 25016388
bases in batch (batch size exceeded) 25005065
bases in batch (core allotment reached) 20941143
bases in batch (batch size exceeded) 25037772
bases in batch (batch size exceeded) 25000397
bases in batch (batch size exceeded) 25000316
bases in batch (batch size exceeded) 25000040
bases in batch (batch size exceeded) 25028904
bases in batch (batch size exceeded) 25020659
bases in batch (batch size exceeded) 25014644
bases in batch (batch size exceeded) 25008429
bases in batch (core allotment reached) 20879278
bases in batch (batch size exceeded) 25010693
bases in batch (batch size exceeded) 25000188
bases in batch (batch size exceeded) 25005234
bases in batch (batch size exceeded) 25008816
bases in batch (batch size exceeded) 25003645
bases in batch (batch size exceeded) 25000194
bases in batch (batch size exceeded) 25014146
bases in batch (batch size exceeded) 25002632
bases in batch (core allotment reached) 20943047
bases in batch (batch size exceeded) 25000664
bases in batch (batch size exceeded) 25036860
bases in batch (batch size exceeded) 25029022
bases in batch (batch size exceeded) 25011376
bases in batch (batch size exceeded) 25016972
bases in batch (batch size exceeded) 25004572
bases in batch (batch size exceeded) 25018066
bases in batch (batch size exceeded) 25004008
bases in batch (core allotment reached) 20907041
bases in batch (batch size exceeded) 25003232
bases in batch (batch size exceeded) 25000058
bases in batch (batch size exceeded) 25020573
bases in batch (batch size exceeded) 25002013
bases in batch (batch size exceeded) 25037499
bases in batch (batch size exceeded) 25037966
bases in batch (batch size exceeded) 25021394
bases in batch (batch size exceeded) 25004871
bases in batch (core allotment reached) 20859653
bases in batch (batch size exceeded) 25019124
bases in batch (batch size exceeded) 25008386
bases in batch (batch size exceeded) 25001375
bases in batch (batch size exceeded) 25000389
bases in batch (batch size exceeded) 25002824
bases in batch (batch size exceeded) 25014529
bases in batch (batch size exceeded) 25001426
bases in batch (batch size exceeded) 25015531
bases in batch (core allotment reached) 20926594
bases in batch (batch size exceeded) 25003269
bases in batch (batch size exceeded) 25011487
bases in batch (batch size exceeded) 25001369
bases in batch (batch size exceeded) 25000399
bases in batch (batch size exceeded) 25006942
bases in batch (batch size exceeded) 25006098
bases in batch (batch size exceeded) 25010602
bases in batch (batch size exceeded) 25001224
bases in batch (core allotment reached) 20950959
bases in batch (batch size exceeded) 25004089
bases in batch (batch size exceeded) 25007852
bases in batch (batch size exceeded) 25002369
bases in batch (batch size exceeded) 25042917
bases in batch (batch size exceeded) 25008610
bases in batch (batch size exceeded) 25018674
bases in batch (batch size exceeded) 25010613
bases in batch (batch size exceeded) 25027735
bases in batch (core allotment reached) 20865959
bases in batch (batch size exceeded) 25020696
bases in batch (batch size exceeded) 25001197
bases in batch (batch size exceeded) 25008516
bases in batch (batch size exceeded) 25032297
bases in batch (batch size exceeded) 25003717
bases in batch (batch size exceeded) 25000719
bases in batch (batch size exceeded) 25019353
bases in batch (batch size exceeded) 25024135
bases in batch (last for core) 20423499
Starting up parallel processes, tasklist took 31.688462257385254
Starting merge, parallel processing took 454.46790742874146
bigwig
Merge took 850.7920818328857

