chr5:0-182045439
histone2_chr5
bases in batch (batch size exceeded) 25019076
bases in batch (batch size exceeded) 25003477
bases in batch (batch size exceeded) 25001159
bases in batch (batch size exceeded) 25012270
bases in batch (batch size exceeded) 25002397
bases in batch (batch size exceeded) 25012577
bases in batch (batch size exceeded) 25010769
bases in batch (batch size exceeded) 25004719
bases in batch (batch size exceeded) 25017542
bases in batch (core allotment reached) 3328193
bases in batch (batch size exceeded) 25026088
bases in batch (batch size exceeded) 25028162
bases in batch (batch size exceeded) 25031982
bases in batch (batch size exceeded) 25022632
bases in batch (batch size exceeded) 25001194
bases in batch (batch size exceeded) 25008375
bases in batch (batch size exceeded) 25004723
bases in batch (batch size exceeded) 25038656
bases in batch (batch size exceeded) 25017533
bases in batch (core allotment reached) 3224437
bases in batch (batch size exceeded) 25027805
bases in batch (batch size exceeded) 25000958
bases in batch (batch size exceeded) 25000605
bases in batch (batch size exceeded) 25012708
bases in batch (batch size exceeded) 25002792
bases in batch (batch size exceeded) 25000763
bases in batch (batch size exceeded) 25012646
bases in batch (batch size exceeded) 25053811
bases in batch (batch size exceeded) 25004423
bases in batch (core allotment reached) 3257296
bases in batch (batch size exceeded) 25003520
bases in batch (batch size exceeded) 25003579
bases in batch (batch size exceeded) 25000077
bases in batch (batch size exceeded) 25019508
bases in batch (batch size exceeded) 25001647
bases in batch (batch size exceeded) 25003422
bases in batch (batch size exceeded) 25002759
bases in batch (batch size exceeded) 25016614
bases in batch (batch size exceeded) 25001351
bases in batch (core allotment reached) 3312999
bases in batch (batch size exceeded) 25010488
bases in batch (batch size exceeded) 25015774
bases in batch (batch size exceeded) 25033054
bases in batch (batch size exceeded) 25024425
bases in batch (batch size exceeded) 25002335
bases in batch (batch size exceeded) 25003796
bases in batch (batch size exceeded) 25001587
bases in batch (batch size exceeded) 25002515
bases in batch (batch size exceeded) 25014273
bases in batch (core allotment reached) 3298484
bases in batch (batch size exceeded) 25011490
bases in batch (batch size exceeded) 25015319
bases in batch (batch size exceeded) 25038219
bases in batch (batch size exceeded) 25016785
bases in batch (batch size exceeded) 25017800
bases in batch (batch size exceeded) 25001175
bases in batch (batch size exceeded) 25002821
bases in batch (batch size exceeded) 25016981
bases in batch (batch size exceeded) 25026462
bases in batch (core allotment reached) 3218009
bases in batch (batch size exceeded) 25008004
bases in batch (batch size exceeded) 25020259
bases in batch (batch size exceeded) 25013890
bases in batch (batch size exceeded) 25008536
bases in batch (batch size exceeded) 25005065
bases in batch (batch size exceeded) 25005911
bases in batch (batch size exceeded) 25045290
bases in batch (batch size exceeded) 25005395
bases in batch (batch size exceeded) 25055274
bases in batch (core allotment reached) 3192417
bases in batch (batch size exceeded) 25001689
bases in batch (batch size exceeded) 25000233
bases in batch (batch size exceeded) 25004400
bases in batch (batch size exceeded) 25005684
bases in batch (batch size exceeded) 25033037
bases in batch (batch size exceeded) 25034269
bases in batch (batch size exceeded) 25000287
bases in batch (batch size exceeded) 25005752
bases in batch (batch size exceeded) 25026357
bases in batch (core allotment reached) 3248768
bases in batch (batch size exceeded) 25015793
bases in batch (batch size exceeded) 25000239
bases in batch (batch size exceeded) 25006569
bases in batch (batch size exceeded) 25009528
bases in batch (batch size exceeded) 25005588
bases in batch (batch size exceeded) 25001157
bases in batch (batch size exceeded) 25028897
bases in batch (batch size exceeded) 25022084
bases in batch (batch size exceeded) 25014001
bases in batch (core allotment reached) 3267132
bases in batch (batch size exceeded) 25020501
bases in batch (batch size exceeded) 25000118
bases in batch (batch size exceeded) 25006160
bases in batch (batch size exceeded) 25036253
bases in batch (batch size exceeded) 25049123
bases in batch (batch size exceeded) 25034505
bases in batch (batch size exceeded) 25028161
bases in batch (batch size exceeded) 25005929
bases in batch (batch size exceeded) 25020484
bases in batch (core allotment reached) 3164189
bases in batch (batch size exceeded) 25000585
bases in batch (batch size exceeded) 25022431
bases in batch (batch size exceeded) 25002160
bases in batch (batch size exceeded) 25003169
bases in batch (batch size exceeded) 25003795
bases in batch (batch size exceeded) 25000326
bases in batch (batch size exceeded) 25000268
bases in batch (batch size exceeded) 25027472
bases in batch (batch size exceeded) 25003025
bases in batch (core allotment reached) 3329768
bases in batch (batch size exceeded) 25038570
bases in batch (batch size exceeded) 25030745
bases in batch (batch size exceeded) 25001360
bases in batch (batch size exceeded) 25003799
bases in batch (batch size exceeded) 25005369
bases in batch (batch size exceeded) 25000173
bases in batch (batch size exceeded) 25016830
bases in batch (batch size exceeded) 25007674
bases in batch (batch size exceeded) 25005290
bases in batch (core allotment reached) 3329243
bases in batch (batch size exceeded) 25002631
bases in batch (batch size exceeded) 25044236
bases in batch (batch size exceeded) 25013353
bases in batch (batch size exceeded) 25010927
bases in batch (batch size exceeded) 25008548
bases in batch (batch size exceeded) 25008931
bases in batch (batch size exceeded) 25006804
bases in batch (batch size exceeded) 25039214
bases in batch (batch size exceeded) 25021621
bases in batch (core allotment reached) 3214433
bases in batch (batch size exceeded) 25031508
bases in batch (batch size exceeded) 25004003
bases in batch (batch size exceeded) 25008691
bases in batch (batch size exceeded) 25015151
bases in batch (batch size exceeded) 25034201
bases in batch (batch size exceeded) 25019410
bases in batch (batch size exceeded) 25006700
bases in batch (batch size exceeded) 25017396
bases in batch (batch size exceeded) 25022652
bases in batch (core allotment reached) 3202612
bases in batch (batch size exceeded) 25021804
bases in batch (batch size exceeded) 25008730
bases in batch (batch size exceeded) 25002337
bases in batch (batch size exceeded) 25011949
bases in batch (batch size exceeded) 25046424
bases in batch (batch size exceeded) 25048328
bases in batch (batch size exceeded) 25122657
bases in batch (batch size exceeded) 25036848
bases in batch (batch size exceeded) 25016575
bases in batch (core allotment reached) 3063699
bases in batch (batch size exceeded) 25002345
bases in batch (batch size exceeded) 25013061
bases in batch (batch size exceeded) 25000335
bases in batch (batch size exceeded) 25005613
bases in batch (batch size exceeded) 25021626
bases in batch (batch size exceeded) 25003679
bases in batch (batch size exceeded) 25011944
bases in batch (batch size exceeded) 25014057
bases in batch (batch size exceeded) 25033103
bases in batch (core allotment reached) 3254000
bases in batch (batch size exceeded) 25003411
bases in batch (batch size exceeded) 25014088
bases in batch (batch size exceeded) 25003018
bases in batch (batch size exceeded) 25001473
bases in batch (batch size exceeded) 25035259
bases in batch (batch size exceeded) 25007596
bases in batch (batch size exceeded) 25026409
bases in batch (batch size exceeded) 25009367
bases in batch (batch size exceeded) 25005870
bases in batch (core allotment reached) 3293534
bases in batch (batch size exceeded) 25046875
bases in batch (batch size exceeded) 25009871
bases in batch (batch size exceeded) 25023268
bases in batch (batch size exceeded) 25012549
bases in batch (batch size exceeded) 25002808
bases in batch (batch size exceeded) 25027002
bases in batch (batch size exceeded) 25004264
bases in batch (batch size exceeded) 25021199
bases in batch (batch size exceeded) 25019402
bases in batch (core allotment reached) 3195083
bases in batch (batch size exceeded) 25008439
bases in batch (batch size exceeded) 25000022
bases in batch (batch size exceeded) 25001833
bases in batch (batch size exceeded) 25007295
bases in batch (batch size exceeded) 25067842
bases in batch (batch size exceeded) 25004332
bases in batch (batch size exceeded) 25009270
bases in batch (batch size exceeded) 25059897
bases in batch (batch size exceeded) 25006453
bases in batch (core allotment reached) 3209408
bases in batch (batch size exceeded) 25009561
bases in batch (batch size exceeded) 25008788
bases in batch (batch size exceeded) 25011781
bases in batch (batch size exceeded) 25006624
bases in batch (batch size exceeded) 25007648
bases in batch (batch size exceeded) 25015655
bases in batch (batch size exceeded) 25016664
bases in batch (batch size exceeded) 25009651
bases in batch (batch size exceeded) 25017303
bases in batch (core allotment reached) 3263116
bases in batch (batch size exceeded) 25019134
bases in batch (batch size exceeded) 25077187
bases in batch (batch size exceeded) 25001072
bases in batch (batch size exceeded) 25000936
bases in batch (batch size exceeded) 25005213
bases in batch (batch size exceeded) 25000844
bases in batch (batch size exceeded) 25004442
bases in batch (batch size exceeded) 25013705
bases in batch (batch size exceeded) 25026534
bases in batch (core allotment reached) 3238554
bases in batch (batch size exceeded) 25016838
bases in batch (batch size exceeded) 25008696
bases in batch (batch size exceeded) 25005172
bases in batch (batch size exceeded) 25018953
bases in batch (batch size exceeded) 25006777
bases in batch (batch size exceeded) 25047140
bases in batch (batch size exceeded) 25005284
bases in batch (batch size exceeded) 25005096
bases in batch (batch size exceeded) 25008077
bases in batch (core allotment reached) 3244007
bases in batch (batch size exceeded) 25026783
bases in batch (batch size exceeded) 25000448
bases in batch (batch size exceeded) 25063292
bases in batch (batch size exceeded) 25019895
bases in batch (batch size exceeded) 25002146
bases in batch (batch size exceeded) 25009688
bases in batch (batch size exceeded) 25002203
bases in batch (batch size exceeded) 25027643
bases in batch (batch size exceeded) 25000961
bases in batch (core allotment reached) 3217408
bases in batch (batch size exceeded) 25025947
bases in batch (batch size exceeded) 25006741
bases in batch (batch size exceeded) 25013984
bases in batch (batch size exceeded) 25011267
bases in batch (batch size exceeded) 25059140
bases in batch (batch size exceeded) 25023269
bases in batch (batch size exceeded) 25000793
bases in batch (batch size exceeded) 25041026
bases in batch (batch size exceeded) 25020004
bases in batch (core allotment reached) 3242656
bases in batch (batch size exceeded) 25021865
bases in batch (batch size exceeded) 25018664
bases in batch (batch size exceeded) 25006367
bases in batch (batch size exceeded) 25022308
bases in batch (batch size exceeded) 25003215
bases in batch (batch size exceeded) 25022100
bases in batch (batch size exceeded) 25005679
bases in batch (batch size exceeded) 25002796
bases in batch (batch size exceeded) 25014385
bases in batch (core allotment reached) 3243785
bases in batch (batch size exceeded) 25057147
bases in batch (batch size exceeded) 25003724
bases in batch (batch size exceeded) 25010995
bases in batch (batch size exceeded) 25017521
bases in batch (batch size exceeded) 25000806
bases in batch (batch size exceeded) 25058400
bases in batch (batch size exceeded) 25000712
bases in batch (batch size exceeded) 25005029
bases in batch (batch size exceeded) 25011598
bases in batch (core allotment reached) 3196438
bases in batch (batch size exceeded) 25023847
bases in batch (batch size exceeded) 25009856
bases in batch (batch size exceeded) 25011234
bases in batch (batch size exceeded) 25004833
bases in batch (batch size exceeded) 25015110
bases in batch (batch size exceeded) 25027707
bases in batch (batch size exceeded) 25007033
bases in batch (batch size exceeded) 25095123
bases in batch (batch size exceeded) 25009721
bases in batch (core allotment reached) 3157886
bases in batch (batch size exceeded) 25043723
bases in batch (batch size exceeded) 25012534
bases in batch (batch size exceeded) 25000014
bases in batch (batch size exceeded) 25001563
bases in batch (batch size exceeded) 25014764
bases in batch (batch size exceeded) 25042867
bases in batch (batch size exceeded) 25010695
bases in batch (batch size exceeded) 25009377
bases in batch (batch size exceeded) 25014226
bases in batch (core allotment reached) 3213900
bases in batch (batch size exceeded) 25016007
bases in batch (batch size exceeded) 25003283
bases in batch (batch size exceeded) 25028903
bases in batch (batch size exceeded) 25017529
bases in batch (batch size exceeded) 25001313
bases in batch (batch size exceeded) 25007635
bases in batch (batch size exceeded) 25013674
bases in batch (batch size exceeded) 25026357
bases in batch (batch size exceeded) 25012306
bases in batch (core allotment reached) 3265270
bases in batch (batch size exceeded) 25007657
bases in batch (batch size exceeded) 25028533
bases in batch (batch size exceeded) 25020877
bases in batch (batch size exceeded) 25002245
bases in batch (batch size exceeded) 25000003
bases in batch (batch size exceeded) 25050779
bases in batch (batch size exceeded) 25003789
bases in batch (batch size exceeded) 25017125
bases in batch (batch size exceeded) 25020675
bases in batch (core allotment reached) 3237254
bases in batch (batch size exceeded) 25018292
bases in batch (batch size exceeded) 25017417
bases in batch (batch size exceeded) 25008430
bases in batch (batch size exceeded) 25001492
bases in batch (batch size exceeded) 25037670
bases in batch (batch size exceeded) 25011900
bases in batch (batch size exceeded) 25007902
bases in batch (batch size exceeded) 25001732
bases in batch (batch size exceeded) 25024787
bases in batch (core allotment reached) 3240432
bases in batch (batch size exceeded) 25001583
bases in batch (batch size exceeded) 25000122
bases in batch (batch size exceeded) 25012577
bases in batch (batch size exceeded) 25015706
bases in batch (batch size exceeded) 25001268
bases in batch (batch size exceeded) 25012649
bases in batch (batch size exceeded) 25046662
bases in batch (batch size exceeded) 25017606
bases in batch (batch size exceeded) 25000895
bases in batch (last for core) 2637724
Starting up parallel processes, tasklist took 29.89896321296692
Starting merge, parallel processing took 439.77043318748474
bigwig
Merge took 862.2906000614166

