chr18:0-80542538
histone3_chr18
bases in batch (batch size exceeded) 25004674
bases in batch (batch size exceeded) 25002725
bases in batch (batch size exceeded) 25010736
bases in batch (batch size exceeded) 25001722
bases in batch (core allotment reached) 76651
bases in batch (batch size exceeded) 25003220
bases in batch (batch size exceeded) 25005565
bases in batch (batch size exceeded) 25011671
bases in batch (batch size exceeded) 25018520
bases in batch (core allotment reached) 27067
bases in batch (batch size exceeded) 25003278
bases in batch (batch size exceeded) 25010472
bases in batch (batch size exceeded) 25014750
bases in batch (batch size exceeded) 25001304
bases in batch (core allotment reached) 42847
bases in batch (batch size exceeded) 25012152
bases in batch (batch size exceeded) 25009659
bases in batch (batch size exceeded) 25000644
bases in batch (batch size exceeded) 25001352
bases in batch (core allotment reached) 57492
bases in batch (batch size exceeded) 25002040
bases in batch (batch size exceeded) 25012554
bases in batch (batch size exceeded) 25004416
bases in batch (batch size exceeded) 25009494
bases in batch (core allotment reached) 40085
bases in batch (batch size exceeded) 25000552
bases in batch (batch size exceeded) 25042368
bases in batch (batch size exceeded) 25016919
bases in batch (batch size exceeded) 25013102
Warning: end of allotment mismatch, batch 0 at chr18 start 14737803 end 14737802
bases in batch (core allotment reached) 0
bases in batch (batch size exceeded) 25002536
bases in batch (batch size exceeded) 25002572
bases in batch (batch size exceeded) 25013583
bases in batch (batch size exceeded) 25015769
bases in batch (core allotment reached) 31731
bases in batch (batch size exceeded) 25010652
bases in batch (batch size exceeded) 25018160
bases in batch (batch size exceeded) 25028072
bases in batch (batch size exceeded) 25017623
Warning: end of allotment mismatch, batch 0 at chr18 start 21286767 end 21286766
bases in batch (core allotment reached) 0
bases in batch (batch size exceeded) 25001701
bases in batch (batch size exceeded) 25064065
bases in batch (batch size exceeded) 25027070
bases in batch (core allotment reached) 24991335
bases in batch (batch size exceeded) 25033767
bases in batch (batch size exceeded) 25000693
bases in batch (batch size exceeded) 25005014
bases in batch (batch size exceeded) 25013670
bases in batch (core allotment reached) 23704
bases in batch (batch size exceeded) 25010392
bases in batch (batch size exceeded) 25000803
bases in batch (batch size exceeded) 25004292
bases in batch (batch size exceeded) 25074247
Warning: end of allotment mismatch, batch 0 at chr18 start 28566430 end 28566429
bases in batch (core allotment reached) 0
bases in batch (batch size exceeded) 25000154
bases in batch (batch size exceeded) 25004765
bases in batch (batch size exceeded) 25058465
bases in batch (batch size exceeded) 25022414
Warning: end of allotment mismatch, batch 0 at chr18 start 31053740 end 31053739
bases in batch (core allotment reached) 0
bases in batch (batch size exceeded) 25022224
bases in batch (batch size exceeded) 25018323
bases in batch (batch size exceeded) 25006611
bases in batch (batch size exceeded) 25004654
bases in batch (core allotment reached) 66338
bases in batch (batch size exceeded) 25001998
bases in batch (batch size exceeded) 25001370
bases in batch (batch size exceeded) 25002979
bases in batch (batch size exceeded) 25009647
bases in batch (core allotment reached) 50521
bases in batch (batch size exceeded) 25027574
bases in batch (batch size exceeded) 25015251
bases in batch (batch size exceeded) 25012821
bases in batch (batch size exceeded) 25002670
bases in batch (core allotment reached) 7477
bases in batch (batch size exceeded) 25014036
bases in batch (batch size exceeded) 25044807
bases in batch (batch size exceeded) 25034196
bases in batch (core allotment reached) 24973203
bases in batch (batch size exceeded) 25005959
bases in batch (batch size exceeded) 25027083
bases in batch (batch size exceeded) 25003366
bases in batch (batch size exceeded) 25005744
bases in batch (core allotment reached) 35228
bases in batch (batch size exceeded) 25035861
bases in batch (batch size exceeded) 25010745
bases in batch (batch size exceeded) 25030357
bases in batch (batch size exceeded) 25026241
Warning: end of allotment mismatch, batch 0 at chr18 start 46050680 end 46050679
bases in batch (core allotment reached) 0
bases in batch (batch size exceeded) 25026466
bases in batch (batch size exceeded) 25012631
bases in batch (batch size exceeded) 25024249
bases in batch (batch size exceeded) 25008263
Warning: end of allotment mismatch, batch 0 at chr18 start 48529124 end 48529123
bases in batch (core allotment reached) 0
bases in batch (batch size exceeded) 25017233
bases in batch (batch size exceeded) 25015812
bases in batch (batch size exceeded) 25016271
bases in batch (batch size exceeded) 25000232
bases in batch (core allotment reached) 40297
bases in batch (batch size exceeded) 25002025
bases in batch (batch size exceeded) 25012398
bases in batch (batch size exceeded) 25000283
bases in batch (batch size exceeded) 25008249
bases in batch (core allotment reached) 47501
bases in batch (batch size exceeded) 25006452
bases in batch (batch size exceeded) 25006043
bases in batch (batch size exceeded) 25002873
bases in batch (batch size exceeded) 25005964
bases in batch (core allotment reached) 57297
bases in batch (batch size exceeded) 25021019
bases in batch (batch size exceeded) 25056290
bases in batch (batch size exceeded) 25029031
bases in batch (core allotment reached) 24960784
bases in batch (batch size exceeded) 25037990
bases in batch (batch size exceeded) 25008149
bases in batch (batch size exceeded) 25000478
bases in batch (batch size exceeded) 25002313
bases in batch (core allotment reached) 25799
bases in batch (batch size exceeded) 25010248
bases in batch (batch size exceeded) 25006316
bases in batch (batch size exceeded) 25025901
bases in batch (batch size exceeded) 25000039
bases in batch (core allotment reached) 25815
bases in batch (batch size exceeded) 25035380
bases in batch (batch size exceeded) 25002016
bases in batch (batch size exceeded) 25049716
bases in batch (core allotment reached) 24981395
bases in batch (batch size exceeded) 25055634
bases in batch (batch size exceeded) 25012124
bases in batch (batch size exceeded) 25000780
bases in batch (core allotment reached) 24998872
bases in batch (batch size exceeded) 25002388
bases in batch (batch size exceeded) 25053975
bases in batch (batch size exceeded) 25001670
bases in batch (batch size exceeded) 25003762
bases in batch (core allotment reached) 28551
bases in batch (batch size exceeded) 25029336
bases in batch (batch size exceeded) 25020948
bases in batch (batch size exceeded) 25013019
bases in batch (batch size exceeded) 25003524
Warning: end of allotment mismatch, batch 0 at chr18 start 73144937 end 73144936
bases in batch (core allotment reached) 0
bases in batch (batch size exceeded) 25001488
bases in batch (batch size exceeded) 25005337
bases in batch (batch size exceeded) 25028237
bases in batch (batch size exceeded) 25027636
bases in batch (core allotment reached) 12510
bases in batch (batch size exceeded) 25010764
bases in batch (batch size exceeded) 25028782
bases in batch (batch size exceeded) 25061742
bases in batch (core allotment reached) 24975138
bases in batch (batch size exceeded) 25000411
bases in batch (batch size exceeded) 25002020
bases in batch (batch size exceeded) 25001712
bases in batch (last for core) 24680490
Starting up parallel processes, tasklist took 14.163180351257324
Starting merge, parallel processing took 179.7773072719574
bigwig
Merge took 395.9585027694702

