chr22:0-51324926
histone2_chr22
bases in batch (batch size exceeded) 25003357
bases in batch (batch size exceeded) 25003203
bases in batch (core allotment reached) 11593717
bases in batch (batch size exceeded) 25001734
bases in batch (batch size exceeded) 25001369
bases in batch (core allotment reached) 11597481
bases in batch (batch size exceeded) 25011585
bases in batch (batch size exceeded) 25025651
bases in batch (core allotment reached) 11576209
bases in batch (batch size exceeded) 25013380
bases in batch (batch size exceeded) 25018142
bases in batch (core allotment reached) 11588630
bases in batch (batch size exceeded) 25018174
bases in batch (batch size exceeded) 25012609
bases in batch (core allotment reached) 11565161
bases in batch (batch size exceeded) 25018328
bases in batch (batch size exceeded) 25018393
bases in batch (core allotment reached) 11559434
bases in batch (batch size exceeded) 25011894
bases in batch (batch size exceeded) 25015987
bases in batch (core allotment reached) 11585671
bases in batch (batch size exceeded) 25022829
bases in batch (batch size exceeded) 25007067
bases in batch (core allotment reached) 11567266
bases in batch (batch size exceeded) 25061951
bases in batch (batch size exceeded) 25041451
bases in batch (core allotment reached) 11492576
bases in batch (batch size exceeded) 25001670
bases in batch (batch size exceeded) 25002841
bases in batch (core allotment reached) 11591062
bases in batch (batch size exceeded) 25035182
bases in batch (batch size exceeded) 25000439
bases in batch (core allotment reached) 11572314
bases in batch (batch size exceeded) 25000561
bases in batch (batch size exceeded) 25021792
bases in batch (core allotment reached) 11574177
bases in batch (batch size exceeded) 25013560
bases in batch (batch size exceeded) 25000383
bases in batch (core allotment reached) 11584314
bases in batch (batch size exceeded) 25035624
bases in batch (batch size exceeded) 25017880
bases in batch (core allotment reached) 11549386
bases in batch (batch size exceeded) 25069595
bases in batch (batch size exceeded) 25009397
bases in batch (core allotment reached) 11551703
bases in batch (batch size exceeded) 25029419
bases in batch (batch size exceeded) 25047030
bases in batch (core allotment reached) 11519973
bases in batch (batch size exceeded) 25045293
bases in batch (batch size exceeded) 25044632
bases in batch (core allotment reached) 11505687
bases in batch (batch size exceeded) 25042990
bases in batch (batch size exceeded) 25020222
bases in batch (core allotment reached) 11630861
bases in batch (batch size exceeded) 25085643
bases in batch (batch size exceeded) 25019357
bases in batch (core allotment reached) 11503876
bases in batch (batch size exceeded) 25023176
bases in batch (batch size exceeded) 25011489
bases in batch (core allotment reached) 11588398
bases in batch (batch size exceeded) 25001527
bases in batch (batch size exceeded) 25010301
bases in batch (core allotment reached) 11584495
bases in batch (batch size exceeded) 25000861
bases in batch (batch size exceeded) 25011392
bases in batch (core allotment reached) 11615256
bases in batch (batch size exceeded) 25001471
bases in batch (batch size exceeded) 25022541
bases in batch (core allotment reached) 11628563
bases in batch (batch size exceeded) 25004635
bases in batch (batch size exceeded) 25016165
bases in batch (core allotment reached) 11595371
bases in batch (batch size exceeded) 25022451
bases in batch (batch size exceeded) 25005452
bases in batch (core allotment reached) 11577848
bases in batch (batch size exceeded) 25016439
bases in batch (batch size exceeded) 25015831
bases in batch (core allotment reached) 11571629
bases in batch (batch size exceeded) 25015778
bases in batch (batch size exceeded) 25000384
bases in batch (core allotment reached) 11581626
bases in batch (batch size exceeded) 25077141
bases in batch (batch size exceeded) 25022775
bases in batch (core allotment reached) 11494638
bases in batch (batch size exceeded) 25008085
bases in batch (batch size exceeded) 25002082
bases in batch (core allotment reached) 11591874
bases in batch (batch size exceeded) 25041969
bases in batch (batch size exceeded) 25004330
bases in batch (core allotment reached) 11643644
bases in batch (batch size exceeded) 25018866
bases in batch (batch size exceeded) 25009403
bases in batch (core allotment reached) 11583792
bases in batch (batch size exceeded) 25051458
bases in batch (batch size exceeded) 25010768
bases in batch (last for core) 10967540
Starting up parallel processes, tasklist took 8.717288255691528
Starting merge, parallel processing took 119.95697021484375
bigwig
Merge took 249.47923588752747

