chr1:0-248387328
histone3_chr1
bases in batch (batch size exceeded) 25000316
bases in batch (batch size exceeded) 25007238
bases in batch (batch size exceeded) 25008689
bases in batch (batch size exceeded) 25054957
bases in batch (batch size exceeded) 25024584
bases in batch (batch size exceeded) 25005941
bases in batch (batch size exceeded) 25073571
bases in batch (batch size exceeded) 25016954
bases in batch (batch size exceeded) 25005991
bases in batch (batch size exceeded) 25004712
bases in batch (batch size exceeded) 25046997
bases in batch (batch size exceeded) 25007069
bases in batch (core allotment reached) 14112958
bases in batch (batch size exceeded) 25003510
bases in batch (batch size exceeded) 25007448
bases in batch (batch size exceeded) 25025373
bases in batch (batch size exceeded) 25000418
bases in batch (batch size exceeded) 25010595
bases in batch (batch size exceeded) 25017866
bases in batch (batch size exceeded) 25031584
bases in batch (batch size exceeded) 25003919
bases in batch (batch size exceeded) 25006733
bases in batch (batch size exceeded) 25011060
bases in batch (batch size exceeded) 25021401
bases in batch (batch size exceeded) 25001833
bases in batch (core allotment reached) 14246631
bases in batch (batch size exceeded) 25000232
bases in batch (batch size exceeded) 25011923
bases in batch (batch size exceeded) 25010927
bases in batch (batch size exceeded) 25000146
bases in batch (batch size exceeded) 25002642
bases in batch (batch size exceeded) 25007394
bases in batch (batch size exceeded) 25003871
bases in batch (batch size exceeded) 25030433
bases in batch (batch size exceeded) 25005599
bases in batch (batch size exceeded) 25011818
bases in batch (batch size exceeded) 25006123
bases in batch (batch size exceeded) 25005964
bases in batch (core allotment reached) 14312738
bases in batch (batch size exceeded) 25009928
bases in batch (batch size exceeded) 25025225
bases in batch (batch size exceeded) 25009411
bases in batch (batch size exceeded) 25006307
bases in batch (batch size exceeded) 25003660
bases in batch (batch size exceeded) 25011145
bases in batch (batch size exceeded) 25029056
bases in batch (batch size exceeded) 25017077
bases in batch (batch size exceeded) 25000375
bases in batch (batch size exceeded) 25016022
bases in batch (batch size exceeded) 25022413
bases in batch (batch size exceeded) 25008128
bases in batch (core allotment reached) 14230009
bases in batch (batch size exceeded) 25004116
bases in batch (batch size exceeded) 25013485
bases in batch (batch size exceeded) 25006612
bases in batch (batch size exceeded) 25002173
bases in batch (batch size exceeded) 25036376
bases in batch (batch size exceeded) 25017461
bases in batch (batch size exceeded) 25005233
bases in batch (batch size exceeded) 25016340
bases in batch (batch size exceeded) 25017470
bases in batch (batch size exceeded) 25014533
bases in batch (batch size exceeded) 25010312
bases in batch (batch size exceeded) 25025361
bases in batch (core allotment reached) 14195374
bases in batch (batch size exceeded) 25041498
bases in batch (batch size exceeded) 25007456
bases in batch (batch size exceeded) 25023203
bases in batch (batch size exceeded) 25001997
bases in batch (batch size exceeded) 25000863
bases in batch (batch size exceeded) 25011697
bases in batch (batch size exceeded) 25084033
bases in batch (batch size exceeded) 25008549
bases in batch (batch size exceeded) 25031185
bases in batch (batch size exceeded) 25014475
bases in batch (batch size exceeded) 25007744
bases in batch (batch size exceeded) 25006002
bases in batch (core allotment reached) 14126520
bases in batch (batch size exceeded) 25002316
bases in batch (batch size exceeded) 25000173
bases in batch (batch size exceeded) 25023461
bases in batch (batch size exceeded) 25030415
bases in batch (batch size exceeded) 25002565
bases in batch (batch size exceeded) 25018730
bases in batch (batch size exceeded) 25004305
bases in batch (batch size exceeded) 25031934
bases in batch (batch size exceeded) 25055687
bases in batch (batch size exceeded) 25052570
bases in batch (batch size exceeded) 25015429
bases in batch (batch size exceeded) 25019944
bases in batch (core allotment reached) 14131435
bases in batch (batch size exceeded) 25000683
bases in batch (batch size exceeded) 25020502
bases in batch (batch size exceeded) 25048052
bases in batch (batch size exceeded) 25003130
bases in batch (batch size exceeded) 25026270
bases in batch (batch size exceeded) 25000775
bases in batch (batch size exceeded) 25040293
bases in batch (batch size exceeded) 25012032
bases in batch (batch size exceeded) 25001542
bases in batch (batch size exceeded) 25056212
bases in batch (batch size exceeded) 25011682
bases in batch (batch size exceeded) 25007802
bases in batch (core allotment reached) 14193994
bases in batch (batch size exceeded) 25001838
bases in batch (batch size exceeded) 25008064
bases in batch (batch size exceeded) 25000030
bases in batch (batch size exceeded) 25001840
bases in batch (batch size exceeded) 25032698
bases in batch (batch size exceeded) 25006281
bases in batch (batch size exceeded) 25037419
bases in batch (batch size exceeded) 25005724
bases in batch (batch size exceeded) 25005177
bases in batch (batch size exceeded) 25021471
bases in batch (batch size exceeded) 25013493
bases in batch (batch size exceeded) 25000240
bases in batch (core allotment reached) 14235362
bases in batch (batch size exceeded) 25008400
bases in batch (batch size exceeded) 25009631
bases in batch (batch size exceeded) 25020432
bases in batch (batch size exceeded) 25006237
bases in batch (batch size exceeded) 25000136
bases in batch (batch size exceeded) 25026949
bases in batch (batch size exceeded) 25008522
bases in batch (batch size exceeded) 25042863
bases in batch (batch size exceeded) 25035490
bases in batch (batch size exceeded) 25000089
bases in batch (batch size exceeded) 25000947
bases in batch (batch size exceeded) 25001309
bases in batch (core allotment reached) 14208163
bases in batch (batch size exceeded) 25019878
bases in batch (batch size exceeded) 25006867
bases in batch (batch size exceeded) 25018078
bases in batch (batch size exceeded) 25018790
bases in batch (batch size exceeded) 25002294
bases in batch (batch size exceeded) 25001903
bases in batch (batch size exceeded) 25015980
bases in batch (batch size exceeded) 25000006
bases in batch (batch size exceeded) 25041292
bases in batch (batch size exceeded) 25001185
bases in batch (batch size exceeded) 25039470
bases in batch (batch size exceeded) 25002288
bases in batch (core allotment reached) 14208891
bases in batch (batch size exceeded) 25045988
bases in batch (batch size exceeded) 25006152
bases in batch (batch size exceeded) 25045323
bases in batch (batch size exceeded) 25050785
bases in batch (batch size exceeded) 25010790
bases in batch (batch size exceeded) 25001432
bases in batch (batch size exceeded) 25060472
bases in batch (batch size exceeded) 25001813
bases in batch (batch size exceeded) 25012619
bases in batch (batch size exceeded) 25002293
bases in batch (batch size exceeded) 25043075
bases in batch (batch size exceeded) 25003024
bases in batch (core allotment reached) 14112501
bases in batch (batch size exceeded) 25052257
bases in batch (batch size exceeded) 25004475
bases in batch (batch size exceeded) 25018909
bases in batch (batch size exceeded) 25006719
bases in batch (batch size exceeded) 25007223
bases in batch (batch size exceeded) 25015023
bases in batch (batch size exceeded) 25003946
bases in batch (batch size exceeded) 25027593
bases in batch (batch size exceeded) 25024909
bases in batch (batch size exceeded) 25000892
bases in batch (batch size exceeded) 25037458
bases in batch (batch size exceeded) 25004549
bases in batch (core allotment reached) 14160147
bases in batch (batch size exceeded) 25001478
bases in batch (batch size exceeded) 25026590
bases in batch (batch size exceeded) 25009016
bases in batch (batch size exceeded) 25012480
bases in batch (batch size exceeded) 25015403
bases in batch (batch size exceeded) 25026875
bases in batch (batch size exceeded) 25004059
bases in batch (batch size exceeded) 25000252
bases in batch (batch size exceeded) 25000781
bases in batch (batch size exceeded) 25028166
bases in batch (batch size exceeded) 25002953
bases in batch (batch size exceeded) 25011757
bases in batch (core allotment reached) 14261040
bases in batch (batch size exceeded) 25015655
bases in batch (batch size exceeded) 25007946
bases in batch (batch size exceeded) 25005685
bases in batch (batch size exceeded) 25000433
bases in batch (batch size exceeded) 25027134
bases in batch (batch size exceeded) 25015307
bases in batch (batch size exceeded) 25012828
bases in batch (batch size exceeded) 25004631
bases in batch (batch size exceeded) 25001298
bases in batch (batch size exceeded) 25009507
bases in batch (batch size exceeded) 25007086
bases in batch (batch size exceeded) 25001657
bases in batch (core allotment reached) 14260222
bases in batch (batch size exceeded) 25028030
bases in batch (batch size exceeded) 25004640
bases in batch (batch size exceeded) 25008964
bases in batch (batch size exceeded) 25006250
bases in batch (batch size exceeded) 25007681
bases in batch (batch size exceeded) 25005756
bases in batch (batch size exceeded) 25001524
bases in batch (batch size exceeded) 25041367
bases in batch (batch size exceeded) 25027009
bases in batch (batch size exceeded) 25004235
bases in batch (batch size exceeded) 25028304
bases in batch (batch size exceeded) 25021147
bases in batch (core allotment reached) 14182250
bases in batch (batch size exceeded) 25000919
bases in batch (batch size exceeded) 25006923
bases in batch (batch size exceeded) 25012382
bases in batch (batch size exceeded) 25002264
bases in batch (batch size exceeded) 25023958
bases in batch (batch size exceeded) 25070451
bases in batch (batch size exceeded) 25001726
bases in batch (batch size exceeded) 25001609
bases in batch (batch size exceeded) 25009069
bases in batch (batch size exceeded) 25007079
bases in batch (batch size exceeded) 25009918
bases in batch (batch size exceeded) 25011471
bases in batch (core allotment reached) 14268199
bases in batch (batch size exceeded) 25031214
bases in batch (batch size exceeded) 25002960
bases in batch (batch size exceeded) 25000593
bases in batch (batch size exceeded) 25006930
bases in batch (batch size exceeded) 25001983
bases in batch (batch size exceeded) 25012656
bases in batch (batch size exceeded) 25001344
bases in batch (batch size exceeded) 25000783
bases in batch (batch size exceeded) 25007801
bases in batch (batch size exceeded) 25001916
bases in batch (batch size exceeded) 25009123
bases in batch (batch size exceeded) 25015942
bases in batch (core allotment reached) 14281864
bases in batch (batch size exceeded) 25002920
bases in batch (batch size exceeded) 25029139
bases in batch (batch size exceeded) 25038542
bases in batch (batch size exceeded) 25001895
bases in batch (batch size exceeded) 25024319
bases in batch (batch size exceeded) 25020629
bases in batch (batch size exceeded) 25008768
bases in batch (batch size exceeded) 25020016
bases in batch (batch size exceeded) 25000877
bases in batch (batch size exceeded) 25014596
bases in batch (batch size exceeded) 25009344
bases in batch (batch size exceeded) 25046633
bases in batch (core allotment reached) 14151708
bases in batch (batch size exceeded) 25001055
bases in batch (batch size exceeded) 25001222
bases in batch (batch size exceeded) 25035296
bases in batch (batch size exceeded) 25023505
bases in batch (batch size exceeded) 25010213
bases in batch (batch size exceeded) 25024638
bases in batch (batch size exceeded) 25002011
bases in batch (batch size exceeded) 25010425
bases in batch (batch size exceeded) 25020647
bases in batch (batch size exceeded) 25037182
bases in batch (batch size exceeded) 25017175
bases in batch (batch size exceeded) 25022951
bases in batch (core allotment reached) 14158837
bases in batch (batch size exceeded) 25047726
bases in batch (batch size exceeded) 25027877
bases in batch (batch size exceeded) 25001596
bases in batch (batch size exceeded) 25003317
bases in batch (batch size exceeded) 25005557
bases in batch (batch size exceeded) 25003410
bases in batch (batch size exceeded) 25040834
bases in batch (batch size exceeded) 25007961
bases in batch (batch size exceeded) 25001039
bases in batch (batch size exceeded) 25000693
bases in batch (batch size exceeded) 25016019
bases in batch (batch size exceeded) 25001335
bases in batch (core allotment reached) 14219378
bases in batch (batch size exceeded) 25076577
bases in batch (batch size exceeded) 25001035
bases in batch (batch size exceeded) 25020333
bases in batch (batch size exceeded) 25000071
bases in batch (batch size exceeded) 25015012
bases in batch (batch size exceeded) 25005467
bases in batch (batch size exceeded) 25011582
bases in batch (batch size exceeded) 25013446
bases in batch (batch size exceeded) 25000704
bases in batch (batch size exceeded) 25000531
bases in batch (batch size exceeded) 25006148
bases in batch (batch size exceeded) 25000687
bases in batch (core allotment reached) 14220169
bases in batch (batch size exceeded) 25009288
bases in batch (batch size exceeded) 25041997
bases in batch (batch size exceeded) 25007015
bases in batch (batch size exceeded) 25007935
bases in batch (batch size exceeded) 25010060
bases in batch (batch size exceeded) 25015349
bases in batch (batch size exceeded) 25049651
bases in batch (batch size exceeded) 25000910
bases in batch (batch size exceeded) 25020337
bases in batch (batch size exceeded) 25062582
bases in batch (batch size exceeded) 25042852
bases in batch (batch size exceeded) 25020426
bases in batch (core allotment reached) 14078629
bases in batch (batch size exceeded) 25062421
bases in batch (batch size exceeded) 25021647
bases in batch (batch size exceeded) 25014002
bases in batch (batch size exceeded) 25019231
bases in batch (batch size exceeded) 25002935
bases in batch (batch size exceeded) 25009539
bases in batch (batch size exceeded) 25022237
bases in batch (batch size exceeded) 25006710
bases in batch (batch size exceeded) 25038047
bases in batch (batch size exceeded) 25017167
bases in batch (batch size exceeded) 25008560
bases in batch (batch size exceeded) 25038708
bases in batch (core allotment reached) 14102023
bases in batch (batch size exceeded) 25001726
bases in batch (batch size exceeded) 25033429
bases in batch (batch size exceeded) 25004518
bases in batch (batch size exceeded) 25017260
bases in batch (batch size exceeded) 25014989
bases in batch (batch size exceeded) 25025307
bases in batch (batch size exceeded) 25000250
bases in batch (batch size exceeded) 25000655
bases in batch (batch size exceeded) 25011276
bases in batch (batch size exceeded) 25011675
bases in batch (batch size exceeded) 25010657
bases in batch (batch size exceeded) 25026822
bases in batch (core allotment reached) 14209363
bases in batch (batch size exceeded) 25000372
bases in batch (batch size exceeded) 25002850
bases in batch (batch size exceeded) 25000799
bases in batch (batch size exceeded) 25010684
bases in batch (batch size exceeded) 25044302
bases in batch (batch size exceeded) 25011679
bases in batch (batch size exceeded) 25001418
bases in batch (batch size exceeded) 25005629
bases in batch (batch size exceeded) 25024647
bases in batch (batch size exceeded) 25037642
bases in batch (batch size exceeded) 25006828
bases in batch (batch size exceeded) 25026073
bases in batch (core allotment reached) 14193070
bases in batch (batch size exceeded) 25002849
bases in batch (batch size exceeded) 25000287
bases in batch (batch size exceeded) 25030409
bases in batch (batch size exceeded) 25032000
bases in batch (batch size exceeded) 25009116
bases in batch (batch size exceeded) 25002067
bases in batch (batch size exceeded) 25020771
bases in batch (batch size exceeded) 25005035
bases in batch (batch size exceeded) 25010636
bases in batch (batch size exceeded) 25010159
bases in batch (batch size exceeded) 25009006
bases in batch (batch size exceeded) 25005525
bases in batch (core allotment reached) 14269312
bases in batch (batch size exceeded) 25005774
bases in batch (batch size exceeded) 25029541
bases in batch (batch size exceeded) 25001512
bases in batch (batch size exceeded) 25011244
bases in batch (batch size exceeded) 25038324
bases in batch (batch size exceeded) 25007218
bases in batch (batch size exceeded) 25021933
bases in batch (batch size exceeded) 25059736
bases in batch (batch size exceeded) 25036216
bases in batch (batch size exceeded) 25007706
bases in batch (batch size exceeded) 25016254
bases in batch (batch size exceeded) 25007369
bases in batch (core allotment reached) 14122945
bases in batch (batch size exceeded) 25023541
bases in batch (batch size exceeded) 25012649
bases in batch (batch size exceeded) 25048237
bases in batch (batch size exceeded) 25060370
bases in batch (batch size exceeded) 25012924
bases in batch (batch size exceeded) 25007109
bases in batch (batch size exceeded) 25016040
bases in batch (batch size exceeded) 25001262
bases in batch (batch size exceeded) 25026132
bases in batch (batch size exceeded) 25002544
bases in batch (batch size exceeded) 25001764
bases in batch (batch size exceeded) 25005488
bases in batch (core allotment reached) 14168553
bases in batch (batch size exceeded) 25035158
bases in batch (batch size exceeded) 25023210
bases in batch (batch size exceeded) 25001979
bases in batch (batch size exceeded) 25010522
bases in batch (batch size exceeded) 25000218
bases in batch (batch size exceeded) 25018468
bases in batch (batch size exceeded) 25001029
bases in batch (batch size exceeded) 25013433
bases in batch (batch size exceeded) 25018600
bases in batch (batch size exceeded) 25024962
bases in batch (batch size exceeded) 25003966
bases in batch (batch size exceeded) 25002436
bases in batch (core allotment reached) 14216869
bases in batch (batch size exceeded) 25000857
bases in batch (batch size exceeded) 25023192
bases in batch (batch size exceeded) 25007118
bases in batch (batch size exceeded) 25001792
bases in batch (batch size exceeded) 25036134
bases in batch (batch size exceeded) 25013715
bases in batch (batch size exceeded) 25017243
bases in batch (batch size exceeded) 25004806
bases in batch (batch size exceeded) 25006685
bases in batch (batch size exceeded) 25022953
bases in batch (batch size exceeded) 25000235
bases in batch (batch size exceeded) 25012800
bases in batch (core allotment reached) 14216433
bases in batch (batch size exceeded) 25023072
bases in batch (batch size exceeded) 25026615
bases in batch (batch size exceeded) 25003549
bases in batch (batch size exceeded) 25002871
bases in batch (batch size exceeded) 25001514
bases in batch (batch size exceeded) 25041821
bases in batch (batch size exceeded) 25011441
bases in batch (batch size exceeded) 25007390
bases in batch (batch size exceeded) 25063637
bases in batch (batch size exceeded) 25005614
bases in batch (batch size exceeded) 25042383
bases in batch (batch size exceeded) 25004823
bases in batch (last for core) 13629405
Starting up parallel processes, tasklist took 43.60301232337952
Starting merge, parallel processing took 603.9525229930878
bigwig
Merge took 1218.750274181366

