chr16:0-96330374
histone3_chr16
bases in batch (batch size exceeded) 25015372
bases in batch (batch size exceeded) 25005037
bases in batch (batch size exceeded) 25008733
bases in batch (batch size exceeded) 25037877
bases in batch (core allotment reached) 17293534
bases in batch (batch size exceeded) 25002948
bases in batch (batch size exceeded) 25026800
bases in batch (batch size exceeded) 25001175
bases in batch (batch size exceeded) 25035854
bases in batch (core allotment reached) 17390634
bases in batch (batch size exceeded) 25006129
bases in batch (batch size exceeded) 25005476
bases in batch (batch size exceeded) 25015926
bases in batch (batch size exceeded) 25007169
bases in batch (core allotment reached) 17329146
bases in batch (batch size exceeded) 25052627
bases in batch (batch size exceeded) 25036063
bases in batch (batch size exceeded) 25000181
bases in batch (batch size exceeded) 25000715
bases in batch (core allotment reached) 17269797
bases in batch (batch size exceeded) 25012288
bases in batch (batch size exceeded) 25000730
bases in batch (batch size exceeded) 25017181
bases in batch (batch size exceeded) 25015848
bases in batch (core allotment reached) 17341545
bases in batch (batch size exceeded) 25059374
bases in batch (batch size exceeded) 25012001
bases in batch (batch size exceeded) 25013749
bases in batch (batch size exceeded) 25024003
bases in batch (core allotment reached) 17249083
bases in batch (batch size exceeded) 25001981
bases in batch (batch size exceeded) 25009030
bases in batch (batch size exceeded) 25000730
bases in batch (batch size exceeded) 25001775
bases in batch (core allotment reached) 17344811
bases in batch (batch size exceeded) 25004535
bases in batch (batch size exceeded) 25006138
bases in batch (batch size exceeded) 25008109
bases in batch (batch size exceeded) 25001068
bases in batch (core allotment reached) 17355350
bases in batch (batch size exceeded) 25004570
bases in batch (batch size exceeded) 25019298
bases in batch (batch size exceeded) 25049213
bases in batch (batch size exceeded) 25012397
bases in batch (core allotment reached) 17299279
bases in batch (batch size exceeded) 25019802
bases in batch (batch size exceeded) 25010620
bases in batch (batch size exceeded) 25007371
bases in batch (batch size exceeded) 25000648
bases in batch (core allotment reached) 17320418
bases in batch (batch size exceeded) 25002930
bases in batch (batch size exceeded) 25000297
bases in batch (batch size exceeded) 25002349
bases in batch (batch size exceeded) 25007737
bases in batch (core allotment reached) 17374849
bases in batch (batch size exceeded) 25018920
bases in batch (batch size exceeded) 25008212
bases in batch (batch size exceeded) 25002022
bases in batch (batch size exceeded) 25046069
bases in batch (core allotment reached) 17364832
bases in batch (batch size exceeded) 25000332
bases in batch (batch size exceeded) 25021214
bases in batch (batch size exceeded) 25004527
bases in batch (batch size exceeded) 25008654
bases in batch (core allotment reached) 17344974
bases in batch (batch size exceeded) 25002699
bases in batch (batch size exceeded) 25013448
bases in batch (batch size exceeded) 25020691
bases in batch (batch size exceeded) 25053161
bases in batch (core allotment reached) 17286202
bases in batch (batch size exceeded) 25001317
bases in batch (batch size exceeded) 25012108
bases in batch (batch size exceeded) 25030348
bases in batch (batch size exceeded) 25004264
bases in batch (core allotment reached) 17319736
bases in batch (batch size exceeded) 25056095
bases in batch (batch size exceeded) 25007240
bases in batch (batch size exceeded) 25005627
bases in batch (batch size exceeded) 25000508
bases in batch (core allotment reached) 17300185
bases in batch (batch size exceeded) 25011974
bases in batch (batch size exceeded) 25039159
bases in batch (batch size exceeded) 25000635
bases in batch (batch size exceeded) 25002281
bases in batch (core allotment reached) 17304196
bases in batch (batch size exceeded) 25003323
bases in batch (batch size exceeded) 25002991
bases in batch (batch size exceeded) 25101483
bases in batch (batch size exceeded) 25010869
bases in batch (core allotment reached) 17278842
bases in batch (batch size exceeded) 25001407
bases in batch (batch size exceeded) 25017973
bases in batch (batch size exceeded) 25007533
bases in batch (batch size exceeded) 25021711
bases in batch (core allotment reached) 17346179
bases in batch (batch size exceeded) 25000951
bases in batch (batch size exceeded) 25000246
bases in batch (batch size exceeded) 25003109
bases in batch (batch size exceeded) 25001005
bases in batch (core allotment reached) 17408371
bases in batch (batch size exceeded) 25009780
bases in batch (batch size exceeded) 25006043
bases in batch (batch size exceeded) 25041989
bases in batch (batch size exceeded) 25018196
bases in batch (core allotment reached) 17305056
bases in batch (batch size exceeded) 25000508
bases in batch (batch size exceeded) 25004381
bases in batch (batch size exceeded) 25000526
bases in batch (batch size exceeded) 25008914
bases in batch (core allotment reached) 17360357
bases in batch (batch size exceeded) 25001774
bases in batch (batch size exceeded) 25014605
bases in batch (batch size exceeded) 25006439
bases in batch (batch size exceeded) 25044329
bases in batch (core allotment reached) 17346603
bases in batch (batch size exceeded) 25001807
bases in batch (batch size exceeded) 25000022
bases in batch (batch size exceeded) 25020781
bases in batch (batch size exceeded) 25007634
bases in batch (core allotment reached) 17329402
bases in batch (batch size exceeded) 25006815
bases in batch (batch size exceeded) 25004094
bases in batch (batch size exceeded) 25001489
bases in batch (batch size exceeded) 25021297
bases in batch (core allotment reached) 17335325
bases in batch (batch size exceeded) 25004417
bases in batch (batch size exceeded) 25032248
bases in batch (batch size exceeded) 25006214
bases in batch (batch size exceeded) 25026026
bases in batch (core allotment reached) 17307200
bases in batch (batch size exceeded) 25005378
bases in batch (batch size exceeded) 25021706
bases in batch (batch size exceeded) 25001310
bases in batch (batch size exceeded) 25008620
bases in batch (core allotment reached) 17341677
bases in batch (batch size exceeded) 25001824
bases in batch (batch size exceeded) 25003094
bases in batch (batch size exceeded) 25032221
bases in batch (batch size exceeded) 25036298
bases in batch (core allotment reached) 17324127
bases in batch (batch size exceeded) 25021443
bases in batch (batch size exceeded) 25013376
bases in batch (batch size exceeded) 25018214
bases in batch (batch size exceeded) 25002015
bases in batch (core allotment reached) 17313026
bases in batch (batch size exceeded) 25000503
bases in batch (batch size exceeded) 25013484
bases in batch (batch size exceeded) 25000165
bases in batch (batch size exceeded) 25018327
bases in batch (core allotment reached) 17324957
bases in batch (batch size exceeded) 25040059
bases in batch (batch size exceeded) 25007941
bases in batch (batch size exceeded) 25006529
bases in batch (batch size exceeded) 25007983
bases in batch (core allotment reached) 17295657
bases in batch (batch size exceeded) 25017394
bases in batch (batch size exceeded) 25008306
bases in batch (batch size exceeded) 25007785
bases in batch (batch size exceeded) 25034225
bases in batch (last for core) 16556621
Starting up parallel processes, tasklist took 16.507904291152954
Starting merge, parallel processing took 222.45956683158875
bigwig
Merge took 472.8722584247589

