chr21:0-45090682
histone2_chr21
bases in batch (core allotment reached) 60300911
bases in batch (core allotment reached) 60320746
bases in batch (core allotment reached) 60303971
bases in batch (core allotment reached) 60293245
bases in batch (core allotment reached) 60295332
bases in batch (core allotment reached) 60326161
bases in batch (core allotment reached) 60293122
bases in batch (core allotment reached) 60292355
bases in batch (core allotment reached) 60311130
bases in batch (core allotment reached) 60300816
bases in batch (core allotment reached) 60297760
bases in batch (core allotment reached) 60287767
bases in batch (core allotment reached) 60296262
bases in batch (core allotment reached) 60291866
bases in batch (core allotment reached) 60289043
bases in batch (core allotment reached) 60330739
bases in batch (core allotment reached) 60286749
bases in batch (core allotment reached) 60310219
bases in batch (core allotment reached) 60298187
bases in batch (core allotment reached) 60287488
bases in batch (core allotment reached) 60285896
bases in batch (core allotment reached) 60302661
bases in batch (core allotment reached) 60302505
bases in batch (core allotment reached) 60290537
bases in batch (core allotment reached) 60286260
bases in batch (core allotment reached) 60314746
bases in batch (core allotment reached) 60285957
bases in batch (core allotment reached) 60301363
bases in batch (core allotment reached) 60355715
bases in batch (core allotment reached) 60290006
bases in batch (core allotment reached) 60285849
bases in batch (last for core) 59818981
Starting up parallel processes, tasklist took 8.25640058517456
Starting merge, parallel processing took 117.26247572898865
bigwig
Merge took 220.82057642936707

