chr9:0-150617247
histone3_chr9
bases in batch (batch size exceeded) 25000667
bases in batch (batch size exceeded) 25012379
bases in batch (batch size exceeded) 25011474
bases in batch (batch size exceeded) 25016819
bases in batch (batch size exceeded) 25007462
bases in batch (batch size exceeded) 25004390
bases in batch (core allotment reached) 12033438
bases in batch (batch size exceeded) 25000479
bases in batch (batch size exceeded) 25017940
bases in batch (batch size exceeded) 25016235
bases in batch (batch size exceeded) 25027659
bases in batch (batch size exceeded) 25008675
bases in batch (batch size exceeded) 25002452
bases in batch (core allotment reached) 12012052
bases in batch (batch size exceeded) 25003634
bases in batch (batch size exceeded) 25000740
bases in batch (batch size exceeded) 25009100
bases in batch (batch size exceeded) 25024561
bases in batch (batch size exceeded) 25005818
bases in batch (batch size exceeded) 25004986
bases in batch (core allotment reached) 12095140
bases in batch (batch size exceeded) 25030009
bases in batch (batch size exceeded) 25001092
bases in batch (batch size exceeded) 25010872
bases in batch (batch size exceeded) 25017144
bases in batch (batch size exceeded) 25002051
bases in batch (batch size exceeded) 25014169
bases in batch (core allotment reached) 12018281
bases in batch (batch size exceeded) 25005252
bases in batch (batch size exceeded) 25021929
bases in batch (batch size exceeded) 25012912
bases in batch (batch size exceeded) 25040627
bases in batch (batch size exceeded) 25020035
bases in batch (batch size exceeded) 25000379
bases in batch (core allotment reached) 12024568
bases in batch (batch size exceeded) 25031476
bases in batch (batch size exceeded) 25016173
bases in batch (batch size exceeded) 25019317
bases in batch (batch size exceeded) 25000532
bases in batch (batch size exceeded) 25012340
bases in batch (batch size exceeded) 25009215
bases in batch (core allotment reached) 11996770
bases in batch (batch size exceeded) 25006217
bases in batch (batch size exceeded) 25026386
bases in batch (batch size exceeded) 25003769
bases in batch (batch size exceeded) 25002253
bases in batch (batch size exceeded) 25015664
bases in batch (batch size exceeded) 25004491
bases in batch (core allotment reached) 12028499
bases in batch (batch size exceeded) 25010709
bases in batch (batch size exceeded) 25038301
bases in batch (batch size exceeded) 25000033
bases in batch (batch size exceeded) 25041179
bases in batch (batch size exceeded) 25014587
bases in batch (batch size exceeded) 25024192
bases in batch (core allotment reached) 11959917
bases in batch (batch size exceeded) 25002293
bases in batch (batch size exceeded) 25005627
bases in batch (batch size exceeded) 25025974
bases in batch (batch size exceeded) 25054786
bases in batch (batch size exceeded) 25023777
bases in batch (batch size exceeded) 25032295
bases in batch (core allotment reached) 11960896
bases in batch (batch size exceeded) 25003334
bases in batch (batch size exceeded) 25000503
bases in batch (batch size exceeded) 25040348
bases in batch (batch size exceeded) 25003433
bases in batch (batch size exceeded) 25015504
bases in batch (batch size exceeded) 25036988
bases in batch (core allotment reached) 11994597
bases in batch (batch size exceeded) 25003689
bases in batch (batch size exceeded) 25003001
bases in batch (batch size exceeded) 25026618
bases in batch (batch size exceeded) 25003498
bases in batch (batch size exceeded) 25003957
bases in batch (batch size exceeded) 25001179
bases in batch (core allotment reached) 12046428
bases in batch (batch size exceeded) 25000561
bases in batch (batch size exceeded) 25001383
bases in batch (batch size exceeded) 25001670
bases in batch (batch size exceeded) 25003704
bases in batch (batch size exceeded) 25006642
bases in batch (batch size exceeded) 25003951
bases in batch (core allotment reached) 12067966
bases in batch (batch size exceeded) 25012205
bases in batch (batch size exceeded) 25017068
bases in batch (batch size exceeded) 25044851
bases in batch (batch size exceeded) 25011931
bases in batch (batch size exceeded) 25003728
bases in batch (batch size exceeded) 25013682
bases in batch (core allotment reached) 11994760
bases in batch (batch size exceeded) 25002455
bases in batch (batch size exceeded) 25017581
bases in batch (batch size exceeded) 25006962
bases in batch (batch size exceeded) 25011604
bases in batch (batch size exceeded) 25005267
bases in batch (batch size exceeded) 25012159
bases in batch (core allotment reached) 12039677
bases in batch (batch size exceeded) 25010125
bases in batch (batch size exceeded) 25006520
bases in batch (batch size exceeded) 25011954
bases in batch (batch size exceeded) 25000093
bases in batch (batch size exceeded) 25000251
bases in batch (batch size exceeded) 25010507
bases in batch (core allotment reached) 12051080
bases in batch (batch size exceeded) 25007252
bases in batch (batch size exceeded) 25002624
bases in batch (batch size exceeded) 25001358
bases in batch (batch size exceeded) 25039519
bases in batch (batch size exceeded) 25006125
bases in batch (batch size exceeded) 25008029
bases in batch (core allotment reached) 12020388
bases in batch (batch size exceeded) 25027003
bases in batch (batch size exceeded) 25006909
bases in batch (batch size exceeded) 25022580
bases in batch (batch size exceeded) 25007516
bases in batch (batch size exceeded) 25002638
bases in batch (batch size exceeded) 25011003
bases in batch (core allotment reached) 12023270
bases in batch (batch size exceeded) 25015621
bases in batch (batch size exceeded) 25008431
bases in batch (batch size exceeded) 25005634
bases in batch (batch size exceeded) 25012685
bases in batch (batch size exceeded) 25002004
bases in batch (batch size exceeded) 25001712
bases in batch (core allotment reached) 12079981
bases in batch (batch size exceeded) 25007594
bases in batch (batch size exceeded) 25000791
bases in batch (batch size exceeded) 25003016
bases in batch (batch size exceeded) 25030066
bases in batch (batch size exceeded) 25004978
bases in batch (batch size exceeded) 25020951
bases in batch (core allotment reached) 12025634
bases in batch (batch size exceeded) 25004618
bases in batch (batch size exceeded) 25044012
bases in batch (batch size exceeded) 25022249
bases in batch (batch size exceeded) 25003533
bases in batch (batch size exceeded) 25029912
bases in batch (batch size exceeded) 25001314
bases in batch (core allotment reached) 11982064
bases in batch (batch size exceeded) 25057199
bases in batch (batch size exceeded) 25001892
bases in batch (batch size exceeded) 25005798
bases in batch (batch size exceeded) 25005102
bases in batch (batch size exceeded) 25031531
bases in batch (batch size exceeded) 25020589
bases in batch (core allotment reached) 11992942
bases in batch (batch size exceeded) 25002676
bases in batch (batch size exceeded) 25010100
bases in batch (batch size exceeded) 25018459
bases in batch (batch size exceeded) 25000295
bases in batch (batch size exceeded) 25039600
bases in batch (batch size exceeded) 25002798
bases in batch (core allotment reached) 12046759
bases in batch (batch size exceeded) 25000975
bases in batch (batch size exceeded) 25003469
bases in batch (batch size exceeded) 25018096
bases in batch (batch size exceeded) 25007706
bases in batch (batch size exceeded) 25026951
bases in batch (batch size exceeded) 25016314
bases in batch (core allotment reached) 12051636
bases in batch (batch size exceeded) 25003481
bases in batch (batch size exceeded) 25036414
bases in batch (batch size exceeded) 25008639
bases in batch (batch size exceeded) 25007200
bases in batch (batch size exceeded) 25000288
bases in batch (batch size exceeded) 25027035
bases in batch (core allotment reached) 12032081
bases in batch (batch size exceeded) 25003251
bases in batch (batch size exceeded) 25052445
bases in batch (batch size exceeded) 25006227
bases in batch (batch size exceeded) 25029179
bases in batch (batch size exceeded) 25045093
bases in batch (batch size exceeded) 25001206
bases in batch (core allotment reached) 11956424
bases in batch (batch size exceeded) 25003909
bases in batch (batch size exceeded) 25027340
bases in batch (batch size exceeded) 25037902
bases in batch (batch size exceeded) 25002016
bases in batch (batch size exceeded) 25018128
bases in batch (batch size exceeded) 25005167
bases in batch (core allotment reached) 12010532
bases in batch (batch size exceeded) 25015229
bases in batch (batch size exceeded) 25033510
bases in batch (batch size exceeded) 25020346
bases in batch (batch size exceeded) 25013577
bases in batch (batch size exceeded) 25002328
bases in batch (batch size exceeded) 25007861
bases in batch (core allotment reached) 12005010
bases in batch (batch size exceeded) 25017314
bases in batch (batch size exceeded) 25003128
bases in batch (batch size exceeded) 25000928
bases in batch (batch size exceeded) 25038144
bases in batch (batch size exceeded) 25076273
bases in batch (batch size exceeded) 25000054
bases in batch (core allotment reached) 11951358
bases in batch (batch size exceeded) 25008498
bases in batch (batch size exceeded) 25055847
bases in batch (batch size exceeded) 25002105
bases in batch (batch size exceeded) 25013428
bases in batch (batch size exceeded) 25002187
bases in batch (batch size exceeded) 25005554
bases in batch (core allotment reached) 11998270
bases in batch (batch size exceeded) 25001124
bases in batch (batch size exceeded) 25001005
bases in batch (batch size exceeded) 25051982
bases in batch (batch size exceeded) 25003606
bases in batch (batch size exceeded) 25038362
bases in batch (batch size exceeded) 25041691
bases in batch (core allotment reached) 11971426
bases in batch (batch size exceeded) 25017740
bases in batch (batch size exceeded) 25034989
bases in batch (batch size exceeded) 25024819
bases in batch (batch size exceeded) 25030669
bases in batch (batch size exceeded) 25007121
bases in batch (batch size exceeded) 25031786
bases in batch (core allotment reached) 11947731
bases in batch (batch size exceeded) 25047915
bases in batch (batch size exceeded) 25010512
bases in batch (batch size exceeded) 25001679
bases in batch (batch size exceeded) 25006046
bases in batch (batch size exceeded) 25020096
bases in batch (batch size exceeded) 25008561
bases in batch (last for core) 11532332
Starting up parallel processes, tasklist took 23.152639627456665
Starting merge, parallel processing took 372.07494854927063
bigwig
Merge took 738.2321126461029

