chr22:0-51324926
histone1_chr22
bases in batch (batch size exceeded) 25008961
bases in batch (batch size exceeded) 25001747
bases in batch (core allotment reached) 11994105
bases in batch (batch size exceeded) 25034577
bases in batch (batch size exceeded) 25011688
bases in batch (core allotment reached) 11969097
bases in batch (batch size exceeded) 25009667
bases in batch (batch size exceeded) 25001100
bases in batch (core allotment reached) 11988111
bases in batch (batch size exceeded) 25009102
bases in batch (batch size exceeded) 25008469
bases in batch (core allotment reached) 11990596
bases in batch (batch size exceeded) 25005943
bases in batch (batch size exceeded) 25005394
bases in batch (core allotment reached) 11988418
bases in batch (batch size exceeded) 25003137
bases in batch (batch size exceeded) 25058457
bases in batch (core allotment reached) 11943476
bases in batch (batch size exceeded) 25011692
bases in batch (batch size exceeded) 25001601
bases in batch (core allotment reached) 12071973
bases in batch (batch size exceeded) 25010667
bases in batch (batch size exceeded) 25017422
bases in batch (core allotment reached) 11972869
bases in batch (batch size exceeded) 25000850
bases in batch (batch size exceeded) 25000411
bases in batch (core allotment reached) 12037064
bases in batch (batch size exceeded) 25007515
bases in batch (batch size exceeded) 25012644
bases in batch (core allotment reached) 11984459
bases in batch (batch size exceeded) 25001093
bases in batch (batch size exceeded) 25010051
bases in batch (core allotment reached) 11995788
bases in batch (batch size exceeded) 25016831
bases in batch (batch size exceeded) 25005254
bases in batch (core allotment reached) 12017072
bases in batch (batch size exceeded) 25001911
bases in batch (batch size exceeded) 25008120
bases in batch (core allotment reached) 12006384
bases in batch (batch size exceeded) 25016615
bases in batch (batch size exceeded) 25034498
bases in batch (core allotment reached) 11966104
bases in batch (batch size exceeded) 25002352
bases in batch (batch size exceeded) 25015111
bases in batch (core allotment reached) 11981826
bases in batch (batch size exceeded) 25012216
bases in batch (batch size exceeded) 25008546
bases in batch (core allotment reached) 11981045
bases in batch (batch size exceeded) 25051080
bases in batch (batch size exceeded) 25005810
bases in batch (core allotment reached) 11942213
bases in batch (batch size exceeded) 25004093
bases in batch (batch size exceeded) 25009811
bases in batch (core allotment reached) 11987427
bases in batch (batch size exceeded) 25001339
bases in batch (batch size exceeded) 25012150
bases in batch (core allotment reached) 11990139
bases in batch (batch size exceeded) 25029852
bases in batch (batch size exceeded) 25022707
bases in batch (core allotment reached) 11951641
bases in batch (batch size exceeded) 25001205
bases in batch (batch size exceeded) 25012609
bases in batch (core allotment reached) 12000721
bases in batch (batch size exceeded) 25000056
bases in batch (batch size exceeded) 25017561
bases in batch (core allotment reached) 12002202
bases in batch (batch size exceeded) 25006409
bases in batch (batch size exceeded) 25021616
bases in batch (core allotment reached) 12002051
bases in batch (batch size exceeded) 25001098
bases in batch (batch size exceeded) 25011475
bases in batch (core allotment reached) 12010887
bases in batch (batch size exceeded) 25013646
bases in batch (batch size exceeded) 25028137
bases in batch (core allotment reached) 11963783
bases in batch (batch size exceeded) 25001878
bases in batch (batch size exceeded) 25002753
bases in batch (core allotment reached) 12000924
bases in batch (batch size exceeded) 25009103
bases in batch (batch size exceeded) 25000858
bases in batch (core allotment reached) 12022250
bases in batch (batch size exceeded) 25002879
bases in batch (batch size exceeded) 25001095
bases in batch (core allotment reached) 12006617
bases in batch (batch size exceeded) 25003708
bases in batch (batch size exceeded) 25011143
bases in batch (core allotment reached) 11994323
bases in batch (batch size exceeded) 25004692
bases in batch (batch size exceeded) 25010277
bases in batch (core allotment reached) 11996451
bases in batch (batch size exceeded) 25019943
bases in batch (batch size exceeded) 25018049
bases in batch (core allotment reached) 11966992
bases in batch (batch size exceeded) 25001310
bases in batch (batch size exceeded) 25012920
bases in batch (last for core) 11528050
Starting up parallel processes, tasklist took 8.644554376602173
Starting merge, parallel processing took 115.22301912307739
bigwig
Merge took 238.8944444656372

