chr8:0-146259331
histone1_chr8
bases in batch (batch size exceeded) 25010398
bases in batch (batch size exceeded) 25104335
bases in batch (batch size exceeded) 25003336
bases in batch (batch size exceeded) 25003709
bases in batch (batch size exceeded) 25003284
bases in batch (batch size exceeded) 25026813
bases in batch (batch size exceeded) 25018188
bases in batch (core allotment reached) 11405097
bases in batch (batch size exceeded) 25004364
bases in batch (batch size exceeded) 25001515
bases in batch (batch size exceeded) 25014629
bases in batch (batch size exceeded) 25006256
bases in batch (batch size exceeded) 25019827
bases in batch (batch size exceeded) 25009836
bases in batch (batch size exceeded) 25003268
bases in batch (core allotment reached) 11546727
bases in batch (batch size exceeded) 25009887
bases in batch (batch size exceeded) 25011803
bases in batch (batch size exceeded) 25008459
bases in batch (batch size exceeded) 25022630
bases in batch (batch size exceeded) 25015883
bases in batch (batch size exceeded) 25006737
bases in batch (batch size exceeded) 25009707
bases in batch (core allotment reached) 11488688
bases in batch (batch size exceeded) 25012451
bases in batch (batch size exceeded) 25021925
bases in batch (batch size exceeded) 25027432
bases in batch (batch size exceeded) 25029667
bases in batch (batch size exceeded) 25019109
bases in batch (batch size exceeded) 25012892
bases in batch (batch size exceeded) 25007854
bases in batch (core allotment reached) 11469324
bases in batch (batch size exceeded) 25014017
bases in batch (batch size exceeded) 25012660
bases in batch (batch size exceeded) 25007965
bases in batch (batch size exceeded) 25002340
bases in batch (batch size exceeded) 25014675
bases in batch (batch size exceeded) 25003557
bases in batch (batch size exceeded) 25017970
bases in batch (core allotment reached) 11500963
bases in batch (batch size exceeded) 25000021
bases in batch (batch size exceeded) 25008249
bases in batch (batch size exceeded) 25004683
bases in batch (batch size exceeded) 25024065
bases in batch (batch size exceeded) 25001375
bases in batch (batch size exceeded) 25003184
bases in batch (batch size exceeded) 25000127
bases in batch (core allotment reached) 11567071
bases in batch (batch size exceeded) 25071392
bases in batch (batch size exceeded) 25014999
bases in batch (batch size exceeded) 25002339
bases in batch (batch size exceeded) 25029060
bases in batch (batch size exceeded) 25018541
bases in batch (batch size exceeded) 25017623
bases in batch (batch size exceeded) 25081754
bases in batch (core allotment reached) 11358252
bases in batch (batch size exceeded) 25037153
bases in batch (batch size exceeded) 25011048
bases in batch (batch size exceeded) 25004781
bases in batch (batch size exceeded) 25121119
bases in batch (batch size exceeded) 25000417
bases in batch (batch size exceeded) 25005921
bases in batch (batch size exceeded) 25010276
bases in batch (core allotment reached) 11386801
bases in batch (batch size exceeded) 25033125
bases in batch (batch size exceeded) 25000665
bases in batch (batch size exceeded) 25002285
bases in batch (batch size exceeded) 25000544
bases in batch (batch size exceeded) 25013406
bases in batch (batch size exceeded) 25013107
bases in batch (batch size exceeded) 25007593
bases in batch (core allotment reached) 11503813
bases in batch (batch size exceeded) 25039077
bases in batch (batch size exceeded) 25005339
bases in batch (batch size exceeded) 25003823
bases in batch (batch size exceeded) 25007798
bases in batch (batch size exceeded) 25016634
bases in batch (batch size exceeded) 25007865
bases in batch (batch size exceeded) 25021220
bases in batch (core allotment reached) 11473152
bases in batch (batch size exceeded) 25015414
bases in batch (batch size exceeded) 25023618
bases in batch (batch size exceeded) 25022905
bases in batch (batch size exceeded) 25006352
bases in batch (batch size exceeded) 25028058
bases in batch (batch size exceeded) 25000007
bases in batch (batch size exceeded) 25018060
bases in batch (core allotment reached) 11481661
bases in batch (batch size exceeded) 25007773
bases in batch (batch size exceeded) 25002281
bases in batch (batch size exceeded) 25017320
bases in batch (batch size exceeded) 25018547
bases in batch (batch size exceeded) 25019122
bases in batch (batch size exceeded) 25005128
bases in batch (batch size exceeded) 25006319
bases in batch (core allotment reached) 11521144
bases in batch (batch size exceeded) 25098430
bases in batch (batch size exceeded) 25001139
bases in batch (batch size exceeded) 25008783
bases in batch (batch size exceeded) 25004154
bases in batch (batch size exceeded) 25023529
bases in batch (batch size exceeded) 25021308
bases in batch (batch size exceeded) 25003685
bases in batch (core allotment reached) 11460439
bases in batch (batch size exceeded) 25010989
bases in batch (batch size exceeded) 25006340
bases in batch (batch size exceeded) 25001386
bases in batch (batch size exceeded) 25008555
bases in batch (batch size exceeded) 25015032
bases in batch (batch size exceeded) 25001146
bases in batch (batch size exceeded) 25005288
bases in batch (core allotment reached) 11528715
bases in batch (batch size exceeded) 25015250
bases in batch (batch size exceeded) 25003051
bases in batch (batch size exceeded) 25016136
bases in batch (batch size exceeded) 25001176
bases in batch (batch size exceeded) 25023760
bases in batch (batch size exceeded) 25045921
bases in batch (batch size exceeded) 25005732
bases in batch (core allotment reached) 11463281
bases in batch (batch size exceeded) 25004049
bases in batch (batch size exceeded) 25020429
bases in batch (batch size exceeded) 25015916
bases in batch (batch size exceeded) 25006010
bases in batch (batch size exceeded) 25002500
bases in batch (batch size exceeded) 25002358
bases in batch (batch size exceeded) 25020983
bases in batch (core allotment reached) 11502764
bases in batch (batch size exceeded) 25000633
bases in batch (batch size exceeded) 25003368
bases in batch (batch size exceeded) 25015125
bases in batch (batch size exceeded) 25065089
bases in batch (batch size exceeded) 25001935
bases in batch (batch size exceeded) 25014582
bases in batch (batch size exceeded) 25071448
bases in batch (core allotment reached) 11472303
bases in batch (batch size exceeded) 25021229
bases in batch (batch size exceeded) 25004971
bases in batch (batch size exceeded) 25009458
bases in batch (batch size exceeded) 25005278
bases in batch (batch size exceeded) 25040917
bases in batch (batch size exceeded) 25005454
bases in batch (batch size exceeded) 25009304
bases in batch (core allotment reached) 11485175
bases in batch (batch size exceeded) 25041024
bases in batch (batch size exceeded) 25009536
bases in batch (batch size exceeded) 25014513
bases in batch (batch size exceeded) 25008330
bases in batch (batch size exceeded) 25000610
bases in batch (batch size exceeded) 25002201
bases in batch (batch size exceeded) 25016297
bases in batch (core allotment reached) 11487830
bases in batch (batch size exceeded) 25000321
bases in batch (batch size exceeded) 25063847
bases in batch (batch size exceeded) 25068110
bases in batch (batch size exceeded) 25003965
bases in batch (batch size exceeded) 25000378
bases in batch (batch size exceeded) 25008421
bases in batch (batch size exceeded) 25006220
bases in batch (core allotment reached) 11435793
bases in batch (batch size exceeded) 25008118
bases in batch (batch size exceeded) 25039172
bases in batch (batch size exceeded) 25000126
bases in batch (batch size exceeded) 25049568
bases in batch (batch size exceeded) 25001571
bases in batch (batch size exceeded) 25006338
bases in batch (batch size exceeded) 25005203
bases in batch (core allotment reached) 11467408
bases in batch (batch size exceeded) 25045123
bases in batch (batch size exceeded) 25007098
bases in batch (batch size exceeded) 25001309
bases in batch (batch size exceeded) 25002775
bases in batch (batch size exceeded) 25051606
bases in batch (batch size exceeded) 25029019
bases in batch (batch size exceeded) 25045996
bases in batch (core allotment reached) 11405807
bases in batch (batch size exceeded) 25022739
bases in batch (batch size exceeded) 25003629
bases in batch (batch size exceeded) 25022051
bases in batch (batch size exceeded) 25016442
bases in batch (batch size exceeded) 25006869
bases in batch (batch size exceeded) 25005419
bases in batch (batch size exceeded) 25018310
bases in batch (core allotment reached) 11512097
bases in batch (batch size exceeded) 25007226
bases in batch (batch size exceeded) 25026963
bases in batch (batch size exceeded) 25004028
bases in batch (batch size exceeded) 25005558
bases in batch (batch size exceeded) 25000813
bases in batch (batch size exceeded) 25000672
bases in batch (batch size exceeded) 25001035
bases in batch (core allotment reached) 11542244
bases in batch (batch size exceeded) 25004295
bases in batch (batch size exceeded) 25001484
bases in batch (batch size exceeded) 25001460
bases in batch (batch size exceeded) 25008603
bases in batch (batch size exceeded) 25003202
bases in batch (batch size exceeded) 25027350
bases in batch (batch size exceeded) 25001963
bases in batch (core allotment reached) 11529587
bases in batch (batch size exceeded) 25011101
bases in batch (batch size exceeded) 25000325
bases in batch (batch size exceeded) 25002176
bases in batch (batch size exceeded) 25012340
bases in batch (batch size exceeded) 25004605
bases in batch (batch size exceeded) 25001370
bases in batch (batch size exceeded) 25001431
bases in batch (core allotment reached) 11543361
bases in batch (batch size exceeded) 25009652
bases in batch (batch size exceeded) 25013545
bases in batch (batch size exceeded) 25011613
bases in batch (batch size exceeded) 25003022
bases in batch (batch size exceeded) 25006046
bases in batch (batch size exceeded) 25031744
bases in batch (batch size exceeded) 25003586
bases in batch (core allotment reached) 11495656
bases in batch (batch size exceeded) 25029844
bases in batch (batch size exceeded) 25021867
bases in batch (batch size exceeded) 25011012
bases in batch (batch size exceeded) 25002298
bases in batch (batch size exceeded) 25008995
bases in batch (batch size exceeded) 25022943
bases in batch (batch size exceeded) 25006813
bases in batch (core allotment reached) 11471397
bases in batch (batch size exceeded) 25006984
bases in batch (batch size exceeded) 25000029
bases in batch (batch size exceeded) 25000296
bases in batch (batch size exceeded) 25018361
bases in batch (batch size exceeded) 25012596
bases in batch (batch size exceeded) 25010938
bases in batch (batch size exceeded) 25031167
bases in batch (core allotment reached) 11494250
bases in batch (batch size exceeded) 25000518
bases in batch (batch size exceeded) 25021638
bases in batch (batch size exceeded) 25003000
bases in batch (batch size exceeded) 25026255
bases in batch (batch size exceeded) 25002016
bases in batch (batch size exceeded) 25010209
bases in batch (batch size exceeded) 25017308
bases in batch (core allotment reached) 11495800
bases in batch (batch size exceeded) 25025101
bases in batch (batch size exceeded) 25010755
bases in batch (batch size exceeded) 25000986
bases in batch (batch size exceeded) 25003219
bases in batch (batch size exceeded) 25012403
bases in batch (batch size exceeded) 25002991
bases in batch (batch size exceeded) 25002128
bases in batch (core allotment reached) 11523340
bases in batch (batch size exceeded) 25084529
bases in batch (batch size exceeded) 25017231
bases in batch (batch size exceeded) 25000359
bases in batch (batch size exceeded) 25002829
bases in batch (batch size exceeded) 25004465
bases in batch (batch size exceeded) 25000150
bases in batch (batch size exceeded) 25011957
bases in batch (last for core) 11043414
Starting up parallel processes, tasklist took 27.400699615478516
Starting merge, parallel processing took 340.61715364456177
bigwig
Merge took 717.9808638095856

