chr19:0-61707364
histone3_chr19
bases in batch (core allotment reached) 77828480
bases in batch (core allotment reached) 77822182
bases in batch (core allotment reached) 77818584
bases in batch (core allotment reached) 77831412
bases in batch (core allotment reached) 77821157
bases in batch (core allotment reached) 77826134
bases in batch (core allotment reached) 77871008
bases in batch (core allotment reached) 77822905
bases in batch (core allotment reached) 77823223
bases in batch (core allotment reached) 77840804
bases in batch (core allotment reached) 77832912
bases in batch (core allotment reached) 77859469
bases in batch (core allotment reached) 77837613
bases in batch (core allotment reached) 77819119
bases in batch (core allotment reached) 77818305
bases in batch (core allotment reached) 77822535
bases in batch (core allotment reached) 77860672
bases in batch (core allotment reached) 77821571
bases in batch (core allotment reached) 77822261
bases in batch (core allotment reached) 77845039
bases in batch (core allotment reached) 77821017
bases in batch (core allotment reached) 77817909
bases in batch (core allotment reached) 77880713
bases in batch (core allotment reached) 77819699
bases in batch (core allotment reached) 77836617
bases in batch (core allotment reached) 77818966
bases in batch (core allotment reached) 77845058
bases in batch (core allotment reached) 77819064
bases in batch (core allotment reached) 77870118
bases in batch (core allotment reached) 77822310
bases in batch (core allotment reached) 77836803
bases in batch (last for core) 77338214
Starting up parallel processes, tasklist took 10.769643068313599
Starting merge, parallel processing took 237.45250368118286
bigwig
Merge took 300.2524826526642

