chr15:0-99753195
histone1_chr15
bases in batch (batch size exceeded) 25028966
bases in batch (batch size exceeded) 25019944
bases in batch (batch size exceeded) 25029961
bases in batch (batch size exceeded) 25000611
bases in batch (batch size exceeded) 25004842
bases in batch (core allotment reached) 20717789
bases in batch (batch size exceeded) 25001372
bases in batch (batch size exceeded) 25033888
bases in batch (batch size exceeded) 25010083
bases in batch (batch size exceeded) 25000583
bases in batch (batch size exceeded) 25012334
bases in batch (core allotment reached) 20728250
bases in batch (batch size exceeded) 25003246
bases in batch (batch size exceeded) 25044415
bases in batch (batch size exceeded) 25034731
bases in batch (batch size exceeded) 25017612
bases in batch (batch size exceeded) 25022251
bases in batch (core allotment reached) 20665176
bases in batch (batch size exceeded) 25076621
bases in batch (batch size exceeded) 25018642
bases in batch (batch size exceeded) 25008615
bases in batch (batch size exceeded) 25008410
bases in batch (batch size exceeded) 25015886
bases in batch (core allotment reached) 20684026
bases in batch (batch size exceeded) 25001159
bases in batch (batch size exceeded) 25004879
bases in batch (batch size exceeded) 25002065
bases in batch (batch size exceeded) 25014906
bases in batch (batch size exceeded) 25009415
bases in batch (core allotment reached) 20782719
bases in batch (batch size exceeded) 25039909
bases in batch (batch size exceeded) 25011109
bases in batch (batch size exceeded) 25001374
bases in batch (batch size exceeded) 25008481
bases in batch (batch size exceeded) 25015021
bases in batch (core allotment reached) 20728822
bases in batch (batch size exceeded) 25050353
bases in batch (batch size exceeded) 25015358
bases in batch (batch size exceeded) 25032678
bases in batch (batch size exceeded) 25014330
bases in batch (batch size exceeded) 25050035
bases in batch (core allotment reached) 20623507
bases in batch (batch size exceeded) 25002473
bases in batch (batch size exceeded) 25009304
bases in batch (batch size exceeded) 25002913
bases in batch (batch size exceeded) 25016760
bases in batch (batch size exceeded) 25010619
bases in batch (core allotment reached) 20760337
bases in batch (batch size exceeded) 25081519
bases in batch (batch size exceeded) 25002012
bases in batch (batch size exceeded) 25011710
bases in batch (batch size exceeded) 25045671
bases in batch (batch size exceeded) 25036139
bases in batch (core allotment reached) 20611317
bases in batch (batch size exceeded) 25021445
bases in batch (batch size exceeded) 25002446
bases in batch (batch size exceeded) 25001912
bases in batch (batch size exceeded) 25003205
bases in batch (batch size exceeded) 25004950
bases in batch (core allotment reached) 20773108
bases in batch (batch size exceeded) 25011063
bases in batch (batch size exceeded) 25039743
bases in batch (batch size exceeded) 25000875
bases in batch (batch size exceeded) 25026732
bases in batch (batch size exceeded) 25004789
bases in batch (core allotment reached) 20781508
bases in batch (batch size exceeded) 25000703
bases in batch (batch size exceeded) 25011886
bases in batch (batch size exceeded) 25016933
bases in batch (batch size exceeded) 25002879
bases in batch (batch size exceeded) 25028889
bases in batch (core allotment reached) 20727190
bases in batch (batch size exceeded) 25013387
bases in batch (batch size exceeded) 25005754
bases in batch (batch size exceeded) 25101054
bases in batch (batch size exceeded) 25001348
bases in batch (batch size exceeded) 25043772
bases in batch (core allotment reached) 20628224
bases in batch (batch size exceeded) 25025656
bases in batch (batch size exceeded) 25012819
bases in batch (batch size exceeded) 25013089
bases in batch (batch size exceeded) 25006314
bases in batch (batch size exceeded) 25004632
bases in batch (core allotment reached) 20760574
bases in batch (batch size exceeded) 25001058
bases in batch (batch size exceeded) 25013537
bases in batch (batch size exceeded) 25001722
bases in batch (batch size exceeded) 25000473
bases in batch (batch size exceeded) 25032813
bases in batch (core allotment reached) 20736849
bases in batch (batch size exceeded) 25022742
bases in batch (batch size exceeded) 25004775
bases in batch (batch size exceeded) 25004938
bases in batch (batch size exceeded) 25008213
bases in batch (batch size exceeded) 25000361
bases in batch (core allotment reached) 20761462
bases in batch (batch size exceeded) 25012323
bases in batch (batch size exceeded) 25006230
bases in batch (batch size exceeded) 25006491
bases in batch (batch size exceeded) 25043846
bases in batch (batch size exceeded) 25007122
bases in batch (core allotment reached) 20730599
bases in batch (batch size exceeded) 25001585
bases in batch (batch size exceeded) 25000350
bases in batch (batch size exceeded) 25007712
bases in batch (batch size exceeded) 25005673
bases in batch (batch size exceeded) 25012871
bases in batch (core allotment reached) 20793247
bases in batch (batch size exceeded) 25057771
bases in batch (batch size exceeded) 25007596
bases in batch (batch size exceeded) 25058649
bases in batch (batch size exceeded) 25001902
bases in batch (batch size exceeded) 25000383
bases in batch (core allotment reached) 20664337
bases in batch (batch size exceeded) 25001931
bases in batch (batch size exceeded) 25023610
bases in batch (batch size exceeded) 25008022
bases in batch (batch size exceeded) 25000145
bases in batch (batch size exceeded) 25009490
bases in batch (core allotment reached) 20743984
bases in batch (batch size exceeded) 25040279
bases in batch (batch size exceeded) 25016117
bases in batch (batch size exceeded) 25000671
bases in batch (batch size exceeded) 25001904
bases in batch (batch size exceeded) 25008731
bases in batch (core allotment reached) 20721849
bases in batch (batch size exceeded) 25002318
bases in batch (batch size exceeded) 25102001
bases in batch (batch size exceeded) 25000114
bases in batch (batch size exceeded) 25042426
bases in batch (batch size exceeded) 25014675
bases in batch (core allotment reached) 20626171
bases in batch (batch size exceeded) 25013209
bases in batch (batch size exceeded) 25037779
bases in batch (batch size exceeded) 25006680
bases in batch (batch size exceeded) 25000417
bases in batch (batch size exceeded) 25001881
bases in batch (core allotment reached) 20767361
bases in batch (batch size exceeded) 25033756
bases in batch (batch size exceeded) 25000986
bases in batch (batch size exceeded) 25001895
bases in batch (batch size exceeded) 25000429
bases in batch (batch size exceeded) 25008802
bases in batch (core allotment reached) 20740141
bases in batch (batch size exceeded) 25006905
bases in batch (batch size exceeded) 25013978
bases in batch (batch size exceeded) 25001132
bases in batch (batch size exceeded) 25005966
bases in batch (batch size exceeded) 25024365
bases in batch (core allotment reached) 20734769
bases in batch (batch size exceeded) 25000582
bases in batch (batch size exceeded) 25026195
bases in batch (batch size exceeded) 25024110
bases in batch (batch size exceeded) 25016182
bases in batch (batch size exceeded) 25033481
bases in batch (core allotment reached) 20686671
bases in batch (batch size exceeded) 25000872
bases in batch (batch size exceeded) 25012153
bases in batch (batch size exceeded) 25095855
bases in batch (batch size exceeded) 25003695
bases in batch (batch size exceeded) 25002079
bases in batch (core allotment reached) 20673244
bases in batch (batch size exceeded) 25001800
bases in batch (batch size exceeded) 25001898
bases in batch (batch size exceeded) 25024477
bases in batch (batch size exceeded) 25043312
bases in batch (batch size exceeded) 25003906
bases in batch (core allotment reached) 20754999
bases in batch (batch size exceeded) 25001906
bases in batch (batch size exceeded) 25000775
bases in batch (batch size exceeded) 25001732
bases in batch (batch size exceeded) 25024607
bases in batch (batch size exceeded) 25001030
bases in batch (core allotment reached) 20777828
bases in batch (batch size exceeded) 25079893
bases in batch (batch size exceeded) 25000870
bases in batch (batch size exceeded) 25011691
bases in batch (batch size exceeded) 25001023
bases in batch (batch size exceeded) 25000808
bases in batch (core allotment reached) 20705565
bases in batch (batch size exceeded) 25018742
bases in batch (batch size exceeded) 25002771
bases in batch (batch size exceeded) 25003673
bases in batch (batch size exceeded) 25002248
bases in batch (batch size exceeded) 25024428
bases in batch (core allotment reached) 20759507
bases in batch (batch size exceeded) 25007453
bases in batch (batch size exceeded) 25004508
bases in batch (batch size exceeded) 25026938
bases in batch (batch size exceeded) 25022261
bases in batch (batch size exceeded) 25006403
bases in batch (last for core) 20219376
Starting up parallel processes, tasklist took 20.763166189193726
Starting merge, parallel processing took 398.97378969192505
bigwig
Merge took 491.2413773536682

