chr2:0-242696752
histone1_chr2
bases in batch (batch size exceeded) 25008271
bases in batch (batch size exceeded) 25009436
bases in batch (batch size exceeded) 25007393
bases in batch (batch size exceeded) 25056454
bases in batch (batch size exceeded) 25065301
bases in batch (batch size exceeded) 25002035
bases in batch (batch size exceeded) 25064033
bases in batch (batch size exceeded) 25013826
bases in batch (batch size exceeded) 25015818
bases in batch (batch size exceeded) 25026750
bases in batch (batch size exceeded) 25029900
bases in batch (batch size exceeded) 25016709
bases in batch (core allotment reached) 11867542
bases in batch (batch size exceeded) 25010683
bases in batch (batch size exceeded) 25004108
bases in batch (batch size exceeded) 25004776
bases in batch (batch size exceeded) 25006339
bases in batch (batch size exceeded) 25002602
bases in batch (batch size exceeded) 25004985
bases in batch (batch size exceeded) 25018793
bases in batch (batch size exceeded) 25000124
bases in batch (batch size exceeded) 25026483
bases in batch (batch size exceeded) 25003705
bases in batch (batch size exceeded) 25033041
bases in batch (batch size exceeded) 25050794
bases in batch (core allotment reached) 12023555
bases in batch (batch size exceeded) 25038756
bases in batch (batch size exceeded) 25000237
bases in batch (batch size exceeded) 25006529
bases in batch (batch size exceeded) 25041658
bases in batch (batch size exceeded) 25018407
bases in batch (batch size exceeded) 25000528
bases in batch (batch size exceeded) 25009732
bases in batch (batch size exceeded) 25012249
bases in batch (batch size exceeded) 25041690
bases in batch (batch size exceeded) 25004917
bases in batch (batch size exceeded) 25007295
bases in batch (batch size exceeded) 25012065
bases in batch (core allotment reached) 11985994
bases in batch (batch size exceeded) 25007168
bases in batch (batch size exceeded) 25005424
bases in batch (batch size exceeded) 25004357
bases in batch (batch size exceeded) 25002656
bases in batch (batch size exceeded) 25000738
bases in batch (batch size exceeded) 25002233
bases in batch (batch size exceeded) 25006422
bases in batch (batch size exceeded) 25012275
bases in batch (batch size exceeded) 25012020
bases in batch (batch size exceeded) 25000009
bases in batch (batch size exceeded) 25000510
bases in batch (batch size exceeded) 25011519
bases in batch (core allotment reached) 12126493
bases in batch (batch size exceeded) 25015495
bases in batch (batch size exceeded) 25000480
bases in batch (batch size exceeded) 25086065
bases in batch (batch size exceeded) 25002234
bases in batch (batch size exceeded) 25002061
bases in batch (batch size exceeded) 25022041
bases in batch (batch size exceeded) 25006820
bases in batch (batch size exceeded) 25006398
bases in batch (batch size exceeded) 25005970
bases in batch (batch size exceeded) 25000467
bases in batch (batch size exceeded) 25018201
bases in batch (batch size exceeded) 25001091
bases in batch (core allotment reached) 12021227
bases in batch (batch size exceeded) 25002192
bases in batch (batch size exceeded) 25003482
bases in batch (batch size exceeded) 25012702
bases in batch (batch size exceeded) 25010499
bases in batch (batch size exceeded) 25001987
bases in batch (batch size exceeded) 25038834
bases in batch (batch size exceeded) 25029966
bases in batch (batch size exceeded) 25007810
bases in batch (batch size exceeded) 25010580
bases in batch (batch size exceeded) 25023601
bases in batch (batch size exceeded) 25001584
bases in batch (batch size exceeded) 25009141
bases in batch (core allotment reached) 12042432
bases in batch (batch size exceeded) 25032032
bases in batch (batch size exceeded) 25000491
bases in batch (batch size exceeded) 25044587
bases in batch (batch size exceeded) 25032341
bases in batch (batch size exceeded) 25020936
bases in batch (batch size exceeded) 25037327
bases in batch (batch size exceeded) 25000101
bases in batch (batch size exceeded) 25014003
bases in batch (batch size exceeded) 25005745
bases in batch (batch size exceeded) 25005868
bases in batch (batch size exceeded) 25029763
bases in batch (batch size exceeded) 25003028
bases in batch (core allotment reached) 11981287
bases in batch (batch size exceeded) 25031925
bases in batch (batch size exceeded) 25005787
bases in batch (batch size exceeded) 25005712
bases in batch (batch size exceeded) 25024887
bases in batch (batch size exceeded) 25026937
bases in batch (batch size exceeded) 25023092
bases in batch (batch size exceeded) 25022033
bases in batch (batch size exceeded) 25008513
bases in batch (batch size exceeded) 25002390
bases in batch (batch size exceeded) 25020743
bases in batch (batch size exceeded) 25011757
bases in batch (batch size exceeded) 25045375
bases in batch (core allotment reached) 11988343
bases in batch (batch size exceeded) 25004569
bases in batch (batch size exceeded) 25069671
bases in batch (batch size exceeded) 25029777
bases in batch (batch size exceeded) 25004655
bases in batch (batch size exceeded) 25040657
bases in batch (batch size exceeded) 25000193
bases in batch (batch size exceeded) 25001299
bases in batch (batch size exceeded) 25018094
bases in batch (batch size exceeded) 25013660
bases in batch (batch size exceeded) 25000280
bases in batch (batch size exceeded) 25022939
bases in batch (batch size exceeded) 25002324
bases in batch (core allotment reached) 11977644
bases in batch (batch size exceeded) 25004108
bases in batch (batch size exceeded) 25006816
bases in batch (batch size exceeded) 25007727
bases in batch (batch size exceeded) 25022072
bases in batch (batch size exceeded) 25000885
bases in batch (batch size exceeded) 25007251
bases in batch (batch size exceeded) 25003021
bases in batch (batch size exceeded) 25023636
bases in batch (batch size exceeded) 25014782
bases in batch (batch size exceeded) 25003888
bases in batch (batch size exceeded) 25011460
bases in batch (batch size exceeded) 25003530
bases in batch (core allotment reached) 12074698
bases in batch (batch size exceeded) 25025663
bases in batch (batch size exceeded) 25021894
bases in batch (batch size exceeded) 25012433
bases in batch (batch size exceeded) 25000506
bases in batch (batch size exceeded) 25000253
bases in batch (batch size exceeded) 25006894
bases in batch (batch size exceeded) 25048774
bases in batch (batch size exceeded) 25007974
bases in batch (batch size exceeded) 25000293
bases in batch (batch size exceeded) 25027590
bases in batch (batch size exceeded) 25031488
bases in batch (batch size exceeded) 25006646
bases in batch (core allotment reached) 12014411
bases in batch (batch size exceeded) 25017939
bases in batch (batch size exceeded) 25015998
bases in batch (batch size exceeded) 25014582
bases in batch (batch size exceeded) 25012412
bases in batch (batch size exceeded) 25009371
bases in batch (batch size exceeded) 25033905
bases in batch (batch size exceeded) 25006708
bases in batch (batch size exceeded) 25001209
bases in batch (batch size exceeded) 25003593
bases in batch (batch size exceeded) 25006298
bases in batch (batch size exceeded) 25001055
bases in batch (batch size exceeded) 25000470
bases in batch (core allotment reached) 12057578
bases in batch (batch size exceeded) 25026339
bases in batch (batch size exceeded) 25006923
bases in batch (batch size exceeded) 25049927
bases in batch (batch size exceeded) 25005826
bases in batch (batch size exceeded) 25018251
bases in batch (batch size exceeded) 25048602
bases in batch (batch size exceeded) 25033649
bases in batch (batch size exceeded) 25024587
bases in batch (batch size exceeded) 25018120
bases in batch (batch size exceeded) 25015301
bases in batch (batch size exceeded) 25001392
bases in batch (batch size exceeded) 25003510
bases in batch (core allotment reached) 11939100
bases in batch (batch size exceeded) 25005856
bases in batch (batch size exceeded) 25008799
bases in batch (batch size exceeded) 25003977
bases in batch (batch size exceeded) 25037356
bases in batch (batch size exceeded) 25043042
bases in batch (batch size exceeded) 25001246
bases in batch (batch size exceeded) 25001941
bases in batch (batch size exceeded) 25002885
bases in batch (batch size exceeded) 25010718
bases in batch (batch size exceeded) 25002461
bases in batch (batch size exceeded) 25023976
bases in batch (batch size exceeded) 25029840
bases in batch (core allotment reached) 12017508
bases in batch (batch size exceeded) 25003564
bases in batch (batch size exceeded) 25032586
bases in batch (batch size exceeded) 25000649
bases in batch (batch size exceeded) 25005791
bases in batch (batch size exceeded) 25023254
bases in batch (batch size exceeded) 25002681
bases in batch (batch size exceeded) 25012121
bases in batch (batch size exceeded) 25012688
bases in batch (batch size exceeded) 25003404
bases in batch (batch size exceeded) 25001963
bases in batch (batch size exceeded) 25005065
bases in batch (batch size exceeded) 25029980
bases in batch (core allotment reached) 12070774
bases in batch (batch size exceeded) 25021818
bases in batch (batch size exceeded) 25000744
bases in batch (batch size exceeded) 25007354
bases in batch (batch size exceeded) 25024647
bases in batch (batch size exceeded) 25000934
bases in batch (batch size exceeded) 25028174
bases in batch (batch size exceeded) 25000192
bases in batch (batch size exceeded) 25038295
bases in batch (batch size exceeded) 25018944
bases in batch (batch size exceeded) 25049775
bases in batch (batch size exceeded) 25029283
bases in batch (batch size exceeded) 25024621
bases in batch (core allotment reached) 11963735
bases in batch (batch size exceeded) 25016369
bases in batch (batch size exceeded) 25001829
bases in batch (batch size exceeded) 25007157
bases in batch (batch size exceeded) 25002162
bases in batch (batch size exceeded) 25018863
bases in batch (batch size exceeded) 25011746
bases in batch (batch size exceeded) 25006189
bases in batch (batch size exceeded) 25032479
bases in batch (batch size exceeded) 25018238
bases in batch (batch size exceeded) 25019299
bases in batch (batch size exceeded) 25003318
bases in batch (batch size exceeded) 25039345
bases in batch (core allotment reached) 12032190
bases in batch (batch size exceeded) 25001413
bases in batch (batch size exceeded) 25006401
bases in batch (batch size exceeded) 25014772
bases in batch (batch size exceeded) 25000194
bases in batch (batch size exceeded) 25014395
bases in batch (batch size exceeded) 25014991
bases in batch (batch size exceeded) 25001631
bases in batch (batch size exceeded) 25060210
bases in batch (batch size exceeded) 25000252
bases in batch (batch size exceeded) 25000344
bases in batch (batch size exceeded) 25015855
bases in batch (batch size exceeded) 25022417
bases in batch (core allotment reached) 12026243
bases in batch (batch size exceeded) 25000376
bases in batch (batch size exceeded) 25002237
bases in batch (batch size exceeded) 25006489
bases in batch (batch size exceeded) 25002729
bases in batch (batch size exceeded) 25043272
bases in batch (batch size exceeded) 25007603
bases in batch (batch size exceeded) 25002694
bases in batch (batch size exceeded) 25016201
bases in batch (batch size exceeded) 25016038
bases in batch (batch size exceeded) 25007574
bases in batch (batch size exceeded) 25011624
bases in batch (batch size exceeded) 25008291
bases in batch (core allotment reached) 12059686
bases in batch (batch size exceeded) 25009439
bases in batch (batch size exceeded) 25034700
bases in batch (batch size exceeded) 25034016
bases in batch (batch size exceeded) 25032744
bases in batch (batch size exceeded) 25003172
bases in batch (batch size exceeded) 25005677
bases in batch (batch size exceeded) 25007095
bases in batch (batch size exceeded) 25002563
bases in batch (batch size exceeded) 25011429
bases in batch (batch size exceeded) 25014813
bases in batch (batch size exceeded) 25002557
bases in batch (batch size exceeded) 25046579
bases in batch (core allotment reached) 11999163
bases in batch (batch size exceeded) 25000707
bases in batch (batch size exceeded) 25001911
bases in batch (batch size exceeded) 25012938
bases in batch (batch size exceeded) 25016575
bases in batch (batch size exceeded) 25014088
bases in batch (batch size exceeded) 25049501
bases in batch (batch size exceeded) 25005574
bases in batch (batch size exceeded) 25005504
bases in batch (batch size exceeded) 25006150
bases in batch (batch size exceeded) 25025068
bases in batch (batch size exceeded) 25062724
bases in batch (batch size exceeded) 25001732
bases in batch (core allotment reached) 11975811
bases in batch (batch size exceeded) 25000231
bases in batch (batch size exceeded) 25004082
bases in batch (batch size exceeded) 25017415
bases in batch (batch size exceeded) 25001537
bases in batch (batch size exceeded) 25059589
bases in batch (batch size exceeded) 25014484
bases in batch (batch size exceeded) 25012787
bases in batch (batch size exceeded) 25007890
bases in batch (batch size exceeded) 25064078
bases in batch (batch size exceeded) 25008417
bases in batch (batch size exceeded) 25023472
bases in batch (batch size exceeded) 25005081
bases in batch (core allotment reached) 11978273
bases in batch (batch size exceeded) 25003807
bases in batch (batch size exceeded) 25001775
bases in batch (batch size exceeded) 25034633
bases in batch (batch size exceeded) 25006843
bases in batch (batch size exceeded) 25002600
bases in batch (batch size exceeded) 25007022
bases in batch (batch size exceeded) 25005257
bases in batch (batch size exceeded) 25071159
bases in batch (batch size exceeded) 25005280
bases in batch (batch size exceeded) 25006903
bases in batch (batch size exceeded) 25013293
bases in batch (batch size exceeded) 25013076
bases in batch (core allotment reached) 12039727
bases in batch (batch size exceeded) 25011616
bases in batch (batch size exceeded) 25021844
bases in batch (batch size exceeded) 25000243
bases in batch (batch size exceeded) 25028399
bases in batch (batch size exceeded) 25000691
bases in batch (batch size exceeded) 25002746
bases in batch (batch size exceeded) 25009355
bases in batch (batch size exceeded) 25001788
bases in batch (batch size exceeded) 25010668
bases in batch (batch size exceeded) 25004515
bases in batch (batch size exceeded) 25012895
bases in batch (batch size exceeded) 25002006
bases in batch (core allotment reached) 12223042
bases in batch (batch size exceeded) 25002160
bases in batch (batch size exceeded) 25008997
bases in batch (batch size exceeded) 25004790
bases in batch (batch size exceeded) 25005486
bases in batch (batch size exceeded) 25004203
bases in batch (batch size exceeded) 25050910
bases in batch (batch size exceeded) 25007812
bases in batch (batch size exceeded) 25006683
bases in batch (batch size exceeded) 25012344
bases in batch (batch size exceeded) 25013927
bases in batch (batch size exceeded) 25013755
bases in batch (batch size exceeded) 25000006
bases in batch (core allotment reached) 12060996
bases in batch (batch size exceeded) 25008881
bases in batch (batch size exceeded) 25013279
bases in batch (batch size exceeded) 25027179
bases in batch (batch size exceeded) 25024496
bases in batch (batch size exceeded) 25032528
bases in batch (batch size exceeded) 25001444
bases in batch (batch size exceeded) 25015452
bases in batch (batch size exceeded) 25027198
bases in batch (batch size exceeded) 25009970
bases in batch (batch size exceeded) 25004378
bases in batch (batch size exceeded) 25029684
bases in batch (batch size exceeded) 25012441
bases in batch (core allotment reached) 11998642
bases in batch (batch size exceeded) 25011174
bases in batch (batch size exceeded) 25002481
bases in batch (batch size exceeded) 25001153
bases in batch (batch size exceeded) 25008004
bases in batch (batch size exceeded) 25001410
bases in batch (batch size exceeded) 25021159
bases in batch (batch size exceeded) 25002588
bases in batch (batch size exceeded) 25000108
bases in batch (batch size exceeded) 25005643
bases in batch (batch size exceeded) 25003242
bases in batch (batch size exceeded) 25044438
bases in batch (batch size exceeded) 25006719
bases in batch (core allotment reached) 12077164
bases in batch (batch size exceeded) 25004399
bases in batch (batch size exceeded) 25005632
bases in batch (batch size exceeded) 25025147
bases in batch (batch size exceeded) 25046070
bases in batch (batch size exceeded) 25001385
bases in batch (batch size exceeded) 25022476
bases in batch (batch size exceeded) 25004310
bases in batch (batch size exceeded) 25032645
bases in batch (batch size exceeded) 25000027
bases in batch (batch size exceeded) 25008622
bases in batch (batch size exceeded) 25014626
bases in batch (batch size exceeded) 25000869
bases in batch (core allotment reached) 12012163
bases in batch (batch size exceeded) 25000380
bases in batch (batch size exceeded) 25019166
bases in batch (batch size exceeded) 25005021
bases in batch (batch size exceeded) 25000811
bases in batch (batch size exceeded) 25004435
bases in batch (batch size exceeded) 25040828
bases in batch (batch size exceeded) 25018093
bases in batch (batch size exceeded) 25005159
bases in batch (batch size exceeded) 25000520
bases in batch (batch size exceeded) 25027618
bases in batch (batch size exceeded) 25002326
bases in batch (batch size exceeded) 25052942
bases in batch (core allotment reached) 12027605
bases in batch (batch size exceeded) 25001193
bases in batch (batch size exceeded) 25009443
bases in batch (batch size exceeded) 25036523
bases in batch (batch size exceeded) 25006156
bases in batch (batch size exceeded) 25000634
bases in batch (batch size exceeded) 25010280
bases in batch (batch size exceeded) 25004091
bases in batch (batch size exceeded) 25000160
bases in batch (batch size exceeded) 25020572
bases in batch (batch size exceeded) 25002285
bases in batch (batch size exceeded) 25023937
bases in batch (batch size exceeded) 25024398
bases in batch (core allotment reached) 12083408
bases in batch (batch size exceeded) 25008693
bases in batch (batch size exceeded) 25000363
bases in batch (batch size exceeded) 25005561
bases in batch (batch size exceeded) 25030915
bases in batch (batch size exceeded) 25005707
bases in batch (batch size exceeded) 25001786
bases in batch (batch size exceeded) 25009292
bases in batch (batch size exceeded) 25016475
bases in batch (batch size exceeded) 25018166
bases in batch (batch size exceeded) 25017715
bases in batch (batch size exceeded) 25001561
bases in batch (batch size exceeded) 25000456
bases in batch (core allotment reached) 12076322
bases in batch (batch size exceeded) 25001856
bases in batch (batch size exceeded) 25002060
bases in batch (batch size exceeded) 25027939
bases in batch (batch size exceeded) 25018385
bases in batch (batch size exceeded) 25009417
bases in batch (batch size exceeded) 25010459
bases in batch (batch size exceeded) 25018632
bases in batch (batch size exceeded) 25020710
bases in batch (batch size exceeded) 25038805
bases in batch (batch size exceeded) 25000227
bases in batch (batch size exceeded) 25046623
bases in batch (batch size exceeded) 25002502
bases in batch (last for core) 11325335
Starting up parallel processes, tasklist took 45.40920329093933
Starting merge, parallel processing took 566.0894041061401
bigwig
Merge took 1187.0651314258575

