chr22:0-51324926
histone1_chr22
bases in batch (core allotment reached) 62004813
bases in batch (core allotment reached) 62015362
bases in batch (core allotment reached) 61998878
bases in batch (core allotment reached) 62008167
bases in batch (core allotment reached) 61999755
bases in batch (core allotment reached) 62005070
bases in batch (core allotment reached) 62085266
bases in batch (core allotment reached) 62000958
bases in batch (core allotment reached) 62038325
bases in batch (core allotment reached) 62004618
bases in batch (core allotment reached) 62006932
bases in batch (core allotment reached) 62039157
bases in batch (core allotment reached) 62016415
bases in batch (core allotment reached) 62017217
bases in batch (core allotment reached) 61999289
bases in batch (core allotment reached) 62001807
bases in batch (core allotment reached) 61999103
bases in batch (core allotment reached) 62001331
bases in batch (core allotment reached) 62003628
bases in batch (core allotment reached) 62004200
bases in batch (core allotment reached) 62014535
bases in batch (core allotment reached) 62019819
bases in batch (core allotment reached) 62030076
bases in batch (core allotment reached) 62023460
bases in batch (core allotment reached) 62005566
bases in batch (core allotment reached) 62005555
bases in batch (core allotment reached) 62032211
bases in batch (core allotment reached) 62010591
bases in batch (core allotment reached) 62009174
bases in batch (core allotment reached) 62011420
bases in batch (core allotment reached) 62004984
bases in batch (last for core) 61542280
Starting up parallel processes, tasklist took 8.924560785293579
Starting merge, parallel processing took 116.95378422737122
bigwig
Merge took 251.390780210495

