chr14:0-101161492
histone2_chr14
bases in batch (batch size exceeded) 25000681
bases in batch (batch size exceeded) 25005154
bases in batch (batch size exceeded) 25000342
bases in batch (batch size exceeded) 25026945
bases in batch (batch size exceeded) 25028953
bases in batch (core allotment reached) 211216
bases in batch (batch size exceeded) 25000347
bases in batch (batch size exceeded) 25023090
bases in batch (batch size exceeded) 25048167
bases in batch (batch size exceeded) 25010786
bases in batch (batch size exceeded) 25000643
bases in batch (core allotment reached) 184527
bases in batch (batch size exceeded) 25000288
bases in batch (batch size exceeded) 25015905
bases in batch (batch size exceeded) 25008593
bases in batch (batch size exceeded) 25003860
bases in batch (batch size exceeded) 25014001
bases in batch (core allotment reached) 195463
bases in batch (batch size exceeded) 25003819
bases in batch (batch size exceeded) 25028502
bases in batch (batch size exceeded) 25001003
bases in batch (batch size exceeded) 25009405
bases in batch (batch size exceeded) 25001389
bases in batch (core allotment reached) 198970
bases in batch (batch size exceeded) 25045611
bases in batch (batch size exceeded) 25006185
bases in batch (batch size exceeded) 25007413
bases in batch (batch size exceeded) 25012077
bases in batch (batch size exceeded) 25008711
bases in batch (core allotment reached) 183898
bases in batch (batch size exceeded) 25030275
bases in batch (batch size exceeded) 25009145
bases in batch (batch size exceeded) 25009332
bases in batch (batch size exceeded) 25017375
bases in batch (batch size exceeded) 25008370
bases in batch (core allotment reached) 163277
bases in batch (batch size exceeded) 25042998
bases in batch (batch size exceeded) 25046707
bases in batch (batch size exceeded) 25025296
bases in batch (batch size exceeded) 25082328
bases in batch (batch size exceeded) 25010147
bases in batch (core allotment reached) 43568
bases in batch (batch size exceeded) 25005593
bases in batch (batch size exceeded) 25006285
bases in batch (batch size exceeded) 25021792
bases in batch (batch size exceeded) 25021224
bases in batch (batch size exceeded) 25018738
bases in batch (core allotment reached) 168803
bases in batch (batch size exceeded) 25002686
bases in batch (batch size exceeded) 25001988
bases in batch (batch size exceeded) 25021921
bases in batch (batch size exceeded) 25000295
bases in batch (batch size exceeded) 25000697
bases in batch (core allotment reached) 210898
bases in batch (batch size exceeded) 25004724
bases in batch (batch size exceeded) 25038969
bases in batch (batch size exceeded) 25004727
bases in batch (batch size exceeded) 25045393
bases in batch (batch size exceeded) 25002896
bases in batch (core allotment reached) 143155
bases in batch (batch size exceeded) 25000267
bases in batch (batch size exceeded) 25020549
bases in batch (batch size exceeded) 25035461
bases in batch (batch size exceeded) 25081274
bases in batch (batch size exceeded) 25014369
bases in batch (core allotment reached) 135319
bases in batch (batch size exceeded) 25006341
bases in batch (batch size exceeded) 25037979
bases in batch (batch size exceeded) 25008059
bases in batch (batch size exceeded) 25099077
bases in batch (batch size exceeded) 25013349
bases in batch (core allotment reached) 89714
bases in batch (batch size exceeded) 25000192
bases in batch (batch size exceeded) 25009969
bases in batch (batch size exceeded) 25001679
bases in batch (batch size exceeded) 25000226
bases in batch (batch size exceeded) 25038669
bases in batch (core allotment reached) 210210
bases in batch (batch size exceeded) 25027661
bases in batch (batch size exceeded) 25000160
bases in batch (batch size exceeded) 25003841
bases in batch (batch size exceeded) 25001842
bases in batch (batch size exceeded) 25001206
bases in batch (core allotment reached) 215112
bases in batch (batch size exceeded) 25012446
bases in batch (batch size exceeded) 25017177
bases in batch (batch size exceeded) 25004906
bases in batch (batch size exceeded) 25000611
bases in batch (batch size exceeded) 25000736
bases in batch (core allotment reached) 217589
bases in batch (batch size exceeded) 25036845
bases in batch (batch size exceeded) 25002667
bases in batch (batch size exceeded) 25006416
bases in batch (batch size exceeded) 25009537
bases in batch (batch size exceeded) 25005906
bases in batch (core allotment reached) 180539
bases in batch (batch size exceeded) 25031130
bases in batch (batch size exceeded) 25028753
bases in batch (batch size exceeded) 25001745
bases in batch (batch size exceeded) 25002044
bases in batch (batch size exceeded) 25005875
bases in batch (core allotment reached) 235485
bases in batch (batch size exceeded) 25001958
bases in batch (batch size exceeded) 25003242
bases in batch (batch size exceeded) 25008365
bases in batch (batch size exceeded) 25057661
bases in batch (batch size exceeded) 25004848
bases in batch (core allotment reached) 166245
bases in batch (batch size exceeded) 25006707
bases in batch (batch size exceeded) 25010013
bases in batch (batch size exceeded) 25008085
bases in batch (batch size exceeded) 25019462
bases in batch (batch size exceeded) 25008899
bases in batch (core allotment reached) 255620
bases in batch (batch size exceeded) 25032576
bases in batch (batch size exceeded) 25007748
bases in batch (batch size exceeded) 25031821
bases in batch (batch size exceeded) 25016962
bases in batch (batch size exceeded) 25024791
bases in batch (core allotment reached) 146115
bases in batch (batch size exceeded) 25020783
bases in batch (batch size exceeded) 25014451
bases in batch (batch size exceeded) 25030304
bases in batch (batch size exceeded) 25005055
bases in batch (batch size exceeded) 25002856
bases in batch (core allotment reached) 166469
bases in batch (batch size exceeded) 25010140
bases in batch (batch size exceeded) 25024442
bases in batch (batch size exceeded) 25053976
bases in batch (batch size exceeded) 25002145
bases in batch (batch size exceeded) 25006768
bases in batch (core allotment reached) 156357
bases in batch (batch size exceeded) 25007301
bases in batch (batch size exceeded) 25013144
bases in batch (batch size exceeded) 25035859
bases in batch (batch size exceeded) 25035194
bases in batch (batch size exceeded) 25000339
bases in batch (core allotment reached) 180171
bases in batch (batch size exceeded) 25012350
bases in batch (batch size exceeded) 25002360
bases in batch (batch size exceeded) 25000561
bases in batch (batch size exceeded) 25055871
bases in batch (batch size exceeded) 25005779
bases in batch (core allotment reached) 162722
bases in batch (batch size exceeded) 25028838
bases in batch (batch size exceeded) 25001516
bases in batch (batch size exceeded) 25013152
bases in batch (batch size exceeded) 25013134
bases in batch (batch size exceeded) 25065705
bases in batch (core allotment reached) 171143
bases in batch (batch size exceeded) 25002086
bases in batch (batch size exceeded) 25000843
bases in batch (batch size exceeded) 25026578
bases in batch (batch size exceeded) 25034883
bases in batch (batch size exceeded) 25002453
bases in batch (core allotment reached) 215383
bases in batch (batch size exceeded) 25004449
bases in batch (batch size exceeded) 25022000
bases in batch (batch size exceeded) 25000428
bases in batch (batch size exceeded) 25000147
bases in batch (batch size exceeded) 25004155
bases in batch (core allotment reached) 206579
bases in batch (batch size exceeded) 25015258
bases in batch (batch size exceeded) 25000729
bases in batch (batch size exceeded) 25001623
bases in batch (batch size exceeded) 25033136
bases in batch (batch size exceeded) 25006298
bases in batch (core allotment reached) 194104
bases in batch (batch size exceeded) 25003057
bases in batch (batch size exceeded) 25040205
bases in batch (batch size exceeded) 25005968
bases in batch (batch size exceeded) 25008451
bases in batch (batch size exceeded) 25007760
bases in batch (core allotment reached) 173055
bases in batch (batch size exceeded) 25017648
bases in batch (batch size exceeded) 25016347
bases in batch (batch size exceeded) 25003240
bases in batch (batch size exceeded) 25013609
bases in batch (batch size exceeded) 25004292
bases in batch (core allotment reached) 184160
bases in batch (batch size exceeded) 25002243
bases in batch (batch size exceeded) 25009078
bases in batch (batch size exceeded) 25009573
bases in batch (batch size exceeded) 25014123
bases in batch (batch size exceeded) 25008365
bases in batch (core allotment reached) 197378
bases in batch (batch size exceeded) 25010261
bases in batch (batch size exceeded) 25017166
bases in batch (batch size exceeded) 25001132
bases in batch (batch size exceeded) 25013078
bases in batch (last for core) 24594305
Starting up parallel processes, tasklist took 17.071430921554565
Starting merge, parallel processing took 239.45101165771484
bigwig
Merge took 494.4424226284027

