chr9:0-150617247
histone1_chr9
bases in batch (batch size exceeded) 25005314
bases in batch (batch size exceeded) 25002225
bases in batch (batch size exceeded) 25001215
bases in batch (batch size exceeded) 25014063
bases in batch (batch size exceeded) 25045395
bases in batch (batch size exceeded) 25001039
bases in batch (core allotment reached) 12944730
bases in batch (batch size exceeded) 25018582
bases in batch (batch size exceeded) 25001499
bases in batch (batch size exceeded) 25000022
bases in batch (batch size exceeded) 25016812
bases in batch (batch size exceeded) 25016345
bases in batch (batch size exceeded) 25039115
bases in batch (core allotment reached) 12934986
bases in batch (batch size exceeded) 25003927
bases in batch (batch size exceeded) 25001512
bases in batch (batch size exceeded) 25015960
bases in batch (batch size exceeded) 25003884
bases in batch (batch size exceeded) 25000990
bases in batch (batch size exceeded) 25000097
bases in batch (core allotment reached) 12989501
bases in batch (batch size exceeded) 25013428
bases in batch (batch size exceeded) 25016132
bases in batch (batch size exceeded) 25000731
bases in batch (batch size exceeded) 25013326
bases in batch (batch size exceeded) 25064844
bases in batch (batch size exceeded) 25006610
bases in batch (core allotment reached) 12953442
bases in batch (batch size exceeded) 25017004
bases in batch (batch size exceeded) 25000645
bases in batch (batch size exceeded) 25024486
bases in batch (batch size exceeded) 25014365
bases in batch (batch size exceeded) 25010374
bases in batch (batch size exceeded) 25017084
bases in batch (core allotment reached) 12973826
bases in batch (batch size exceeded) 25084804
bases in batch (batch size exceeded) 25041251
bases in batch (batch size exceeded) 25006047
bases in batch (batch size exceeded) 25016438
bases in batch (batch size exceeded) 25023355
bases in batch (batch size exceeded) 25016004
bases in batch (core allotment reached) 12842452
bases in batch (batch size exceeded) 25018055
bases in batch (batch size exceeded) 25000647
bases in batch (batch size exceeded) 25004071
bases in batch (batch size exceeded) 25027003
bases in batch (batch size exceeded) 25010764
bases in batch (batch size exceeded) 25003490
bases in batch (core allotment reached) 12950598
bases in batch (batch size exceeded) 25019849
bases in batch (batch size exceeded) 25011457
bases in batch (batch size exceeded) 25000418
bases in batch (batch size exceeded) 25003446
bases in batch (batch size exceeded) 25000314
bases in batch (batch size exceeded) 25004491
bases in batch (core allotment reached) 12989864
bases in batch (batch size exceeded) 25045487
bases in batch (batch size exceeded) 25016742
bases in batch (batch size exceeded) 25010057
bases in batch (batch size exceeded) 25001246
bases in batch (batch size exceeded) 25027068
bases in batch (batch size exceeded) 25001204
bases in batch (core allotment reached) 12914797
bases in batch (batch size exceeded) 25013622
bases in batch (batch size exceeded) 25012742
bases in batch (batch size exceeded) 25000959
bases in batch (batch size exceeded) 25018542
bases in batch (batch size exceeded) 25010686
bases in batch (batch size exceeded) 25010155
bases in batch (core allotment reached) 12957842
bases in batch (batch size exceeded) 25006208
bases in batch (batch size exceeded) 25003243
bases in batch (batch size exceeded) 25033368
bases in batch (batch size exceeded) 25006067
bases in batch (batch size exceeded) 25000783
bases in batch (batch size exceeded) 25003407
bases in batch (core allotment reached) 12975726
bases in batch (batch size exceeded) 25008414
bases in batch (batch size exceeded) 25000055
bases in batch (batch size exceeded) 25010536
bases in batch (batch size exceeded) 25025478
bases in batch (batch size exceeded) 25001342
bases in batch (batch size exceeded) 25004549
bases in batch (core allotment reached) 12972949
bases in batch (batch size exceeded) 25028171
bases in batch (batch size exceeded) 25006366
bases in batch (batch size exceeded) 25025373
bases in batch (batch size exceeded) 25001448
bases in batch (batch size exceeded) 25001874
bases in batch (batch size exceeded) 25006649
bases in batch (core allotment reached) 12953112
bases in batch (batch size exceeded) 25007663
bases in batch (batch size exceeded) 25009134
bases in batch (batch size exceeded) 25039183
bases in batch (batch size exceeded) 25022956
bases in batch (batch size exceeded) 25021763
bases in batch (batch size exceeded) 25006077
bases in batch (core allotment reached) 12908807
bases in batch (batch size exceeded) 25007912
bases in batch (batch size exceeded) 25017707
bases in batch (batch size exceeded) 25048311
bases in batch (batch size exceeded) 25009973
bases in batch (batch size exceeded) 25004202
bases in batch (batch size exceeded) 25013205
bases in batch (core allotment reached) 12936403
bases in batch (batch size exceeded) 25008050
bases in batch (batch size exceeded) 25000328
bases in batch (batch size exceeded) 25008547
bases in batch (batch size exceeded) 25014759
bases in batch (batch size exceeded) 25000631
bases in batch (batch size exceeded) 25012346
bases in batch (core allotment reached) 12969011
bases in batch (batch size exceeded) 25019679
bases in batch (batch size exceeded) 25008777
bases in batch (batch size exceeded) 25001111
bases in batch (batch size exceeded) 25026575
bases in batch (batch size exceeded) 25015689
bases in batch (batch size exceeded) 25015579
bases in batch (core allotment reached) 12931093
bases in batch (batch size exceeded) 25048306
bases in batch (batch size exceeded) 25016205
bases in batch (batch size exceeded) 25002506
bases in batch (batch size exceeded) 25019861
bases in batch (batch size exceeded) 25008759
bases in batch (batch size exceeded) 25006533
bases in batch (core allotment reached) 12952666
bases in batch (batch size exceeded) 25028256
bases in batch (batch size exceeded) 25024652
bases in batch (batch size exceeded) 25011357
bases in batch (batch size exceeded) 25046404
bases in batch (batch size exceeded) 25021848
bases in batch (batch size exceeded) 25043274
bases in batch (core allotment reached) 12853229
bases in batch (batch size exceeded) 25005279
bases in batch (batch size exceeded) 25031230
bases in batch (batch size exceeded) 25014491
bases in batch (batch size exceeded) 25002523
bases in batch (batch size exceeded) 25015575
bases in batch (batch size exceeded) 25031102
bases in batch (core allotment reached) 12944380
bases in batch (batch size exceeded) 25005548
bases in batch (batch size exceeded) 25023531
bases in batch (batch size exceeded) 25017296
bases in batch (batch size exceeded) 25012377
bases in batch (batch size exceeded) 25003179
bases in batch (batch size exceeded) 25007017
bases in batch (core allotment reached) 12969822
bases in batch (batch size exceeded) 25007207
bases in batch (batch size exceeded) 25001237
bases in batch (batch size exceeded) 25053007
bases in batch (batch size exceeded) 25040168
bases in batch (batch size exceeded) 25000310
bases in batch (batch size exceeded) 25014606
bases in batch (core allotment reached) 12900619
bases in batch (batch size exceeded) 25001452
bases in batch (batch size exceeded) 25037818
bases in batch (batch size exceeded) 25002119
bases in batch (batch size exceeded) 25001435
bases in batch (batch size exceeded) 25011897
bases in batch (batch size exceeded) 25002065
bases in batch (core allotment reached) 12956775
bases in batch (batch size exceeded) 25034031
bases in batch (batch size exceeded) 25008768
bases in batch (batch size exceeded) 25004888
bases in batch (batch size exceeded) 25009250
bases in batch (batch size exceeded) 25019478
bases in batch (batch size exceeded) 25002039
bases in batch (core allotment reached) 12992338
bases in batch (batch size exceeded) 25015514
bases in batch (batch size exceeded) 25003608
bases in batch (batch size exceeded) 25009939
bases in batch (batch size exceeded) 25007373
bases in batch (batch size exceeded) 25012529
bases in batch (batch size exceeded) 25005387
bases in batch (core allotment reached) 12986212
bases in batch (batch size exceeded) 25004976
bases in batch (batch size exceeded) 25030666
bases in batch (batch size exceeded) 25012711
bases in batch (batch size exceeded) 25044876
bases in batch (batch size exceeded) 25007445
bases in batch (batch size exceeded) 25023919
bases in batch (core allotment reached) 12892759
bases in batch (batch size exceeded) 25001290
bases in batch (batch size exceeded) 25020241
bases in batch (batch size exceeded) 25005602
bases in batch (batch size exceeded) 25016238
bases in batch (batch size exceeded) 25027082
bases in batch (batch size exceeded) 25002125
bases in batch (core allotment reached) 12978770
bases in batch (batch size exceeded) 25014573
bases in batch (batch size exceeded) 25001647
bases in batch (batch size exceeded) 25006875
bases in batch (batch size exceeded) 25006882
bases in batch (batch size exceeded) 25028284
bases in batch (batch size exceeded) 25054842
bases in batch (core allotment reached) 12932423
bases in batch (batch size exceeded) 25000373
bases in batch (batch size exceeded) 25032592
bases in batch (batch size exceeded) 25001277
bases in batch (batch size exceeded) 25002987
bases in batch (batch size exceeded) 25016802
bases in batch (batch size exceeded) 25010888
bases in batch (core allotment reached) 12959765
bases in batch (batch size exceeded) 25045728
bases in batch (batch size exceeded) 25009887
bases in batch (batch size exceeded) 25000129
bases in batch (batch size exceeded) 25005565
bases in batch (batch size exceeded) 25002374
bases in batch (batch size exceeded) 25033948
bases in batch (core allotment reached) 12935866
bases in batch (batch size exceeded) 25050343
bases in batch (batch size exceeded) 25017283
bases in batch (batch size exceeded) 25003550
bases in batch (batch size exceeded) 25032441
bases in batch (batch size exceeded) 25061609
bases in batch (batch size exceeded) 25009075
bases in batch (core allotment reached) 12891484
bases in batch (batch size exceeded) 25015693
bases in batch (batch size exceeded) 25003690
bases in batch (batch size exceeded) 25045091
bases in batch (batch size exceeded) 25001425
bases in batch (batch size exceeded) 25026334
bases in batch (batch size exceeded) 25021949
bases in batch (last for core) 12303155
Starting up parallel processes, tasklist took 23.447065830230713
Starting merge, parallel processing took 343.19252705574036
bigwig
Merge took 740.0857656002045

