chr11:0-135127769
histone3_chr11
bases in batch (batch size exceeded) 25001493
bases in batch (batch size exceeded) 25021588
bases in batch (batch size exceeded) 25019387
bases in batch (batch size exceeded) 25008916
bases in batch (batch size exceeded) 25003189
bases in batch (batch size exceeded) 25015386
bases in batch (batch size exceeded) 25034444
bases in batch (core allotment reached) 4471082
bases in batch (batch size exceeded) 25013716
bases in batch (batch size exceeded) 25007532
bases in batch (batch size exceeded) 25043770
bases in batch (batch size exceeded) 25045876
bases in batch (batch size exceeded) 25016920
bases in batch (batch size exceeded) 25015954
bases in batch (batch size exceeded) 25013311
bases in batch (core allotment reached) 4420050
bases in batch (batch size exceeded) 25024977
bases in batch (batch size exceeded) 25007366
bases in batch (batch size exceeded) 25022517
bases in batch (batch size exceeded) 25004102
bases in batch (batch size exceeded) 25032742
bases in batch (batch size exceeded) 25007764
bases in batch (batch size exceeded) 25003597
bases in batch (core allotment reached) 4467243
bases in batch (batch size exceeded) 25000944
bases in batch (batch size exceeded) 25006135
bases in batch (batch size exceeded) 25016029
bases in batch (batch size exceeded) 25024030
bases in batch (batch size exceeded) 25008342
bases in batch (batch size exceeded) 25007946
bases in batch (batch size exceeded) 25007740
bases in batch (core allotment reached) 4498925
bases in batch (batch size exceeded) 25021884
bases in batch (batch size exceeded) 25001410
bases in batch (batch size exceeded) 25004525
bases in batch (batch size exceeded) 25022645
bases in batch (batch size exceeded) 25031560
bases in batch (batch size exceeded) 25000446
bases in batch (batch size exceeded) 25002852
bases in batch (core allotment reached) 4488693
bases in batch (batch size exceeded) 25030579
bases in batch (batch size exceeded) 25017944
bases in batch (batch size exceeded) 25001001
bases in batch (batch size exceeded) 25003365
bases in batch (batch size exceeded) 25028306
bases in batch (batch size exceeded) 25018775
bases in batch (batch size exceeded) 25000539
bases in batch (core allotment reached) 4497264
bases in batch (batch size exceeded) 25005271
bases in batch (batch size exceeded) 25000280
bases in batch (batch size exceeded) 25034313
bases in batch (batch size exceeded) 25001563
bases in batch (batch size exceeded) 25007340
bases in batch (batch size exceeded) 25002965
bases in batch (batch size exceeded) 25045460
bases in batch (core allotment reached) 4498348
bases in batch (batch size exceeded) 25019226
bases in batch (batch size exceeded) 25019730
bases in batch (batch size exceeded) 25001713
bases in batch (batch size exceeded) 25029610
bases in batch (batch size exceeded) 25065354
bases in batch (batch size exceeded) 25001782
bases in batch (batch size exceeded) 25001521
bases in batch (core allotment reached) 4460600
bases in batch (batch size exceeded) 25001689
bases in batch (batch size exceeded) 25035200
bases in batch (batch size exceeded) 25013859
bases in batch (batch size exceeded) 25001555
bases in batch (batch size exceeded) 25001456
bases in batch (batch size exceeded) 25035605
bases in batch (batch size exceeded) 25014791
bases in batch (core allotment reached) 4468731
bases in batch (batch size exceeded) 25034928
bases in batch (batch size exceeded) 25016298
bases in batch (batch size exceeded) 25009147
bases in batch (batch size exceeded) 25000312
bases in batch (batch size exceeded) 25004682
bases in batch (batch size exceeded) 25018390
bases in batch (batch size exceeded) 25035083
bases in batch (core allotment reached) 4492988
bases in batch (batch size exceeded) 25019634
bases in batch (batch size exceeded) 25027307
bases in batch (batch size exceeded) 25010259
bases in batch (batch size exceeded) 25004362
bases in batch (batch size exceeded) 25010840
bases in batch (batch size exceeded) 25001019
bases in batch (batch size exceeded) 25008242
bases in batch (core allotment reached) 4490780
bases in batch (batch size exceeded) 25004696
bases in batch (batch size exceeded) 25015017
bases in batch (batch size exceeded) 25010207
bases in batch (batch size exceeded) 25016364
bases in batch (batch size exceeded) 25028237
bases in batch (batch size exceeded) 25020848
bases in batch (batch size exceeded) 25014774
bases in batch (core allotment reached) 4464589
bases in batch (batch size exceeded) 25007996
bases in batch (batch size exceeded) 25005574
bases in batch (batch size exceeded) 25003820
bases in batch (batch size exceeded) 25002472
bases in batch (batch size exceeded) 25006338
bases in batch (batch size exceeded) 25012189
bases in batch (batch size exceeded) 25014544
bases in batch (core allotment reached) 4518948
bases in batch (batch size exceeded) 25018048
bases in batch (batch size exceeded) 25010497
bases in batch (batch size exceeded) 25013490
bases in batch (batch size exceeded) 25020496
bases in batch (batch size exceeded) 25019848
bases in batch (batch size exceeded) 25026867
bases in batch (batch size exceeded) 25030325
bases in batch (core allotment reached) 4438849
bases in batch (batch size exceeded) 25044016
bases in batch (batch size exceeded) 25000200
bases in batch (batch size exceeded) 25018276
bases in batch (batch size exceeded) 25001883
bases in batch (batch size exceeded) 25018409
bases in batch (batch size exceeded) 25000200
bases in batch (batch size exceeded) 25013373
bases in batch (core allotment reached) 4473736
bases in batch (batch size exceeded) 25049402
bases in batch (batch size exceeded) 25018819
bases in batch (batch size exceeded) 25044184
bases in batch (batch size exceeded) 25065417
bases in batch (batch size exceeded) 25001471
bases in batch (batch size exceeded) 25035660
bases in batch (batch size exceeded) 25002227
bases in batch (core allotment reached) 4385470
bases in batch (batch size exceeded) 25008910
bases in batch (batch size exceeded) 25001822
bases in batch (batch size exceeded) 25008172
bases in batch (batch size exceeded) 25043091
bases in batch (batch size exceeded) 25000494
bases in batch (batch size exceeded) 25007571
bases in batch (batch size exceeded) 25003732
bases in batch (core allotment reached) 4497219
bases in batch (batch size exceeded) 25066045
bases in batch (batch size exceeded) 25068569
bases in batch (batch size exceeded) 25071305
bases in batch (batch size exceeded) 25033287
bases in batch (batch size exceeded) 25020177
bases in batch (batch size exceeded) 25001133
bases in batch (batch size exceeded) 25001209
bases in batch (core allotment reached) 4311344
bases in batch (batch size exceeded) 25009551
bases in batch (batch size exceeded) 25023814
bases in batch (batch size exceeded) 25017693
bases in batch (batch size exceeded) 25010837
bases in batch (batch size exceeded) 25036501
bases in batch (batch size exceeded) 25030389
bases in batch (batch size exceeded) 25004859
bases in batch (core allotment reached) 4436520
bases in batch (batch size exceeded) 25001214
bases in batch (batch size exceeded) 25013512
bases in batch (batch size exceeded) 25084565
bases in batch (batch size exceeded) 25033534
bases in batch (batch size exceeded) 25083102
bases in batch (batch size exceeded) 25001837
bases in batch (batch size exceeded) 25010463
bases in batch (core allotment reached) 4374912
bases in batch (batch size exceeded) 25027778
bases in batch (batch size exceeded) 25000912
bases in batch (batch size exceeded) 25005578
bases in batch (batch size exceeded) 25000388
bases in batch (batch size exceeded) 25001248
bases in batch (batch size exceeded) 25027678
bases in batch (batch size exceeded) 25024983
bases in batch (core allotment reached) 4531157
bases in batch (batch size exceeded) 25030036
bases in batch (batch size exceeded) 25001168
bases in batch (batch size exceeded) 25003571
bases in batch (batch size exceeded) 25019515
bases in batch (batch size exceeded) 25023401
bases in batch (batch size exceeded) 25010253
bases in batch (batch size exceeded) 25002192
bases in batch (core allotment reached) 4487766
bases in batch (batch size exceeded) 25015135
bases in batch (batch size exceeded) 25001233
bases in batch (batch size exceeded) 25042377
bases in batch (batch size exceeded) 25003192
bases in batch (batch size exceeded) 25005927
bases in batch (batch size exceeded) 25002093
bases in batch (batch size exceeded) 25008087
bases in batch (core allotment reached) 4494486
bases in batch (batch size exceeded) 25001277
bases in batch (batch size exceeded) 25001797
bases in batch (batch size exceeded) 25000681
bases in batch (batch size exceeded) 25016188
bases in batch (batch size exceeded) 25000520
bases in batch (batch size exceeded) 25003831
bases in batch (batch size exceeded) 25018235
bases in batch (core allotment reached) 4529356
bases in batch (batch size exceeded) 25018022
bases in batch (batch size exceeded) 25016626
bases in batch (batch size exceeded) 25009272
bases in batch (batch size exceeded) 25002856
bases in batch (batch size exceeded) 25021029
bases in batch (batch size exceeded) 25022208
bases in batch (batch size exceeded) 25046073
bases in batch (core allotment reached) 4467116
bases in batch (batch size exceeded) 25006884
bases in batch (batch size exceeded) 25008806
bases in batch (batch size exceeded) 25018877
bases in batch (batch size exceeded) 25000332
bases in batch (batch size exceeded) 25041353
bases in batch (batch size exceeded) 25006742
bases in batch (batch size exceeded) 25024886
bases in batch (core allotment reached) 4468460
bases in batch (batch size exceeded) 25011976
bases in batch (batch size exceeded) 25010285
bases in batch (batch size exceeded) 25008673
bases in batch (batch size exceeded) 25004853
bases in batch (batch size exceeded) 25004018
bases in batch (batch size exceeded) 25053251
bases in batch (batch size exceeded) 25046309
bases in batch (core allotment reached) 4447951
bases in batch (batch size exceeded) 25016292
bases in batch (batch size exceeded) 25001245
bases in batch (batch size exceeded) 25001765
bases in batch (batch size exceeded) 25035793
bases in batch (batch size exceeded) 25007298
bases in batch (batch size exceeded) 25083182
bases in batch (batch size exceeded) 25017902
bases in batch (core allotment reached) 4431604
bases in batch (batch size exceeded) 25011493
bases in batch (batch size exceeded) 25003146
bases in batch (batch size exceeded) 25000485
bases in batch (batch size exceeded) 25000380
bases in batch (batch size exceeded) 25005410
bases in batch (batch size exceeded) 25001231
bases in batch (batch size exceeded) 25007681
bases in batch (core allotment reached) 4549661
bases in batch (batch size exceeded) 25008686
bases in batch (batch size exceeded) 25008608
bases in batch (batch size exceeded) 25013283
bases in batch (batch size exceeded) 25001232
bases in batch (batch size exceeded) 25013866
bases in batch (batch size exceeded) 25001665
bases in batch (batch size exceeded) 25015207
bases in batch (core allotment reached) 4520311
bases in batch (batch size exceeded) 25022113
bases in batch (batch size exceeded) 25041708
bases in batch (batch size exceeded) 25001230
bases in batch (batch size exceeded) 25000011
bases in batch (batch size exceeded) 25006119
bases in batch (batch size exceeded) 25000637
bases in batch (batch size exceeded) 25002106
bases in batch (core allotment reached) 4548843
bases in batch (batch size exceeded) 25018052
bases in batch (batch size exceeded) 25000714
bases in batch (batch size exceeded) 25001410
bases in batch (batch size exceeded) 25033332
bases in batch (batch size exceeded) 25000814
bases in batch (batch size exceeded) 25002160
bases in batch (batch size exceeded) 25018536
bases in batch (last for core) 4038755
Starting up parallel processes, tasklist took 25.77916693687439
Starting merge, parallel processing took 324.3591058254242
bigwig
Merge took 670.0261161327362

