chr12:0-133324548
histone3_chr12
bases in batch (batch size exceeded) 25000613
bases in batch (batch size exceeded) 25000518
bases in batch (batch size exceeded) 25000072
bases in batch (batch size exceeded) 25024743
bases in batch (batch size exceeded) 25001269
bases in batch (batch size exceeded) 25001985
bases in batch (core allotment reached) 21373034
bases in batch (batch size exceeded) 25001476
bases in batch (batch size exceeded) 25000465
bases in batch (batch size exceeded) 25033503
bases in batch (batch size exceeded) 25002401
bases in batch (batch size exceeded) 25000214
bases in batch (batch size exceeded) 25032662
bases in batch (core allotment reached) 21326590
bases in batch (batch size exceeded) 25014512
bases in batch (batch size exceeded) 25012255
bases in batch (batch size exceeded) 25012362
bases in batch (batch size exceeded) 25022948
bases in batch (batch size exceeded) 25000081
bases in batch (batch size exceeded) 25006398
bases in batch (core allotment reached) 21330466
bases in batch (batch size exceeded) 25001870
bases in batch (batch size exceeded) 25003569
bases in batch (batch size exceeded) 25015526
bases in batch (batch size exceeded) 25026344
bases in batch (batch size exceeded) 25007403
bases in batch (batch size exceeded) 25026140
bases in batch (core allotment reached) 21316919
bases in batch (batch size exceeded) 25025470
bases in batch (batch size exceeded) 25003155
bases in batch (batch size exceeded) 25020640
bases in batch (batch size exceeded) 25009787
bases in batch (batch size exceeded) 25014292
bases in batch (batch size exceeded) 25003200
bases in batch (core allotment reached) 21319254
bases in batch (batch size exceeded) 25003155
bases in batch (batch size exceeded) 25009106
bases in batch (batch size exceeded) 25001258
bases in batch (batch size exceeded) 25021165
bases in batch (batch size exceeded) 25004864
bases in batch (batch size exceeded) 25000021
bases in batch (core allotment reached) 21357325
bases in batch (batch size exceeded) 25017828
bases in batch (batch size exceeded) 25049839
bases in batch (batch size exceeded) 25023988
bases in batch (batch size exceeded) 25016487
bases in batch (batch size exceeded) 25000335
bases in batch (batch size exceeded) 25016973
bases in batch (core allotment reached) 21283113
bases in batch (batch size exceeded) 25050365
bases in batch (batch size exceeded) 25011640
bases in batch (batch size exceeded) 25032743
bases in batch (batch size exceeded) 25022944
bases in batch (batch size exceeded) 25052867
bases in batch (batch size exceeded) 25039877
bases in batch (core allotment reached) 21190889
bases in batch (batch size exceeded) 25017947
bases in batch (batch size exceeded) 25001903
bases in batch (batch size exceeded) 25025898
bases in batch (batch size exceeded) 25010628
bases in batch (batch size exceeded) 25003439
bases in batch (batch size exceeded) 25036345
bases in batch (core allotment reached) 21319445
bases in batch (batch size exceeded) 25000525
bases in batch (batch size exceeded) 25027888
bases in batch (batch size exceeded) 25007998
bases in batch (batch size exceeded) 25008708
bases in batch (batch size exceeded) 25031261
bases in batch (batch size exceeded) 25028670
bases in batch (core allotment reached) 21295236
bases in batch (batch size exceeded) 25002308
bases in batch (batch size exceeded) 25006767
bases in batch (batch size exceeded) 25014759
bases in batch (batch size exceeded) 25031981
bases in batch (batch size exceeded) 25005876
bases in batch (batch size exceeded) 25002187
bases in batch (core allotment reached) 21362724
bases in batch (batch size exceeded) 25033269
bases in batch (batch size exceeded) 25053373
bases in batch (batch size exceeded) 25046050
bases in batch (batch size exceeded) 25018343
bases in batch (batch size exceeded) 25008424
bases in batch (batch size exceeded) 25006597
bases in batch (core allotment reached) 21250542
bases in batch (batch size exceeded) 25039464
bases in batch (batch size exceeded) 25010373
bases in batch (batch size exceeded) 25007031
bases in batch (batch size exceeded) 25042316
bases in batch (batch size exceeded) 25014671
bases in batch (batch size exceeded) 25016846
bases in batch (core allotment reached) 21378502
bases in batch (batch size exceeded) 25014420
bases in batch (batch size exceeded) 25062498
bases in batch (batch size exceeded) 25036124
bases in batch (batch size exceeded) 25001615
bases in batch (batch size exceeded) 25025835
bases in batch (batch size exceeded) 25004225
bases in batch (core allotment reached) 21288594
bases in batch (batch size exceeded) 25019906
bases in batch (batch size exceeded) 25001181
bases in batch (batch size exceeded) 25009195
bases in batch (batch size exceeded) 25017409
bases in batch (batch size exceeded) 25001020
bases in batch (batch size exceeded) 25011594
bases in batch (core allotment reached) 21356509
bases in batch (batch size exceeded) 25023811
bases in batch (batch size exceeded) 25021892
bases in batch (batch size exceeded) 25003546
bases in batch (batch size exceeded) 25063628
bases in batch (batch size exceeded) 25000108
bases in batch (batch size exceeded) 25000396
bases in batch (core allotment reached) 21313943
bases in batch (batch size exceeded) 25008075
bases in batch (batch size exceeded) 25006416
bases in batch (batch size exceeded) 25006909
bases in batch (batch size exceeded) 25002134
bases in batch (batch size exceeded) 25002328
bases in batch (batch size exceeded) 25005203
bases in batch (core allotment reached) 21369357
bases in batch (batch size exceeded) 25061699
bases in batch (batch size exceeded) 25028189
bases in batch (batch size exceeded) 25049786
bases in batch (batch size exceeded) 25026443
bases in batch (batch size exceeded) 25001389
bases in batch (batch size exceeded) 25002190
bases in batch (core allotment reached) 21244749
bases in batch (batch size exceeded) 25052612
bases in batch (batch size exceeded) 25002545
bases in batch (batch size exceeded) 25008309
bases in batch (batch size exceeded) 25057751
bases in batch (batch size exceeded) 25006383
bases in batch (batch size exceeded) 25007047
bases in batch (core allotment reached) 21272817
bases in batch (batch size exceeded) 25002183
bases in batch (batch size exceeded) 25033077
bases in batch (batch size exceeded) 25033165
bases in batch (batch size exceeded) 25022947
bases in batch (batch size exceeded) 25007210
bases in batch (batch size exceeded) 25000060
bases in batch (core allotment reached) 21307168
bases in batch (batch size exceeded) 25069093
bases in batch (batch size exceeded) 25004799
bases in batch (batch size exceeded) 25009144
bases in batch (batch size exceeded) 25000839
bases in batch (batch size exceeded) 25013031
bases in batch (batch size exceeded) 25017271
bases in batch (core allotment reached) 21301083
bases in batch (batch size exceeded) 25005525
bases in batch (batch size exceeded) 25022988
bases in batch (batch size exceeded) 25014935
bases in batch (batch size exceeded) 25001700
bases in batch (batch size exceeded) 25001130
bases in batch (batch size exceeded) 25005782
bases in batch (core allotment reached) 21352426
bases in batch (batch size exceeded) 25020266
bases in batch (batch size exceeded) 25006540
bases in batch (batch size exceeded) 25049140
bases in batch (batch size exceeded) 25019776
bases in batch (batch size exceeded) 25022143
bases in batch (batch size exceeded) 25010139
bases in batch (core allotment reached) 21268931
bases in batch (batch size exceeded) 25000354
bases in batch (batch size exceeded) 25003834
bases in batch (batch size exceeded) 25000027
bases in batch (batch size exceeded) 25056892
bases in batch (batch size exceeded) 25005817
bases in batch (batch size exceeded) 25000354
bases in batch (core allotment reached) 21342390
bases in batch (batch size exceeded) 25010871
bases in batch (batch size exceeded) 25010812
bases in batch (batch size exceeded) 25016609
bases in batch (batch size exceeded) 25031239
bases in batch (batch size exceeded) 25033533
bases in batch (batch size exceeded) 25002923
bases in batch (core allotment reached) 21298421
bases in batch (batch size exceeded) 25029834
bases in batch (batch size exceeded) 25006004
bases in batch (batch size exceeded) 25003450
bases in batch (batch size exceeded) 25000521
bases in batch (batch size exceeded) 25011113
bases in batch (batch size exceeded) 25026976
bases in batch (core allotment reached) 21387542
bases in batch (batch size exceeded) 25001000
bases in batch (batch size exceeded) 25059349
bases in batch (batch size exceeded) 25008502
bases in batch (batch size exceeded) 25029141
bases in batch (batch size exceeded) 25002628
bases in batch (batch size exceeded) 25026563
bases in batch (core allotment reached) 21278818
bases in batch (batch size exceeded) 25016821
bases in batch (batch size exceeded) 25013608
bases in batch (batch size exceeded) 25058253
bases in batch (batch size exceeded) 25053540
bases in batch (batch size exceeded) 25000310
bases in batch (batch size exceeded) 25021353
bases in batch (core allotment reached) 21261425
bases in batch (batch size exceeded) 25000705
bases in batch (batch size exceeded) 25033082
bases in batch (batch size exceeded) 25000580
bases in batch (batch size exceeded) 25019957
bases in batch (batch size exceeded) 25013601
bases in batch (batch size exceeded) 25000929
bases in batch (core allotment reached) 21330278
bases in batch (batch size exceeded) 25004910
bases in batch (batch size exceeded) 25001987
bases in batch (batch size exceeded) 25002981
bases in batch (batch size exceeded) 25000540
bases in batch (batch size exceeded) 25008232
bases in batch (batch size exceeded) 25020082
bases in batch (core allotment reached) 21373730
bases in batch (batch size exceeded) 25020190
bases in batch (batch size exceeded) 25000641
bases in batch (batch size exceeded) 25015653
bases in batch (batch size exceeded) 25019371
bases in batch (batch size exceeded) 25010362
bases in batch (batch size exceeded) 25016639
bases in batch (core allotment reached) 21342125
bases in batch (batch size exceeded) 25000374
bases in batch (batch size exceeded) 25000188
bases in batch (batch size exceeded) 25003265
bases in batch (batch size exceeded) 25029290
bases in batch (batch size exceeded) 25017612
bases in batch (batch size exceeded) 25016924
bases in batch (last for core) 20751041
Starting up parallel processes, tasklist took 24.1670184135437
Starting merge, parallel processing took 306.5305187702179
bigwig
Merge took 655.6599307060242

