chr17:0-84276897
histone1_chr17
bases in batch (batch size exceeded) 25013741
bases in batch (batch size exceeded) 25031197
bases in batch (batch size exceeded) 25001091
bases in batch (batch size exceeded) 25004535
bases in batch (core allotment reached) 7004452
bases in batch (batch size exceeded) 25017525
bases in batch (batch size exceeded) 25002859
bases in batch (batch size exceeded) 25039074
bases in batch (batch size exceeded) 25004586
bases in batch (core allotment reached) 7000587
bases in batch (batch size exceeded) 25011701
bases in batch (batch size exceeded) 25002028
bases in batch (batch size exceeded) 25026255
bases in batch (batch size exceeded) 25007668
bases in batch (core allotment reached) 7006125
bases in batch (batch size exceeded) 25034437
bases in batch (batch size exceeded) 25020455
bases in batch (batch size exceeded) 25000355
bases in batch (batch size exceeded) 25003544
bases in batch (core allotment reached) 6995921
bases in batch (batch size exceeded) 25002793
bases in batch (batch size exceeded) 25017030
bases in batch (batch size exceeded) 25001361
bases in batch (batch size exceeded) 25015941
bases in batch (core allotment reached) 7058424
bases in batch (batch size exceeded) 25001756
bases in batch (batch size exceeded) 25006415
bases in batch (batch size exceeded) 25002792
bases in batch (batch size exceeded) 25001494
bases in batch (core allotment reached) 7056828
bases in batch (batch size exceeded) 25003569
bases in batch (batch size exceeded) 25018761
bases in batch (batch size exceeded) 25007200
bases in batch (batch size exceeded) 25029768
bases in batch (core allotment reached) 7038407
bases in batch (batch size exceeded) 25020565
bases in batch (batch size exceeded) 25013934
bases in batch (batch size exceeded) 25028797
bases in batch (batch size exceeded) 25035118
bases in batch (core allotment reached) 6970607
bases in batch (batch size exceeded) 25009783
bases in batch (batch size exceeded) 25006058
bases in batch (batch size exceeded) 25003179
bases in batch (batch size exceeded) 25045619
bases in batch (core allotment reached) 6981291
bases in batch (batch size exceeded) 25001752
bases in batch (batch size exceeded) 25005679
bases in batch (batch size exceeded) 25004322
bases in batch (batch size exceeded) 25004917
bases in batch (core allotment reached) 7034184
bases in batch (batch size exceeded) 25007545
bases in batch (batch size exceeded) 25001530
bases in batch (batch size exceeded) 25028661
bases in batch (batch size exceeded) 25016867
bases in batch (core allotment reached) 6984405
bases in batch (batch size exceeded) 25017654
bases in batch (batch size exceeded) 25001889
bases in batch (batch size exceeded) 25054371
bases in batch (batch size exceeded) 25041700
bases in batch (core allotment reached) 6939041
bases in batch (batch size exceeded) 25000907
bases in batch (batch size exceeded) 25006705
bases in batch (batch size exceeded) 25015511
bases in batch (batch size exceeded) 25018796
bases in batch (core allotment reached) 6999154
bases in batch (batch size exceeded) 25000140
bases in batch (batch size exceeded) 25008473
bases in batch (batch size exceeded) 25009579
bases in batch (batch size exceeded) 25006692
bases in batch (core allotment reached) 7025845
bases in batch (batch size exceeded) 25007589
bases in batch (batch size exceeded) 25000945
bases in batch (batch size exceeded) 25000884
bases in batch (batch size exceeded) 25000512
bases in batch (core allotment reached) 7031237
bases in batch (batch size exceeded) 25004948
bases in batch (batch size exceeded) 25000064
bases in batch (batch size exceeded) 25003446
bases in batch (batch size exceeded) 25005550
bases in batch (core allotment reached) 7033089
bases in batch (batch size exceeded) 25006196
bases in batch (batch size exceeded) 25011822
bases in batch (batch size exceeded) 25013341
bases in batch (batch size exceeded) 25002755
bases in batch (core allotment reached) 7078625
bases in batch (batch size exceeded) 25010070
bases in batch (batch size exceeded) 25002791
bases in batch (batch size exceeded) 25008352
bases in batch (batch size exceeded) 25003689
bases in batch (core allotment reached) 7015579
bases in batch (batch size exceeded) 25027118
bases in batch (batch size exceeded) 25017825
bases in batch (batch size exceeded) 25017078
bases in batch (batch size exceeded) 25006281
bases in batch (core allotment reached) 6983005
bases in batch (batch size exceeded) 25028741
bases in batch (batch size exceeded) 25025069
bases in batch (batch size exceeded) 25005096
bases in batch (batch size exceeded) 25005620
bases in batch (core allotment reached) 6999863
bases in batch (batch size exceeded) 25005304
bases in batch (batch size exceeded) 25018843
bases in batch (batch size exceeded) 25006468
bases in batch (batch size exceeded) 25000108
bases in batch (core allotment reached) 7017786
bases in batch (batch size exceeded) 25008467
bases in batch (batch size exceeded) 25018277
bases in batch (batch size exceeded) 25000082
bases in batch (batch size exceeded) 25000875
bases in batch (core allotment reached) 7018914
bases in batch (batch size exceeded) 25040530
bases in batch (batch size exceeded) 25000909
bases in batch (batch size exceeded) 25017994
bases in batch (batch size exceeded) 25001570
bases in batch (core allotment reached) 6984705
bases in batch (batch size exceeded) 25028086
bases in batch (batch size exceeded) 25004713
bases in batch (batch size exceeded) 25024115
bases in batch (batch size exceeded) 25011257
bases in batch (core allotment reached) 6971254
bases in batch (batch size exceeded) 25005340
bases in batch (batch size exceeded) 25042124
bases in batch (batch size exceeded) 25007924
bases in batch (batch size exceeded) 25034889
bases in batch (core allotment reached) 6950327
bases in batch (batch size exceeded) 25025457
bases in batch (batch size exceeded) 25009585
bases in batch (batch size exceeded) 25008049
bases in batch (batch size exceeded) 25001067
bases in batch (core allotment reached) 7022352
bases in batch (batch size exceeded) 25014860
bases in batch (batch size exceeded) 25026734
bases in batch (batch size exceeded) 25004942
bases in batch (batch size exceeded) 25000022
bases in batch (core allotment reached) 7011421
bases in batch (batch size exceeded) 25002867
bases in batch (batch size exceeded) 25012353
bases in batch (batch size exceeded) 25000311
bases in batch (batch size exceeded) 25013644
bases in batch (core allotment reached) 7010684
bases in batch (batch size exceeded) 25008142
bases in batch (batch size exceeded) 25003977
bases in batch (batch size exceeded) 25007056
bases in batch (batch size exceeded) 25009625
bases in batch (core allotment reached) 7011100
bases in batch (batch size exceeded) 25014991
bases in batch (batch size exceeded) 25039563
bases in batch (batch size exceeded) 25009232
bases in batch (batch size exceeded) 25029437
bases in batch (core allotment reached) 6953726
bases in batch (batch size exceeded) 25029784
bases in batch (batch size exceeded) 25004196
bases in batch (batch size exceeded) 25012217
bases in batch (batch size exceeded) 25001933
bases in batch (core allotment reached) 7010665
bases in batch (batch size exceeded) 25032566
bases in batch (batch size exceeded) 25025588
bases in batch (batch size exceeded) 25001613
bases in batch (batch size exceeded) 25022092
bases in batch (last for core) 6419952
Starting up parallel processes, tasklist took 15.48998737335205
Starting merge, parallel processing took 275.5577025413513
bigwig
Merge took 419.54274129867554

