chr21:0-45090682
histone1_chr21
bases in batch (batch size exceeded) 25005638
bases in batch (batch size exceeded) 25004488
bases in batch (core allotment reached) 11625718
bases in batch (batch size exceeded) 25012159
bases in batch (batch size exceeded) 25004821
bases in batch (core allotment reached) 11590833
bases in batch (batch size exceeded) 25009204
bases in batch (batch size exceeded) 25001899
bases in batch (core allotment reached) 11609874
bases in batch (batch size exceeded) 25013119
bases in batch (batch size exceeded) 25006201
bases in batch (core allotment reached) 11608004
bases in batch (batch size exceeded) 25011341
bases in batch (batch size exceeded) 25015876
bases in batch (core allotment reached) 11585034
bases in batch (batch size exceeded) 25012143
bases in batch (batch size exceeded) 25003368
bases in batch (core allotment reached) 11597003
bases in batch (batch size exceeded) 25000951
bases in batch (batch size exceeded) 25034286
bases in batch (core allotment reached) 11588074
bases in batch (batch size exceeded) 25000478
bases in batch (batch size exceeded) 25002587
bases in batch (core allotment reached) 11620893
bases in batch (batch size exceeded) 25000119
bases in batch (batch size exceeded) 25030721
bases in batch (core allotment reached) 11580827
bases in batch (batch size exceeded) 25003148
bases in batch (batch size exceeded) 25007866
bases in batch (core allotment reached) 11596612
bases in batch (batch size exceeded) 25015198
bases in batch (batch size exceeded) 25023161
bases in batch (core allotment reached) 11573138
bases in batch (batch size exceeded) 25018506
bases in batch (batch size exceeded) 25009825
bases in batch (core allotment reached) 11583456
bases in batch (batch size exceeded) 25019851
bases in batch (batch size exceeded) 25010711
bases in batch (core allotment reached) 11595121
bases in batch (batch size exceeded) 25001142
bases in batch (batch size exceeded) 25014855
bases in batch (core allotment reached) 11591607
bases in batch (batch size exceeded) 25032956
bases in batch (batch size exceeded) 25010414
bases in batch (core allotment reached) 11563465
bases in batch (batch size exceeded) 25029322
bases in batch (batch size exceeded) 25028159
bases in batch (core allotment reached) 11576005
bases in batch (batch size exceeded) 25012759
bases in batch (batch size exceeded) 25013402
bases in batch (core allotment reached) 11590529
bases in batch (batch size exceeded) 25000595
bases in batch (batch size exceeded) 25014917
bases in batch (core allotment reached) 11611070
bases in batch (batch size exceeded) 25024176
bases in batch (batch size exceeded) 25000940
bases in batch (core allotment reached) 11604715
bases in batch (batch size exceeded) 25002750
bases in batch (batch size exceeded) 25007707
bases in batch (core allotment reached) 11611734
bases in batch (batch size exceeded) 25003114
bases in batch (batch size exceeded) 25013391
bases in batch (core allotment reached) 11658913
bases in batch (batch size exceeded) 25045618
bases in batch (batch size exceeded) 25000374
bases in batch (core allotment reached) 11562847
bases in batch (batch size exceeded) 25001316
bases in batch (batch size exceeded) 25001308
bases in batch (core allotment reached) 11608691
bases in batch (batch size exceeded) 25006704
bases in batch (batch size exceeded) 25007750
bases in batch (core allotment reached) 11627660
bases in batch (batch size exceeded) 25024090
bases in batch (batch size exceeded) 25004129
bases in batch (core allotment reached) 11579043
bases in batch (batch size exceeded) 25011273
bases in batch (batch size exceeded) 25004170
bases in batch (core allotment reached) 11590672
bases in batch (batch size exceeded) 25038820
bases in batch (batch size exceeded) 25003226
bases in batch (core allotment reached) 11566818
bases in batch (batch size exceeded) 25002507
bases in batch (batch size exceeded) 25014070
bases in batch (core allotment reached) 11649352
bases in batch (batch size exceeded) 25035981
bases in batch (batch size exceeded) 25000775
bases in batch (core allotment reached) 11569374
bases in batch (batch size exceeded) 25005697
bases in batch (batch size exceeded) 25006712
bases in batch (core allotment reached) 11599631
bases in batch (batch size exceeded) 25018356
bases in batch (batch size exceeded) 25025986
bases in batch (core allotment reached) 11565052
bases in batch (batch size exceeded) 25018711
bases in batch (batch size exceeded) 25001894
bases in batch (last for core) 11127571
Starting up parallel processes, tasklist took 8.973353147506714
Starting merge, parallel processing took 119.01090860366821
bigwig
Merge took 210.28356075286865

