chr11:0-135127769
histone1_chr11
bases in batch (batch size exceeded) 25004740
bases in batch (batch size exceeded) 25008856
bases in batch (batch size exceeded) 25002183
bases in batch (batch size exceeded) 25010902
bases in batch (batch size exceeded) 25048065
bases in batch (batch size exceeded) 25004053
bases in batch (batch size exceeded) 25017442
bases in batch (core allotment reached) 5225257
bases in batch (batch size exceeded) 25010642
bases in batch (batch size exceeded) 25073079
bases in batch (batch size exceeded) 25004620
bases in batch (batch size exceeded) 25031212
bases in batch (batch size exceeded) 25001733
bases in batch (batch size exceeded) 25018124
bases in batch (batch size exceeded) 25004406
bases in batch (core allotment reached) 5159248
bases in batch (batch size exceeded) 25008342
bases in batch (batch size exceeded) 25012904
bases in batch (batch size exceeded) 25056580
bases in batch (batch size exceeded) 25029594
bases in batch (batch size exceeded) 25000918
bases in batch (batch size exceeded) 25000626
bases in batch (batch size exceeded) 25015952
bases in batch (core allotment reached) 5180918
bases in batch (batch size exceeded) 25044951
bases in batch (batch size exceeded) 25011268
bases in batch (batch size exceeded) 25007882
bases in batch (batch size exceeded) 25020514
bases in batch (batch size exceeded) 25000921
bases in batch (batch size exceeded) 25002875
bases in batch (batch size exceeded) 25062214
bases in batch (core allotment reached) 5157192
bases in batch (batch size exceeded) 25001667
bases in batch (batch size exceeded) 25035399
bases in batch (batch size exceeded) 25012223
bases in batch (batch size exceeded) 25009085
bases in batch (batch size exceeded) 25007098
bases in batch (batch size exceeded) 25005534
bases in batch (batch size exceeded) 25013359
bases in batch (core allotment reached) 5218168
bases in batch (batch size exceeded) 25028619
bases in batch (batch size exceeded) 25057763
bases in batch (batch size exceeded) 25014759
bases in batch (batch size exceeded) 25006975
bases in batch (batch size exceeded) 25004002
bases in batch (batch size exceeded) 25011051
bases in batch (batch size exceeded) 25045443
bases in batch (core allotment reached) 5132729
bases in batch (batch size exceeded) 25003316
bases in batch (batch size exceeded) 25000400
bases in batch (batch size exceeded) 25006282
bases in batch (batch size exceeded) 25004673
bases in batch (batch size exceeded) 25010603
bases in batch (batch size exceeded) 25043038
bases in batch (batch size exceeded) 25005625
bases in batch (core allotment reached) 5226398
bases in batch (batch size exceeded) 25020424
bases in batch (batch size exceeded) 25008038
bases in batch (batch size exceeded) 25013418
bases in batch (batch size exceeded) 25029996
bases in batch (batch size exceeded) 25002127
bases in batch (batch size exceeded) 25066056
bases in batch (batch size exceeded) 25002554
bases in batch (core allotment reached) 5170188
bases in batch (batch size exceeded) 25009358
bases in batch (batch size exceeded) 25046822
bases in batch (batch size exceeded) 25007735
bases in batch (batch size exceeded) 25003311
bases in batch (batch size exceeded) 25000304
bases in batch (batch size exceeded) 25022527
bases in batch (batch size exceeded) 25039756
bases in batch (core allotment reached) 5185705
bases in batch (batch size exceeded) 25009784
bases in batch (batch size exceeded) 25073868
bases in batch (batch size exceeded) 25012491
bases in batch (batch size exceeded) 25068669
bases in batch (batch size exceeded) 25023471
bases in batch (batch size exceeded) 25002078
bases in batch (batch size exceeded) 25003095
bases in batch (core allotment reached) 5206467
bases in batch (batch size exceeded) 25018193
bases in batch (batch size exceeded) 25016431
bases in batch (batch size exceeded) 25044952
bases in batch (batch size exceeded) 25013451
bases in batch (batch size exceeded) 25000190
bases in batch (batch size exceeded) 25002670
bases in batch (batch size exceeded) 25046434
bases in batch (core allotment reached) 5168446
bases in batch (batch size exceeded) 25018303
bases in batch (batch size exceeded) 25000256
bases in batch (batch size exceeded) 25025835
bases in batch (batch size exceeded) 25002010
bases in batch (batch size exceeded) 25002951
bases in batch (batch size exceeded) 25032296
bases in batch (batch size exceeded) 25003125
bases in batch (core allotment reached) 5225293
bases in batch (batch size exceeded) 25024881
bases in batch (batch size exceeded) 25013044
bases in batch (batch size exceeded) 25030352
bases in batch (batch size exceeded) 25039116
bases in batch (batch size exceeded) 25002514
bases in batch (batch size exceeded) 25006303
bases in batch (batch size exceeded) 25002903
bases in batch (core allotment reached) 5189483
bases in batch (batch size exceeded) 25005871
bases in batch (batch size exceeded) 25013563
bases in batch (batch size exceeded) 25002346
bases in batch (batch size exceeded) 25015650
bases in batch (batch size exceeded) 25000389
bases in batch (batch size exceeded) 25058530
bases in batch (batch size exceeded) 25003132
bases in batch (core allotment reached) 5248464
bases in batch (batch size exceeded) 25032473
bases in batch (batch size exceeded) 25006014
bases in batch (batch size exceeded) 25001369
bases in batch (batch size exceeded) 25038219
bases in batch (batch size exceeded) 25013230
bases in batch (batch size exceeded) 25000862
bases in batch (batch size exceeded) 25003988
bases in batch (core allotment reached) 5209503
bases in batch (batch size exceeded) 25004676
bases in batch (batch size exceeded) 25002521
bases in batch (batch size exceeded) 25041841
bases in batch (batch size exceeded) 25001784
bases in batch (batch size exceeded) 25026854
bases in batch (batch size exceeded) 25001171
bases in batch (batch size exceeded) 25003252
bases in batch (core allotment reached) 5239230
bases in batch (batch size exceeded) 25020268
bases in batch (batch size exceeded) 25009210
bases in batch (batch size exceeded) 25004111
bases in batch (batch size exceeded) 25053836
bases in batch (batch size exceeded) 25001930
bases in batch (batch size exceeded) 25014677
bases in batch (batch size exceeded) 25009595
bases in batch (core allotment reached) 5206279
bases in batch (batch size exceeded) 25000529
bases in batch (batch size exceeded) 25043213
bases in batch (batch size exceeded) 25046089
bases in batch (batch size exceeded) 25003041
bases in batch (batch size exceeded) 25010402
bases in batch (batch size exceeded) 25002393
bases in batch (batch size exceeded) 25025340
bases in batch (core allotment reached) 5188236
bases in batch (batch size exceeded) 25011691
bases in batch (batch size exceeded) 25002073
bases in batch (batch size exceeded) 25017780
bases in batch (batch size exceeded) 25033711
bases in batch (batch size exceeded) 25000201
bases in batch (batch size exceeded) 25000280
bases in batch (batch size exceeded) 25004318
bases in batch (core allotment reached) 5329140
bases in batch (batch size exceeded) 25007499
bases in batch (batch size exceeded) 25008711
bases in batch (batch size exceeded) 25030890
bases in batch (batch size exceeded) 25019209
bases in batch (batch size exceeded) 25001427
bases in batch (batch size exceeded) 25037685
bases in batch (batch size exceeded) 25000603
bases in batch (core allotment reached) 5244029
bases in batch (batch size exceeded) 25010021
bases in batch (batch size exceeded) 25000409
bases in batch (batch size exceeded) 25029516
bases in batch (batch size exceeded) 25000070
bases in batch (batch size exceeded) 25026156
bases in batch (batch size exceeded) 25007553
bases in batch (batch size exceeded) 25019248
bases in batch (core allotment reached) 5211981
bases in batch (batch size exceeded) 25013017
bases in batch (batch size exceeded) 25005329
bases in batch (batch size exceeded) 25022796
bases in batch (batch size exceeded) 25073738
bases in batch (batch size exceeded) 25003402
bases in batch (batch size exceeded) 25016703
bases in batch (batch size exceeded) 25001939
bases in batch (core allotment reached) 5186046
bases in batch (batch size exceeded) 25011373
bases in batch (batch size exceeded) 25018515
bases in batch (batch size exceeded) 25028517
bases in batch (batch size exceeded) 25016028
bases in batch (batch size exceeded) 25017741
bases in batch (batch size exceeded) 25004844
bases in batch (batch size exceeded) 25003378
bases in batch (core allotment reached) 5200695
bases in batch (batch size exceeded) 25015253
bases in batch (batch size exceeded) 25007828
bases in batch (batch size exceeded) 25006453
bases in batch (batch size exceeded) 25013293
bases in batch (batch size exceeded) 25043831
bases in batch (batch size exceeded) 25025667
bases in batch (batch size exceeded) 25041807
bases in batch (core allotment reached) 5153879
bases in batch (batch size exceeded) 25009712
bases in batch (batch size exceeded) 25005781
bases in batch (batch size exceeded) 25000041
bases in batch (batch size exceeded) 25008952
bases in batch (batch size exceeded) 25000432
bases in batch (batch size exceeded) 25023668
bases in batch (batch size exceeded) 25008186
bases in batch (core allotment reached) 5267900
bases in batch (batch size exceeded) 25001253
bases in batch (batch size exceeded) 25001601
bases in batch (batch size exceeded) 25002676
bases in batch (batch size exceeded) 25003181
bases in batch (batch size exceeded) 25008724
bases in batch (batch size exceeded) 25002460
bases in batch (batch size exceeded) 25000239
bases in batch (core allotment reached) 5288238
bases in batch (batch size exceeded) 25014258
bases in batch (batch size exceeded) 25009540
bases in batch (batch size exceeded) 25012268
bases in batch (batch size exceeded) 25000468
bases in batch (batch size exceeded) 25000909
bases in batch (batch size exceeded) 25030348
bases in batch (batch size exceeded) 25002128
bases in batch (core allotment reached) 5236659
bases in batch (batch size exceeded) 25005224
bases in batch (batch size exceeded) 25000559
bases in batch (batch size exceeded) 25010708
bases in batch (batch size exceeded) 25065318
bases in batch (batch size exceeded) 25000856
bases in batch (batch size exceeded) 25018260
bases in batch (batch size exceeded) 25002901
bases in batch (core allotment reached) 5201094
bases in batch (batch size exceeded) 25013134
bases in batch (batch size exceeded) 25011602
bases in batch (batch size exceeded) 25003185
bases in batch (batch size exceeded) 25003156
bases in batch (batch size exceeded) 25010225
bases in batch (batch size exceeded) 25007931
bases in batch (batch size exceeded) 25000786
bases in batch (core allotment reached) 5250333
bases in batch (batch size exceeded) 25007310
bases in batch (batch size exceeded) 25026987
bases in batch (batch size exceeded) 25049676
bases in batch (batch size exceeded) 25029370
bases in batch (batch size exceeded) 25001519
bases in batch (batch size exceeded) 25005434
bases in batch (batch size exceeded) 25051667
bases in batch (core allotment reached) 5146492
bases in batch (batch size exceeded) 25002085
bases in batch (batch size exceeded) 25011721
bases in batch (batch size exceeded) 25012090
bases in batch (batch size exceeded) 25000774
bases in batch (batch size exceeded) 25015685
bases in batch (batch size exceeded) 25010663
bases in batch (batch size exceeded) 25010656
bases in batch (core allotment reached) 5244116
bases in batch (batch size exceeded) 25001725
bases in batch (batch size exceeded) 25001991
bases in batch (batch size exceeded) 25013771
bases in batch (batch size exceeded) 25011306
bases in batch (batch size exceeded) 25018129
bases in batch (batch size exceeded) 25060558
bases in batch (batch size exceeded) 25000487
bases in batch (last for core) 4617666
Starting up parallel processes, tasklist took 26.29591464996338
Starting merge, parallel processing took 338.8097834587097
bigwig
Merge took 672.0902256965637

