chrX:0-154259566
histone3_chrX
bases in batch (batch size exceeded) 25019865
bases in batch (batch size exceeded) 25003333
bases in batch (batch size exceeded) 25003031
bases in batch (batch size exceeded) 25013704
bases in batch (batch size exceeded) 25026067
bases in batch (batch size exceeded) 25020923
bases in batch (batch size exceeded) 25005326
bases in batch (core allotment reached) 18555634
bases in batch (batch size exceeded) 25001068
bases in batch (batch size exceeded) 25002990
bases in batch (batch size exceeded) 25000216
bases in batch (batch size exceeded) 25016644
bases in batch (batch size exceeded) 25026417
bases in batch (batch size exceeded) 25021726
bases in batch (batch size exceeded) 25021794
bases in batch (core allotment reached) 18567464
bases in batch (batch size exceeded) 25014299
bases in batch (batch size exceeded) 25019378
bases in batch (batch size exceeded) 25007191
bases in batch (batch size exceeded) 25021927
bases in batch (batch size exceeded) 25006082
bases in batch (batch size exceeded) 25002617
bases in batch (batch size exceeded) 25015364
bases in batch (core allotment reached) 18569060
bases in batch (batch size exceeded) 25000341
bases in batch (batch size exceeded) 25011249
bases in batch (batch size exceeded) 25018067
bases in batch (batch size exceeded) 25006876
bases in batch (batch size exceeded) 25000249
bases in batch (batch size exceeded) 25000608
bases in batch (batch size exceeded) 25003888
bases in batch (core allotment reached) 18608905
bases in batch (batch size exceeded) 25012172
bases in batch (batch size exceeded) 25048379
bases in batch (batch size exceeded) 25010803
bases in batch (batch size exceeded) 25022991
bases in batch (batch size exceeded) 25014456
bases in batch (batch size exceeded) 25000127
bases in batch (batch size exceeded) 25053129
bases in batch (core allotment reached) 18496453
bases in batch (batch size exceeded) 25049477
bases in batch (batch size exceeded) 25000609
bases in batch (batch size exceeded) 25000865
bases in batch (batch size exceeded) 25015208
bases in batch (batch size exceeded) 25000538
bases in batch (batch size exceeded) 25009117
bases in batch (batch size exceeded) 25008888
bases in batch (core allotment reached) 18574394
bases in batch (batch size exceeded) 25015531
bases in batch (batch size exceeded) 25008313
bases in batch (batch size exceeded) 25014345
bases in batch (batch size exceeded) 25006285
bases in batch (batch size exceeded) 25000043
bases in batch (batch size exceeded) 25002840
bases in batch (batch size exceeded) 25000155
bases in batch (core allotment reached) 18621558
bases in batch (batch size exceeded) 25001669
bases in batch (batch size exceeded) 25035047
bases in batch (batch size exceeded) 25047736
bases in batch (batch size exceeded) 25008015
bases in batch (batch size exceeded) 25010789
bases in batch (batch size exceeded) 25027607
bases in batch (batch size exceeded) 25002762
bases in batch (core allotment reached) 18522552
bases in batch (batch size exceeded) 25026123
bases in batch (batch size exceeded) 25001780
bases in batch (batch size exceeded) 25012594
bases in batch (batch size exceeded) 25026880
bases in batch (batch size exceeded) 25000211
bases in batch (batch size exceeded) 25007412
bases in batch (batch size exceeded) 25000772
bases in batch (core allotment reached) 18572119
bases in batch (batch size exceeded) 25019464
bases in batch (batch size exceeded) 25002328
bases in batch (batch size exceeded) 25004237
bases in batch (batch size exceeded) 25016120
bases in batch (batch size exceeded) 25004844
bases in batch (batch size exceeded) 25035782
bases in batch (batch size exceeded) 25025742
bases in batch (core allotment reached) 18541208
bases in batch (batch size exceeded) 25041544
bases in batch (batch size exceeded) 25028902
bases in batch (batch size exceeded) 25010321
bases in batch (batch size exceeded) 25000724
bases in batch (batch size exceeded) 25001277
bases in batch (batch size exceeded) 25031859
bases in batch (batch size exceeded) 25019605
bases in batch (core allotment reached) 18601234
bases in batch (batch size exceeded) 25050541
bases in batch (batch size exceeded) 25060819
bases in batch (batch size exceeded) 25072278
bases in batch (batch size exceeded) 25003846
bases in batch (batch size exceeded) 25036194
bases in batch (batch size exceeded) 25003452
bases in batch (batch size exceeded) 25071847
bases in batch (core allotment reached) 18364381
bases in batch (batch size exceeded) 25005608
bases in batch (batch size exceeded) 25011034
bases in batch (batch size exceeded) 25009798
bases in batch (batch size exceeded) 25000799
bases in batch (batch size exceeded) 25015689
bases in batch (batch size exceeded) 25002211
bases in batch (batch size exceeded) 25036977
bases in batch (core allotment reached) 18564671
bases in batch (batch size exceeded) 25015473
bases in batch (batch size exceeded) 25012843
bases in batch (batch size exceeded) 25014506
bases in batch (batch size exceeded) 25025935
bases in batch (batch size exceeded) 25027224
bases in batch (batch size exceeded) 25007384
bases in batch (batch size exceeded) 25001783
bases in batch (core allotment reached) 18543284
bases in batch (batch size exceeded) 25036206
bases in batch (batch size exceeded) 25022888
bases in batch (batch size exceeded) 25002457
bases in batch (batch size exceeded) 25020443
bases in batch (batch size exceeded) 25036094
bases in batch (batch size exceeded) 25014913
bases in batch (batch size exceeded) 25013395
bases in batch (core allotment reached) 18500234
bases in batch (batch size exceeded) 25012700
bases in batch (batch size exceeded) 25017520
bases in batch (batch size exceeded) 25009153
bases in batch (batch size exceeded) 25014978
bases in batch (batch size exceeded) 25007014
bases in batch (batch size exceeded) 25000682
bases in batch (batch size exceeded) 25000827
bases in batch (core allotment reached) 18590338
bases in batch (batch size exceeded) 25004780
bases in batch (batch size exceeded) 25027275
bases in batch (batch size exceeded) 25014614
bases in batch (batch size exceeded) 25119581
bases in batch (batch size exceeded) 25035932
bases in batch (batch size exceeded) 25007819
bases in batch (batch size exceeded) 25001703
bases in batch (core allotment reached) 18498987
bases in batch (batch size exceeded) 25007594
bases in batch (batch size exceeded) 25029403
bases in batch (batch size exceeded) 25048456
bases in batch (batch size exceeded) 25001425
bases in batch (batch size exceeded) 25013260
bases in batch (batch size exceeded) 25026671
bases in batch (batch size exceeded) 25005331
bases in batch (core allotment reached) 18522275
bases in batch (batch size exceeded) 25034974
bases in batch (batch size exceeded) 25001493
bases in batch (batch size exceeded) 25012523
bases in batch (batch size exceeded) 25036477
bases in batch (batch size exceeded) 25041968
bases in batch (batch size exceeded) 25005101
bases in batch (batch size exceeded) 25017861
bases in batch (core allotment reached) 18496553
bases in batch (batch size exceeded) 25078596
bases in batch (batch size exceeded) 25006159
bases in batch (batch size exceeded) 25043963
bases in batch (batch size exceeded) 25045797
bases in batch (batch size exceeded) 25001097
bases in batch (batch size exceeded) 25044436
bases in batch (batch size exceeded) 25047105
bases in batch (core allotment reached) 18380653
bases in batch (batch size exceeded) 25003106
bases in batch (batch size exceeded) 25000739
bases in batch (batch size exceeded) 25001636
bases in batch (batch size exceeded) 25019718
bases in batch (batch size exceeded) 25007739
bases in batch (batch size exceeded) 25003053
bases in batch (batch size exceeded) 25026130
bases in batch (core allotment reached) 18587046
bases in batch (batch size exceeded) 25003848
bases in batch (batch size exceeded) 25010762
bases in batch (batch size exceeded) 25003567
bases in batch (batch size exceeded) 25006389
bases in batch (batch size exceeded) 25018844
bases in batch (batch size exceeded) 25007433
bases in batch (batch size exceeded) 25008953
bases in batch (core allotment reached) 18594504
bases in batch (batch size exceeded) 25005788
bases in batch (batch size exceeded) 25012095
bases in batch (batch size exceeded) 25010159
bases in batch (batch size exceeded) 25021115
bases in batch (batch size exceeded) 25064679
bases in batch (batch size exceeded) 25000509
bases in batch (batch size exceeded) 25001286
bases in batch (core allotment reached) 18538414
bases in batch (batch size exceeded) 25004276
bases in batch (batch size exceeded) 25012029
bases in batch (batch size exceeded) 25004349
bases in batch (batch size exceeded) 25028861
bases in batch (batch size exceeded) 25019481
bases in batch (batch size exceeded) 25016237
bases in batch (batch size exceeded) 25020165
bases in batch (core allotment reached) 18543374
bases in batch (batch size exceeded) 25003684
bases in batch (batch size exceeded) 25011957
bases in batch (batch size exceeded) 25022904
bases in batch (batch size exceeded) 25030353
bases in batch (batch size exceeded) 25003909
bases in batch (batch size exceeded) 25040389
bases in batch (batch size exceeded) 25005845
bases in batch (core allotment reached) 18601723
bases in batch (batch size exceeded) 25000667
bases in batch (batch size exceeded) 25015455
bases in batch (batch size exceeded) 25008544
bases in batch (batch size exceeded) 25008484
bases in batch (batch size exceeded) 25000683
bases in batch (batch size exceeded) 25014673
bases in batch (batch size exceeded) 25054350
bases in batch (core allotment reached) 18545389
bases in batch (batch size exceeded) 25021617
bases in batch (batch size exceeded) 25002290
bases in batch (batch size exceeded) 25005395
bases in batch (batch size exceeded) 25017978
bases in batch (batch size exceeded) 25004088
bases in batch (batch size exceeded) 25036342
bases in batch (batch size exceeded) 25000297
bases in batch (core allotment reached) 18567585
bases in batch (batch size exceeded) 25026101
bases in batch (batch size exceeded) 25011765
bases in batch (batch size exceeded) 25017486
bases in batch (batch size exceeded) 25006905
bases in batch (batch size exceeded) 25005156
bases in batch (batch size exceeded) 25001872
bases in batch (batch size exceeded) 25006772
bases in batch (core allotment reached) 18590993
bases in batch (batch size exceeded) 25020414
bases in batch (batch size exceeded) 25007072
bases in batch (batch size exceeded) 25009063
bases in batch (batch size exceeded) 25001508
bases in batch (batch size exceeded) 25027325
bases in batch (batch size exceeded) 25007316
bases in batch (batch size exceeded) 25044740
bases in batch (core allotment reached) 18533528
bases in batch (batch size exceeded) 25015489
bases in batch (batch size exceeded) 25019959
bases in batch (batch size exceeded) 25073336
bases in batch (batch size exceeded) 25002825
bases in batch (batch size exceeded) 25003801
bases in batch (batch size exceeded) 25010843
bases in batch (batch size exceeded) 25000672
bases in batch (core allotment reached) 18520708
bases in batch (batch size exceeded) 25003799
bases in batch (batch size exceeded) 25025478
bases in batch (batch size exceeded) 25007498
bases in batch (batch size exceeded) 25033424
bases in batch (batch size exceeded) 25009097
bases in batch (batch size exceeded) 25007440
bases in batch (batch size exceeded) 25003855
bases in batch (core allotment reached) 18560661
bases in batch (batch size exceeded) 25013445
bases in batch (batch size exceeded) 25018154
bases in batch (batch size exceeded) 25000849
bases in batch (batch size exceeded) 25000289
bases in batch (batch size exceeded) 25002432
bases in batch (batch size exceeded) 25027815
bases in batch (batch size exceeded) 25003003
bases in batch (last for core) 18168942
Starting up parallel processes, tasklist took 27.101993322372437
Starting merge, parallel processing took 519.3340280056
bigwig
Merge took 748.0583560466766

