chr7:0-160567428
histone2_chr7
bases in batch (batch size exceeded) 25026865
bases in batch (batch size exceeded) 25016494
bases in batch (batch size exceeded) 25024282
bases in batch (batch size exceeded) 25019570
bases in batch (batch size exceeded) 25005993
bases in batch (batch size exceeded) 25013146
bases in batch (batch size exceeded) 25001178
bases in batch (batch size exceeded) 25008950
bases in batch (core allotment reached) 231396
bases in batch (batch size exceeded) 25034055
bases in batch (batch size exceeded) 25016662
bases in batch (batch size exceeded) 25003227
bases in batch (batch size exceeded) 25008296
bases in batch (batch size exceeded) 25019833
bases in batch (batch size exceeded) 25001028
bases in batch (batch size exceeded) 25004154
bases in batch (batch size exceeded) 25060593
bases in batch (core allotment reached) 202314
bases in batch (batch size exceeded) 25001935
bases in batch (batch size exceeded) 25007305
bases in batch (batch size exceeded) 25015055
bases in batch (batch size exceeded) 25025598
bases in batch (batch size exceeded) 25004753
bases in batch (batch size exceeded) 25008397
bases in batch (batch size exceeded) 25003829
bases in batch (batch size exceeded) 25003475
bases in batch (core allotment reached) 316935
bases in batch (batch size exceeded) 25013821
bases in batch (batch size exceeded) 25000020
bases in batch (batch size exceeded) 25012017
bases in batch (batch size exceeded) 25004800
bases in batch (batch size exceeded) 25013012
bases in batch (batch size exceeded) 25002171
bases in batch (batch size exceeded) 25030076
bases in batch (batch size exceeded) 25001323
bases in batch (core allotment reached) 273809
bases in batch (batch size exceeded) 25001724
bases in batch (batch size exceeded) 25018301
bases in batch (batch size exceeded) 25041695
bases in batch (batch size exceeded) 25014718
bases in batch (batch size exceeded) 25018227
bases in batch (batch size exceeded) 25007946
bases in batch (batch size exceeded) 25004738
bases in batch (batch size exceeded) 25001923
bases in batch (core allotment reached) 272512
bases in batch (batch size exceeded) 25079259
bases in batch (batch size exceeded) 25009233
bases in batch (batch size exceeded) 25035615
bases in batch (batch size exceeded) 25005196
bases in batch (batch size exceeded) 25001936
bases in batch (batch size exceeded) 25002166
bases in batch (batch size exceeded) 25000562
bases in batch (batch size exceeded) 25002902
bases in batch (core allotment reached) 216142
bases in batch (batch size exceeded) 25016312
bases in batch (batch size exceeded) 25005382
bases in batch (batch size exceeded) 25009326
bases in batch (batch size exceeded) 25026894
bases in batch (batch size exceeded) 25009570
bases in batch (batch size exceeded) 25000264
bases in batch (batch size exceeded) 25001993
bases in batch (batch size exceeded) 25016420
bases in batch (core allotment reached) 305573
bases in batch (batch size exceeded) 25025230
bases in batch (batch size exceeded) 25082287
bases in batch (batch size exceeded) 25002426
bases in batch (batch size exceeded) 25008420
bases in batch (batch size exceeded) 25014694
bases in batch (batch size exceeded) 25022078
bases in batch (batch size exceeded) 25016437
bases in batch (batch size exceeded) 25011616
bases in batch (core allotment reached) 168662
bases in batch (batch size exceeded) 25038931
bases in batch (batch size exceeded) 25009071
bases in batch (batch size exceeded) 25006821
bases in batch (batch size exceeded) 25012488
bases in batch (batch size exceeded) 25004843
bases in batch (batch size exceeded) 25017697
bases in batch (batch size exceeded) 25010852
bases in batch (batch size exceeded) 25000977
bases in batch (core allotment reached) 292511
bases in batch (batch size exceeded) 25020469
bases in batch (batch size exceeded) 25027519
bases in batch (batch size exceeded) 25002563
bases in batch (batch size exceeded) 25004917
bases in batch (batch size exceeded) 25001705
bases in batch (batch size exceeded) 25056134
bases in batch (batch size exceeded) 25010105
bases in batch (batch size exceeded) 25026222
bases in batch (core allotment reached) 198985
bases in batch (batch size exceeded) 25004761
bases in batch (batch size exceeded) 25000036
bases in batch (batch size exceeded) 25011146
bases in batch (batch size exceeded) 25009807
bases in batch (batch size exceeded) 25060614
bases in batch (batch size exceeded) 25031675
bases in batch (batch size exceeded) 25020058
bases in batch (batch size exceeded) 25021050
bases in batch (core allotment reached) 214824
bases in batch (batch size exceeded) 25037660
bases in batch (batch size exceeded) 25001815
bases in batch (batch size exceeded) 25047217
bases in batch (batch size exceeded) 25005713
bases in batch (batch size exceeded) 25010440
bases in batch (batch size exceeded) 25000113
bases in batch (batch size exceeded) 25020865
bases in batch (batch size exceeded) 25038023
bases in batch (core allotment reached) 203608
bases in batch (batch size exceeded) 25000330
bases in batch (batch size exceeded) 25001588
bases in batch (batch size exceeded) 25008849
bases in batch (batch size exceeded) 25001428
bases in batch (batch size exceeded) 25000507
bases in batch (batch size exceeded) 25006350
bases in batch (batch size exceeded) 25000187
bases in batch (batch size exceeded) 25007520
bases in batch (core allotment reached) 333672
bases in batch (batch size exceeded) 25000031
bases in batch (batch size exceeded) 25000213
bases in batch (batch size exceeded) 25009037
bases in batch (batch size exceeded) 25000260
bases in batch (batch size exceeded) 25005130
bases in batch (batch size exceeded) 25000105
bases in batch (batch size exceeded) 25001418
bases in batch (batch size exceeded) 25017945
bases in batch (core allotment reached) 314716
bases in batch (batch size exceeded) 25001291
bases in batch (batch size exceeded) 25000616
bases in batch (batch size exceeded) 25001186
bases in batch (batch size exceeded) 25048357
bases in batch (batch size exceeded) 25005721
bases in batch (batch size exceeded) 25003981
bases in batch (batch size exceeded) 25000199
bases in batch (batch size exceeded) 25025445
bases in batch (core allotment reached) 281183
bases in batch (batch size exceeded) 25029127
bases in batch (batch size exceeded) 25000856
bases in batch (batch size exceeded) 25025685
bases in batch (batch size exceeded) 25018974
bases in batch (batch size exceeded) 25002591
bases in batch (batch size exceeded) 25011690
bases in batch (batch size exceeded) 25006163
bases in batch (batch size exceeded) 25000593
bases in batch (core allotment reached) 288667
bases in batch (batch size exceeded) 25000129
bases in batch (batch size exceeded) 25064977
bases in batch (batch size exceeded) 25001055
bases in batch (batch size exceeded) 25001275
bases in batch (batch size exceeded) 25023344
bases in batch (batch size exceeded) 25002140
bases in batch (batch size exceeded) 25031401
bases in batch (batch size exceeded) 25009451
bases in batch (core allotment reached) 217912
bases in batch (batch size exceeded) 25020140
bases in batch (batch size exceeded) 25044708
bases in batch (batch size exceeded) 25004411
bases in batch (batch size exceeded) 25003047
bases in batch (batch size exceeded) 25021572
bases in batch (batch size exceeded) 25020227
bases in batch (batch size exceeded) 25034814
bases in batch (batch size exceeded) 25005429
bases in batch (core allotment reached) 193844
bases in batch (batch size exceeded) 25009564
bases in batch (batch size exceeded) 25005033
bases in batch (batch size exceeded) 25004522
bases in batch (batch size exceeded) 25015256
bases in batch (batch size exceeded) 25003665
bases in batch (batch size exceeded) 25003016
bases in batch (batch size exceeded) 25005148
bases in batch (batch size exceeded) 25006973
bases in batch (core allotment reached) 301229
bases in batch (batch size exceeded) 25009833
bases in batch (batch size exceeded) 25002927
bases in batch (batch size exceeded) 25000617
bases in batch (batch size exceeded) 25031904
bases in batch (batch size exceeded) 25007534
bases in batch (batch size exceeded) 25039024
bases in batch (batch size exceeded) 25006947
bases in batch (batch size exceeded) 25001590
bases in batch (core allotment reached) 261236
bases in batch (batch size exceeded) 25000581
bases in batch (batch size exceeded) 25021082
bases in batch (batch size exceeded) 25005240
bases in batch (batch size exceeded) 25004227
bases in batch (batch size exceeded) 25000542
bases in batch (batch size exceeded) 25003979
bases in batch (batch size exceeded) 25010951
bases in batch (batch size exceeded) 25026704
bases in batch (core allotment reached) 274639
bases in batch (batch size exceeded) 25015804
bases in batch (batch size exceeded) 25005963
bases in batch (batch size exceeded) 25031137
bases in batch (batch size exceeded) 25006508
bases in batch (batch size exceeded) 25076442
bases in batch (batch size exceeded) 25000866
bases in batch (batch size exceeded) 25010045
bases in batch (batch size exceeded) 25000472
bases in batch (core allotment reached) 220237
bases in batch (batch size exceeded) 25004091
bases in batch (batch size exceeded) 25015582
bases in batch (batch size exceeded) 25000132
bases in batch (batch size exceeded) 25009583
bases in batch (batch size exceeded) 25008673
bases in batch (batch size exceeded) 25014855
bases in batch (batch size exceeded) 25024623
bases in batch (batch size exceeded) 25041161
bases in batch (core allotment reached) 233508
bases in batch (batch size exceeded) 25014517
bases in batch (batch size exceeded) 25044517
bases in batch (batch size exceeded) 25008292
bases in batch (batch size exceeded) 25005356
bases in batch (batch size exceeded) 25042098
bases in batch (batch size exceeded) 25001973
bases in batch (batch size exceeded) 25088425
bases in batch (batch size exceeded) 25000316
bases in batch (core allotment reached) 144840
bases in batch (batch size exceeded) 25001367
bases in batch (batch size exceeded) 25004124
bases in batch (batch size exceeded) 25015312
bases in batch (batch size exceeded) 25011987
bases in batch (batch size exceeded) 25025745
bases in batch (batch size exceeded) 25021792
bases in batch (batch size exceeded) 25005244
bases in batch (batch size exceeded) 25000468
bases in batch (core allotment reached) 261998
bases in batch (batch size exceeded) 25002314
bases in batch (batch size exceeded) 25036256
bases in batch (batch size exceeded) 25002089
bases in batch (batch size exceeded) 25000281
bases in batch (batch size exceeded) 25006623
bases in batch (batch size exceeded) 25010193
bases in batch (batch size exceeded) 25018361
bases in batch (batch size exceeded) 25005424
bases in batch (core allotment reached) 295223
bases in batch (batch size exceeded) 25005466
bases in batch (batch size exceeded) 25003333
bases in batch (batch size exceeded) 25001529
bases in batch (batch size exceeded) 25014133
bases in batch (batch size exceeded) 25027585
bases in batch (batch size exceeded) 25014104
bases in batch (batch size exceeded) 25002764
bases in batch (batch size exceeded) 25005444
bases in batch (core allotment reached) 317071
bases in batch (batch size exceeded) 25010439
bases in batch (batch size exceeded) 25000838
bases in batch (batch size exceeded) 25008282
bases in batch (batch size exceeded) 25038900
bases in batch (batch size exceeded) 25013190
bases in batch (batch size exceeded) 25012927
bases in batch (batch size exceeded) 25023216
bases in batch (batch size exceeded) 25001189
bases in batch (core allotment reached) 255572
bases in batch (batch size exceeded) 25080288
bases in batch (batch size exceeded) 25006859
bases in batch (batch size exceeded) 25002227
bases in batch (batch size exceeded) 25060151
bases in batch (batch size exceeded) 25009180
bases in batch (batch size exceeded) 25000083
bases in batch (batch size exceeded) 25000257
bases in batch (batch size exceeded) 25013149
bases in batch (core allotment reached) 186693
bases in batch (batch size exceeded) 25003332
bases in batch (batch size exceeded) 25020013
bases in batch (batch size exceeded) 25003484
bases in batch (batch size exceeded) 25020582
bases in batch (batch size exceeded) 25005180
bases in batch (batch size exceeded) 25038842
bases in batch (batch size exceeded) 25037044
bases in batch (batch size exceeded) 25009009
bases in batch (core allotment reached) 228880
bases in batch (batch size exceeded) 25004769
bases in batch (batch size exceeded) 25029380
bases in batch (batch size exceeded) 25017207
bases in batch (batch size exceeded) 25009832
bases in batch (batch size exceeded) 25043649
bases in batch (batch size exceeded) 25004546
bases in batch (batch size exceeded) 25005312
bases in batch (batch size exceeded) 25018986
bases in batch (core allotment reached) 267517
bases in batch (batch size exceeded) 25002331
bases in batch (batch size exceeded) 25025939
bases in batch (batch size exceeded) 25012066
bases in batch (batch size exceeded) 25003861
bases in batch (batch size exceeded) 25051761
bases in batch (batch size exceeded) 25015605
bases in batch (batch size exceeded) 25000912
bases in batch (last for core) 24708571
Starting up parallel processes, tasklist took 26.324110507965088
Starting merge, parallel processing took 356.663414478302
bigwig
Merge took 762.2223660945892

