chr10:0-134758134
histone2_chr10
bases in batch (batch size exceeded) 25029133
bases in batch (batch size exceeded) 25009373
bases in batch (batch size exceeded) 25026072
bases in batch (batch size exceeded) 25007651
bases in batch (batch size exceeded) 25008112
bases in batch (batch size exceeded) 25007080
bases in batch (core allotment reached) 21567721
bases in batch (batch size exceeded) 25001003
bases in batch (batch size exceeded) 25006620
bases in batch (batch size exceeded) 25001497
bases in batch (batch size exceeded) 25002475
bases in batch (batch size exceeded) 25022058
bases in batch (batch size exceeded) 25001745
bases in batch (core allotment reached) 21603621
bases in batch (batch size exceeded) 25002563
bases in batch (batch size exceeded) 25020960
bases in batch (batch size exceeded) 25020452
bases in batch (batch size exceeded) 25005006
bases in batch (batch size exceeded) 25012746
bases in batch (batch size exceeded) 25010228
bases in batch (core allotment reached) 21562603
bases in batch (batch size exceeded) 25004720
bases in batch (batch size exceeded) 25011435
bases in batch (batch size exceeded) 25042931
bases in batch (batch size exceeded) 25010183
bases in batch (batch size exceeded) 25013357
bases in batch (batch size exceeded) 25018387
bases in batch (core allotment reached) 21540258
bases in batch (batch size exceeded) 25000848
bases in batch (batch size exceeded) 25031941
bases in batch (batch size exceeded) 25039183
bases in batch (batch size exceeded) 25008347
bases in batch (batch size exceeded) 25032884
bases in batch (batch size exceeded) 25002915
bases in batch (core allotment reached) 21520438
bases in batch (batch size exceeded) 25010812
bases in batch (batch size exceeded) 25000051
bases in batch (batch size exceeded) 25009759
bases in batch (batch size exceeded) 25009572
bases in batch (batch size exceeded) 25035501
bases in batch (batch size exceeded) 25034748
bases in batch (core allotment reached) 21534372
bases in batch (batch size exceeded) 25023739
bases in batch (batch size exceeded) 25000167
bases in batch (batch size exceeded) 25007186
bases in batch (batch size exceeded) 25070959
bases in batch (batch size exceeded) 25016089
bases in batch (batch size exceeded) 25019762
bases in batch (core allotment reached) 21498378
bases in batch (batch size exceeded) 25000394
bases in batch (batch size exceeded) 25002068
bases in batch (batch size exceeded) 25015472
bases in batch (batch size exceeded) 25062271
bases in batch (batch size exceeded) 25002066
bases in batch (batch size exceeded) 25011043
bases in batch (core allotment reached) 21550974
bases in batch (batch size exceeded) 25006958
bases in batch (batch size exceeded) 25050267
bases in batch (batch size exceeded) 25001406
bases in batch (batch size exceeded) 25029415
bases in batch (batch size exceeded) 25013375
bases in batch (batch size exceeded) 25031657
bases in batch (core allotment reached) 21505465
bases in batch (batch size exceeded) 25012075
bases in batch (batch size exceeded) 25016432
bases in batch (batch size exceeded) 25009401
bases in batch (batch size exceeded) 25020657
bases in batch (batch size exceeded) 25001998
bases in batch (batch size exceeded) 25008459
bases in batch (core allotment reached) 21742225
bases in batch (batch size exceeded) 25006476
bases in batch (batch size exceeded) 25009917
bases in batch (batch size exceeded) 25009841
bases in batch (batch size exceeded) 25003668
bases in batch (batch size exceeded) 25033698
bases in batch (batch size exceeded) 25062872
bases in batch (core allotment reached) 21561071
bases in batch (batch size exceeded) 25018144
bases in batch (batch size exceeded) 25042114
bases in batch (batch size exceeded) 25006012
bases in batch (batch size exceeded) 25027253
bases in batch (batch size exceeded) 25000939
bases in batch (batch size exceeded) 25052625
bases in batch (core allotment reached) 21494474
bases in batch (batch size exceeded) 25036212
bases in batch (batch size exceeded) 25015311
bases in batch (batch size exceeded) 25002296
bases in batch (batch size exceeded) 25007568
bases in batch (batch size exceeded) 25019264
bases in batch (batch size exceeded) 25011212
bases in batch (core allotment reached) 21554880
bases in batch (batch size exceeded) 25002792
bases in batch (batch size exceeded) 25019676
bases in batch (batch size exceeded) 25036125
bases in batch (batch size exceeded) 25000195
bases in batch (batch size exceeded) 25048017
bases in batch (batch size exceeded) 25010534
bases in batch (core allotment reached) 21538947
bases in batch (batch size exceeded) 25005840
bases in batch (batch size exceeded) 25021265
bases in batch (batch size exceeded) 25027404
bases in batch (batch size exceeded) 25004259
bases in batch (batch size exceeded) 25020821
bases in batch (batch size exceeded) 25006929
bases in batch (core allotment reached) 21551281
bases in batch (batch size exceeded) 25011911
bases in batch (batch size exceeded) 25042707
bases in batch (batch size exceeded) 25014127
bases in batch (batch size exceeded) 25005768
bases in batch (batch size exceeded) 25021089
bases in batch (batch size exceeded) 25019183
bases in batch (core allotment reached) 21565572
bases in batch (batch size exceeded) 25015572
bases in batch (batch size exceeded) 25007683
bases in batch (batch size exceeded) 25001644
bases in batch (batch size exceeded) 25052421
bases in batch (batch size exceeded) 25017842
bases in batch (batch size exceeded) 25024064
bases in batch (core allotment reached) 21516018
bases in batch (batch size exceeded) 25002410
bases in batch (batch size exceeded) 25012980
bases in batch (batch size exceeded) 25001136
bases in batch (batch size exceeded) 25008721
bases in batch (batch size exceeded) 25008028
bases in batch (batch size exceeded) 25033381
bases in batch (core allotment reached) 21600792
bases in batch (batch size exceeded) 25000404
bases in batch (batch size exceeded) 25001219
bases in batch (batch size exceeded) 25009591
bases in batch (batch size exceeded) 25010479
bases in batch (batch size exceeded) 25035325
bases in batch (batch size exceeded) 25003013
bases in batch (core allotment reached) 21590826
bases in batch (batch size exceeded) 25003966
bases in batch (batch size exceeded) 25001500
bases in batch (batch size exceeded) 25001861
bases in batch (batch size exceeded) 25002068
bases in batch (batch size exceeded) 25029628
bases in batch (batch size exceeded) 25020650
bases in batch (core allotment reached) 21585978
bases in batch (batch size exceeded) 25012123
bases in batch (batch size exceeded) 25028614
bases in batch (batch size exceeded) 25036642
bases in batch (batch size exceeded) 25008378
bases in batch (batch size exceeded) 25011803
bases in batch (batch size exceeded) 25003075
bases in batch (core allotment reached) 21535501
bases in batch (batch size exceeded) 25002336
bases in batch (batch size exceeded) 25011818
bases in batch (batch size exceeded) 25034501
bases in batch (batch size exceeded) 25006693
bases in batch (batch size exceeded) 25029398
bases in batch (batch size exceeded) 25028382
bases in batch (core allotment reached) 21523570
bases in batch (batch size exceeded) 25012532
bases in batch (batch size exceeded) 25001204
bases in batch (batch size exceeded) 25004808
bases in batch (batch size exceeded) 25007532
bases in batch (batch size exceeded) 25006473
bases in batch (batch size exceeded) 25035323
bases in batch (core allotment reached) 21585892
bases in batch (batch size exceeded) 25029057
bases in batch (batch size exceeded) 25011731
bases in batch (batch size exceeded) 25008060
bases in batch (batch size exceeded) 25000028
bases in batch (batch size exceeded) 25000095
bases in batch (batch size exceeded) 25020696
bases in batch (core allotment reached) 21565611
bases in batch (batch size exceeded) 25004048
bases in batch (batch size exceeded) 25013113
bases in batch (batch size exceeded) 25006206
bases in batch (batch size exceeded) 25013756
bases in batch (batch size exceeded) 25031518
bases in batch (batch size exceeded) 25004600
bases in batch (core allotment reached) 21576022
bases in batch (batch size exceeded) 25011946
bases in batch (batch size exceeded) 25068350
bases in batch (batch size exceeded) 25001199
bases in batch (batch size exceeded) 25019131
bases in batch (batch size exceeded) 25007797
bases in batch (batch size exceeded) 25002201
bases in batch (core allotment reached) 21546590
bases in batch (batch size exceeded) 25013539
bases in batch (batch size exceeded) 25000775
bases in batch (batch size exceeded) 25002109
bases in batch (batch size exceeded) 25002896
bases in batch (batch size exceeded) 25011008
bases in batch (batch size exceeded) 25033184
bases in batch (core allotment reached) 21575037
bases in batch (batch size exceeded) 25001241
bases in batch (batch size exceeded) 25001025
bases in batch (batch size exceeded) 25004343
bases in batch (batch size exceeded) 25049535
bases in batch (batch size exceeded) 25013873
bases in batch (batch size exceeded) 25000208
bases in batch (core allotment reached) 21564761
bases in batch (batch size exceeded) 25000902
bases in batch (batch size exceeded) 25006137
bases in batch (batch size exceeded) 25004100
bases in batch (batch size exceeded) 25022797
bases in batch (batch size exceeded) 25020759
bases in batch (batch size exceeded) 25018694
bases in batch (core allotment reached) 21587339
bases in batch (batch size exceeded) 25017572
bases in batch (batch size exceeded) 25001214
bases in batch (batch size exceeded) 25020227
bases in batch (batch size exceeded) 25010919
bases in batch (batch size exceeded) 25009616
bases in batch (batch size exceeded) 25009352
bases in batch (core allotment reached) 21574144
bases in batch (batch size exceeded) 25002310
bases in batch (batch size exceeded) 25011479
bases in batch (batch size exceeded) 25064670
bases in batch (batch size exceeded) 25008018
bases in batch (batch size exceeded) 25002275
bases in batch (batch size exceeded) 25025041
bases in batch (core allotment reached) 21529833
bases in batch (batch size exceeded) 25006016
bases in batch (batch size exceeded) 25001797
bases in batch (batch size exceeded) 25018569
bases in batch (batch size exceeded) 25005099
bases in batch (batch size exceeded) 25009847
bases in batch (batch size exceeded) 25001442
bases in batch (last for core) 21047088
Starting up parallel processes, tasklist took 23.740534782409668
Starting merge, parallel processing took 310.74323534965515
bigwig
Merge took 665.2227811813354

