chr21:0-45090682
histone3_chr21
bases in batch (core allotment reached) 61272736
bases in batch (core allotment reached) 61298510
bases in batch (core allotment reached) 61274656
bases in batch (core allotment reached) 61274213
bases in batch (core allotment reached) 61274280
bases in batch (core allotment reached) 61291466
bases in batch (core allotment reached) 61274770
bases in batch (core allotment reached) 61290101
bases in batch (core allotment reached) 61274423
bases in batch (core allotment reached) 61278507
bases in batch (core allotment reached) 61278818
bases in batch (core allotment reached) 61287104
bases in batch (core allotment reached) 61305135
bases in batch (core allotment reached) 61331820
bases in batch (core allotment reached) 61286441
bases in batch (core allotment reached) 61299678
bases in batch (core allotment reached) 61296750
bases in batch (core allotment reached) 61279946
bases in batch (core allotment reached) 61355179
bases in batch (core allotment reached) 61272667
bases in batch (core allotment reached) 61275689
bases in batch (core allotment reached) 61278961
bases in batch (core allotment reached) 61273545
bases in batch (core allotment reached) 61274506
bases in batch (core allotment reached) 61286758
bases in batch (core allotment reached) 61273439
bases in batch (core allotment reached) 61286190
bases in batch (core allotment reached) 61293036
bases in batch (core allotment reached) 61281763
bases in batch (core allotment reached) 61296843
bases in batch (core allotment reached) 61306868
bases in batch (last for core) 60783046
Starting up parallel processes, tasklist took 8.435822486877441
Starting merge, parallel processing took 112.94649982452393
bigwig
Merge took 210.33169770240784

