chr5:0-182045439
histone3_chr5
bases in batch (batch size exceeded) 25014881
bases in batch (batch size exceeded) 25022367
bases in batch (batch size exceeded) 25037655
bases in batch (batch size exceeded) 25001673
bases in batch (batch size exceeded) 25019502
bases in batch (batch size exceeded) 25025698
bases in batch (batch size exceeded) 25002544
bases in batch (batch size exceeded) 25014609
bases in batch (batch size exceeded) 25006589
bases in batch (core allotment reached) 6921585
bases in batch (batch size exceeded) 25002035
bases in batch (batch size exceeded) 25042469
bases in batch (batch size exceeded) 25046572
bases in batch (batch size exceeded) 25015150
bases in batch (batch size exceeded) 25045882
bases in batch (batch size exceeded) 25006900
bases in batch (batch size exceeded) 25017493
bases in batch (batch size exceeded) 25006467
bases in batch (batch size exceeded) 25000936
bases in batch (core allotment reached) 6890562
bases in batch (batch size exceeded) 25024442
bases in batch (batch size exceeded) 25001314
bases in batch (batch size exceeded) 25000893
bases in batch (batch size exceeded) 25004722
bases in batch (batch size exceeded) 25018276
bases in batch (batch size exceeded) 25004977
bases in batch (batch size exceeded) 25000494
bases in batch (batch size exceeded) 25024914
bases in batch (batch size exceeded) 25022060
bases in batch (core allotment reached) 6984944
bases in batch (batch size exceeded) 25004897
bases in batch (batch size exceeded) 25007484
bases in batch (batch size exceeded) 25043075
bases in batch (batch size exceeded) 25000873
bases in batch (batch size exceeded) 25032103
bases in batch (batch size exceeded) 25000368
bases in batch (batch size exceeded) 25020373
bases in batch (batch size exceeded) 25054982
bases in batch (batch size exceeded) 25001995
bases in batch (core allotment reached) 6901938
bases in batch (batch size exceeded) 25014453
bases in batch (batch size exceeded) 25012142
bases in batch (batch size exceeded) 25007098
bases in batch (batch size exceeded) 25015460
bases in batch (batch size exceeded) 25010695
bases in batch (batch size exceeded) 25015312
bases in batch (batch size exceeded) 25002908
bases in batch (batch size exceeded) 25045394
bases in batch (batch size exceeded) 25033495
bases in batch (core allotment reached) 6910988
bases in batch (batch size exceeded) 25006996
bases in batch (batch size exceeded) 25013145
bases in batch (batch size exceeded) 25014248
bases in batch (batch size exceeded) 25005751
bases in batch (batch size exceeded) 25003873
bases in batch (batch size exceeded) 25000500
bases in batch (batch size exceeded) 25015727
bases in batch (batch size exceeded) 25031539
bases in batch (batch size exceeded) 25008706
bases in batch (core allotment reached) 6988657
bases in batch (batch size exceeded) 25010208
bases in batch (batch size exceeded) 25000528
bases in batch (batch size exceeded) 25016373
bases in batch (batch size exceeded) 25016655
bases in batch (batch size exceeded) 25005904
bases in batch (batch size exceeded) 25053600
bases in batch (batch size exceeded) 25021761
bases in batch (batch size exceeded) 25003491
bases in batch (batch size exceeded) 25025224
bases in batch (core allotment reached) 6913357
bases in batch (batch size exceeded) 25011645
bases in batch (batch size exceeded) 25020034
bases in batch (batch size exceeded) 25035109
bases in batch (batch size exceeded) 25036767
bases in batch (batch size exceeded) 25008379
bases in batch (batch size exceeded) 25005682
bases in batch (batch size exceeded) 25000474
bases in batch (batch size exceeded) 25000516
bases in batch (batch size exceeded) 25035679
bases in batch (core allotment reached) 6914122
bases in batch (batch size exceeded) 25003812
bases in batch (batch size exceeded) 25003213
bases in batch (batch size exceeded) 25019159
bases in batch (batch size exceeded) 25016991
bases in batch (batch size exceeded) 25003116
bases in batch (batch size exceeded) 25011912
bases in batch (batch size exceeded) 25005365
bases in batch (batch size exceeded) 25020465
bases in batch (batch size exceeded) 25024676
bases in batch (core allotment reached) 6961413
bases in batch (batch size exceeded) 25000283
bases in batch (batch size exceeded) 25016945
bases in batch (batch size exceeded) 25075543
bases in batch (batch size exceeded) 25002327
bases in batch (batch size exceeded) 25010960
bases in batch (batch size exceeded) 25000768
bases in batch (batch size exceeded) 25021016
bases in batch (batch size exceeded) 25062206
bases in batch (batch size exceeded) 25017229
bases in batch (core allotment reached) 6863781
bases in batch (batch size exceeded) 25005135
bases in batch (batch size exceeded) 25035198
bases in batch (batch size exceeded) 25009972
bases in batch (batch size exceeded) 25000256
bases in batch (batch size exceeded) 25015661
bases in batch (batch size exceeded) 25023787
bases in batch (batch size exceeded) 25001607
bases in batch (batch size exceeded) 25011482
bases in batch (batch size exceeded) 25015952
bases in batch (core allotment reached) 6947921
bases in batch (batch size exceeded) 25001073
bases in batch (batch size exceeded) 25007996
bases in batch (batch size exceeded) 25002185
bases in batch (batch size exceeded) 25000453
bases in batch (batch size exceeded) 25026854
bases in batch (batch size exceeded) 25008434
bases in batch (batch size exceeded) 25009234
bases in batch (batch size exceeded) 25016809
bases in batch (batch size exceeded) 25000861
bases in batch (core allotment reached) 6993355
bases in batch (batch size exceeded) 25000807
bases in batch (batch size exceeded) 25004834
bases in batch (batch size exceeded) 25001987
bases in batch (batch size exceeded) 25003268
bases in batch (batch size exceeded) 25009618
bases in batch (batch size exceeded) 25045752
bases in batch (batch size exceeded) 25006540
bases in batch (batch size exceeded) 25047326
bases in batch (batch size exceeded) 25033193
bases in batch (core allotment reached) 6918728
bases in batch (batch size exceeded) 25020013
bases in batch (batch size exceeded) 25019342
bases in batch (batch size exceeded) 25038457
bases in batch (batch size exceeded) 25014559
bases in batch (batch size exceeded) 25001411
bases in batch (batch size exceeded) 25009802
bases in batch (batch size exceeded) 25010666
bases in batch (batch size exceeded) 25008163
bases in batch (batch size exceeded) 25016274
bases in batch (core allotment reached) 6948904
bases in batch (batch size exceeded) 25010617
bases in batch (batch size exceeded) 25003660
bases in batch (batch size exceeded) 25003768
bases in batch (batch size exceeded) 25005969
bases in batch (batch size exceeded) 25003440
bases in batch (batch size exceeded) 25001032
bases in batch (batch size exceeded) 25029272
bases in batch (batch size exceeded) 25046170
bases in batch (batch size exceeded) 25002200
bases in batch (core allotment reached) 7002044
bases in batch (batch size exceeded) 25014296
bases in batch (batch size exceeded) 25001046
bases in batch (batch size exceeded) 25000495
bases in batch (batch size exceeded) 25026195
bases in batch (batch size exceeded) 25034946
bases in batch (batch size exceeded) 25017740
bases in batch (batch size exceeded) 25014419
bases in batch (batch size exceeded) 25029815
bases in batch (batch size exceeded) 25002973
bases in batch (core allotment reached) 6952192
bases in batch (batch size exceeded) 25005129
bases in batch (batch size exceeded) 25006456
bases in batch (batch size exceeded) 25039768
bases in batch (batch size exceeded) 25002324
bases in batch (batch size exceeded) 25045533
bases in batch (batch size exceeded) 25002738
bases in batch (batch size exceeded) 25012301
bases in batch (batch size exceeded) 25030818
bases in batch (batch size exceeded) 25008281
bases in batch (core allotment reached) 6944496
bases in batch (batch size exceeded) 25040742
bases in batch (batch size exceeded) 25050594
bases in batch (batch size exceeded) 25028966
bases in batch (batch size exceeded) 25006664
bases in batch (batch size exceeded) 25018376
bases in batch (batch size exceeded) 25022129
bases in batch (batch size exceeded) 25038394
bases in batch (batch size exceeded) 25010925
bases in batch (batch size exceeded) 25001532
bases in batch (core allotment reached) 6896781
bases in batch (batch size exceeded) 25001793
bases in batch (batch size exceeded) 25017315
bases in batch (batch size exceeded) 25029953
bases in batch (batch size exceeded) 25000455
bases in batch (batch size exceeded) 25021483
bases in batch (batch size exceeded) 25036332
bases in batch (batch size exceeded) 25048331
bases in batch (batch size exceeded) 25029622
bases in batch (batch size exceeded) 25006805
bases in batch (core allotment reached) 6897324
bases in batch (batch size exceeded) 25030293
bases in batch (batch size exceeded) 25000575
bases in batch (batch size exceeded) 25002159
bases in batch (batch size exceeded) 25023149
bases in batch (batch size exceeded) 25002911
bases in batch (batch size exceeded) 25035122
bases in batch (batch size exceeded) 25031029
bases in batch (batch size exceeded) 25038300
bases in batch (batch size exceeded) 25006721
bases in batch (core allotment reached) 6903246
bases in batch (batch size exceeded) 25012447
bases in batch (batch size exceeded) 25001772
bases in batch (batch size exceeded) 25017872
bases in batch (batch size exceeded) 25057818
bases in batch (batch size exceeded) 25014508
bases in batch (batch size exceeded) 25012707
bases in batch (batch size exceeded) 25002819
bases in batch (batch size exceeded) 25012253
bases in batch (batch size exceeded) 25000808
bases in batch (core allotment reached) 6946818
bases in batch (batch size exceeded) 25004453
bases in batch (batch size exceeded) 25038704
bases in batch (batch size exceeded) 25000395
bases in batch (batch size exceeded) 25029869
bases in batch (batch size exceeded) 25028517
bases in batch (batch size exceeded) 25028446
bases in batch (batch size exceeded) 25023187
bases in batch (batch size exceeded) 25002777
bases in batch (batch size exceeded) 25033718
bases in batch (core allotment reached) 6955452
bases in batch (batch size exceeded) 25003659
bases in batch (batch size exceeded) 25017048
bases in batch (batch size exceeded) 25023213
bases in batch (batch size exceeded) 25031378
bases in batch (batch size exceeded) 25024093
bases in batch (batch size exceeded) 25001908
bases in batch (batch size exceeded) 25010548
bases in batch (batch size exceeded) 25037275
bases in batch (batch size exceeded) 25020230
bases in batch (core allotment reached) 6905254
bases in batch (batch size exceeded) 25034565
bases in batch (batch size exceeded) 25003127
bases in batch (batch size exceeded) 25004847
bases in batch (batch size exceeded) 25019632
bases in batch (batch size exceeded) 25025925
bases in batch (batch size exceeded) 25018941
bases in batch (batch size exceeded) 25024213
bases in batch (batch size exceeded) 25003333
bases in batch (batch size exceeded) 25031488
bases in batch (core allotment reached) 6906308
bases in batch (batch size exceeded) 25001834
bases in batch (batch size exceeded) 25002082
bases in batch (batch size exceeded) 25004060
bases in batch (batch size exceeded) 25002540
bases in batch (batch size exceeded) 25003013
bases in batch (batch size exceeded) 25003424
bases in batch (batch size exceeded) 25021584
bases in batch (batch size exceeded) 25020766
bases in batch (batch size exceeded) 25001021
bases in batch (core allotment reached) 7033457
bases in batch (batch size exceeded) 25016850
bases in batch (batch size exceeded) 25024647
bases in batch (batch size exceeded) 25021937
bases in batch (batch size exceeded) 25004206
bases in batch (batch size exceeded) 25011056
bases in batch (batch size exceeded) 25010046
bases in batch (batch size exceeded) 25019046
bases in batch (batch size exceeded) 25002103
bases in batch (batch size exceeded) 25024207
bases in batch (core allotment reached) 6934952
bases in batch (batch size exceeded) 25000686
bases in batch (batch size exceeded) 25018502
bases in batch (batch size exceeded) 25001786
bases in batch (batch size exceeded) 25000340
bases in batch (batch size exceeded) 25010926
bases in batch (batch size exceeded) 25005076
bases in batch (batch size exceeded) 25001108
bases in batch (batch size exceeded) 25027460
bases in batch (batch size exceeded) 25012797
bases in batch (core allotment reached) 7043081
bases in batch (batch size exceeded) 25009198
bases in batch (batch size exceeded) 25008489
bases in batch (batch size exceeded) 25021526
bases in batch (batch size exceeded) 25001031
bases in batch (batch size exceeded) 25007004
bases in batch (batch size exceeded) 25009295
bases in batch (batch size exceeded) 25004891
bases in batch (batch size exceeded) 25048597
bases in batch (batch size exceeded) 25058972
bases in batch (core allotment reached) 6926006
bases in batch (batch size exceeded) 25026165
bases in batch (batch size exceeded) 25000409
bases in batch (batch size exceeded) 25030813
bases in batch (batch size exceeded) 25011054
bases in batch (batch size exceeded) 25029882
bases in batch (batch size exceeded) 25004123
bases in batch (batch size exceeded) 25014332
bases in batch (batch size exceeded) 25006898
bases in batch (batch size exceeded) 25017602
bases in batch (core allotment reached) 6928540
bases in batch (batch size exceeded) 25005205
bases in batch (batch size exceeded) 25020043
bases in batch (batch size exceeded) 25007243
bases in batch (batch size exceeded) 25017694
bases in batch (batch size exceeded) 25010295
bases in batch (batch size exceeded) 25008927
bases in batch (batch size exceeded) 25002486
bases in batch (batch size exceeded) 25024460
bases in batch (batch size exceeded) 25015477
bases in batch (core allotment reached) 6966816
bases in batch (batch size exceeded) 25005374
bases in batch (batch size exceeded) 25037186
bases in batch (batch size exceeded) 25001586
bases in batch (batch size exceeded) 25011538
bases in batch (batch size exceeded) 25008482
bases in batch (batch size exceeded) 25006922
bases in batch (batch size exceeded) 25001224
bases in batch (batch size exceeded) 25001069
bases in batch (batch size exceeded) 25021105
bases in batch (core allotment reached) 6982531
bases in batch (batch size exceeded) 25001110
bases in batch (batch size exceeded) 25003263
bases in batch (batch size exceeded) 25030997
bases in batch (batch size exceeded) 25043111
bases in batch (batch size exceeded) 25016207
bases in batch (batch size exceeded) 25002497
bases in batch (batch size exceeded) 25030213
bases in batch (batch size exceeded) 25000179
bases in batch (batch size exceeded) 25011947
bases in batch (last for core) 6382970
Starting up parallel processes, tasklist took 32.748560190200806
Starting merge, parallel processing took 441.46626496315
bigwig
Merge took 887.9183249473572

