chr16:0-96330374
histone2_chr16
bases in batch (batch size exceeded) 25010108
bases in batch (batch size exceeded) 25026358
bases in batch (batch size exceeded) 25016352
bases in batch (batch size exceeded) 25000402
bases in batch (core allotment reached) 15483017
bases in batch (batch size exceeded) 25009569
bases in batch (batch size exceeded) 25012588
bases in batch (batch size exceeded) 25000267
bases in batch (batch size exceeded) 25001550
bases in batch (core allotment reached) 15501668
bases in batch (batch size exceeded) 25028447
bases in batch (batch size exceeded) 25002309
bases in batch (batch size exceeded) 25000591
bases in batch (batch size exceeded) 25002924
bases in batch (core allotment reached) 15516054
bases in batch (batch size exceeded) 25009211
bases in batch (batch size exceeded) 25005133
bases in batch (batch size exceeded) 25009786
bases in batch (batch size exceeded) 25000662
bases in batch (core allotment reached) 15538920
bases in batch (batch size exceeded) 25022096
bases in batch (batch size exceeded) 25001003
bases in batch (batch size exceeded) 25008367
bases in batch (batch size exceeded) 25015409
bases in batch (core allotment reached) 15497206
bases in batch (batch size exceeded) 25006014
bases in batch (batch size exceeded) 25016851
bases in batch (batch size exceeded) 25001392
bases in batch (batch size exceeded) 25058150
bases in batch (core allotment reached) 15445693
bases in batch (batch size exceeded) 25008436
bases in batch (batch size exceeded) 25000411
bases in batch (batch size exceeded) 25016372
bases in batch (batch size exceeded) 25018144
bases in batch (core allotment reached) 15497841
bases in batch (batch size exceeded) 25000286
bases in batch (batch size exceeded) 25002391
bases in batch (batch size exceeded) 25010774
bases in batch (batch size exceeded) 25072555
bases in batch (core allotment reached) 15444758
bases in batch (batch size exceeded) 25002354
bases in batch (batch size exceeded) 25030249
bases in batch (batch size exceeded) 25031129
bases in batch (batch size exceeded) 25001246
bases in batch (core allotment reached) 15461639
bases in batch (batch size exceeded) 25000164
bases in batch (batch size exceeded) 25002641
bases in batch (batch size exceeded) 25013649
bases in batch (batch size exceeded) 25019670
bases in batch (core allotment reached) 15482985
bases in batch (batch size exceeded) 25055359
bases in batch (batch size exceeded) 25028540
bases in batch (batch size exceeded) 25006230
bases in batch (batch size exceeded) 25020794
bases in batch (core allotment reached) 15406858
bases in batch (batch size exceeded) 25025563
bases in batch (batch size exceeded) 25015848
bases in batch (batch size exceeded) 25014044
bases in batch (batch size exceeded) 25011979
bases in batch (core allotment reached) 15459859
bases in batch (batch size exceeded) 25033778
bases in batch (batch size exceeded) 25015123
bases in batch (batch size exceeded) 25016164
bases in batch (batch size exceeded) 25011925
bases in batch (core allotment reached) 15453652
bases in batch (batch size exceeded) 25021007
bases in batch (batch size exceeded) 25004210
bases in batch (batch size exceeded) 25001229
bases in batch (batch size exceeded) 25011889
bases in batch (core allotment reached) 15480190
bases in batch (batch size exceeded) 25011245
bases in batch (batch size exceeded) 25025344
bases in batch (batch size exceeded) 25003707
bases in batch (batch size exceeded) 25000285
bases in batch (core allotment reached) 15496327
bases in batch (batch size exceeded) 25002860
bases in batch (batch size exceeded) 25003439
bases in batch (batch size exceeded) 25003462
bases in batch (batch size exceeded) 25004388
bases in batch (core allotment reached) 15504392
bases in batch (batch size exceeded) 25013523
bases in batch (batch size exceeded) 25000116
bases in batch (batch size exceeded) 25016426
bases in batch (batch size exceeded) 25002905
bases in batch (core allotment reached) 15491566
bases in batch (batch size exceeded) 25002537
bases in batch (batch size exceeded) 25018401
bases in batch (batch size exceeded) 25008811
bases in batch (batch size exceeded) 25012222
bases in batch (core allotment reached) 15488651
bases in batch (batch size exceeded) 25022961
bases in batch (batch size exceeded) 25009915
bases in batch (batch size exceeded) 25048035
bases in batch (batch size exceeded) 25002818
bases in batch (core allotment reached) 15448003
bases in batch (batch size exceeded) 25003491
bases in batch (batch size exceeded) 25010116
bases in batch (batch size exceeded) 25003478
bases in batch (batch size exceeded) 25013370
bases in batch (core allotment reached) 15521797
bases in batch (batch size exceeded) 25042242
bases in batch (batch size exceeded) 25059452
bases in batch (batch size exceeded) 25005625
bases in batch (batch size exceeded) 25003034
bases in batch (core allotment reached) 15412168
bases in batch (batch size exceeded) 25001213
bases in batch (batch size exceeded) 25000032
bases in batch (batch size exceeded) 25000196
bases in batch (batch size exceeded) 25004410
bases in batch (core allotment reached) 15533367
bases in batch (batch size exceeded) 25018595
bases in batch (batch size exceeded) 25018111
bases in batch (batch size exceeded) 25026042
bases in batch (batch size exceeded) 25023416
bases in batch (core allotment reached) 15447151
bases in batch (batch size exceeded) 25006774
bases in batch (batch size exceeded) 25024925
bases in batch (batch size exceeded) 25009824
bases in batch (batch size exceeded) 25002021
bases in batch (core allotment reached) 15500368
bases in batch (batch size exceeded) 25034287
bases in batch (batch size exceeded) 25000595
bases in batch (batch size exceeded) 25013664
bases in batch (batch size exceeded) 25001312
bases in batch (core allotment reached) 15475797
bases in batch (batch size exceeded) 25008252
bases in batch (batch size exceeded) 25006507
bases in batch (batch size exceeded) 25007991
bases in batch (batch size exceeded) 25006579
bases in batch (core allotment reached) 15496408
bases in batch (batch size exceeded) 25021261
bases in batch (batch size exceeded) 25003052
bases in batch (batch size exceeded) 25017496
bases in batch (batch size exceeded) 25000423
bases in batch (core allotment reached) 15476509
bases in batch (batch size exceeded) 25038138
bases in batch (batch size exceeded) 25001080
bases in batch (batch size exceeded) 25008157
bases in batch (batch size exceeded) 25002654
bases in batch (core allotment reached) 15468596
bases in batch (batch size exceeded) 25013019
bases in batch (batch size exceeded) 25010190
bases in batch (batch size exceeded) 25082339
bases in batch (batch size exceeded) 25001867
bases in batch (core allotment reached) 15443149
bases in batch (batch size exceeded) 25005096
bases in batch (batch size exceeded) 25002709
bases in batch (batch size exceeded) 25029757
bases in batch (batch size exceeded) 25009125
bases in batch (core allotment reached) 15543130
bases in batch (batch size exceeded) 25022194
bases in batch (batch size exceeded) 25031284
bases in batch (batch size exceeded) 25000765
bases in batch (batch size exceeded) 25003844
bases in batch (core allotment reached) 15461293
bases in batch (batch size exceeded) 25016915
bases in batch (batch size exceeded) 25001680
bases in batch (batch size exceeded) 25007455
bases in batch (batch size exceeded) 25026778
bases in batch (last for core) 14945426
Starting up parallel processes, tasklist took 15.608464479446411
Starting merge, parallel processing took 217.88714790344238
bigwig
Merge took 468.25714898109436

