chr9:0-150617247
histone2_chr9
bases in batch (batch size exceeded) 25001241
bases in batch (batch size exceeded) 25032935
bases in batch (batch size exceeded) 25009546
bases in batch (batch size exceeded) 25001366
bases in batch (batch size exceeded) 25013506
bases in batch (batch size exceeded) 25005998
bases in batch (core allotment reached) 9999965
bases in batch (batch size exceeded) 25010332
bases in batch (batch size exceeded) 25006629
bases in batch (batch size exceeded) 25001273
bases in batch (batch size exceeded) 25017119
bases in batch (batch size exceeded) 25017882
bases in batch (batch size exceeded) 25002263
bases in batch (core allotment reached) 9985108
bases in batch (batch size exceeded) 25034904
bases in batch (batch size exceeded) 25042167
bases in batch (batch size exceeded) 25034531
bases in batch (batch size exceeded) 25005483
bases in batch (batch size exceeded) 25012763
bases in batch (batch size exceeded) 25014147
bases in batch (core allotment reached) 9907824
bases in batch (batch size exceeded) 25003567
bases in batch (batch size exceeded) 25001709
bases in batch (batch size exceeded) 25016710
bases in batch (batch size exceeded) 25013757
bases in batch (batch size exceeded) 25001607
bases in batch (batch size exceeded) 25002647
bases in batch (core allotment reached) 9999015
bases in batch (batch size exceeded) 25003856
bases in batch (batch size exceeded) 25029347
bases in batch (batch size exceeded) 25016718
bases in batch (batch size exceeded) 25018173
bases in batch (batch size exceeded) 25004150
bases in batch (batch size exceeded) 25070762
bases in batch (core allotment reached) 9922569
bases in batch (batch size exceeded) 25005702
bases in batch (batch size exceeded) 25003994
bases in batch (batch size exceeded) 25074284
bases in batch (batch size exceeded) 25006311
bases in batch (batch size exceeded) 25000017
bases in batch (batch size exceeded) 25031259
bases in batch (core allotment reached) 9916380
bases in batch (batch size exceeded) 25003605
bases in batch (batch size exceeded) 25009088
bases in batch (batch size exceeded) 25010437
bases in batch (batch size exceeded) 25007136
bases in batch (batch size exceeded) 25006526
bases in batch (batch size exceeded) 25009295
bases in batch (core allotment reached) 10007173
bases in batch (batch size exceeded) 25001997
bases in batch (batch size exceeded) 25113122
bases in batch (batch size exceeded) 25004124
bases in batch (batch size exceeded) 25008278
bases in batch (batch size exceeded) 25001645
bases in batch (batch size exceeded) 25019984
bases in batch (core allotment reached) 9898813
bases in batch (batch size exceeded) 25000386
bases in batch (batch size exceeded) 25002093
bases in batch (batch size exceeded) 25006835
bases in batch (batch size exceeded) 25004964
bases in batch (batch size exceeded) 25033391
bases in batch (batch size exceeded) 25002441
bases in batch (core allotment reached) 10007747
bases in batch (batch size exceeded) 25021285
bases in batch (batch size exceeded) 25002829
bases in batch (batch size exceeded) 25058536
bases in batch (batch size exceeded) 25001486
bases in batch (batch size exceeded) 25000936
bases in batch (batch size exceeded) 25021765
bases in batch (core allotment reached) 9946274
bases in batch (batch size exceeded) 25023592
bases in batch (batch size exceeded) 25001396
bases in batch (batch size exceeded) 25015986
bases in batch (batch size exceeded) 25010040
bases in batch (batch size exceeded) 25017534
bases in batch (batch size exceeded) 25019521
bases in batch (core allotment reached) 9989704
bases in batch (batch size exceeded) 25064796
bases in batch (batch size exceeded) 25004122
bases in batch (batch size exceeded) 25015242
bases in batch (batch size exceeded) 25017956
bases in batch (batch size exceeded) 25008118
bases in batch (batch size exceeded) 25019852
bases in batch (core allotment reached) 9936820
bases in batch (batch size exceeded) 25003300
bases in batch (batch size exceeded) 25035657
bases in batch (batch size exceeded) 25032993
bases in batch (batch size exceeded) 25002527
bases in batch (batch size exceeded) 25001193
bases in batch (batch size exceeded) 25006177
bases in batch (core allotment reached) 9965494
bases in batch (batch size exceeded) 25001384
bases in batch (batch size exceeded) 25021198
bases in batch (batch size exceeded) 25004624
bases in batch (batch size exceeded) 25000512
bases in batch (batch size exceeded) 25020364
bases in batch (batch size exceeded) 25000623
bases in batch (core allotment reached) 9997101
bases in batch (batch size exceeded) 25000311
bases in batch (batch size exceeded) 25018089
bases in batch (batch size exceeded) 25010510
bases in batch (batch size exceeded) 25037991
bases in batch (batch size exceeded) 25014372
bases in batch (batch size exceeded) 25026686
bases in batch (core allotment reached) 9943207
bases in batch (batch size exceeded) 25011055
bases in batch (batch size exceeded) 25005277
bases in batch (batch size exceeded) 25007094
bases in batch (batch size exceeded) 25000071
bases in batch (batch size exceeded) 25000841
bases in batch (batch size exceeded) 25029700
bases in batch (core allotment reached) 9984726
bases in batch (batch size exceeded) 25004999
bases in batch (batch size exceeded) 25020887
bases in batch (batch size exceeded) 25019742
bases in batch (batch size exceeded) 25001970
bases in batch (batch size exceeded) 25000066
bases in batch (batch size exceeded) 25028481
bases in batch (core allotment reached) 9968369
bases in batch (batch size exceeded) 25011943
bases in batch (batch size exceeded) 25003416
bases in batch (batch size exceeded) 25019991
bases in batch (batch size exceeded) 25030192
bases in batch (batch size exceeded) 25008754
bases in batch (batch size exceeded) 25009467
bases in batch (core allotment reached) 9976370
bases in batch (batch size exceeded) 25042797
bases in batch (batch size exceeded) 25014013
bases in batch (batch size exceeded) 25045512
bases in batch (batch size exceeded) 25021289
bases in batch (batch size exceeded) 25022921
bases in batch (batch size exceeded) 25000965
bases in batch (core allotment reached) 9907469
bases in batch (batch size exceeded) 25011812
bases in batch (batch size exceeded) 25012677
bases in batch (batch size exceeded) 25007778
bases in batch (batch size exceeded) 25014436
bases in batch (batch size exceeded) 25002455
bases in batch (batch size exceeded) 25027149
bases in batch (core allotment reached) 9961936
bases in batch (batch size exceeded) 25010553
bases in batch (batch size exceeded) 25002282
bases in batch (batch size exceeded) 25046330
bases in batch (batch size exceeded) 25002007
bases in batch (batch size exceeded) 25097330
bases in batch (batch size exceeded) 25006812
bases in batch (core allotment reached) 9877485
bases in batch (batch size exceeded) 25004705
bases in batch (batch size exceeded) 25000036
bases in batch (batch size exceeded) 25005613
bases in batch (batch size exceeded) 25017982
bases in batch (batch size exceeded) 25039684
bases in batch (batch size exceeded) 25050782
bases in batch (core allotment reached) 9938907
bases in batch (batch size exceeded) 25017172
bases in batch (batch size exceeded) 25007483
bases in batch (batch size exceeded) 25000073
bases in batch (batch size exceeded) 25090407
bases in batch (batch size exceeded) 25026786
bases in batch (batch size exceeded) 25053399
bases in batch (core allotment reached) 9876064
bases in batch (batch size exceeded) 25016603
bases in batch (batch size exceeded) 25055460
bases in batch (batch size exceeded) 25020789
bases in batch (batch size exceeded) 25033076
bases in batch (batch size exceeded) 25001526
bases in batch (batch size exceeded) 25022519
bases in batch (core allotment reached) 9888323
bases in batch (batch size exceeded) 25005490
bases in batch (batch size exceeded) 25019180
bases in batch (batch size exceeded) 25006041
bases in batch (batch size exceeded) 25015886
bases in batch (batch size exceeded) 25016031
bases in batch (batch size exceeded) 25015021
bases in batch (core allotment reached) 9996805
bases in batch (batch size exceeded) 25003224
bases in batch (batch size exceeded) 25012295
bases in batch (batch size exceeded) 25046212
bases in batch (batch size exceeded) 25001533
bases in batch (batch size exceeded) 25002354
bases in batch (batch size exceeded) 25015292
bases in batch (core allotment reached) 9978622
bases in batch (batch size exceeded) 25000552
bases in batch (batch size exceeded) 25002258
bases in batch (batch size exceeded) 25015753
bases in batch (batch size exceeded) 25005533
bases in batch (batch size exceeded) 25035799
bases in batch (batch size exceeded) 25015029
bases in batch (core allotment reached) 9965634
bases in batch (batch size exceeded) 25021405
bases in batch (batch size exceeded) 25012291
bases in batch (batch size exceeded) 25026049
bases in batch (batch size exceeded) 25041186
bases in batch (batch size exceeded) 25014784
bases in batch (batch size exceeded) 25006325
bases in batch (core allotment reached) 9920241
bases in batch (batch size exceeded) 25022958
bases in batch (batch size exceeded) 25005039
bases in batch (batch size exceeded) 25049834
bases in batch (batch size exceeded) 25009304
bases in batch (batch size exceeded) 25020144
bases in batch (batch size exceeded) 25004450
bases in batch (core allotment reached) 9939137
bases in batch (batch size exceeded) 25001595
bases in batch (batch size exceeded) 25003173
bases in batch (batch size exceeded) 25003601
bases in batch (batch size exceeded) 25024444
bases in batch (batch size exceeded) 25001303
bases in batch (batch size exceeded) 25027123
bases in batch (core allotment reached) 9988001
bases in batch (batch size exceeded) 25031025
bases in batch (batch size exceeded) 25001064
bases in batch (batch size exceeded) 25011094
bases in batch (batch size exceeded) 25034799
bases in batch (batch size exceeded) 25046231
bases in batch (batch size exceeded) 25006391
bases in batch (core allotment reached) 9908167
bases in batch (batch size exceeded) 25017517
bases in batch (batch size exceeded) 25001429
bases in batch (batch size exceeded) 25020419
bases in batch (batch size exceeded) 25002375
bases in batch (batch size exceeded) 25040446
bases in batch (batch size exceeded) 25028584
bases in batch (last for core) 9494139
Starting up parallel processes, tasklist took 21.24543809890747
Starting merge, parallel processing took 388.41803097724915
bigwig
Merge took 714.6968953609467

