chr19:0-61707364
histone1_chr19
bases in batch (batch size exceeded) 25046800
bases in batch (batch size exceeded) 25001669
bases in batch (batch size exceeded) 25076057
bases in batch (core allotment reached) 1132388
bases in batch (batch size exceeded) 25017098
bases in batch (batch size exceeded) 25013582
bases in batch (batch size exceeded) 25006915
bases in batch (core allotment reached) 1233390
bases in batch (batch size exceeded) 25016466
bases in batch (batch size exceeded) 25023968
bases in batch (batch size exceeded) 25033371
bases in batch (core allotment reached) 1197526
bases in batch (batch size exceeded) 25019791
bases in batch (batch size exceeded) 25001878
bases in batch (batch size exceeded) 25001708
bases in batch (core allotment reached) 1237488
bases in batch (batch size exceeded) 25031127
bases in batch (batch size exceeded) 25010758
bases in batch (batch size exceeded) 25048423
bases in batch (core allotment reached) 1169734
bases in batch (batch size exceeded) 25011695
bases in batch (batch size exceeded) 25034921
bases in batch (batch size exceeded) 25001499
bases in batch (core allotment reached) 1228868
bases in batch (batch size exceeded) 25029597
bases in batch (batch size exceeded) 25017684
bases in batch (batch size exceeded) 25002933
bases in batch (core allotment reached) 1205977
bases in batch (batch size exceeded) 25000029
bases in batch (batch size exceeded) 25028134
bases in batch (batch size exceeded) 25039701
bases in batch (core allotment reached) 1194113
bases in batch (batch size exceeded) 25005441
bases in batch (batch size exceeded) 25040818
bases in batch (batch size exceeded) 25006286
bases in batch (core allotment reached) 1214750
bases in batch (batch size exceeded) 25008104
bases in batch (batch size exceeded) 25012840
bases in batch (batch size exceeded) 25065580
bases in batch (core allotment reached) 1177876
bases in batch (batch size exceeded) 25011735
bases in batch (batch size exceeded) 25004134
bases in batch (batch size exceeded) 25001320
bases in batch (core allotment reached) 1252058
bases in batch (batch size exceeded) 25001097
bases in batch (batch size exceeded) 25014618
bases in batch (batch size exceeded) 25019160
bases in batch (core allotment reached) 1258547
bases in batch (batch size exceeded) 25048218
bases in batch (batch size exceeded) 25065745
bases in batch (batch size exceeded) 25000977
bases in batch (core allotment reached) 1144974
bases in batch (batch size exceeded) 25010675
bases in batch (batch size exceeded) 25012707
bases in batch (batch size exceeded) 25007792
bases in batch (core allotment reached) 1226959
bases in batch (batch size exceeded) 25010390
bases in batch (batch size exceeded) 25005932
bases in batch (batch size exceeded) 25008639
bases in batch (core allotment reached) 1237816
bases in batch (batch size exceeded) 25045644
bases in batch (batch size exceeded) 25006772
bases in batch (batch size exceeded) 25004774
bases in batch (core allotment reached) 1202833
bases in batch (batch size exceeded) 25030698
bases in batch (batch size exceeded) 25022893
bases in batch (batch size exceeded) 25012037
bases in batch (core allotment reached) 1193774
bases in batch (batch size exceeded) 25019225
bases in batch (batch size exceeded) 25038414
bases in batch (batch size exceeded) 25006577
bases in batch (core allotment reached) 1201808
bases in batch (batch size exceeded) 25010433
bases in batch (batch size exceeded) 25001390
bases in batch (batch size exceeded) 25006774
bases in batch (core allotment reached) 1243907
bases in batch (batch size exceeded) 25012009
bases in batch (batch size exceeded) 25009244
bases in batch (batch size exceeded) 25000212
bases in batch (core allotment reached) 1234437
bases in batch (batch size exceeded) 25005360
bases in batch (batch size exceeded) 25003470
bases in batch (batch size exceeded) 25000027
bases in batch (core allotment reached) 1267103
bases in batch (batch size exceeded) 25018529
bases in batch (batch size exceeded) 25000212
bases in batch (batch size exceeded) 25000947
bases in batch (core allotment reached) 1236369
bases in batch (batch size exceeded) 25004336
bases in batch (batch size exceeded) 25001987
bases in batch (batch size exceeded) 25005720
bases in batch (core allotment reached) 1278930
bases in batch (batch size exceeded) 25003348
bases in batch (batch size exceeded) 25051503
bases in batch (batch size exceeded) 25012066
bases in batch (core allotment reached) 1195873
bases in batch (batch size exceeded) 25015700
bases in batch (batch size exceeded) 25014435
bases in batch (batch size exceeded) 25003645
bases in batch (core allotment reached) 1236223
bases in batch (batch size exceeded) 25015615
bases in batch (batch size exceeded) 25012623
bases in batch (batch size exceeded) 25014496
bases in batch (core allotment reached) 1215544
bases in batch (batch size exceeded) 25007841
bases in batch (batch size exceeded) 25043286
bases in batch (batch size exceeded) 25000873
bases in batch (core allotment reached) 1228192
bases in batch (batch size exceeded) 25020221
bases in batch (batch size exceeded) 25005410
bases in batch (batch size exceeded) 25013224
bases in batch (core allotment reached) 1221471
bases in batch (batch size exceeded) 25000222
bases in batch (batch size exceeded) 25004312
bases in batch (batch size exceeded) 25027163
bases in batch (core allotment reached) 1235623
bases in batch (batch size exceeded) 25000556
bases in batch (batch size exceeded) 25001298
bases in batch (batch size exceeded) 25000211
bases in batch (core allotment reached) 1258006
bases in batch (batch size exceeded) 25009326
bases in batch (batch size exceeded) 25003550
bases in batch (batch size exceeded) 25035596
bases in batch (core allotment reached) 1209682
bases in batch (batch size exceeded) 25015310
bases in batch (batch size exceeded) 25025247
bases in batch (batch size exceeded) 25015429
bases in batch (last for core) 894415
Starting up parallel processes, tasklist took 10.951461553573608
Starting merge, parallel processing took 249.0020308494568
bigwig
Merge took 304.3808400630951

