chr1:0-248387328
histone1_chr1
bases in batch (batch size exceeded) 25032733
bases in batch (batch size exceeded) 25002606
bases in batch (batch size exceeded) 25005016
bases in batch (batch size exceeded) 25029904
bases in batch (batch size exceeded) 25009508
bases in batch (batch size exceeded) 25005984
bases in batch (batch size exceeded) 25004266
bases in batch (batch size exceeded) 25001032
bases in batch (batch size exceeded) 25005609
bases in batch (batch size exceeded) 25025063
bases in batch (batch size exceeded) 25024514
bases in batch (batch size exceeded) 25006191
bases in batch (core allotment reached) 12278304
bases in batch (batch size exceeded) 25002546
bases in batch (batch size exceeded) 25025039
bases in batch (batch size exceeded) 25021422
bases in batch (batch size exceeded) 25025583
bases in batch (batch size exceeded) 25005817
bases in batch (batch size exceeded) 25024554
bases in batch (batch size exceeded) 25000764
bases in batch (batch size exceeded) 25002207
bases in batch (batch size exceeded) 25006956
bases in batch (batch size exceeded) 25001035
bases in batch (batch size exceeded) 25016959
bases in batch (batch size exceeded) 25000480
bases in batch (core allotment reached) 12328785
bases in batch (batch size exceeded) 25001363
bases in batch (batch size exceeded) 25009293
bases in batch (batch size exceeded) 25000375
bases in batch (batch size exceeded) 25013115
bases in batch (batch size exceeded) 25001004
bases in batch (batch size exceeded) 25001066
bases in batch (batch size exceeded) 25033862
bases in batch (batch size exceeded) 25032416
bases in batch (batch size exceeded) 25001554
bases in batch (batch size exceeded) 25046796
bases in batch (batch size exceeded) 25016467
bases in batch (batch size exceeded) 25002531
bases in batch (core allotment reached) 12274341
bases in batch (batch size exceeded) 25000349
bases in batch (batch size exceeded) 25008179
bases in batch (batch size exceeded) 25029305
bases in batch (batch size exceeded) 25000845
bases in batch (batch size exceeded) 25011812
bases in batch (batch size exceeded) 25003519
bases in batch (batch size exceeded) 25002020
bases in batch (batch size exceeded) 25001477
bases in batch (batch size exceeded) 25018058
bases in batch (batch size exceeded) 25014622
bases in batch (batch size exceeded) 25022928
bases in batch (batch size exceeded) 25016712
bases in batch (core allotment reached) 12339224
bases in batch (batch size exceeded) 25018628
bases in batch (batch size exceeded) 25051897
bases in batch (batch size exceeded) 25037038
bases in batch (batch size exceeded) 25006489
bases in batch (batch size exceeded) 25010094
bases in batch (batch size exceeded) 25001717
bases in batch (batch size exceeded) 25011761
bases in batch (batch size exceeded) 25005674
bases in batch (batch size exceeded) 25029948
bases in batch (batch size exceeded) 25043348
bases in batch (batch size exceeded) 25012447
bases in batch (batch size exceeded) 25043601
bases in batch (core allotment reached) 12159055
bases in batch (batch size exceeded) 25030994
bases in batch (batch size exceeded) 25007868
bases in batch (batch size exceeded) 25005203
bases in batch (batch size exceeded) 25030155
bases in batch (batch size exceeded) 25012831
bases in batch (batch size exceeded) 25004968
bases in batch (batch size exceeded) 25012614
bases in batch (batch size exceeded) 25003684
bases in batch (batch size exceeded) 25023017
bases in batch (batch size exceeded) 25006213
bases in batch (batch size exceeded) 25001711
bases in batch (batch size exceeded) 25060070
bases in batch (core allotment reached) 12253915
bases in batch (batch size exceeded) 25000655
bases in batch (batch size exceeded) 25004803
bases in batch (batch size exceeded) 25010081
bases in batch (batch size exceeded) 25010398
bases in batch (batch size exceeded) 25057311
bases in batch (batch size exceeded) 25049922
bases in batch (batch size exceeded) 25003830
bases in batch (batch size exceeded) 25006610
bases in batch (batch size exceeded) 25024491
bases in batch (batch size exceeded) 25001707
bases in batch (batch size exceeded) 25006243
bases in batch (batch size exceeded) 25000606
bases in batch (core allotment reached) 12270012
bases in batch (batch size exceeded) 25036874
bases in batch (batch size exceeded) 25000502
bases in batch (batch size exceeded) 25003951
bases in batch (batch size exceeded) 25001313
bases in batch (batch size exceeded) 25021057
bases in batch (batch size exceeded) 25003194
bases in batch (batch size exceeded) 25000206
bases in batch (batch size exceeded) 25001653
bases in batch (batch size exceeded) 25012672
bases in batch (batch size exceeded) 25000382
bases in batch (batch size exceeded) 25019743
bases in batch (batch size exceeded) 25001254
bases in batch (core allotment reached) 12339927
bases in batch (batch size exceeded) 25031392
bases in batch (batch size exceeded) 25046398
bases in batch (batch size exceeded) 25084206
bases in batch (batch size exceeded) 25004301
bases in batch (batch size exceeded) 25002006
bases in batch (batch size exceeded) 25031357
bases in batch (batch size exceeded) 25001946
bases in batch (batch size exceeded) 25000601
bases in batch (batch size exceeded) 25000088
bases in batch (batch size exceeded) 25014789
bases in batch (batch size exceeded) 25003840
bases in batch (batch size exceeded) 25030376
bases in batch (core allotment reached) 12216784
bases in batch (batch size exceeded) 25002035
bases in batch (batch size exceeded) 25032034
bases in batch (batch size exceeded) 25008299
bases in batch (batch size exceeded) 25002227
bases in batch (batch size exceeded) 25000291
bases in batch (batch size exceeded) 25028807
bases in batch (batch size exceeded) 25011267
bases in batch (batch size exceeded) 25000693
bases in batch (batch size exceeded) 25011587
bases in batch (batch size exceeded) 25040070
bases in batch (batch size exceeded) 25015982
bases in batch (batch size exceeded) 25021703
bases in batch (core allotment reached) 12266973
bases in batch (batch size exceeded) 25003581
bases in batch (batch size exceeded) 25002410
bases in batch (batch size exceeded) 25029312
bases in batch (batch size exceeded) 25031334
bases in batch (batch size exceeded) 25003266
bases in batch (batch size exceeded) 25075566
bases in batch (batch size exceeded) 25034209
bases in batch (batch size exceeded) 25032377
bases in batch (batch size exceeded) 25035202
bases in batch (batch size exceeded) 25014524
bases in batch (batch size exceeded) 25004930
bases in batch (batch size exceeded) 25039787
bases in batch (core allotment reached) 12180434
bases in batch (batch size exceeded) 25000312
bases in batch (batch size exceeded) 25002564
bases in batch (batch size exceeded) 25007920
bases in batch (batch size exceeded) 25011625
bases in batch (batch size exceeded) 25009515
bases in batch (batch size exceeded) 25028381
bases in batch (batch size exceeded) 25002462
bases in batch (batch size exceeded) 25026854
bases in batch (batch size exceeded) 25000140
bases in batch (batch size exceeded) 25013285
bases in batch (batch size exceeded) 25030174
bases in batch (batch size exceeded) 25003515
bases in batch (core allotment reached) 12307613
bases in batch (batch size exceeded) 25002977
bases in batch (batch size exceeded) 25000419
bases in batch (batch size exceeded) 25005134
bases in batch (batch size exceeded) 25031222
bases in batch (batch size exceeded) 25000732
bases in batch (batch size exceeded) 25002196
bases in batch (batch size exceeded) 25029078
bases in batch (batch size exceeded) 25001053
bases in batch (batch size exceeded) 25001207
bases in batch (batch size exceeded) 25027012
bases in batch (batch size exceeded) 25024034
bases in batch (batch size exceeded) 25017671
bases in batch (core allotment reached) 12304924
bases in batch (batch size exceeded) 25027298
bases in batch (batch size exceeded) 25006311
bases in batch (batch size exceeded) 25001360
bases in batch (batch size exceeded) 25026308
bases in batch (batch size exceeded) 25001686
bases in batch (batch size exceeded) 25013692
bases in batch (batch size exceeded) 25015414
bases in batch (batch size exceeded) 25001347
bases in batch (batch size exceeded) 25001936
bases in batch (batch size exceeded) 25005032
bases in batch (batch size exceeded) 25001630
bases in batch (batch size exceeded) 25011186
bases in batch (core allotment reached) 12326331
bases in batch (batch size exceeded) 25001657
bases in batch (batch size exceeded) 25032711
bases in batch (batch size exceeded) 25003400
bases in batch (batch size exceeded) 25017335
bases in batch (batch size exceeded) 25010436
bases in batch (batch size exceeded) 25006543
bases in batch (batch size exceeded) 25016843
bases in batch (batch size exceeded) 25006597
bases in batch (batch size exceeded) 25001012
bases in batch (batch size exceeded) 25025365
bases in batch (batch size exceeded) 25032698
bases in batch (batch size exceeded) 25018995
bases in batch (core allotment reached) 12261323
bases in batch (batch size exceeded) 25009016
bases in batch (batch size exceeded) 25021634
bases in batch (batch size exceeded) 25003366
bases in batch (batch size exceeded) 25019117
bases in batch (batch size exceeded) 25027905
bases in batch (batch size exceeded) 25003063
bases in batch (batch size exceeded) 25005494
bases in batch (batch size exceeded) 25029955
bases in batch (batch size exceeded) 25019760
bases in batch (batch size exceeded) 25032519
bases in batch (batch size exceeded) 25012397
bases in batch (batch size exceeded) 25002443
bases in batch (core allotment reached) 12245212
bases in batch (batch size exceeded) 25007463
bases in batch (batch size exceeded) 25007409
bases in batch (batch size exceeded) 25012564
bases in batch (batch size exceeded) 25000124
bases in batch (batch size exceeded) 25013027
bases in batch (batch size exceeded) 25002791
bases in batch (batch size exceeded) 25033079
bases in batch (batch size exceeded) 25000422
bases in batch (batch size exceeded) 25001275
bases in batch (batch size exceeded) 25042404
bases in batch (batch size exceeded) 25008425
bases in batch (batch size exceeded) 25002225
bases in batch (core allotment reached) 12301552
bases in batch (batch size exceeded) 25001341
bases in batch (batch size exceeded) 25002495
bases in batch (batch size exceeded) 25001334
bases in batch (batch size exceeded) 25007565
bases in batch (batch size exceeded) 25000453
bases in batch (batch size exceeded) 25011008
bases in batch (batch size exceeded) 25000368
bases in batch (batch size exceeded) 25003209
bases in batch (batch size exceeded) 25005875
bases in batch (batch size exceeded) 25000662
bases in batch (batch size exceeded) 25005545
bases in batch (batch size exceeded) 25008314
bases in batch (core allotment reached) 12385156
bases in batch (batch size exceeded) 25027756
bases in batch (batch size exceeded) 25028567
bases in batch (batch size exceeded) 25008961
bases in batch (batch size exceeded) 25009205
bases in batch (batch size exceeded) 25000938
bases in batch (batch size exceeded) 25004494
bases in batch (batch size exceeded) 25003465
bases in batch (batch size exceeded) 25001441
bases in batch (batch size exceeded) 25001096
bases in batch (batch size exceeded) 25011344
bases in batch (batch size exceeded) 25005848
bases in batch (batch size exceeded) 25009606
bases in batch (core allotment reached) 12339216
bases in batch (batch size exceeded) 25002416
bases in batch (batch size exceeded) 25013339
bases in batch (batch size exceeded) 25017746
bases in batch (batch size exceeded) 25019925
bases in batch (batch size exceeded) 25008668
bases in batch (batch size exceeded) 25044194
bases in batch (batch size exceeded) 25032351
bases in batch (batch size exceeded) 25003445
bases in batch (batch size exceeded) 25035694
bases in batch (batch size exceeded) 25003669
bases in batch (batch size exceeded) 25006167
bases in batch (batch size exceeded) 25016188
bases in batch (core allotment reached) 12230484
bases in batch (batch size exceeded) 25000359
bases in batch (batch size exceeded) 25049241
bases in batch (batch size exceeded) 25017958
bases in batch (batch size exceeded) 25043945
bases in batch (batch size exceeded) 25001480
bases in batch (batch size exceeded) 25008086
bases in batch (batch size exceeded) 25022150
bases in batch (batch size exceeded) 25017729
bases in batch (batch size exceeded) 25008074
bases in batch (batch size exceeded) 25036853
bases in batch (batch size exceeded) 25009015
bases in batch (batch size exceeded) 25020433
bases in batch (core allotment reached) 12272007
bases in batch (batch size exceeded) 25012084
bases in batch (batch size exceeded) 25005691
bases in batch (batch size exceeded) 25011869
bases in batch (batch size exceeded) 25016334
bases in batch (batch size exceeded) 25000527
bases in batch (batch size exceeded) 25004067
bases in batch (batch size exceeded) 25001559
bases in batch (batch size exceeded) 25026425
bases in batch (batch size exceeded) 25010595
bases in batch (batch size exceeded) 25013470
bases in batch (batch size exceeded) 25002663
bases in batch (batch size exceeded) 25028093
bases in batch (core allotment reached) 12312014
bases in batch (batch size exceeded) 25009652
bases in batch (batch size exceeded) 25000768
bases in batch (batch size exceeded) 25002633
bases in batch (batch size exceeded) 25000401
bases in batch (batch size exceeded) 25002058
bases in batch (batch size exceeded) 25005421
bases in batch (batch size exceeded) 25030000
bases in batch (batch size exceeded) 25002642
bases in batch (batch size exceeded) 25012634
bases in batch (batch size exceeded) 25027701
bases in batch (batch size exceeded) 25040860
bases in batch (batch size exceeded) 25006791
bases in batch (core allotment reached) 12306516
bases in batch (batch size exceeded) 25016848
bases in batch (batch size exceeded) 25015476
bases in batch (batch size exceeded) 25021776
bases in batch (batch size exceeded) 25031762
bases in batch (batch size exceeded) 25014037
bases in batch (batch size exceeded) 25002306
bases in batch (batch size exceeded) 25009552
bases in batch (batch size exceeded) 25028059
bases in batch (batch size exceeded) 25000560
bases in batch (batch size exceeded) 25039131
bases in batch (batch size exceeded) 25000923
bases in batch (batch size exceeded) 25010030
bases in batch (core allotment reached) 12243419
bases in batch (batch size exceeded) 25003199
bases in batch (batch size exceeded) 25000121
bases in batch (batch size exceeded) 25013947
bases in batch (batch size exceeded) 25005974
bases in batch (batch size exceeded) 25004898
bases in batch (batch size exceeded) 25009605
bases in batch (batch size exceeded) 25005565
bases in batch (batch size exceeded) 25014222
bases in batch (batch size exceeded) 25001882
bases in batch (batch size exceeded) 25013142
bases in batch (batch size exceeded) 25000114
bases in batch (batch size exceeded) 25019584
bases in batch (core allotment reached) 12342814
bases in batch (batch size exceeded) 25019646
bases in batch (batch size exceeded) 25003682
bases in batch (batch size exceeded) 25012640
bases in batch (batch size exceeded) 25002081
bases in batch (batch size exceeded) 25002144
bases in batch (batch size exceeded) 25002073
bases in batch (batch size exceeded) 25000984
bases in batch (batch size exceeded) 25002347
bases in batch (batch size exceeded) 25007508
bases in batch (batch size exceeded) 25011860
bases in batch (batch size exceeded) 25000322
bases in batch (batch size exceeded) 25028315
bases in batch (core allotment reached) 12364765
bases in batch (batch size exceeded) 25008134
bases in batch (batch size exceeded) 25034196
bases in batch (batch size exceeded) 25022355
bases in batch (batch size exceeded) 25001922
bases in batch (batch size exceeded) 25010614
bases in batch (batch size exceeded) 25041624
bases in batch (batch size exceeded) 25008597
bases in batch (batch size exceeded) 25000642
bases in batch (batch size exceeded) 25025277
bases in batch (batch size exceeded) 25005299
bases in batch (batch size exceeded) 25020826
bases in batch (batch size exceeded) 25004560
bases in batch (core allotment reached) 12253330
bases in batch (batch size exceeded) 25025401
bases in batch (batch size exceeded) 25030567
bases in batch (batch size exceeded) 25035147
bases in batch (batch size exceeded) 25000353
bases in batch (batch size exceeded) 25031230
bases in batch (batch size exceeded) 25003564
bases in batch (batch size exceeded) 25000668
bases in batch (batch size exceeded) 25023840
bases in batch (batch size exceeded) 25002972
bases in batch (batch size exceeded) 25006441
bases in batch (batch size exceeded) 25001728
bases in batch (batch size exceeded) 25006443
bases in batch (core allotment reached) 12267036
bases in batch (batch size exceeded) 25009924
bases in batch (batch size exceeded) 25020672
bases in batch (batch size exceeded) 25000833
bases in batch (batch size exceeded) 25002648
bases in batch (batch size exceeded) 25005098
bases in batch (batch size exceeded) 25012691
bases in batch (batch size exceeded) 25015266
bases in batch (batch size exceeded) 25021018
bases in batch (batch size exceeded) 25006969
bases in batch (batch size exceeded) 25000844
bases in batch (batch size exceeded) 25000095
bases in batch (batch size exceeded) 25041565
bases in batch (core allotment reached) 12293335
bases in batch (batch size exceeded) 25004392
bases in batch (batch size exceeded) 25005248
bases in batch (batch size exceeded) 25016117
bases in batch (batch size exceeded) 25009880
bases in batch (batch size exceeded) 25023417
bases in batch (batch size exceeded) 25003009
bases in batch (batch size exceeded) 25012001
bases in batch (batch size exceeded) 25008588
bases in batch (batch size exceeded) 25031774
bases in batch (batch size exceeded) 25004155
bases in batch (batch size exceeded) 25030307
bases in batch (batch size exceeded) 25001258
bases in batch (core allotment reached) 12285050
bases in batch (batch size exceeded) 25043344
bases in batch (batch size exceeded) 25022199
bases in batch (batch size exceeded) 25001777
bases in batch (batch size exceeded) 25008562
bases in batch (batch size exceeded) 25007355
bases in batch (batch size exceeded) 25014471
bases in batch (batch size exceeded) 25022202
bases in batch (batch size exceeded) 25016532
bases in batch (batch size exceeded) 25015400
bases in batch (batch size exceeded) 25034677
bases in batch (batch size exceeded) 25020742
bases in batch (batch size exceeded) 25033064
bases in batch (core allotment reached) 12191652
bases in batch (batch size exceeded) 25008169
bases in batch (batch size exceeded) 25009380
bases in batch (batch size exceeded) 25001808
bases in batch (batch size exceeded) 25009252
bases in batch (batch size exceeded) 25016314
bases in batch (batch size exceeded) 25001707
bases in batch (batch size exceeded) 25001650
bases in batch (batch size exceeded) 25007080
bases in batch (batch size exceeded) 25033505
bases in batch (batch size exceeded) 25039892
bases in batch (batch size exceeded) 25005835
bases in batch (batch size exceeded) 25002487
bases in batch (last for core) 11815808
Starting up parallel processes, tasklist took 44.80881452560425
Starting merge, parallel processing took 599.5334436893463
bigwig
Merge took 1211.0359456539154

