chr12:0-133324548
histone1_chr12
bases in batch (batch size exceeded) 25004031
bases in batch (batch size exceeded) 25021778
bases in batch (batch size exceeded) 25003258
bases in batch (batch size exceeded) 25010558
bases in batch (batch size exceeded) 25004751
bases in batch (batch size exceeded) 25065112
bases in batch (core allotment reached) 22088080
bases in batch (batch size exceeded) 25002306
bases in batch (batch size exceeded) 25005915
bases in batch (batch size exceeded) 25017492
bases in batch (batch size exceeded) 25027157
bases in batch (batch size exceeded) 25009733
bases in batch (batch size exceeded) 25008422
bases in batch (core allotment reached) 22117911
bases in batch (batch size exceeded) 25011290
bases in batch (batch size exceeded) 25005323
bases in batch (batch size exceeded) 25050307
bases in batch (batch size exceeded) 25000523
bases in batch (batch size exceeded) 25042687
bases in batch (batch size exceeded) 25002900
bases in batch (core allotment reached) 22123643
bases in batch (batch size exceeded) 25046570
bases in batch (batch size exceeded) 25002028
bases in batch (batch size exceeded) 25013194
bases in batch (batch size exceeded) 25048680
bases in batch (batch size exceeded) 25007713
bases in batch (batch size exceeded) 25000791
bases in batch (core allotment reached) 22074667
bases in batch (batch size exceeded) 25004940
bases in batch (batch size exceeded) 25029733
bases in batch (batch size exceeded) 25003783
bases in batch (batch size exceeded) 25038610
bases in batch (batch size exceeded) 25017972
bases in batch (batch size exceeded) 25045325
bases in batch (core allotment reached) 22087433
bases in batch (batch size exceeded) 25015805
bases in batch (batch size exceeded) 25006840
bases in batch (batch size exceeded) 25018386
bases in batch (batch size exceeded) 25012686
bases in batch (batch size exceeded) 25014564
bases in batch (batch size exceeded) 25000909
bases in batch (core allotment reached) 22113478
bases in batch (batch size exceeded) 25006523
bases in batch (batch size exceeded) 25020219
bases in batch (batch size exceeded) 25014607
bases in batch (batch size exceeded) 25041511
bases in batch (batch size exceeded) 25010329
bases in batch (batch size exceeded) 25025720
bases in batch (core allotment reached) 22082762
bases in batch (batch size exceeded) 25021448
bases in batch (batch size exceeded) 25000900
bases in batch (batch size exceeded) 25004147
bases in batch (batch size exceeded) 25018322
bases in batch (batch size exceeded) 25024591
bases in batch (batch size exceeded) 25002760
bases in batch (core allotment reached) 22117377
bases in batch (batch size exceeded) 25001332
bases in batch (batch size exceeded) 25021440
bases in batch (batch size exceeded) 25008593
bases in batch (batch size exceeded) 25002005
bases in batch (batch size exceeded) 25012370
bases in batch (batch size exceeded) 25004964
bases in batch (core allotment reached) 22134015
bases in batch (batch size exceeded) 25047224
bases in batch (batch size exceeded) 25001701
bases in batch (batch size exceeded) 25001448
bases in batch (batch size exceeded) 25005555
bases in batch (batch size exceeded) 25010008
bases in batch (batch size exceeded) 25042564
bases in batch (core allotment reached) 22102286
bases in batch (batch size exceeded) 25004627
bases in batch (batch size exceeded) 25047577
bases in batch (batch size exceeded) 25007656
bases in batch (batch size exceeded) 25002930
bases in batch (batch size exceeded) 25004471
bases in batch (batch size exceeded) 25006430
bases in batch (core allotment reached) 22115984
bases in batch (batch size exceeded) 25048927
bases in batch (batch size exceeded) 25012730
bases in batch (batch size exceeded) 25025837
bases in batch (batch size exceeded) 25019595
bases in batch (batch size exceeded) 25003584
bases in batch (batch size exceeded) 25004923
bases in batch (core allotment reached) 22086256
bases in batch (batch size exceeded) 25010523
bases in batch (batch size exceeded) 25022246
bases in batch (batch size exceeded) 25000866
bases in batch (batch size exceeded) 25011339
bases in batch (batch size exceeded) 25041702
bases in batch (batch size exceeded) 25001148
bases in batch (core allotment reached) 22154895
bases in batch (batch size exceeded) 25005277
bases in batch (batch size exceeded) 25020496
bases in batch (batch size exceeded) 25018255
bases in batch (batch size exceeded) 25000744
bases in batch (batch size exceeded) 25004674
bases in batch (batch size exceeded) 25006678
bases in batch (core allotment reached) 22130584
bases in batch (batch size exceeded) 25019195
bases in batch (batch size exceeded) 25051081
bases in batch (batch size exceeded) 25000630
bases in batch (batch size exceeded) 25000090
bases in batch (batch size exceeded) 25014806
bases in batch (batch size exceeded) 25017704
bases in batch (core allotment reached) 22079959
bases in batch (batch size exceeded) 25017654
bases in batch (batch size exceeded) 25002639
bases in batch (batch size exceeded) 25000653
bases in batch (batch size exceeded) 25029579
bases in batch (batch size exceeded) 25004980
bases in batch (batch size exceeded) 25038376
bases in batch (core allotment reached) 22134018
bases in batch (batch size exceeded) 25016431
bases in batch (batch size exceeded) 25015026
bases in batch (batch size exceeded) 25034394
bases in batch (batch size exceeded) 25015932
bases in batch (batch size exceeded) 25075433
bases in batch (batch size exceeded) 25043982
bases in batch (core allotment reached) 22021047
bases in batch (batch size exceeded) 25007140
bases in batch (batch size exceeded) 25007973
bases in batch (batch size exceeded) 25003703
bases in batch (batch size exceeded) 25012764
bases in batch (batch size exceeded) 25042677
bases in batch (batch size exceeded) 25002138
bases in batch (core allotment reached) 22107104
bases in batch (batch size exceeded) 25058871
bases in batch (batch size exceeded) 25000788
bases in batch (batch size exceeded) 25024937
bases in batch (batch size exceeded) 25001880
bases in batch (batch size exceeded) 25001087
bases in batch (batch size exceeded) 25019124
bases in batch (core allotment reached) 22095798
bases in batch (batch size exceeded) 25013940
bases in batch (batch size exceeded) 25036039
bases in batch (batch size exceeded) 25012416
bases in batch (batch size exceeded) 25004904
bases in batch (batch size exceeded) 25005155
bases in batch (batch size exceeded) 25040615
bases in batch (core allotment reached) 22080903
bases in batch (batch size exceeded) 25011739
bases in batch (batch size exceeded) 25005726
bases in batch (batch size exceeded) 25020035
bases in batch (batch size exceeded) 25007964
bases in batch (batch size exceeded) 25005086
bases in batch (batch size exceeded) 25002313
bases in batch (core allotment reached) 22132269
bases in batch (batch size exceeded) 25015955
bases in batch (batch size exceeded) 25010285
bases in batch (batch size exceeded) 25000771
bases in batch (batch size exceeded) 25004561
bases in batch (batch size exceeded) 25016263
bases in batch (batch size exceeded) 25003489
bases in batch (core allotment reached) 22153850
bases in batch (batch size exceeded) 25056768
bases in batch (batch size exceeded) 25000285
bases in batch (batch size exceeded) 25001931
bases in batch (batch size exceeded) 25005637
bases in batch (batch size exceeded) 25015942
bases in batch (batch size exceeded) 25000381
bases in batch (core allotment reached) 22152784
bases in batch (batch size exceeded) 25032046
bases in batch (batch size exceeded) 25052038
bases in batch (batch size exceeded) 25002810
bases in batch (batch size exceeded) 25006174
bases in batch (batch size exceeded) 25014166
bases in batch (batch size exceeded) 25009229
bases in batch (core allotment reached) 22084220
bases in batch (batch size exceeded) 25014481
bases in batch (batch size exceeded) 25003270
bases in batch (batch size exceeded) 25003617
bases in batch (batch size exceeded) 25011148
bases in batch (batch size exceeded) 25007679
bases in batch (batch size exceeded) 25027005
bases in batch (core allotment reached) 22133446
bases in batch (batch size exceeded) 25004895
bases in batch (batch size exceeded) 25006510
bases in batch (batch size exceeded) 25000623
bases in batch (batch size exceeded) 25011927
bases in batch (batch size exceeded) 25006577
bases in batch (batch size exceeded) 25004660
bases in batch (core allotment reached) 22195680
bases in batch (batch size exceeded) 25023887
bases in batch (batch size exceeded) 25002519
bases in batch (batch size exceeded) 25005588
bases in batch (batch size exceeded) 25006532
bases in batch (batch size exceeded) 25005855
bases in batch (batch size exceeded) 25012328
bases in batch (core allotment reached) 22127412
bases in batch (batch size exceeded) 25024851
bases in batch (batch size exceeded) 25004450
bases in batch (batch size exceeded) 25016890
bases in batch (batch size exceeded) 25076967
bases in batch (batch size exceeded) 25045635
bases in batch (batch size exceeded) 25081506
bases in batch (core allotment reached) 21937423
bases in batch (batch size exceeded) 25003640
bases in batch (batch size exceeded) 25014635
bases in batch (batch size exceeded) 25026970
bases in batch (batch size exceeded) 25000405
bases in batch (batch size exceeded) 25002105
bases in batch (batch size exceeded) 25001642
bases in batch (core allotment reached) 22135278
bases in batch (batch size exceeded) 25011735
bases in batch (batch size exceeded) 25002517
bases in batch (batch size exceeded) 25009542
bases in batch (batch size exceeded) 25002694
bases in batch (batch size exceeded) 25030489
bases in batch (batch size exceeded) 25001526
bases in batch (core allotment reached) 22138759
bases in batch (batch size exceeded) 25004466
bases in batch (batch size exceeded) 25014673
bases in batch (batch size exceeded) 25003733
bases in batch (batch size exceeded) 25015008
bases in batch (batch size exceeded) 25001293
bases in batch (batch size exceeded) 25010179
bases in batch (core allotment reached) 22140567
bases in batch (batch size exceeded) 25018574
bases in batch (batch size exceeded) 25005644
bases in batch (batch size exceeded) 25005415
bases in batch (batch size exceeded) 25010443
bases in batch (batch size exceeded) 25010145
bases in batch (batch size exceeded) 25000213
bases in batch (last for core) 21540054
Starting up parallel processes, tasklist took 25.157052755355835
Starting merge, parallel processing took 304.1026155948639
bigwig
Merge took 660.7305161952972

