chr7:0-160567428
histone3_chr7
bases in batch (batch size exceeded) 25018491
bases in batch (batch size exceeded) 25027373
bases in batch (batch size exceeded) 25004855
bases in batch (batch size exceeded) 25029873
bases in batch (batch size exceeded) 25006263
bases in batch (batch size exceeded) 25000850
bases in batch (batch size exceeded) 25000206
bases in batch (batch size exceeded) 25000261
bases in batch (core allotment reached) 4352583
bases in batch (batch size exceeded) 25018702
bases in batch (batch size exceeded) 25046683
bases in batch (batch size exceeded) 25001880
bases in batch (batch size exceeded) 25005310
bases in batch (batch size exceeded) 25003544
bases in batch (batch size exceeded) 25000180
bases in batch (batch size exceeded) 25000704
bases in batch (batch size exceeded) 25014933
bases in batch (core allotment reached) 4374713
bases in batch (batch size exceeded) 25011292
bases in batch (batch size exceeded) 25005144
bases in batch (batch size exceeded) 25003213
bases in batch (batch size exceeded) 25008507
bases in batch (batch size exceeded) 25026404
bases in batch (batch size exceeded) 25000515
bases in batch (batch size exceeded) 25012082
bases in batch (batch size exceeded) 25002204
bases in batch (core allotment reached) 4382387
bases in batch (batch size exceeded) 25022125
bases in batch (batch size exceeded) 25006430
bases in batch (batch size exceeded) 25006677
bases in batch (batch size exceeded) 25018980
bases in batch (batch size exceeded) 25004457
bases in batch (batch size exceeded) 25001999
bases in batch (batch size exceeded) 25002666
bases in batch (batch size exceeded) 25011118
bases in batch (core allotment reached) 4357650
bases in batch (batch size exceeded) 25051052
bases in batch (batch size exceeded) 25029485
bases in batch (batch size exceeded) 25005360
bases in batch (batch size exceeded) 25008545
bases in batch (batch size exceeded) 25000104
bases in batch (batch size exceeded) 25004352
bases in batch (batch size exceeded) 25003702
bases in batch (batch size exceeded) 25003304
bases in batch (core allotment reached) 4379698
bases in batch (batch size exceeded) 25008985
bases in batch (batch size exceeded) 25024349
bases in batch (batch size exceeded) 25009510
bases in batch (batch size exceeded) 25016487
bases in batch (batch size exceeded) 25002518
bases in batch (batch size exceeded) 25012631
bases in batch (batch size exceeded) 25070910
bases in batch (batch size exceeded) 25000027
bases in batch (core allotment reached) 4298407
bases in batch (batch size exceeded) 25002510
bases in batch (batch size exceeded) 25003498
bases in batch (batch size exceeded) 25023621
bases in batch (batch size exceeded) 25017520
bases in batch (batch size exceeded) 25007541
bases in batch (batch size exceeded) 25002634
bases in batch (batch size exceeded) 25036145
bases in batch (batch size exceeded) 25003553
bases in batch (core allotment reached) 4327056
bases in batch (batch size exceeded) 25006686
bases in batch (batch size exceeded) 25013330
bases in batch (batch size exceeded) 25045798
bases in batch (batch size exceeded) 25027355
bases in batch (batch size exceeded) 25039609
bases in batch (batch size exceeded) 25001353
bases in batch (batch size exceeded) 25055826
bases in batch (batch size exceeded) 25005852
bases in batch (core allotment reached) 4231149
bases in batch (batch size exceeded) 25014612
bases in batch (batch size exceeded) 25022712
bases in batch (batch size exceeded) 25030799
bases in batch (batch size exceeded) 25006990
bases in batch (batch size exceeded) 25012199
bases in batch (batch size exceeded) 25024478
bases in batch (batch size exceeded) 25001473
bases in batch (batch size exceeded) 25000342
bases in batch (core allotment reached) 4309284
bases in batch (batch size exceeded) 25001601
bases in batch (batch size exceeded) 25015597
bases in batch (batch size exceeded) 25004625
bases in batch (batch size exceeded) 25001879
bases in batch (batch size exceeded) 25036827
bases in batch (batch size exceeded) 25000391
bases in batch (batch size exceeded) 25008827
bases in batch (batch size exceeded) 25001654
bases in batch (core allotment reached) 4381210
bases in batch (batch size exceeded) 25009218
bases in batch (batch size exceeded) 25011226
bases in batch (batch size exceeded) 25002615
bases in batch (batch size exceeded) 25008266
bases in batch (batch size exceeded) 25011254
bases in batch (batch size exceeded) 25006037
bases in batch (batch size exceeded) 25010193
bases in batch (batch size exceeded) 25070752
bases in batch (core allotment reached) 4317171
bases in batch (batch size exceeded) 25001319
bases in batch (batch size exceeded) 25032774
bases in batch (batch size exceeded) 25017032
bases in batch (batch size exceeded) 25007102
bases in batch (batch size exceeded) 25000394
bases in batch (batch size exceeded) 25005083
bases in batch (batch size exceeded) 25017822
bases in batch (batch size exceeded) 25001195
bases in batch (core allotment reached) 4347589
bases in batch (batch size exceeded) 25006567
bases in batch (batch size exceeded) 25013170
bases in batch (batch size exceeded) 25011055
bases in batch (batch size exceeded) 25002882
bases in batch (batch size exceeded) 25006751
bases in batch (batch size exceeded) 25015110
bases in batch (batch size exceeded) 25007976
bases in batch (batch size exceeded) 25001951
bases in batch (core allotment reached) 4379128
bases in batch (batch size exceeded) 25000501
bases in batch (batch size exceeded) 25037200
bases in batch (batch size exceeded) 25012713
bases in batch (batch size exceeded) 25007804
bases in batch (batch size exceeded) 25001506
bases in batch (batch size exceeded) 25034252
bases in batch (batch size exceeded) 25016683
bases in batch (batch size exceeded) 25017756
bases in batch (core allotment reached) 4304591
bases in batch (batch size exceeded) 25018210
bases in batch (batch size exceeded) 25012332
bases in batch (batch size exceeded) 25009400
bases in batch (batch size exceeded) 25012337
bases in batch (batch size exceeded) 25001835
bases in batch (batch size exceeded) 25015640
bases in batch (batch size exceeded) 25015827
bases in batch (batch size exceeded) 25024042
bases in batch (core allotment reached) 4410372
bases in batch (batch size exceeded) 25048096
bases in batch (batch size exceeded) 25009084
bases in batch (batch size exceeded) 25010290
bases in batch (batch size exceeded) 25013242
bases in batch (batch size exceeded) 25004638
bases in batch (batch size exceeded) 25002521
bases in batch (batch size exceeded) 25002683
bases in batch (batch size exceeded) 25003229
bases in batch (core allotment reached) 4346383
bases in batch (batch size exceeded) 25004216
bases in batch (batch size exceeded) 25004950
bases in batch (batch size exceeded) 25023152
bases in batch (batch size exceeded) 25003428
bases in batch (batch size exceeded) 25062115
bases in batch (batch size exceeded) 25004847
bases in batch (batch size exceeded) 25007590
bases in batch (batch size exceeded) 25017078
bases in batch (core allotment reached) 4319375
bases in batch (batch size exceeded) 25075729
bases in batch (batch size exceeded) 25000902
bases in batch (batch size exceeded) 25051792
bases in batch (batch size exceeded) 25004206
bases in batch (batch size exceeded) 25004862
bases in batch (batch size exceeded) 25014824
bases in batch (batch size exceeded) 25002171
bases in batch (batch size exceeded) 25005369
bases in batch (core allotment reached) 4278150
bases in batch (batch size exceeded) 25002835
bases in batch (batch size exceeded) 25003409
bases in batch (batch size exceeded) 25000361
bases in batch (batch size exceeded) 25019930
bases in batch (batch size exceeded) 25000011
bases in batch (batch size exceeded) 25043214
bases in batch (batch size exceeded) 25002816
bases in batch (batch size exceeded) 25009009
bases in batch (core allotment reached) 4381285
bases in batch (batch size exceeded) 25007798
bases in batch (batch size exceeded) 25007726
bases in batch (batch size exceeded) 25017568
bases in batch (batch size exceeded) 25001741
bases in batch (batch size exceeded) 25050578
bases in batch (batch size exceeded) 25035966
bases in batch (batch size exceeded) 25000601
bases in batch (batch size exceeded) 25003696
bases in batch (core allotment reached) 4332169
bases in batch (batch size exceeded) 25019297
bases in batch (batch size exceeded) 25014922
bases in batch (batch size exceeded) 25006829
bases in batch (batch size exceeded) 25003503
bases in batch (batch size exceeded) 25002249
bases in batch (batch size exceeded) 25054114
bases in batch (batch size exceeded) 25025471
bases in batch (batch size exceeded) 25019630
bases in batch (core allotment reached) 4282783
bases in batch (batch size exceeded) 25006984
bases in batch (batch size exceeded) 25004042
bases in batch (batch size exceeded) 25018271
bases in batch (batch size exceeded) 25015633
bases in batch (batch size exceeded) 25004744
bases in batch (batch size exceeded) 25004038
bases in batch (batch size exceeded) 25007341
bases in batch (batch size exceeded) 25004521
bases in batch (core allotment reached) 4453004
bases in batch (batch size exceeded) 25080153
bases in batch (batch size exceeded) 25032209
bases in batch (batch size exceeded) 25004972
bases in batch (batch size exceeded) 25014061
bases in batch (batch size exceeded) 25000686
bases in batch (batch size exceeded) 25043576
bases in batch (batch size exceeded) 25004169
bases in batch (batch size exceeded) 25011942
bases in batch (core allotment reached) 4285819
bases in batch (batch size exceeded) 25002536
bases in batch (batch size exceeded) 25021910
bases in batch (batch size exceeded) 25006362
bases in batch (batch size exceeded) 25020750
bases in batch (batch size exceeded) 25004480
bases in batch (batch size exceeded) 25000011
bases in batch (batch size exceeded) 25010739
bases in batch (batch size exceeded) 25000212
bases in batch (core allotment reached) 4356899
bases in batch (batch size exceeded) 25000992
bases in batch (batch size exceeded) 25000798
bases in batch (batch size exceeded) 25000907
bases in batch (batch size exceeded) 25011527
bases in batch (batch size exceeded) 25087082
bases in batch (batch size exceeded) 25002196
bases in batch (batch size exceeded) 25042045
bases in batch (batch size exceeded) 25002993
bases in batch (core allotment reached) 4296884
bases in batch (batch size exceeded) 25006312
bases in batch (batch size exceeded) 25015166
bases in batch (batch size exceeded) 25002617
bases in batch (batch size exceeded) 25004631
bases in batch (batch size exceeded) 25044813
bases in batch (batch size exceeded) 25009194
bases in batch (batch size exceeded) 25031812
bases in batch (batch size exceeded) 25021898
bases in batch (core allotment reached) 4301925
bases in batch (batch size exceeded) 25022074
bases in batch (batch size exceeded) 25022338
bases in batch (batch size exceeded) 25012799
bases in batch (batch size exceeded) 25005954
bases in batch (batch size exceeded) 25015374
bases in batch (batch size exceeded) 25017527
bases in batch (batch size exceeded) 25000738
bases in batch (batch size exceeded) 25066890
bases in batch (core allotment reached) 4271210
bases in batch (batch size exceeded) 25007132
bases in batch (batch size exceeded) 25007796
bases in batch (batch size exceeded) 25033165
bases in batch (batch size exceeded) 25043899
bases in batch (batch size exceeded) 25049299
bases in batch (batch size exceeded) 25014358
bases in batch (batch size exceeded) 25051536
bases in batch (batch size exceeded) 25012685
bases in batch (core allotment reached) 4205769
bases in batch (batch size exceeded) 25003587
bases in batch (batch size exceeded) 25000368
bases in batch (batch size exceeded) 25002712
bases in batch (batch size exceeded) 25007254
bases in batch (batch size exceeded) 25029098
bases in batch (batch size exceeded) 25021333
bases in batch (batch size exceeded) 25004369
bases in batch (batch size exceeded) 25017955
bases in batch (core allotment reached) 4336044
bases in batch (batch size exceeded) 25016620
bases in batch (batch size exceeded) 25014279
bases in batch (batch size exceeded) 25022952
bases in batch (batch size exceeded) 25000543
bases in batch (batch size exceeded) 25011354
bases in batch (batch size exceeded) 25018113
bases in batch (batch size exceeded) 25016300
bases in batch (batch size exceeded) 25033900
bases in batch (core allotment reached) 4295808
bases in batch (batch size exceeded) 25079748
bases in batch (batch size exceeded) 25006885
bases in batch (batch size exceeded) 25008038
bases in batch (batch size exceeded) 25009304
bases in batch (batch size exceeded) 25021719
bases in batch (batch size exceeded) 25012631
bases in batch (batch size exceeded) 25025036
bases in batch (batch size exceeded) 25005472
bases in batch (core allotment reached) 4263400
bases in batch (batch size exceeded) 25001586
bases in batch (batch size exceeded) 25000202
bases in batch (batch size exceeded) 25007981
bases in batch (batch size exceeded) 25022492
bases in batch (batch size exceeded) 25051409
bases in batch (batch size exceeded) 25022157
bases in batch (batch size exceeded) 25032589
bases in batch (batch size exceeded) 25073667
bases in batch (last for core) 3460349
Starting up parallel processes, tasklist took 29.146799087524414
Starting merge, parallel processing took 367.57568311691284
bigwig
Merge took 797.6864659786224

