chr5:0-182045439
histone1_chr5
bases in batch (batch size exceeded) 25004007
bases in batch (batch size exceeded) 25027917
bases in batch (batch size exceeded) 25017157
bases in batch (batch size exceeded) 25000232
bases in batch (batch size exceeded) 25018324
bases in batch (batch size exceeded) 25001408
bases in batch (batch size exceeded) 25006671
bases in batch (batch size exceeded) 25018586
bases in batch (batch size exceeded) 25000651
bases in batch (core allotment reached) 9979209
bases in batch (batch size exceeded) 25018952
bases in batch (batch size exceeded) 25043963
bases in batch (batch size exceeded) 25006412
bases in batch (batch size exceeded) 25024089
bases in batch (batch size exceeded) 25000816
bases in batch (batch size exceeded) 25031475
bases in batch (batch size exceeded) 25012248
bases in batch (batch size exceeded) 25001079
bases in batch (batch size exceeded) 25005202
bases in batch (core allotment reached) 9939889
bases in batch (batch size exceeded) 25005049
bases in batch (batch size exceeded) 25002834
bases in batch (batch size exceeded) 25013544
bases in batch (batch size exceeded) 25011120
bases in batch (batch size exceeded) 25016591
bases in batch (batch size exceeded) 25030245
bases in batch (batch size exceeded) 25000494
bases in batch (batch size exceeded) 25013524
bases in batch (batch size exceeded) 25005454
bases in batch (core allotment reached) 9969843
bases in batch (batch size exceeded) 25005685
bases in batch (batch size exceeded) 25023121
bases in batch (batch size exceeded) 25000982
bases in batch (batch size exceeded) 25000201
bases in batch (batch size exceeded) 25014574
bases in batch (batch size exceeded) 25002138
bases in batch (batch size exceeded) 25000507
bases in batch (batch size exceeded) 25000396
bases in batch (batch size exceeded) 25003133
bases in batch (core allotment reached) 10072086
bases in batch (batch size exceeded) 25030709
bases in batch (batch size exceeded) 25005511
bases in batch (batch size exceeded) 25029573
bases in batch (batch size exceeded) 25005495
bases in batch (batch size exceeded) 25006366
bases in batch (batch size exceeded) 25006755
bases in batch (batch size exceeded) 25001118
bases in batch (batch size exceeded) 25008219
bases in batch (batch size exceeded) 25000431
bases in batch (core allotment reached) 9970728
bases in batch (batch size exceeded) 25008318
bases in batch (batch size exceeded) 25035842
bases in batch (batch size exceeded) 25037657
bases in batch (batch size exceeded) 25001146
bases in batch (batch size exceeded) 25017553
bases in batch (batch size exceeded) 25020828
bases in batch (batch size exceeded) 25001082
bases in batch (batch size exceeded) 25001131
bases in batch (batch size exceeded) 25005625
bases in batch (core allotment reached) 9943331
bases in batch (batch size exceeded) 25026112
bases in batch (batch size exceeded) 25018880
bases in batch (batch size exceeded) 25008793
bases in batch (batch size exceeded) 25032373
bases in batch (batch size exceeded) 25005780
bases in batch (batch size exceeded) 25001443
bases in batch (batch size exceeded) 25042213
bases in batch (batch size exceeded) 25000651
bases in batch (batch size exceeded) 25017887
bases in batch (core allotment reached) 9911547
bases in batch (batch size exceeded) 25003192
bases in batch (batch size exceeded) 25002750
bases in batch (batch size exceeded) 25012636
bases in batch (batch size exceeded) 25002251
bases in batch (batch size exceeded) 25001479
bases in batch (batch size exceeded) 25000117
bases in batch (batch size exceeded) 25008641
bases in batch (batch size exceeded) 25016385
bases in batch (batch size exceeded) 25016806
bases in batch (core allotment reached) 10001338
bases in batch (batch size exceeded) 25014116
bases in batch (batch size exceeded) 25010484
bases in batch (batch size exceeded) 25022169
bases in batch (batch size exceeded) 25008623
bases in batch (batch size exceeded) 25003659
bases in batch (batch size exceeded) 25004588
bases in batch (batch size exceeded) 25020418
bases in batch (batch size exceeded) 25013534
bases in batch (batch size exceeded) 25033066
bases in batch (core allotment reached) 9939384
bases in batch (batch size exceeded) 25003979
bases in batch (batch size exceeded) 25000328
bases in batch (batch size exceeded) 25004062
bases in batch (batch size exceeded) 25021022
bases in batch (batch size exceeded) 25007435
bases in batch (batch size exceeded) 25004467
bases in batch (batch size exceeded) 25066288
bases in batch (batch size exceeded) 25017454
bases in batch (batch size exceeded) 25000652
bases in batch (core allotment reached) 10005704
bases in batch (batch size exceeded) 25020369
bases in batch (batch size exceeded) 25011614
bases in batch (batch size exceeded) 25043531
bases in batch (batch size exceeded) 25002114
bases in batch (batch size exceeded) 25009981
bases in batch (batch size exceeded) 25001699
bases in batch (batch size exceeded) 25053534
bases in batch (batch size exceeded) 25015375
bases in batch (batch size exceeded) 25005131
bases in batch (core allotment reached) 9925345
bases in batch (batch size exceeded) 25020601
bases in batch (batch size exceeded) 25020214
bases in batch (batch size exceeded) 25023340
bases in batch (batch size exceeded) 25000312
bases in batch (batch size exceeded) 25000759
bases in batch (batch size exceeded) 25029437
bases in batch (batch size exceeded) 25021616
bases in batch (batch size exceeded) 25018293
bases in batch (batch size exceeded) 25002156
bases in batch (core allotment reached) 9941245
bases in batch (batch size exceeded) 25005251
bases in batch (batch size exceeded) 25001918
bases in batch (batch size exceeded) 25000133
bases in batch (batch size exceeded) 25009410
bases in batch (batch size exceeded) 25026848
bases in batch (batch size exceeded) 25011579
bases in batch (batch size exceeded) 25006293
bases in batch (batch size exceeded) 25025795
bases in batch (batch size exceeded) 25048683
bases in batch (core allotment reached) 9930546
bases in batch (batch size exceeded) 25032136
bases in batch (batch size exceeded) 25001620
bases in batch (batch size exceeded) 25028450
bases in batch (batch size exceeded) 25000438
bases in batch (batch size exceeded) 25001195
bases in batch (batch size exceeded) 25012632
bases in batch (batch size exceeded) 25019363
bases in batch (batch size exceeded) 25008312
bases in batch (batch size exceeded) 25011133
bases in batch (core allotment reached) 9970087
bases in batch (batch size exceeded) 25016486
bases in batch (batch size exceeded) 25036321
bases in batch (batch size exceeded) 25002794
bases in batch (batch size exceeded) 25017877
bases in batch (batch size exceeded) 25015014
bases in batch (batch size exceeded) 25016263
bases in batch (batch size exceeded) 25028333
bases in batch (batch size exceeded) 25003453
bases in batch (batch size exceeded) 25013717
bases in batch (core allotment reached) 9928654
bases in batch (batch size exceeded) 25006878
bases in batch (batch size exceeded) 25026019
bases in batch (batch size exceeded) 25042793
bases in batch (batch size exceeded) 25024258
bases in batch (batch size exceeded) 25014819
bases in batch (batch size exceeded) 25046981
bases in batch (batch size exceeded) 25024288
bases in batch (batch size exceeded) 25017127
bases in batch (batch size exceeded) 25022123
bases in batch (core allotment reached) 9842292
bases in batch (batch size exceeded) 25010490
bases in batch (batch size exceeded) 25024148
bases in batch (batch size exceeded) 25019802
bases in batch (batch size exceeded) 25021817
bases in batch (batch size exceeded) 25000768
bases in batch (batch size exceeded) 25015139
bases in batch (batch size exceeded) 25006265
bases in batch (batch size exceeded) 25005929
bases in batch (batch size exceeded) 25012526
bases in batch (core allotment reached) 9978179
bases in batch (batch size exceeded) 25003259
bases in batch (batch size exceeded) 25003558
bases in batch (batch size exceeded) 25038769
bases in batch (batch size exceeded) 25016666
bases in batch (batch size exceeded) 25010172
bases in batch (batch size exceeded) 25000225
bases in batch (batch size exceeded) 25000107
bases in batch (batch size exceeded) 25002124
bases in batch (batch size exceeded) 25009638
bases in batch (core allotment reached) 9982505
bases in batch (batch size exceeded) 25013990
bases in batch (batch size exceeded) 25003583
bases in batch (batch size exceeded) 25002024
bases in batch (batch size exceeded) 25013231
bases in batch (batch size exceeded) 25007496
bases in batch (batch size exceeded) 25004564
bases in batch (batch size exceeded) 25008876
bases in batch (batch size exceeded) 25001727
bases in batch (batch size exceeded) 25002934
bases in batch (core allotment reached) 10008914
bases in batch (batch size exceeded) 25009882
bases in batch (batch size exceeded) 25007893
bases in batch (batch size exceeded) 25003698
bases in batch (batch size exceeded) 25003376
bases in batch (batch size exceeded) 25014336
bases in batch (batch size exceeded) 25000966
bases in batch (batch size exceeded) 25005632
bases in batch (batch size exceeded) 25004605
bases in batch (batch size exceeded) 25005911
bases in batch (core allotment reached) 10034789
bases in batch (batch size exceeded) 25012576
bases in batch (batch size exceeded) 25001291
bases in batch (batch size exceeded) 25014178
bases in batch (batch size exceeded) 25027137
bases in batch (batch size exceeded) 25010035
bases in batch (batch size exceeded) 25000531
bases in batch (batch size exceeded) 25006069
bases in batch (batch size exceeded) 25009371
bases in batch (batch size exceeded) 25000944
bases in batch (core allotment reached) 10005041
bases in batch (batch size exceeded) 25003698
bases in batch (batch size exceeded) 25056869
bases in batch (batch size exceeded) 25040728
bases in batch (batch size exceeded) 25001008
bases in batch (batch size exceeded) 25021563
bases in batch (batch size exceeded) 25008331
bases in batch (batch size exceeded) 25055910
bases in batch (batch size exceeded) 25016537
bases in batch (batch size exceeded) 25013498
bases in batch (core allotment reached) 9847012
bases in batch (batch size exceeded) 25002567
bases in batch (batch size exceeded) 25027026
bases in batch (batch size exceeded) 25002025
bases in batch (batch size exceeded) 25013864
bases in batch (batch size exceeded) 25004228
bases in batch (batch size exceeded) 25067345
bases in batch (batch size exceeded) 25028464
bases in batch (batch size exceeded) 25009900
bases in batch (batch size exceeded) 25064015
bases in batch (core allotment reached) 9845972
bases in batch (batch size exceeded) 25025003
bases in batch (batch size exceeded) 25035197
bases in batch (batch size exceeded) 25000430
bases in batch (batch size exceeded) 25012420
bases in batch (batch size exceeded) 25008556
bases in batch (batch size exceeded) 25007198
bases in batch (batch size exceeded) 25000923
bases in batch (batch size exceeded) 25001697
bases in batch (batch size exceeded) 25062374
bases in batch (core allotment reached) 9922677
bases in batch (batch size exceeded) 25000189
bases in batch (batch size exceeded) 25015408
bases in batch (batch size exceeded) 25000768
bases in batch (batch size exceeded) 25005536
bases in batch (batch size exceeded) 25030181
bases in batch (batch size exceeded) 25002262
bases in batch (batch size exceeded) 25000802
bases in batch (batch size exceeded) 25032412
bases in batch (batch size exceeded) 25033902
bases in batch (core allotment reached) 9958546
bases in batch (batch size exceeded) 25002485
bases in batch (batch size exceeded) 25017562
bases in batch (batch size exceeded) 25012288
bases in batch (batch size exceeded) 25003549
bases in batch (batch size exceeded) 25020560
bases in batch (batch size exceeded) 25016674
bases in batch (batch size exceeded) 25003983
bases in batch (batch size exceeded) 25020532
bases in batch (batch size exceeded) 25000246
bases in batch (core allotment reached) 9968438
bases in batch (batch size exceeded) 25057679
bases in batch (batch size exceeded) 25002311
bases in batch (batch size exceeded) 25007567
bases in batch (batch size exceeded) 25024061
bases in batch (batch size exceeded) 25007858
bases in batch (batch size exceeded) 25001895
bases in batch (batch size exceeded) 25004409
bases in batch (batch size exceeded) 25000167
bases in batch (batch size exceeded) 25000174
bases in batch (core allotment reached) 9960434
bases in batch (batch size exceeded) 25052918
bases in batch (batch size exceeded) 25013875
bases in batch (batch size exceeded) 25047308
bases in batch (batch size exceeded) 25016330
bases in batch (batch size exceeded) 25002715
bases in batch (batch size exceeded) 25003890
bases in batch (batch size exceeded) 25001150
bases in batch (batch size exceeded) 25047609
bases in batch (batch size exceeded) 25011074
bases in batch (core allotment reached) 9873718
bases in batch (batch size exceeded) 25001151
bases in batch (batch size exceeded) 25013821
bases in batch (batch size exceeded) 25011855
bases in batch (batch size exceeded) 25002380
bases in batch (batch size exceeded) 25063147
bases in batch (batch size exceeded) 25003296
bases in batch (batch size exceeded) 25002392
bases in batch (batch size exceeded) 25008772
bases in batch (batch size exceeded) 25031758
bases in batch (core allotment reached) 9938047
bases in batch (batch size exceeded) 25000872
bases in batch (batch size exceeded) 25000182
bases in batch (batch size exceeded) 25024145
bases in batch (batch size exceeded) 25002932
bases in batch (batch size exceeded) 25006225
bases in batch (batch size exceeded) 25003102
bases in batch (batch size exceeded) 25018602
bases in batch (batch size exceeded) 25009141
bases in batch (batch size exceeded) 25006436
bases in batch (core allotment reached) 9993831
bases in batch (batch size exceeded) 25001060
bases in batch (batch size exceeded) 25004134
bases in batch (batch size exceeded) 25002789
bases in batch (batch size exceeded) 25009432
bases in batch (batch size exceeded) 25031718
bases in batch (batch size exceeded) 25040030
bases in batch (batch size exceeded) 25001958
bases in batch (batch size exceeded) 25022581
bases in batch (batch size exceeded) 25014519
bases in batch (core allotment reached) 9956535
bases in batch (batch size exceeded) 25051739
bases in batch (batch size exceeded) 25055849
bases in batch (batch size exceeded) 25006041
bases in batch (batch size exceeded) 25015390
bases in batch (batch size exceeded) 25015649
bases in batch (batch size exceeded) 25003531
bases in batch (batch size exceeded) 25008404
bases in batch (batch size exceeded) 25004746
bases in batch (batch size exceeded) 25010033
bases in batch (last for core) 9481229
Starting up parallel processes, tasklist took 34.268627882003784
Starting merge, parallel processing took 445.3558511734009
bigwig
Merge took 895.8713448047638

