chr18:0-80542538
histone2_chr18
bases in batch (batch size exceeded) 25002993
bases in batch (batch size exceeded) 25002697
bases in batch (batch size exceeded) 25035578
bases in batch (core allotment reached) 22967800
bases in batch (batch size exceeded) 25019556
bases in batch (batch size exceeded) 25011849
bases in batch (batch size exceeded) 25004325
bases in batch (core allotment reached) 22949556
bases in batch (batch size exceeded) 25054911
bases in batch (batch size exceeded) 25048558
bases in batch (batch size exceeded) 25010849
bases in batch (core allotment reached) 22841580
bases in batch (batch size exceeded) 25020918
bases in batch (batch size exceeded) 25029036
bases in batch (batch size exceeded) 25002982
bases in batch (core allotment reached) 22957872
bases in batch (batch size exceeded) 25031095
bases in batch (batch size exceeded) 25004827
bases in batch (batch size exceeded) 25012134
bases in batch (core allotment reached) 22915224
bases in batch (batch size exceeded) 25001641
bases in batch (batch size exceeded) 25006910
bases in batch (batch size exceeded) 25014834
bases in batch (core allotment reached) 22937860
bases in batch (batch size exceeded) 25047653
bases in batch (batch size exceeded) 25037443
bases in batch (batch size exceeded) 25007506
bases in batch (core allotment reached) 22867137
bases in batch (batch size exceeded) 25002189
bases in batch (batch size exceeded) 25000728
bases in batch (batch size exceeded) 25012289
bases in batch (core allotment reached) 22986451
bases in batch (batch size exceeded) 25003553
bases in batch (batch size exceeded) 25009010
bases in batch (batch size exceeded) 25001470
bases in batch (core allotment reached) 22981857
bases in batch (batch size exceeded) 25004626
bases in batch (batch size exceeded) 25012238
bases in batch (batch size exceeded) 25000847
bases in batch (core allotment reached) 22955045
bases in batch (batch size exceeded) 25004706
bases in batch (batch size exceeded) 25010783
bases in batch (batch size exceeded) 25015073
bases in batch (core allotment reached) 22981919
bases in batch (batch size exceeded) 25025578
bases in batch (batch size exceeded) 25012585
bases in batch (batch size exceeded) 25001097
bases in batch (core allotment reached) 22918342
bases in batch (batch size exceeded) 25014818
bases in batch (batch size exceeded) 25083666
bases in batch (batch size exceeded) 25028767
bases in batch (core allotment reached) 22829562
bases in batch (batch size exceeded) 25040767
bases in batch (batch size exceeded) 25008310
bases in batch (batch size exceeded) 25000733
bases in batch (core allotment reached) 22934477
bases in batch (batch size exceeded) 25030003
bases in batch (batch size exceeded) 25002464
bases in batch (batch size exceeded) 25039235
bases in batch (core allotment reached) 22912798
bases in batch (batch size exceeded) 25005961
bases in batch (batch size exceeded) 25002996
bases in batch (batch size exceeded) 25020319
bases in batch (core allotment reached) 22941870
bases in batch (batch size exceeded) 25017612
bases in batch (batch size exceeded) 25016506
bases in batch (batch size exceeded) 25047034
bases in batch (core allotment reached) 22882245
bases in batch (batch size exceeded) 25001391
bases in batch (batch size exceeded) 25006811
bases in batch (batch size exceeded) 25039140
bases in batch (core allotment reached) 22967044
bases in batch (batch size exceeded) 25051565
bases in batch (batch size exceeded) 25031933
bases in batch (batch size exceeded) 25031770
bases in batch (core allotment reached) 22883818
bases in batch (batch size exceeded) 25002170
bases in batch (batch size exceeded) 25040020
bases in batch (batch size exceeded) 25030107
bases in batch (core allotment reached) 22891259
bases in batch (batch size exceeded) 25049260
bases in batch (batch size exceeded) 25015406
bases in batch (batch size exceeded) 25011676
bases in batch (core allotment reached) 22883036
bases in batch (batch size exceeded) 25094467
bases in batch (batch size exceeded) 25003649
bases in batch (batch size exceeded) 25028900
bases in batch (core allotment reached) 22856271
bases in batch (batch size exceeded) 25033794
bases in batch (batch size exceeded) 25031558
bases in batch (batch size exceeded) 25045346
bases in batch (core allotment reached) 22878320
bases in batch (batch size exceeded) 25002681
bases in batch (batch size exceeded) 25001552
bases in batch (batch size exceeded) 25014510
bases in batch (core allotment reached) 22940425
bases in batch (batch size exceeded) 25020735
bases in batch (batch size exceeded) 25001813
bases in batch (batch size exceeded) 25019667
bases in batch (core allotment reached) 22962621
bases in batch (batch size exceeded) 25022022
bases in batch (batch size exceeded) 25024805
bases in batch (batch size exceeded) 25017309
bases in batch (core allotment reached) 22898347
bases in batch (batch size exceeded) 25004377
bases in batch (batch size exceeded) 25016197
bases in batch (batch size exceeded) 25000260
bases in batch (core allotment reached) 22947097
bases in batch (batch size exceeded) 25005623
bases in batch (batch size exceeded) 25012426
bases in batch (batch size exceeded) 25007254
bases in batch (core allotment reached) 22978473
bases in batch (batch size exceeded) 25035160
bases in batch (batch size exceeded) 25007853
bases in batch (batch size exceeded) 25084904
bases in batch (core allotment reached) 22868979
bases in batch (batch size exceeded) 25006230
bases in batch (batch size exceeded) 25032416
bases in batch (batch size exceeded) 25020601
bases in batch (core allotment reached) 22926946
bases in batch (batch size exceeded) 25036190
bases in batch (batch size exceeded) 25042860
bases in batch (batch size exceeded) 25008729
bases in batch (core allotment reached) 22879547
bases in batch (batch size exceeded) 25022847
bases in batch (batch size exceeded) 25035959
bases in batch (batch size exceeded) 25002918
bases in batch (last for core) 22091365
Starting up parallel processes, tasklist took 13.506807565689087
Starting merge, parallel processing took 175.89131951332092
bigwig
Merge took 395.2869277000427

