chr4:0-193574945
histone1_chr4
bases in batch (batch size exceeded) 25009935
bases in batch (batch size exceeded) 25025214
bases in batch (batch size exceeded) 25024560
bases in batch (batch size exceeded) 25006241
bases in batch (batch size exceeded) 25014824
bases in batch (batch size exceeded) 25003428
bases in batch (batch size exceeded) 25002103
bases in batch (batch size exceeded) 25006398
bases in batch (batch size exceeded) 25003175
bases in batch (core allotment reached) 19696836
bases in batch (batch size exceeded) 25002104
bases in batch (batch size exceeded) 25036428
bases in batch (batch size exceeded) 25019573
bases in batch (batch size exceeded) 25002717
bases in batch (batch size exceeded) 25001369
bases in batch (batch size exceeded) 25006104
bases in batch (batch size exceeded) 25006255
bases in batch (batch size exceeded) 25000932
bases in batch (batch size exceeded) 25005302
bases in batch (core allotment reached) 19715914
bases in batch (batch size exceeded) 25001639
bases in batch (batch size exceeded) 25000531
bases in batch (batch size exceeded) 25017786
bases in batch (batch size exceeded) 25020711
bases in batch (batch size exceeded) 25014281
bases in batch (batch size exceeded) 25037719
bases in batch (batch size exceeded) 25065645
bases in batch (batch size exceeded) 25000751
bases in batch (batch size exceeded) 25006883
bases in batch (core allotment reached) 19592895
bases in batch (batch size exceeded) 25023736
bases in batch (batch size exceeded) 25019234
bases in batch (batch size exceeded) 25002013
bases in batch (batch size exceeded) 25014618
bases in batch (batch size exceeded) 25000895
bases in batch (batch size exceeded) 25002990
bases in batch (batch size exceeded) 25002849
bases in batch (batch size exceeded) 25012338
bases in batch (batch size exceeded) 25031100
bases in batch (core allotment reached) 19654382
bases in batch (batch size exceeded) 25043330
bases in batch (batch size exceeded) 25002503
bases in batch (batch size exceeded) 25013153
bases in batch (batch size exceeded) 25001354
bases in batch (batch size exceeded) 25007041
bases in batch (batch size exceeded) 25008528
bases in batch (batch size exceeded) 25005360
bases in batch (batch size exceeded) 25004314
bases in batch (batch size exceeded) 25036457
bases in batch (core allotment reached) 19631573
bases in batch (batch size exceeded) 25001633
bases in batch (batch size exceeded) 25005363
bases in batch (batch size exceeded) 25009270
bases in batch (batch size exceeded) 25004713
bases in batch (batch size exceeded) 25026485
bases in batch (batch size exceeded) 25000539
bases in batch (batch size exceeded) 25000324
bases in batch (batch size exceeded) 25007170
bases in batch (batch size exceeded) 25005991
bases in batch (core allotment reached) 19690668
bases in batch (batch size exceeded) 25030822
bases in batch (batch size exceeded) 25004852
bases in batch (batch size exceeded) 25005264
bases in batch (batch size exceeded) 25006797
bases in batch (batch size exceeded) 25021607
bases in batch (batch size exceeded) 25005498
bases in batch (batch size exceeded) 25035982
bases in batch (batch size exceeded) 25000312
bases in batch (batch size exceeded) 25002056
bases in batch (core allotment reached) 19639118
bases in batch (batch size exceeded) 25031645
bases in batch (batch size exceeded) 25000352
bases in batch (batch size exceeded) 25021964
bases in batch (batch size exceeded) 25032734
bases in batch (batch size exceeded) 25001992
bases in batch (batch size exceeded) 25006695
bases in batch (batch size exceeded) 25002826
bases in batch (batch size exceeded) 25013332
bases in batch (batch size exceeded) 25000495
bases in batch (core allotment reached) 19655077
bases in batch (batch size exceeded) 25013087
bases in batch (batch size exceeded) 25008708
bases in batch (batch size exceeded) 25013258
bases in batch (batch size exceeded) 25030837
bases in batch (batch size exceeded) 25015914
bases in batch (batch size exceeded) 25002647
bases in batch (batch size exceeded) 25000957
bases in batch (batch size exceeded) 25002460
bases in batch (batch size exceeded) 25009058
bases in batch (core allotment reached) 19662006
bases in batch (batch size exceeded) 25010850
bases in batch (batch size exceeded) 25011762
bases in batch (batch size exceeded) 25027320
bases in batch (batch size exceeded) 25005252
bases in batch (batch size exceeded) 25004572
bases in batch (batch size exceeded) 25008131
bases in batch (batch size exceeded) 25020316
bases in batch (batch size exceeded) 25025611
bases in batch (batch size exceeded) 25022239
bases in batch (core allotment reached) 19621004
bases in batch (batch size exceeded) 25063976
bases in batch (batch size exceeded) 25034317
bases in batch (batch size exceeded) 25001278
bases in batch (batch size exceeded) 25006322
bases in batch (batch size exceeded) 25018419
bases in batch (batch size exceeded) 25002079
bases in batch (batch size exceeded) 25004668
bases in batch (batch size exceeded) 25012276
bases in batch (batch size exceeded) 25027485
bases in batch (core allotment reached) 19581506
bases in batch (batch size exceeded) 25017466
bases in batch (batch size exceeded) 25009994
bases in batch (batch size exceeded) 25000196
bases in batch (batch size exceeded) 25003027
bases in batch (batch size exceeded) 25020888
bases in batch (batch size exceeded) 25002968
bases in batch (batch size exceeded) 25000398
bases in batch (batch size exceeded) 25003297
bases in batch (batch size exceeded) 25050247
bases in batch (core allotment reached) 19668481
bases in batch (batch size exceeded) 25023665
bases in batch (batch size exceeded) 25000172
bases in batch (batch size exceeded) 25023041
bases in batch (batch size exceeded) 25025726
bases in batch (batch size exceeded) 25001071
bases in batch (batch size exceeded) 25052077
bases in batch (batch size exceeded) 25006493
bases in batch (batch size exceeded) 25004011
bases in batch (batch size exceeded) 25016846
bases in batch (core allotment reached) 19610897
bases in batch (batch size exceeded) 25012630
bases in batch (batch size exceeded) 25009982
bases in batch (batch size exceeded) 25033468
bases in batch (batch size exceeded) 25023128
bases in batch (batch size exceeded) 25000502
bases in batch (batch size exceeded) 25032884
bases in batch (batch size exceeded) 25003617
bases in batch (batch size exceeded) 25054174
bases in batch (batch size exceeded) 25023285
bases in batch (core allotment reached) 19571502
bases in batch (batch size exceeded) 25004081
bases in batch (batch size exceeded) 25013349
bases in batch (batch size exceeded) 25047825
bases in batch (batch size exceeded) 25044058
bases in batch (batch size exceeded) 25013127
bases in batch (batch size exceeded) 25000885
bases in batch (batch size exceeded) 25002770
bases in batch (batch size exceeded) 25009971
bases in batch (batch size exceeded) 25032316
bases in batch (core allotment reached) 19589865
bases in batch (batch size exceeded) 25002481
bases in batch (batch size exceeded) 25006734
bases in batch (batch size exceeded) 25013534
bases in batch (batch size exceeded) 25008983
bases in batch (batch size exceeded) 25001829
bases in batch (batch size exceeded) 25008102
bases in batch (batch size exceeded) 25021524
bases in batch (batch size exceeded) 25013877
bases in batch (batch size exceeded) 25008885
bases in batch (core allotment reached) 19677433
bases in batch (batch size exceeded) 25045082
bases in batch (batch size exceeded) 25011765
bases in batch (batch size exceeded) 25001497
bases in batch (batch size exceeded) 25032285
bases in batch (batch size exceeded) 25027755
bases in batch (batch size exceeded) 25044262
bases in batch (batch size exceeded) 25024847
bases in batch (batch size exceeded) 25012179
bases in batch (batch size exceeded) 25008575
bases in batch (core allotment reached) 19562477
bases in batch (batch size exceeded) 25011622
bases in batch (batch size exceeded) 25021012
bases in batch (batch size exceeded) 25009077
bases in batch (batch size exceeded) 25000243
bases in batch (batch size exceeded) 25003272
bases in batch (batch size exceeded) 25038418
bases in batch (batch size exceeded) 25007167
bases in batch (batch size exceeded) 25000610
bases in batch (batch size exceeded) 25004505
bases in batch (core allotment reached) 19657533
bases in batch (batch size exceeded) 25003482
bases in batch (batch size exceeded) 25008544
bases in batch (batch size exceeded) 25025714
bases in batch (batch size exceeded) 25008295
bases in batch (batch size exceeded) 25006994
bases in batch (batch size exceeded) 25009767
bases in batch (batch size exceeded) 25009454
bases in batch (batch size exceeded) 25034539
bases in batch (batch size exceeded) 25012419
bases in batch (core allotment reached) 19648508
bases in batch (batch size exceeded) 25004545
bases in batch (batch size exceeded) 25003462
bases in batch (batch size exceeded) 25018340
bases in batch (batch size exceeded) 25000869
bases in batch (batch size exceeded) 25007200
bases in batch (batch size exceeded) 25028661
bases in batch (batch size exceeded) 25000066
bases in batch (batch size exceeded) 25011733
bases in batch (batch size exceeded) 25018284
bases in batch (core allotment reached) 19695003
bases in batch (batch size exceeded) 25002127
bases in batch (batch size exceeded) 25004940
bases in batch (batch size exceeded) 25000201
bases in batch (batch size exceeded) 25004744
bases in batch (batch size exceeded) 25030689
bases in batch (batch size exceeded) 25000740
bases in batch (batch size exceeded) 25005940
bases in batch (batch size exceeded) 25051432
bases in batch (batch size exceeded) 25014573
bases in batch (core allotment reached) 19657222
bases in batch (batch size exceeded) 25000866
bases in batch (batch size exceeded) 25005304
bases in batch (batch size exceeded) 25004238
bases in batch (batch size exceeded) 25002665
bases in batch (batch size exceeded) 25054897
bases in batch (batch size exceeded) 25001783
bases in batch (batch size exceeded) 25004083
bases in batch (batch size exceeded) 25065007
bases in batch (batch size exceeded) 25003886
bases in batch (core allotment reached) 19611639
bases in batch (batch size exceeded) 25001732
bases in batch (batch size exceeded) 25005564
bases in batch (batch size exceeded) 25002725
bases in batch (batch size exceeded) 25001515
bases in batch (batch size exceeded) 25012734
bases in batch (batch size exceeded) 25014750
bases in batch (batch size exceeded) 25001533
bases in batch (batch size exceeded) 25004747
bases in batch (batch size exceeded) 25001972
bases in batch (core allotment reached) 19724736
bases in batch (batch size exceeded) 25017611
bases in batch (batch size exceeded) 25009158
bases in batch (batch size exceeded) 25003366
bases in batch (batch size exceeded) 25035026
bases in batch (batch size exceeded) 25000675
bases in batch (batch size exceeded) 25004495
bases in batch (batch size exceeded) 25013129
bases in batch (batch size exceeded) 25010835
bases in batch (batch size exceeded) 25026991
bases in batch (core allotment reached) 19639027
bases in batch (batch size exceeded) 25007730
bases in batch (batch size exceeded) 25036767
bases in batch (batch size exceeded) 25004456
bases in batch (batch size exceeded) 25007881
bases in batch (batch size exceeded) 25011572
bases in batch (batch size exceeded) 25026932
bases in batch (batch size exceeded) 25031003
bases in batch (batch size exceeded) 25027264
bases in batch (batch size exceeded) 25000117
bases in batch (core allotment reached) 19610105
bases in batch (batch size exceeded) 25014628
bases in batch (batch size exceeded) 25010381
bases in batch (batch size exceeded) 25004604
bases in batch (batch size exceeded) 25003244
bases in batch (batch size exceeded) 25016701
bases in batch (batch size exceeded) 25007214
bases in batch (batch size exceeded) 25037598
bases in batch (batch size exceeded) 25040745
bases in batch (batch size exceeded) 25012081
bases in batch (core allotment reached) 19617071
bases in batch (batch size exceeded) 25008034
bases in batch (batch size exceeded) 25035426
bases in batch (batch size exceeded) 25001457
bases in batch (batch size exceeded) 25042764
bases in batch (batch size exceeded) 25037781
bases in batch (batch size exceeded) 25048182
bases in batch (batch size exceeded) 25008336
bases in batch (batch size exceeded) 25001099
bases in batch (batch size exceeded) 25015460
bases in batch (core allotment reached) 19587018
bases in batch (batch size exceeded) 25005439
bases in batch (batch size exceeded) 25017286
bases in batch (batch size exceeded) 25060891
bases in batch (batch size exceeded) 25001259
bases in batch (batch size exceeded) 25008363
bases in batch (batch size exceeded) 25013946
bases in batch (batch size exceeded) 25027707
bases in batch (batch size exceeded) 25003053
bases in batch (batch size exceeded) 25001832
bases in batch (core allotment reached) 19622239
bases in batch (batch size exceeded) 25000409
bases in batch (batch size exceeded) 25004105
bases in batch (batch size exceeded) 25007220
bases in batch (batch size exceeded) 25026196
bases in batch (batch size exceeded) 25014452
bases in batch (batch size exceeded) 25002807
bases in batch (batch size exceeded) 25008534
bases in batch (batch size exceeded) 25013820
bases in batch (batch size exceeded) 25011134
bases in batch (core allotment reached) 19664502
bases in batch (batch size exceeded) 25002704
bases in batch (batch size exceeded) 25008490
bases in batch (batch size exceeded) 25003179
bases in batch (batch size exceeded) 25032044
bases in batch (batch size exceeded) 25006383
bases in batch (batch size exceeded) 25043404
bases in batch (batch size exceeded) 25005705
bases in batch (batch size exceeded) 25002324
bases in batch (batch size exceeded) 25036889
bases in batch (core allotment reached) 19669930
bases in batch (batch size exceeded) 25001593
bases in batch (batch size exceeded) 25078958
bases in batch (batch size exceeded) 25034706
bases in batch (batch size exceeded) 25003709
bases in batch (batch size exceeded) 25054674
bases in batch (batch size exceeded) 25006220
bases in batch (batch size exceeded) 25001189
bases in batch (batch size exceeded) 25002734
bases in batch (batch size exceeded) 25027474
bases in batch (core allotment reached) 19558041
bases in batch (batch size exceeded) 25037670
bases in batch (batch size exceeded) 25002585
bases in batch (batch size exceeded) 25004710
bases in batch (batch size exceeded) 25011487
bases in batch (batch size exceeded) 25052153
bases in batch (batch size exceeded) 25002608
bases in batch (batch size exceeded) 25006059
bases in batch (batch size exceeded) 25002843
bases in batch (batch size exceeded) 25000050
bases in batch (last for core) 19161032
Starting up parallel processes, tasklist took 35.29067373275757
Starting merge, parallel processing took 449.9599418640137
bigwig
Merge took 952.1574399471283

