chr22:0-51324926
histone3_chr22
bases in batch (batch size exceeded) 25000968
bases in batch (batch size exceeded) 25000636
bases in batch (core allotment reached) 12952745
bases in batch (batch size exceeded) 25009803
bases in batch (batch size exceeded) 25002815
bases in batch (core allotment reached) 12947255
bases in batch (batch size exceeded) 25013885
bases in batch (batch size exceeded) 25010729
bases in batch (core allotment reached) 12948089
bases in batch (batch size exceeded) 25001446
bases in batch (batch size exceeded) 25034365
bases in batch (core allotment reached) 12935003
bases in batch (batch size exceeded) 25014163
bases in batch (batch size exceeded) 25055760
bases in batch (core allotment reached) 12922955
bases in batch (batch size exceeded) 25000848
bases in batch (batch size exceeded) 25000822
bases in batch (core allotment reached) 12984184
bases in batch (batch size exceeded) 25013241
bases in batch (batch size exceeded) 25003243
bases in batch (core allotment reached) 12944197
bases in batch (batch size exceeded) 25000366
bases in batch (batch size exceeded) 25001427
bases in batch (core allotment reached) 12974767
bases in batch (batch size exceeded) 25015626
bases in batch (batch size exceeded) 25005511
bases in batch (core allotment reached) 12943326
bases in batch (batch size exceeded) 25015540
bases in batch (batch size exceeded) 25012661
bases in batch (core allotment reached) 12949278
bases in batch (batch size exceeded) 25006085
bases in batch (batch size exceeded) 25018029
bases in batch (core allotment reached) 12928586
bases in batch (batch size exceeded) 25026752
bases in batch (batch size exceeded) 25008487
bases in batch (core allotment reached) 12915485
bases in batch (batch size exceeded) 25000126
bases in batch (batch size exceeded) 25012755
bases in batch (core allotment reached) 12941387
bases in batch (batch size exceeded) 25007028
bases in batch (batch size exceeded) 25011006
bases in batch (core allotment reached) 12941126
bases in batch (batch size exceeded) 25067432
bases in batch (batch size exceeded) 25055341
bases in batch (core allotment reached) 12839510
bases in batch (batch size exceeded) 25027764
bases in batch (batch size exceeded) 25006574
bases in batch (core allotment reached) 12932220
bases in batch (batch size exceeded) 25037489
bases in batch (batch size exceeded) 25045511
bases in batch (core allotment reached) 12877877
bases in batch (batch size exceeded) 25007252
bases in batch (batch size exceeded) 25014899
bases in batch (core allotment reached) 12936406
bases in batch (batch size exceeded) 25006240
bases in batch (batch size exceeded) 25018175
bases in batch (core allotment reached) 12942891
bases in batch (batch size exceeded) 25004947
bases in batch (batch size exceeded) 25019504
bases in batch (core allotment reached) 12926491
bases in batch (batch size exceeded) 25006658
bases in batch (batch size exceeded) 25063367
bases in batch (core allotment reached) 12900002
bases in batch (batch size exceeded) 25011160
bases in batch (batch size exceeded) 25000148
bases in batch (core allotment reached) 12958688
bases in batch (batch size exceeded) 25058377
bases in batch (batch size exceeded) 25006784
bases in batch (core allotment reached) 12885976
bases in batch (batch size exceeded) 25059990
bases in batch (batch size exceeded) 25001006
bases in batch (core allotment reached) 12898127
bases in batch (batch size exceeded) 25015612
bases in batch (batch size exceeded) 25021562
bases in batch (core allotment reached) 12921838
bases in batch (batch size exceeded) 25043419
bases in batch (batch size exceeded) 25002025
bases in batch (core allotment reached) 12923145
bases in batch (batch size exceeded) 25000954
bases in batch (batch size exceeded) 25004217
bases in batch (core allotment reached) 12953913
bases in batch (batch size exceeded) 25002032
bases in batch (batch size exceeded) 25020304
bases in batch (core allotment reached) 12957605
bases in batch (batch size exceeded) 25000160
bases in batch (batch size exceeded) 25003494
bases in batch (core allotment reached) 12946793
bases in batch (batch size exceeded) 25069481
bases in batch (batch size exceeded) 25006150
bases in batch (core allotment reached) 12895754
bases in batch (batch size exceeded) 25042224
bases in batch (batch size exceeded) 25001537
bases in batch (core allotment reached) 12933539
bases in batch (batch size exceeded) 25068632
bases in batch (batch size exceeded) 25000741
bases in batch (last for core) 12424302
Starting up parallel processes, tasklist took 8.84600305557251
Starting merge, parallel processing took 129.17827677726746
bigwig
Merge took 248.65119290351868

