chr19:0-61707364
histone3_chr19
bases in batch (batch size exceeded) 25024929
bases in batch (batch size exceeded) 25005310
bases in batch (batch size exceeded) 25000175
bases in batch (core allotment reached) 2798066
bases in batch (batch size exceeded) 25038950
bases in batch (batch size exceeded) 25001827
bases in batch (batch size exceeded) 25013009
bases in batch (core allotment reached) 2768396
bases in batch (batch size exceeded) 25043083
bases in batch (batch size exceeded) 25029713
bases in batch (batch size exceeded) 25017994
bases in batch (core allotment reached) 2727794
bases in batch (batch size exceeded) 25062349
bases in batch (batch size exceeded) 25000277
bases in batch (batch size exceeded) 25000235
bases in batch (core allotment reached) 2768551
bases in batch (batch size exceeded) 25003148
bases in batch (batch size exceeded) 25007800
bases in batch (batch size exceeded) 25003207
bases in batch (core allotment reached) 2807002
bases in batch (batch size exceeded) 25029022
bases in batch (batch size exceeded) 25013371
bases in batch (batch size exceeded) 25005994
bases in batch (core allotment reached) 2777747
bases in batch (batch size exceeded) 25046671
bases in batch (batch size exceeded) 25007458
bases in batch (batch size exceeded) 25057808
bases in batch (core allotment reached) 2759071
bases in batch (batch size exceeded) 25002026
bases in batch (batch size exceeded) 25002398
bases in batch (batch size exceeded) 25004658
bases in batch (core allotment reached) 2813823
bases in batch (batch size exceeded) 25004132
bases in batch (batch size exceeded) 25003181
bases in batch (batch size exceeded) 25018239
bases in batch (core allotment reached) 2797671
bases in batch (batch size exceeded) 25008069
bases in batch (batch size exceeded) 25052173
bases in batch (batch size exceeded) 25027120
bases in batch (core allotment reached) 2753442
bases in batch (batch size exceeded) 25001708
bases in batch (batch size exceeded) 25005063
bases in batch (batch size exceeded) 25000780
bases in batch (core allotment reached) 2825361
bases in batch (batch size exceeded) 25013147
bases in batch (batch size exceeded) 25001096
bases in batch (batch size exceeded) 25008712
bases in batch (core allotment reached) 2836514
bases in batch (batch size exceeded) 25028404
bases in batch (batch size exceeded) 25010372
bases in batch (batch size exceeded) 25001285
bases in batch (core allotment reached) 2797552
bases in batch (batch size exceeded) 25019027
bases in batch (batch size exceeded) 25009189
bases in batch (batch size exceeded) 25007357
bases in batch (core allotment reached) 2783546
bases in batch (batch size exceeded) 25006253
bases in batch (batch size exceeded) 25001632
bases in batch (batch size exceeded) 25005689
bases in batch (core allotment reached) 2804731
bases in batch (batch size exceeded) 25014648
bases in batch (batch size exceeded) 25019353
bases in batch (batch size exceeded) 25002239
bases in batch (core allotment reached) 2786295
bases in batch (batch size exceeded) 25037722
bases in batch (batch size exceeded) 25027530
bases in batch (batch size exceeded) 25062097
bases in batch (core allotment reached) 2733323
bases in batch (batch size exceeded) 25010202
bases in batch (batch size exceeded) 25040637
bases in batch (batch size exceeded) 25025207
bases in batch (core allotment reached) 2745525
bases in batch (batch size exceeded) 25004476
bases in batch (batch size exceeded) 25024579
bases in batch (batch size exceeded) 25002252
bases in batch (core allotment reached) 2790954
bases in batch (batch size exceeded) 25010088
bases in batch (batch size exceeded) 25005593
bases in batch (batch size exceeded) 25003459
bases in batch (core allotment reached) 2825899
bases in batch (batch size exceeded) 25001431
bases in batch (batch size exceeded) 25010513
bases in batch (batch size exceeded) 25023983
bases in batch (core allotment reached) 2785090
bases in batch (batch size exceeded) 25013623
bases in batch (batch size exceeded) 25011437
bases in batch (batch size exceeded) 25008447
bases in batch (core allotment reached) 2784402
bases in batch (batch size exceeded) 25021105
bases in batch (batch size exceeded) 25002812
bases in batch (batch size exceeded) 25013192
bases in batch (core allotment reached) 2843604
bases in batch (batch size exceeded) 25098322
bases in batch (batch size exceeded) 25027863
bases in batch (batch size exceeded) 25005215
bases in batch (core allotment reached) 2688299
bases in batch (batch size exceeded) 25007334
bases in batch (batch size exceeded) 25003419
bases in batch (batch size exceeded) 25021642
bases in batch (core allotment reached) 2804222
bases in batch (batch size exceeded) 25011154
bases in batch (batch size exceeded) 25020670
bases in batch (batch size exceeded) 25007237
bases in batch (core allotment reached) 2779905
bases in batch (batch size exceeded) 25001231
bases in batch (batch size exceeded) 25003464
bases in batch (batch size exceeded) 25010433
bases in batch (core allotment reached) 2829930
bases in batch (batch size exceeded) 25027071
bases in batch (batch size exceeded) 25033921
bases in batch (batch size exceeded) 25015771
bases in batch (core allotment reached) 2742301
bases in batch (batch size exceeded) 25000265
bases in batch (batch size exceeded) 25024605
bases in batch (batch size exceeded) 25002631
bases in batch (core allotment reached) 2842617
bases in batch (batch size exceeded) 25015982
bases in batch (batch size exceeded) 25011390
bases in batch (batch size exceeded) 25010401
bases in batch (core allotment reached) 2784537
bases in batch (batch size exceeded) 25003451
bases in batch (batch size exceeded) 25005253
bases in batch (batch size exceeded) 25006367
bases in batch (core allotment reached) 2821732
bases in batch (batch size exceeded) 25019960
bases in batch (batch size exceeded) 25017703
bases in batch (batch size exceeded) 25021570
bases in batch (last for core) 2278981
Starting up parallel processes, tasklist took 11.215164184570312
Starting merge, parallel processing took 139.3979103565216
bigwig
Merge took 301.67350912094116

