chr21:0-45090682
histone3_chr21
bases in batch (batch size exceeded) 25039967
bases in batch (batch size exceeded) 25000867
bases in batch (core allotment reached) 11231902
bases in batch (batch size exceeded) 25050369
bases in batch (batch size exceeded) 25008603
bases in batch (core allotment reached) 11239538
bases in batch (batch size exceeded) 25026090
bases in batch (batch size exceeded) 25004751
bases in batch (core allotment reached) 11243815
bases in batch (batch size exceeded) 25008623
bases in batch (batch size exceeded) 25015706
bases in batch (core allotment reached) 11249884
bases in batch (batch size exceeded) 25005851
bases in batch (batch size exceeded) 25028952
bases in batch (core allotment reached) 11239477
bases in batch (batch size exceeded) 25001739
bases in batch (batch size exceeded) 25003706
bases in batch (core allotment reached) 11286021
bases in batch (batch size exceeded) 25003785
bases in batch (batch size exceeded) 25003250
bases in batch (core allotment reached) 11267735
bases in batch (batch size exceeded) 25001713
bases in batch (batch size exceeded) 25003133
bases in batch (core allotment reached) 11285255
bases in batch (batch size exceeded) 25003202
bases in batch (batch size exceeded) 25006020
bases in batch (core allotment reached) 11265201
bases in batch (batch size exceeded) 25005746
bases in batch (batch size exceeded) 25026434
bases in batch (core allotment reached) 11246327
bases in batch (batch size exceeded) 25019639
bases in batch (batch size exceeded) 25013258
bases in batch (core allotment reached) 11245921
bases in batch (batch size exceeded) 25010457
bases in batch (batch size exceeded) 25029802
bases in batch (core allotment reached) 11246845
bases in batch (batch size exceeded) 25003892
bases in batch (batch size exceeded) 25022086
bases in batch (core allotment reached) 11279157
bases in batch (batch size exceeded) 25017442
bases in batch (batch size exceeded) 25030144
bases in batch (core allotment reached) 11284234
bases in batch (batch size exceeded) 25026509
bases in batch (batch size exceeded) 25019032
bases in batch (core allotment reached) 11240900
bases in batch (batch size exceeded) 25020913
bases in batch (batch size exceeded) 25003653
bases in batch (core allotment reached) 11275112
bases in batch (batch size exceeded) 25006048
bases in batch (batch size exceeded) 25014022
bases in batch (core allotment reached) 11276680
bases in batch (batch size exceeded) 25000499
bases in batch (batch size exceeded) 25038498
bases in batch (core allotment reached) 11240949
bases in batch (batch size exceeded) 25002495
bases in batch (batch size exceeded) 25024892
bases in batch (core allotment reached) 11327792
bases in batch (batch size exceeded) 25009793
bases in batch (batch size exceeded) 25000786
bases in batch (core allotment reached) 11262088
bases in batch (batch size exceeded) 25030556
bases in batch (batch size exceeded) 25014228
bases in batch (core allotment reached) 11230905
bases in batch (batch size exceeded) 25004108
bases in batch (batch size exceeded) 25011676
bases in batch (core allotment reached) 11263177
bases in batch (batch size exceeded) 25012996
bases in batch (batch size exceeded) 25004033
bases in batch (core allotment reached) 11256516
bases in batch (batch size exceeded) 25012744
bases in batch (batch size exceeded) 25010820
bases in batch (core allotment reached) 11250942
bases in batch (batch size exceeded) 25016001
bases in batch (batch size exceeded) 25005569
bases in batch (core allotment reached) 11265188
bases in batch (batch size exceeded) 25011249
bases in batch (batch size exceeded) 25000009
bases in batch (core allotment reached) 11262181
bases in batch (batch size exceeded) 25014758
bases in batch (batch size exceeded) 25007743
bases in batch (core allotment reached) 11263689
bases in batch (batch size exceeded) 25030889
bases in batch (batch size exceeded) 25001256
bases in batch (core allotment reached) 11260891
bases in batch (batch size exceeded) 25003448
bases in batch (batch size exceeded) 25001217
bases in batch (core allotment reached) 11277098
bases in batch (batch size exceeded) 25033551
bases in batch (batch size exceeded) 25001461
bases in batch (core allotment reached) 11261831
bases in batch (batch size exceeded) 25017090
bases in batch (batch size exceeded) 25020634
bases in batch (core allotment reached) 11269144
bases in batch (batch size exceeded) 25012329
bases in batch (batch size exceeded) 25012525
bases in batch (last for core) 10758192
Starting up parallel processes, tasklist took 8.990885972976685
Starting merge, parallel processing took 121.76537942886353
bigwig
Merge took 218.91052317619324

