chr13:0-113566686
histone2_chr13
bases in batch (batch size exceeded) 25019170
bases in batch (batch size exceeded) 25013642
bases in batch (batch size exceeded) 25015214
bases in batch (batch size exceeded) 25030460
bases in batch (batch size exceeded) 25005099
bases in batch (core allotment reached) 5944177
bases in batch (batch size exceeded) 25016678
bases in batch (batch size exceeded) 25003394
bases in batch (batch size exceeded) 25052853
bases in batch (batch size exceeded) 25005953
bases in batch (batch size exceeded) 25025896
bases in batch (core allotment reached) 5914945
bases in batch (batch size exceeded) 25009706
bases in batch (batch size exceeded) 25007359
bases in batch (batch size exceeded) 25006952
bases in batch (batch size exceeded) 25033323
bases in batch (batch size exceeded) 25001447
bases in batch (core allotment reached) 5964084
bases in batch (batch size exceeded) 25027024
bases in batch (batch size exceeded) 25007519
bases in batch (batch size exceeded) 25000467
bases in batch (batch size exceeded) 25033362
bases in batch (batch size exceeded) 25014652
bases in batch (core allotment reached) 5969243
bases in batch (batch size exceeded) 25001364
bases in batch (batch size exceeded) 25003900
bases in batch (batch size exceeded) 25021362
bases in batch (batch size exceeded) 25015976
bases in batch (batch size exceeded) 25023776
bases in batch (core allotment reached) 6022298
bases in batch (batch size exceeded) 25014026
bases in batch (batch size exceeded) 25003113
bases in batch (batch size exceeded) 25042066
bases in batch (batch size exceeded) 25006311
bases in batch (batch size exceeded) 25014336
bases in batch (core allotment reached) 5946162
bases in batch (batch size exceeded) 25051071
bases in batch (batch size exceeded) 25011583
bases in batch (batch size exceeded) 25021605
bases in batch (batch size exceeded) 25008934
bases in batch (batch size exceeded) 25011889
bases in batch (core allotment reached) 5950116
bases in batch (batch size exceeded) 25045309
bases in batch (batch size exceeded) 25004767
bases in batch (batch size exceeded) 25028084
bases in batch (batch size exceeded) 25006077
bases in batch (batch size exceeded) 25022753
bases in batch (core allotment reached) 5919383
bases in batch (batch size exceeded) 25010238
bases in batch (batch size exceeded) 25008626
bases in batch (batch size exceeded) 25017467
bases in batch (batch size exceeded) 25000130
bases in batch (batch size exceeded) 25014840
bases in batch (core allotment reached) 6046803
bases in batch (batch size exceeded) 25004832
bases in batch (batch size exceeded) 25013953
bases in batch (batch size exceeded) 25028364
bases in batch (batch size exceeded) 25039382
bases in batch (batch size exceeded) 25006977
bases in batch (core allotment reached) 5973022
bases in batch (batch size exceeded) 25000642
bases in batch (batch size exceeded) 25014874
bases in batch (batch size exceeded) 25022487
bases in batch (batch size exceeded) 25008519
bases in batch (batch size exceeded) 25004037
bases in batch (core allotment reached) 5973113
bases in batch (batch size exceeded) 25005141
bases in batch (batch size exceeded) 25025201
bases in batch (batch size exceeded) 25013954
bases in batch (batch size exceeded) 25000766
bases in batch (batch size exceeded) 25003986
bases in batch (core allotment reached) 5980905
bases in batch (batch size exceeded) 25037984
bases in batch (batch size exceeded) 25017255
bases in batch (batch size exceeded) 25011959
bases in batch (batch size exceeded) 25005007
bases in batch (batch size exceeded) 25007805
bases in batch (core allotment reached) 5959430
bases in batch (batch size exceeded) 25120127
bases in batch (batch size exceeded) 25000612
bases in batch (batch size exceeded) 25000910
bases in batch (batch size exceeded) 25008375
bases in batch (batch size exceeded) 25001694
bases in batch (core allotment reached) 5970973
bases in batch (batch size exceeded) 25001261
bases in batch (batch size exceeded) 25038790
bases in batch (batch size exceeded) 25001148
bases in batch (batch size exceeded) 25000749
bases in batch (batch size exceeded) 25002540
bases in batch (core allotment reached) 5981695
bases in batch (batch size exceeded) 25025112
bases in batch (batch size exceeded) 25000027
bases in batch (batch size exceeded) 25010541
bases in batch (batch size exceeded) 25057467
bases in batch (batch size exceeded) 25015931
bases in batch (core allotment reached) 5949290
bases in batch (batch size exceeded) 25013810
bases in batch (batch size exceeded) 25027857
bases in batch (batch size exceeded) 25037855
bases in batch (batch size exceeded) 25007379
bases in batch (batch size exceeded) 25014551
bases in batch (core allotment reached) 5930734
bases in batch (batch size exceeded) 25017695
bases in batch (batch size exceeded) 25001488
bases in batch (batch size exceeded) 25003963
bases in batch (batch size exceeded) 25025018
bases in batch (batch size exceeded) 25011581
bases in batch (core allotment reached) 5963721
bases in batch (batch size exceeded) 25002710
bases in batch (batch size exceeded) 25001919
bases in batch (batch size exceeded) 25037797
bases in batch (batch size exceeded) 25014774
bases in batch (batch size exceeded) 25020926
bases in batch (core allotment reached) 5960057
bases in batch (batch size exceeded) 25023226
bases in batch (batch size exceeded) 25015800
bases in batch (batch size exceeded) 25026004
bases in batch (batch size exceeded) 25014736
bases in batch (batch size exceeded) 25001357
bases in batch (core allotment reached) 5961058
bases in batch (batch size exceeded) 25002870
bases in batch (batch size exceeded) 25006383
bases in batch (batch size exceeded) 25021005
bases in batch (batch size exceeded) 25000106
bases in batch (batch size exceeded) 25000288
bases in batch (core allotment reached) 6023579
bases in batch (batch size exceeded) 25000433
bases in batch (batch size exceeded) 25012278
bases in batch (batch size exceeded) 25004942
bases in batch (batch size exceeded) 25009187
bases in batch (batch size exceeded) 25017467
bases in batch (core allotment reached) 5976310
bases in batch (batch size exceeded) 25005136
bases in batch (batch size exceeded) 25051284
bases in batch (batch size exceeded) 25009505
bases in batch (batch size exceeded) 25002864
bases in batch (batch size exceeded) 25019056
bases in batch (core allotment reached) 5982905
bases in batch (batch size exceeded) 25002920
bases in batch (batch size exceeded) 25004658
bases in batch (batch size exceeded) 25003260
bases in batch (batch size exceeded) 25010162
bases in batch (batch size exceeded) 25014931
bases in batch (core allotment reached) 5997977
bases in batch (batch size exceeded) 25010684
bases in batch (batch size exceeded) 25000956
bases in batch (batch size exceeded) 25018700
bases in batch (batch size exceeded) 25048110
bases in batch (batch size exceeded) 25014517
bases in batch (core allotment reached) 5969992
bases in batch (batch size exceeded) 25008596
bases in batch (batch size exceeded) 25007111
bases in batch (batch size exceeded) 25011133
bases in batch (batch size exceeded) 25053045
bases in batch (batch size exceeded) 25015128
bases in batch (core allotment reached) 5953373
bases in batch (batch size exceeded) 25037542
bases in batch (batch size exceeded) 25010972
bases in batch (batch size exceeded) 25000394
bases in batch (batch size exceeded) 25011285
bases in batch (batch size exceeded) 25018501
bases in batch (core allotment reached) 5942697
bases in batch (batch size exceeded) 25008146
bases in batch (batch size exceeded) 25007044
bases in batch (batch size exceeded) 25007182
bases in batch (batch size exceeded) 25025626
bases in batch (batch size exceeded) 25017011
bases in batch (core allotment reached) 5955033
bases in batch (batch size exceeded) 25048375
bases in batch (batch size exceeded) 25016833
bases in batch (batch size exceeded) 25036006
bases in batch (batch size exceeded) 25073590
bases in batch (batch size exceeded) 25007584
bases in batch (core allotment reached) 5839517
bases in batch (batch size exceeded) 25038941
bases in batch (batch size exceeded) 25005955
bases in batch (batch size exceeded) 25006067
bases in batch (batch size exceeded) 25003784
bases in batch (batch size exceeded) 25052071
bases in batch (core allotment reached) 5923831
bases in batch (batch size exceeded) 25001352
bases in batch (batch size exceeded) 25006684
bases in batch (batch size exceeded) 25002372
bases in batch (batch size exceeded) 25043575
bases in batch (batch size exceeded) 25000541
bases in batch (core allotment reached) 5992862
bases in batch (batch size exceeded) 25008548
bases in batch (batch size exceeded) 25011041
bases in batch (batch size exceeded) 25006625
bases in batch (batch size exceeded) 25034724
bases in batch (batch size exceeded) 25003862
bases in batch (last for core) 5208128
Starting up parallel processes, tasklist took 18.03439950942993
Starting merge, parallel processing took 273.6299171447754
bigwig
Merge took 565.5896863937378

