chr3:0-201105948
histone3_chr3
bases in batch (batch size exceeded) 25009653
bases in batch (batch size exceeded) 25004109
bases in batch (batch size exceeded) 25002674
bases in batch (batch size exceeded) 25010063
bases in batch (batch size exceeded) 25001058
bases in batch (batch size exceeded) 25030880
bases in batch (batch size exceeded) 25020896
bases in batch (batch size exceeded) 25000033
bases in batch (batch size exceeded) 25019960
bases in batch (batch size exceeded) 25019080
bases in batch (core allotment reached) 7674697
bases in batch (batch size exceeded) 25005128
bases in batch (batch size exceeded) 25011345
bases in batch (batch size exceeded) 25029144
bases in batch (batch size exceeded) 25003293
bases in batch (batch size exceeded) 25009985
bases in batch (batch size exceeded) 25019876
bases in batch (batch size exceeded) 25000278
bases in batch (batch size exceeded) 25001934
bases in batch (batch size exceeded) 25003457
bases in batch (batch size exceeded) 25010433
bases in batch (core allotment reached) 7699181
bases in batch (batch size exceeded) 25058793
bases in batch (batch size exceeded) 25006775
bases in batch (batch size exceeded) 25011501
bases in batch (batch size exceeded) 25040953
bases in batch (batch size exceeded) 25006305
bases in batch (batch size exceeded) 25033374
bases in batch (batch size exceeded) 25003847
bases in batch (batch size exceeded) 25002823
bases in batch (batch size exceeded) 25012346
bases in batch (batch size exceeded) 25062010
bases in batch (core allotment reached) 7580799
bases in batch (batch size exceeded) 25033593
bases in batch (batch size exceeded) 25031593
bases in batch (batch size exceeded) 25019323
bases in batch (batch size exceeded) 25006782
bases in batch (batch size exceeded) 25013065
bases in batch (batch size exceeded) 25003341
bases in batch (batch size exceeded) 25006310
bases in batch (batch size exceeded) 25003039
bases in batch (batch size exceeded) 25028262
bases in batch (batch size exceeded) 25020181
bases in batch (core allotment reached) 7648810
bases in batch (batch size exceeded) 25000786
bases in batch (batch size exceeded) 25020543
bases in batch (batch size exceeded) 25004603
bases in batch (batch size exceeded) 25017016
bases in batch (batch size exceeded) 25002706
bases in batch (batch size exceeded) 25002901
bases in batch (batch size exceeded) 25031869
bases in batch (batch size exceeded) 25006291
bases in batch (batch size exceeded) 25000461
bases in batch (batch size exceeded) 25005029
bases in batch (core allotment reached) 7693113
bases in batch (batch size exceeded) 25008196
bases in batch (batch size exceeded) 25012352
bases in batch (batch size exceeded) 25019162
bases in batch (batch size exceeded) 25043157
bases in batch (batch size exceeded) 25014058
bases in batch (batch size exceeded) 25000413
bases in batch (batch size exceeded) 25003428
bases in batch (batch size exceeded) 25011451
bases in batch (batch size exceeded) 25001203
bases in batch (batch size exceeded) 25000517
bases in batch (core allotment reached) 7701418
bases in batch (batch size exceeded) 25021660
bases in batch (batch size exceeded) 25006909
bases in batch (batch size exceeded) 25030248
bases in batch (batch size exceeded) 25041038
bases in batch (batch size exceeded) 25004898
bases in batch (batch size exceeded) 25001567
bases in batch (batch size exceeded) 25005085
bases in batch (batch size exceeded) 25021412
bases in batch (batch size exceeded) 25016968
bases in batch (batch size exceeded) 25019433
bases in batch (core allotment reached) 7614426
bases in batch (batch size exceeded) 25026316
bases in batch (batch size exceeded) 25013085
bases in batch (batch size exceeded) 25036231
bases in batch (batch size exceeded) 25007255
bases in batch (batch size exceeded) 25007225
bases in batch (batch size exceeded) 25000861
bases in batch (batch size exceeded) 25002757
bases in batch (batch size exceeded) 25020431
bases in batch (batch size exceeded) 25039762
bases in batch (batch size exceeded) 25007510
bases in batch (core allotment reached) 7642636
bases in batch (batch size exceeded) 25011407
bases in batch (batch size exceeded) 25034345
bases in batch (batch size exceeded) 25001613
bases in batch (batch size exceeded) 25000155
bases in batch (batch size exceeded) 25001552
bases in batch (batch size exceeded) 25067008
bases in batch (batch size exceeded) 25037907
bases in batch (batch size exceeded) 25003103
bases in batch (batch size exceeded) 25047299
bases in batch (batch size exceeded) 25032495
bases in batch (core allotment reached) 7552001
bases in batch (batch size exceeded) 25000216
bases in batch (batch size exceeded) 25000630
bases in batch (batch size exceeded) 25001539
bases in batch (batch size exceeded) 25000927
bases in batch (batch size exceeded) 25039014
bases in batch (batch size exceeded) 25013137
bases in batch (batch size exceeded) 25024603
bases in batch (batch size exceeded) 25002461
bases in batch (batch size exceeded) 25035443
bases in batch (batch size exceeded) 25000200
bases in batch (core allotment reached) 7667267
bases in batch (batch size exceeded) 25001538
bases in batch (batch size exceeded) 25018328
bases in batch (batch size exceeded) 25003619
bases in batch (batch size exceeded) 25011647
bases in batch (batch size exceeded) 25000763
bases in batch (batch size exceeded) 25002823
bases in batch (batch size exceeded) 25000975
bases in batch (batch size exceeded) 25003863
bases in batch (batch size exceeded) 25002830
bases in batch (batch size exceeded) 25046060
bases in batch (core allotment reached) 7706764
bases in batch (batch size exceeded) 25018423
bases in batch (batch size exceeded) 25003499
bases in batch (batch size exceeded) 25002556
bases in batch (batch size exceeded) 25029546
bases in batch (batch size exceeded) 25008206
bases in batch (batch size exceeded) 25002463
bases in batch (batch size exceeded) 25011793
bases in batch (batch size exceeded) 25000213
bases in batch (batch size exceeded) 25024865
bases in batch (batch size exceeded) 25035748
bases in batch (core allotment reached) 7659927
bases in batch (batch size exceeded) 25010948
bases in batch (batch size exceeded) 25003892
bases in batch (batch size exceeded) 25025381
bases in batch (batch size exceeded) 25005108
bases in batch (batch size exceeded) 25028012
bases in batch (batch size exceeded) 25050407
bases in batch (batch size exceeded) 25006631
bases in batch (batch size exceeded) 25000592
bases in batch (batch size exceeded) 25005239
bases in batch (batch size exceeded) 25001336
bases in batch (core allotment reached) 7644737
bases in batch (batch size exceeded) 25045846
bases in batch (batch size exceeded) 25008359
bases in batch (batch size exceeded) 25009961
bases in batch (batch size exceeded) 25008652
bases in batch (batch size exceeded) 25014559
bases in batch (batch size exceeded) 25001308
bases in batch (batch size exceeded) 25004834
bases in batch (batch size exceeded) 25000404
bases in batch (batch size exceeded) 25000254
bases in batch (batch size exceeded) 25023756
bases in batch (core allotment reached) 7697843
bases in batch (batch size exceeded) 25007430
bases in batch (batch size exceeded) 25016706
bases in batch (batch size exceeded) 25002922
bases in batch (batch size exceeded) 25020322
bases in batch (batch size exceeded) 25004263
bases in batch (batch size exceeded) 25003623
bases in batch (batch size exceeded) 25019264
bases in batch (batch size exceeded) 25007149
bases in batch (batch size exceeded) 25008195
bases in batch (batch size exceeded) 25005318
bases in batch (core allotment reached) 7705523
bases in batch (batch size exceeded) 25006212
bases in batch (batch size exceeded) 25024274
bases in batch (batch size exceeded) 25053349
bases in batch (batch size exceeded) 25001249
bases in batch (batch size exceeded) 25014368
bases in batch (batch size exceeded) 25002816
bases in batch (batch size exceeded) 25009304
bases in batch (batch size exceeded) 25026885
bases in batch (batch size exceeded) 25000114
bases in batch (batch size exceeded) 25002914
bases in batch (core allotment reached) 7641002
bases in batch (batch size exceeded) 25033249
bases in batch (batch size exceeded) 25021316
bases in batch (batch size exceeded) 25059213
bases in batch (batch size exceeded) 25003510
bases in batch (batch size exceeded) 25024631
bases in batch (batch size exceeded) 25006460
bases in batch (batch size exceeded) 25019623
bases in batch (batch size exceeded) 25003357
bases in batch (batch size exceeded) 25003037
bases in batch (batch size exceeded) 25012286
bases in batch (core allotment reached) 7595105
bases in batch (batch size exceeded) 25023587
bases in batch (batch size exceeded) 25001016
bases in batch (batch size exceeded) 25001400
bases in batch (batch size exceeded) 25000834
bases in batch (batch size exceeded) 25007647
bases in batch (batch size exceeded) 25001271
bases in batch (batch size exceeded) 25002788
bases in batch (batch size exceeded) 25041990
bases in batch (batch size exceeded) 25000671
bases in batch (batch size exceeded) 25014048
bases in batch (core allotment reached) 7693779
bases in batch (batch size exceeded) 25022657
bases in batch (batch size exceeded) 25001207
bases in batch (batch size exceeded) 25014203
bases in batch (batch size exceeded) 25015495
bases in batch (batch size exceeded) 25001693
bases in batch (batch size exceeded) 25000205
bases in batch (batch size exceeded) 25083160
bases in batch (batch size exceeded) 25001537
bases in batch (batch size exceeded) 25053531
bases in batch (batch size exceeded) 25002211
bases in batch (core allotment reached) 7606930
bases in batch (batch size exceeded) 25009938
bases in batch (batch size exceeded) 25005197
bases in batch (batch size exceeded) 25005492
bases in batch (batch size exceeded) 25016189
bases in batch (batch size exceeded) 25003872
bases in batch (batch size exceeded) 25000693
bases in batch (batch size exceeded) 25005218
bases in batch (batch size exceeded) 25008771
bases in batch (batch size exceeded) 25047348
bases in batch (batch size exceeded) 25005929
bases in batch (core allotment reached) 7674618
bases in batch (batch size exceeded) 25041809
bases in batch (batch size exceeded) 25000030
bases in batch (batch size exceeded) 25077534
bases in batch (batch size exceeded) 25025862
bases in batch (batch size exceeded) 25009786
bases in batch (batch size exceeded) 25002620
bases in batch (batch size exceeded) 25016339
bases in batch (batch size exceeded) 25025197
bases in batch (batch size exceeded) 25001131
bases in batch (batch size exceeded) 25003206
bases in batch (core allotment reached) 7632961
bases in batch (batch size exceeded) 25001800
bases in batch (batch size exceeded) 25014146
bases in batch (batch size exceeded) 25002871
bases in batch (batch size exceeded) 25000757
bases in batch (batch size exceeded) 25036569
bases in batch (batch size exceeded) 25019308
bases in batch (batch size exceeded) 25000848
bases in batch (batch size exceeded) 25025274
bases in batch (batch size exceeded) 25069033
bases in batch (batch size exceeded) 25005233
bases in batch (core allotment reached) 7625719
bases in batch (batch size exceeded) 25000447
bases in batch (batch size exceeded) 25002714
bases in batch (batch size exceeded) 25042403
bases in batch (batch size exceeded) 25020344
bases in batch (batch size exceeded) 25007766
bases in batch (batch size exceeded) 25007880
bases in batch (batch size exceeded) 25005177
bases in batch (batch size exceeded) 25036522
bases in batch (batch size exceeded) 25004836
bases in batch (batch size exceeded) 25025606
bases in batch (core allotment reached) 7631509
bases in batch (batch size exceeded) 25062290
bases in batch (batch size exceeded) 25004669
bases in batch (batch size exceeded) 25001223
bases in batch (batch size exceeded) 25013690
bases in batch (batch size exceeded) 25006920
bases in batch (batch size exceeded) 25024017
bases in batch (batch size exceeded) 25015110
bases in batch (batch size exceeded) 25005563
bases in batch (batch size exceeded) 25010192
bases in batch (batch size exceeded) 25011513
bases in batch (core allotment reached) 7629132
bases in batch (batch size exceeded) 25014155
bases in batch (batch size exceeded) 25000745
bases in batch (batch size exceeded) 25008237
bases in batch (batch size exceeded) 25005622
bases in batch (batch size exceeded) 25019556
bases in batch (batch size exceeded) 25004000
bases in batch (batch size exceeded) 25001365
bases in batch (batch size exceeded) 25039250
bases in batch (batch size exceeded) 25022307
bases in batch (batch size exceeded) 25008714
bases in batch (core allotment reached) 7689939
bases in batch (batch size exceeded) 25001830
bases in batch (batch size exceeded) 25002330
bases in batch (batch size exceeded) 25020590
bases in batch (batch size exceeded) 25022578
bases in batch (batch size exceeded) 25001242
bases in batch (batch size exceeded) 25004792
bases in batch (batch size exceeded) 25027150
bases in batch (batch size exceeded) 25011567
bases in batch (batch size exceeded) 25005190
bases in batch (batch size exceeded) 25016115
bases in batch (core allotment reached) 7676799
bases in batch (batch size exceeded) 25007890
bases in batch (batch size exceeded) 25007215
bases in batch (batch size exceeded) 25008930
bases in batch (batch size exceeded) 25006254
bases in batch (batch size exceeded) 25002923
bases in batch (batch size exceeded) 25001456
bases in batch (batch size exceeded) 25000397
bases in batch (batch size exceeded) 25009214
bases in batch (batch size exceeded) 25076077
bases in batch (batch size exceeded) 25004316
bases in batch (core allotment reached) 7657430
bases in batch (batch size exceeded) 25003777
bases in batch (batch size exceeded) 25002793
bases in batch (batch size exceeded) 25006755
bases in batch (batch size exceeded) 25039008
bases in batch (batch size exceeded) 25000598
bases in batch (batch size exceeded) 25061521
bases in batch (batch size exceeded) 25002556
bases in batch (batch size exceeded) 25001062
bases in batch (batch size exceeded) 25038032
bases in batch (batch size exceeded) 25002157
bases in batch (core allotment reached) 7648858
bases in batch (batch size exceeded) 25000685
bases in batch (batch size exceeded) 25000187
bases in batch (batch size exceeded) 25001326
bases in batch (batch size exceeded) 25002619
bases in batch (batch size exceeded) 25011836
bases in batch (batch size exceeded) 25015654
bases in batch (batch size exceeded) 25036917
bases in batch (batch size exceeded) 25051003
bases in batch (batch size exceeded) 25019200
bases in batch (batch size exceeded) 25003082
bases in batch (core allotment reached) 7663236
bases in batch (batch size exceeded) 25036451
bases in batch (batch size exceeded) 25001938
bases in batch (batch size exceeded) 25041610
bases in batch (batch size exceeded) 25000186
bases in batch (batch size exceeded) 25002535
bases in batch (batch size exceeded) 25010958
bases in batch (batch size exceeded) 25000497
bases in batch (batch size exceeded) 25056064
bases in batch (batch size exceeded) 25026700
bases in batch (batch size exceeded) 25038874
bases in batch (core allotment reached) 7579396
bases in batch (batch size exceeded) 25068428
bases in batch (batch size exceeded) 25000529
bases in batch (batch size exceeded) 25000772
bases in batch (batch size exceeded) 25002718
bases in batch (batch size exceeded) 25008891
bases in batch (batch size exceeded) 25016084
bases in batch (batch size exceeded) 25016301
bases in batch (batch size exceeded) 25010085
bases in batch (batch size exceeded) 25004948
bases in batch (batch size exceeded) 25008852
bases in batch (core allotment reached) 7676888
bases in batch (batch size exceeded) 25012203
bases in batch (batch size exceeded) 25008468
bases in batch (batch size exceeded) 25003968
bases in batch (batch size exceeded) 25021978
bases in batch (batch size exceeded) 25022828
bases in batch (batch size exceeded) 25009309
bases in batch (batch size exceeded) 25005862
bases in batch (batch size exceeded) 25007525
bases in batch (batch size exceeded) 25000869
bases in batch (batch size exceeded) 25000145
bases in batch (last for core) 7184129
Starting up parallel processes, tasklist took 36.46892333030701
Starting merge, parallel processing took 477.2684555053711
bigwig
Merge took 997.5779876708984

