chrX:0-154259566
histone2_chrX
bases in batch (batch size exceeded) 25023648
bases in batch (batch size exceeded) 25003302
bases in batch (batch size exceeded) 25012526
bases in batch (batch size exceeded) 25018543
bases in batch (batch size exceeded) 25017902
bases in batch (batch size exceeded) 25027104
bases in batch (batch size exceeded) 25008087
bases in batch (core allotment reached) 15802613
bases in batch (batch size exceeded) 25010236
bases in batch (batch size exceeded) 25000946
bases in batch (batch size exceeded) 25001483
bases in batch (batch size exceeded) 25002699
bases in batch (batch size exceeded) 25030591
bases in batch (batch size exceeded) 25007905
bases in batch (batch size exceeded) 25001427
bases in batch (core allotment reached) 15871790
bases in batch (batch size exceeded) 25007308
bases in batch (batch size exceeded) 25054886
bases in batch (batch size exceeded) 25002938
bases in batch (batch size exceeded) 25038371
bases in batch (batch size exceeded) 25006319
bases in batch (batch size exceeded) 25009234
bases in batch (batch size exceeded) 25006163
bases in batch (core allotment reached) 15792585
bases in batch (batch size exceeded) 25134917
bases in batch (batch size exceeded) 25052062
bases in batch (batch size exceeded) 25020998
bases in batch (batch size exceeded) 25031374
bases in batch (batch size exceeded) 25039867
bases in batch (batch size exceeded) 25012505
bases in batch (batch size exceeded) 25013757
bases in batch (core allotment reached) 15633781
bases in batch (batch size exceeded) 25002842
bases in batch (batch size exceeded) 25000962
bases in batch (batch size exceeded) 25012398
bases in batch (batch size exceeded) 25005896
bases in batch (batch size exceeded) 25035003
bases in batch (batch size exceeded) 25015733
bases in batch (batch size exceeded) 25004233
bases in batch (core allotment reached) 15883481
bases in batch (batch size exceeded) 25000536
bases in batch (batch size exceeded) 25022352
bases in batch (batch size exceeded) 25019966
bases in batch (batch size exceeded) 25018552
bases in batch (batch size exceeded) 25022462
bases in batch (batch size exceeded) 25002374
bases in batch (batch size exceeded) 25002780
bases in batch (core allotment reached) 15837301
bases in batch (batch size exceeded) 25000651
bases in batch (batch size exceeded) 25005243
bases in batch (batch size exceeded) 25008452
bases in batch (batch size exceeded) 25009743
bases in batch (batch size exceeded) 25001006
bases in batch (batch size exceeded) 25001337
bases in batch (batch size exceeded) 25029884
bases in batch (core allotment reached) 15858844
bases in batch (batch size exceeded) 25026924
bases in batch (batch size exceeded) 25031173
bases in batch (batch size exceeded) 25002014
bases in batch (batch size exceeded) 25045458
bases in batch (batch size exceeded) 25006185
bases in batch (batch size exceeded) 25005424
bases in batch (batch size exceeded) 25000572
bases in batch (core allotment reached) 15833958
bases in batch (batch size exceeded) 25001905
bases in batch (batch size exceeded) 25002535
bases in batch (batch size exceeded) 25019761
bases in batch (batch size exceeded) 25004029
bases in batch (batch size exceeded) 25013180
bases in batch (batch size exceeded) 25004710
bases in batch (batch size exceeded) 25011095
bases in batch (core allotment reached) 15856576
bases in batch (batch size exceeded) 25012236
bases in batch (batch size exceeded) 25009396
bases in batch (batch size exceeded) 25032970
bases in batch (batch size exceeded) 25000088
bases in batch (batch size exceeded) 25046091
bases in batch (batch size exceeded) 25008824
bases in batch (batch size exceeded) 25000527
bases in batch (core allotment reached) 15803478
bases in batch (batch size exceeded) 25052131
bases in batch (batch size exceeded) 25069968
bases in batch (batch size exceeded) 25015617
bases in batch (batch size exceeded) 25027880
bases in batch (batch size exceeded) 25013319
bases in batch (batch size exceeded) 25002822
bases in batch (batch size exceeded) 25006079
bases in batch (core allotment reached) 15768095
bases in batch (batch size exceeded) 25002979
bases in batch (batch size exceeded) 25014967
bases in batch (batch size exceeded) 25028829
bases in batch (batch size exceeded) 25002325
bases in batch (batch size exceeded) 25055224
bases in batch (batch size exceeded) 25033980
bases in batch (batch size exceeded) 25020356
bases in batch (core allotment reached) 15756132
bases in batch (batch size exceeded) 25047109
bases in batch (batch size exceeded) 25002506
bases in batch (batch size exceeded) 25017190
bases in batch (batch size exceeded) 25003596
bases in batch (batch size exceeded) 25007388
bases in batch (batch size exceeded) 25051104
bases in batch (batch size exceeded) 25033971
bases in batch (core allotment reached) 15752983
bases in batch (batch size exceeded) 25040744
bases in batch (batch size exceeded) 25051420
bases in batch (batch size exceeded) 25004203
bases in batch (batch size exceeded) 25001358
bases in batch (batch size exceeded) 25002737
bases in batch (batch size exceeded) 25019998
bases in batch (batch size exceeded) 25001071
bases in batch (core allotment reached) 15792407
bases in batch (batch size exceeded) 25007648
bases in batch (batch size exceeded) 25012899
bases in batch (batch size exceeded) 25001541
bases in batch (batch size exceeded) 25096391
bases in batch (batch size exceeded) 25008105
bases in batch (batch size exceeded) 25028795
bases in batch (batch size exceeded) 25000107
bases in batch (core allotment reached) 15779806
bases in batch (batch size exceeded) 25035945
bases in batch (batch size exceeded) 25017112
bases in batch (batch size exceeded) 25050021
bases in batch (batch size exceeded) 25022600
bases in batch (batch size exceeded) 25000310
bases in batch (batch size exceeded) 25004019
bases in batch (batch size exceeded) 25028125
bases in batch (core allotment reached) 15780227
bases in batch (batch size exceeded) 25014019
bases in batch (batch size exceeded) 25002799
bases in batch (batch size exceeded) 25027211
bases in batch (batch size exceeded) 25000352
bases in batch (batch size exceeded) 25004261
bases in batch (batch size exceeded) 25057951
bases in batch (batch size exceeded) 25026136
bases in batch (core allotment reached) 15780965
bases in batch (batch size exceeded) 25035684
bases in batch (batch size exceeded) 25019835
bases in batch (batch size exceeded) 25001882
bases in batch (batch size exceeded) 25000260
bases in batch (batch size exceeded) 25013642
bases in batch (batch size exceeded) 25008039
bases in batch (batch size exceeded) 25004460
bases in batch (core allotment reached) 15831591
bases in batch (batch size exceeded) 25000288
bases in batch (batch size exceeded) 25003322
bases in batch (batch size exceeded) 25051782
bases in batch (batch size exceeded) 25044412
bases in batch (batch size exceeded) 25031832
bases in batch (batch size exceeded) 25004376
bases in batch (batch size exceeded) 25003844
bases in batch (core allotment reached) 15790254
bases in batch (batch size exceeded) 25000222
bases in batch (batch size exceeded) 25021482
bases in batch (batch size exceeded) 25046387
bases in batch (batch size exceeded) 25016318
bases in batch (batch size exceeded) 25003011
bases in batch (batch size exceeded) 25004851
bases in batch (batch size exceeded) 25001477
bases in batch (core allotment reached) 15859322
bases in batch (batch size exceeded) 25029128
bases in batch (batch size exceeded) 25000216
bases in batch (batch size exceeded) 25000741
bases in batch (batch size exceeded) 25040525
bases in batch (batch size exceeded) 25011241
bases in batch (batch size exceeded) 25003437
bases in batch (batch size exceeded) 25007006
bases in batch (core allotment reached) 15841234
bases in batch (batch size exceeded) 25002582
bases in batch (batch size exceeded) 25001863
bases in batch (batch size exceeded) 25033634
bases in batch (batch size exceeded) 25000107
bases in batch (batch size exceeded) 25000663
bases in batch (batch size exceeded) 25033480
bases in batch (batch size exceeded) 25007306
bases in batch (core allotment reached) 15858448
bases in batch (batch size exceeded) 25049663
bases in batch (batch size exceeded) 25003070
bases in batch (batch size exceeded) 25012985
bases in batch (batch size exceeded) 25012233
bases in batch (batch size exceeded) 25011775
bases in batch (batch size exceeded) 25034546
bases in batch (batch size exceeded) 25046987
bases in batch (core allotment reached) 15749878
bases in batch (batch size exceeded) 25003853
bases in batch (batch size exceeded) 25022575
bases in batch (batch size exceeded) 25015882
bases in batch (batch size exceeded) 25003344
bases in batch (batch size exceeded) 25006412
bases in batch (batch size exceeded) 25037642
bases in batch (batch size exceeded) 25000827
bases in batch (core allotment reached) 15824911
bases in batch (batch size exceeded) 25019760
bases in batch (batch size exceeded) 25000010
bases in batch (batch size exceeded) 25027805
bases in batch (batch size exceeded) 25009255
bases in batch (batch size exceeded) 25046658
bases in batch (batch size exceeded) 25005384
bases in batch (batch size exceeded) 25001870
bases in batch (core allotment reached) 15804066
bases in batch (batch size exceeded) 25008776
bases in batch (batch size exceeded) 25015020
bases in batch (batch size exceeded) 25019728
bases in batch (batch size exceeded) 25001934
bases in batch (batch size exceeded) 25030632
bases in batch (batch size exceeded) 25000144
bases in batch (batch size exceeded) 25006169
bases in batch (core allotment reached) 15862557
bases in batch (batch size exceeded) 25003879
bases in batch (batch size exceeded) 25002283
bases in batch (batch size exceeded) 25010044
bases in batch (batch size exceeded) 25015134
bases in batch (batch size exceeded) 25042485
bases in batch (batch size exceeded) 25023057
bases in batch (batch size exceeded) 25016601
bases in batch (core allotment reached) 15800772
bases in batch (batch size exceeded) 25009798
bases in batch (batch size exceeded) 25000590
bases in batch (batch size exceeded) 25016177
bases in batch (batch size exceeded) 25081212
bases in batch (batch size exceeded) 25006702
bases in batch (batch size exceeded) 25009025
bases in batch (batch size exceeded) 25004431
bases in batch (core allotment reached) 15828136
bases in batch (batch size exceeded) 25003852
bases in batch (batch size exceeded) 25023066
bases in batch (batch size exceeded) 25005370
bases in batch (batch size exceeded) 25033607
bases in batch (batch size exceeded) 25004838
bases in batch (batch size exceeded) 25025177
bases in batch (batch size exceeded) 25006116
bases in batch (core allotment reached) 15840531
bases in batch (batch size exceeded) 25000502
bases in batch (batch size exceeded) 25003746
bases in batch (batch size exceeded) 25020797
bases in batch (batch size exceeded) 25054664
bases in batch (batch size exceeded) 25017553
bases in batch (batch size exceeded) 25005647
bases in batch (batch size exceeded) 25017646
bases in batch (core allotment reached) 15797637
bases in batch (batch size exceeded) 25000962
bases in batch (batch size exceeded) 25000588
bases in batch (batch size exceeded) 25011348
bases in batch (batch size exceeded) 25018883
bases in batch (batch size exceeded) 25005721
bases in batch (batch size exceeded) 25010564
bases in batch (batch size exceeded) 25001615
bases in batch (core allotment reached) 15875149
bases in batch (batch size exceeded) 25006580
bases in batch (batch size exceeded) 25031219
bases in batch (batch size exceeded) 25000694
bases in batch (batch size exceeded) 25007735
bases in batch (batch size exceeded) 25002959
bases in batch (batch size exceeded) 25043710
bases in batch (batch size exceeded) 25001559
bases in batch (last for core) 15345081
Starting up parallel processes, tasklist took 26.7529616355896
Starting merge, parallel processing took 343.71177887916565
bigwig
Merge took 750.8386821746826

