chr15:0-99753195
histone2_chr15
bases in batch (batch size exceeded) 25020593
bases in batch (batch size exceeded) 25012446
bases in batch (batch size exceeded) 25021141
bases in batch (batch size exceeded) 25009989
bases in batch (batch size exceeded) 25036918
bases in batch (core allotment reached) 19010666
bases in batch (batch size exceeded) 25019927
bases in batch (batch size exceeded) 25028705
bases in batch (batch size exceeded) 25002604
bases in batch (batch size exceeded) 25017889
bases in batch (batch size exceeded) 25010261
bases in batch (core allotment reached) 19012306
bases in batch (batch size exceeded) 25006554
bases in batch (batch size exceeded) 25010214
bases in batch (batch size exceeded) 25054864
bases in batch (batch size exceeded) 25005493
bases in batch (batch size exceeded) 25027591
bases in batch (core allotment reached) 18999167
bases in batch (batch size exceeded) 25003113
bases in batch (batch size exceeded) 25009509
bases in batch (batch size exceeded) 25001787
bases in batch (batch size exceeded) 25003780
bases in batch (batch size exceeded) 25007485
bases in batch (core allotment reached) 19078040
bases in batch (batch size exceeded) 25002620
bases in batch (batch size exceeded) 25008041
bases in batch (batch size exceeded) 25010194
bases in batch (batch size exceeded) 25018608
bases in batch (batch size exceeded) 25021965
bases in batch (core allotment reached) 19047003
bases in batch (batch size exceeded) 25009792
bases in batch (batch size exceeded) 25011899
bases in batch (batch size exceeded) 25025240
bases in batch (batch size exceeded) 25013275
bases in batch (batch size exceeded) 25010248
bases in batch (core allotment reached) 19020684
bases in batch (batch size exceeded) 25032705
bases in batch (batch size exceeded) 25009019
bases in batch (batch size exceeded) 25051386
bases in batch (batch size exceeded) 25016172
bases in batch (batch size exceeded) 25032654
bases in batch (core allotment reached) 18952410
bases in batch (batch size exceeded) 25015229
bases in batch (batch size exceeded) 25024965
bases in batch (batch size exceeded) 25001241
bases in batch (batch size exceeded) 25000548
bases in batch (batch size exceeded) 25031735
bases in batch (core allotment reached) 19018383
bases in batch (batch size exceeded) 25069163
bases in batch (batch size exceeded) 25019785
bases in batch (batch size exceeded) 25016076
bases in batch (batch size exceeded) 25000383
bases in batch (batch size exceeded) 25005343
bases in batch (core allotment reached) 18984863
bases in batch (batch size exceeded) 25022244
bases in batch (batch size exceeded) 25006935
bases in batch (batch size exceeded) 25045276
bases in batch (batch size exceeded) 25016128
bases in batch (batch size exceeded) 25013967
bases in batch (core allotment reached) 18984781
bases in batch (batch size exceeded) 25003466
bases in batch (batch size exceeded) 25006611
bases in batch (batch size exceeded) 25005260
bases in batch (batch size exceeded) 25003693
bases in batch (batch size exceeded) 25002226
bases in batch (core allotment reached) 19079944
bases in batch (batch size exceeded) 25002152
bases in batch (batch size exceeded) 25023089
bases in batch (batch size exceeded) 25000332
bases in batch (batch size exceeded) 25006712
bases in batch (batch size exceeded) 25003767
bases in batch (core allotment reached) 19061135
bases in batch (batch size exceeded) 25024288
bases in batch (batch size exceeded) 25019915
bases in batch (batch size exceeded) 25016065
bases in batch (batch size exceeded) 25008948
bases in batch (batch size exceeded) 25003289
bases in batch (core allotment reached) 19054494
bases in batch (batch size exceeded) 25001444
bases in batch (batch size exceeded) 25023672
bases in batch (batch size exceeded) 25025766
bases in batch (batch size exceeded) 25001692
bases in batch (batch size exceeded) 25030303
bases in batch (core allotment reached) 19081618
bases in batch (batch size exceeded) 25010480
bases in batch (batch size exceeded) 25000117
bases in batch (batch size exceeded) 25039923
bases in batch (batch size exceeded) 25000907
bases in batch (batch size exceeded) 25000002
bases in batch (core allotment reached) 19040398
bases in batch (batch size exceeded) 25006072
bases in batch (batch size exceeded) 25002518
bases in batch (batch size exceeded) 25002149
bases in batch (batch size exceeded) 25001336
bases in batch (batch size exceeded) 25002009
bases in batch (core allotment reached) 19075161
bases in batch (batch size exceeded) 25048557
bases in batch (batch size exceeded) 25005089
bases in batch (batch size exceeded) 25011770
bases in batch (batch size exceeded) 25017590
bases in batch (batch size exceeded) 25037136
bases in batch (core allotment reached) 18991173
bases in batch (batch size exceeded) 25035540
bases in batch (batch size exceeded) 25004884
bases in batch (batch size exceeded) 25027602
bases in batch (batch size exceeded) 25016286
bases in batch (batch size exceeded) 25004311
bases in batch (core allotment reached) 19030713
bases in batch (batch size exceeded) 25020112
bases in batch (batch size exceeded) 25011934
bases in batch (batch size exceeded) 25018847
bases in batch (batch size exceeded) 25000094
bases in batch (batch size exceeded) 25038143
bases in batch (core allotment reached) 19003788
bases in batch (batch size exceeded) 25023367
bases in batch (batch size exceeded) 25015580
bases in batch (batch size exceeded) 25002281
bases in batch (batch size exceeded) 25017554
bases in batch (batch size exceeded) 25000342
bases in batch (core allotment reached) 19034657
bases in batch (batch size exceeded) 25020520
bases in batch (batch size exceeded) 25002342
bases in batch (batch size exceeded) 25002173
bases in batch (batch size exceeded) 25032812
bases in batch (batch size exceeded) 25004557
bases in batch (core allotment reached) 19044240
bases in batch (batch size exceeded) 25005334
bases in batch (batch size exceeded) 25051629
bases in batch (batch size exceeded) 25000559
bases in batch (batch size exceeded) 25006696
bases in batch (batch size exceeded) 25017353
bases in batch (core allotment reached) 19019184
bases in batch (batch size exceeded) 25001675
bases in batch (batch size exceeded) 25026871
bases in batch (batch size exceeded) 25040081
bases in batch (batch size exceeded) 25003855
bases in batch (batch size exceeded) 25068867
bases in batch (core allotment reached) 18981175
bases in batch (batch size exceeded) 25023096
bases in batch (batch size exceeded) 25052995
bases in batch (batch size exceeded) 25000653
bases in batch (batch size exceeded) 25091351
bases in batch (batch size exceeded) 25054037
bases in batch (core allotment reached) 18870220
bases in batch (batch size exceeded) 25013736
bases in batch (batch size exceeded) 25031213
bases in batch (batch size exceeded) 25006575
bases in batch (batch size exceeded) 25006777
bases in batch (batch size exceeded) 25014920
bases in batch (core allotment reached) 19100870
bases in batch (batch size exceeded) 25064943
bases in batch (batch size exceeded) 25012614
bases in batch (batch size exceeded) 25014100
bases in batch (batch size exceeded) 25047397
bases in batch (batch size exceeded) 25003449
bases in batch (core allotment reached) 18946888
bases in batch (batch size exceeded) 25001890
bases in batch (batch size exceeded) 25023917
bases in batch (batch size exceeded) 25003547
bases in batch (batch size exceeded) 25039076
bases in batch (batch size exceeded) 25001711
bases in batch (core allotment reached) 19046371
bases in batch (batch size exceeded) 25005026
bases in batch (batch size exceeded) 25010320
bases in batch (batch size exceeded) 25006409
bases in batch (batch size exceeded) 25006726
bases in batch (batch size exceeded) 25008658
bases in batch (core allotment reached) 19071965
bases in batch (batch size exceeded) 25028939
bases in batch (batch size exceeded) 25014335
bases in batch (batch size exceeded) 25029529
bases in batch (batch size exceeded) 25028004
bases in batch (batch size exceeded) 25007291
bases in batch (core allotment reached) 18986414
bases in batch (batch size exceeded) 25001808
bases in batch (batch size exceeded) 25002618
bases in batch (batch size exceeded) 25021644
bases in batch (batch size exceeded) 25007088
bases in batch (batch size exceeded) 25006662
bases in batch (core allotment reached) 19052322
bases in batch (batch size exceeded) 25033838
bases in batch (batch size exceeded) 25000489
bases in batch (batch size exceeded) 25047259
bases in batch (batch size exceeded) 25017299
bases in batch (batch size exceeded) 25000807
bases in batch (core allotment reached) 19013909
bases in batch (batch size exceeded) 25004427
bases in batch (batch size exceeded) 25001978
bases in batch (batch size exceeded) 25012809
bases in batch (batch size exceeded) 25003198
bases in batch (batch size exceeded) 25010978
bases in batch (last for core) 18540187
Starting up parallel processes, tasklist took 19.895053148269653
Starting merge, parallel processing took 268.2081925868988
bigwig
Merge took 491.77349376678467

