chr13:0-113566686
histone3_chr13
bases in batch (batch size exceeded) 25000048
bases in batch (batch size exceeded) 25011386
bases in batch (batch size exceeded) 25021592
bases in batch (batch size exceeded) 25006332
bases in batch (batch size exceeded) 25047054
bases in batch (core allotment reached) 8613853
bases in batch (batch size exceeded) 25001036
bases in batch (batch size exceeded) 25001681
bases in batch (batch size exceeded) 25038652
bases in batch (batch size exceeded) 25001097
bases in batch (batch size exceeded) 25001543
bases in batch (core allotment reached) 8635912
bases in batch (batch size exceeded) 25005610
bases in batch (batch size exceeded) 25014998
bases in batch (batch size exceeded) 25006849
bases in batch (batch size exceeded) 25011123
bases in batch (batch size exceeded) 25031123
bases in batch (core allotment reached) 8610876
bases in batch (batch size exceeded) 25047331
bases in batch (batch size exceeded) 25022448
bases in batch (batch size exceeded) 25003690
bases in batch (batch size exceeded) 25000585
bases in batch (batch size exceeded) 25008064
bases in batch (core allotment reached) 8589278
bases in batch (batch size exceeded) 25005499
bases in batch (batch size exceeded) 25000417
bases in batch (batch size exceeded) 25029284
bases in batch (batch size exceeded) 25010797
bases in batch (batch size exceeded) 25017018
bases in batch (core allotment reached) 8639036
bases in batch (batch size exceeded) 25014059
bases in batch (batch size exceeded) 25005625
bases in batch (batch size exceeded) 25002624
bases in batch (batch size exceeded) 25003191
bases in batch (batch size exceeded) 25014128
bases in batch (core allotment reached) 8662722
bases in batch (batch size exceeded) 25041198
bases in batch (batch size exceeded) 25005839
bases in batch (batch size exceeded) 25015296
bases in batch (batch size exceeded) 25007322
bases in batch (batch size exceeded) 25002426
bases in batch (core allotment reached) 8600232
bases in batch (batch size exceeded) 25001104
bases in batch (batch size exceeded) 25016465
bases in batch (batch size exceeded) 25029838
bases in batch (batch size exceeded) 25002106
bases in batch (batch size exceeded) 25000172
bases in batch (core allotment reached) 8650575
bases in batch (batch size exceeded) 25001151
bases in batch (batch size exceeded) 25021430
bases in batch (batch size exceeded) 25001456
bases in batch (batch size exceeded) 25004994
bases in batch (batch size exceeded) 25010322
bases in batch (core allotment reached) 8643218
bases in batch (batch size exceeded) 25040312
bases in batch (batch size exceeded) 25003597
bases in batch (batch size exceeded) 25006924
bases in batch (batch size exceeded) 25023853
bases in batch (batch size exceeded) 25039005
bases in batch (core allotment reached) 8558748
bases in batch (batch size exceeded) 25023203
bases in batch (batch size exceeded) 25014931
bases in batch (batch size exceeded) 25008807
bases in batch (batch size exceeded) 25011203
bases in batch (batch size exceeded) 25027650
bases in batch (core allotment reached) 8610178
bases in batch (batch size exceeded) 25019211
bases in batch (batch size exceeded) 25022854
bases in batch (batch size exceeded) 25033428
bases in batch (batch size exceeded) 25004872
bases in batch (batch size exceeded) 25005255
bases in batch (core allotment reached) 8591585
bases in batch (batch size exceeded) 25031459
bases in batch (batch size exceeded) 25015817
bases in batch (batch size exceeded) 25001782
bases in batch (batch size exceeded) 25000150
bases in batch (batch size exceeded) 25002168
bases in batch (core allotment reached) 8630962
bases in batch (batch size exceeded) 25005937
bases in batch (batch size exceeded) 25028441
bases in batch (batch size exceeded) 25016694
bases in batch (batch size exceeded) 25047772
bases in batch (batch size exceeded) 25047965
bases in batch (core allotment reached) 8542354
bases in batch (batch size exceeded) 25008860
bases in batch (batch size exceeded) 25002922
bases in batch (batch size exceeded) 25003010
bases in batch (batch size exceeded) 25029181
bases in batch (batch size exceeded) 25010155
bases in batch (core allotment reached) 8622287
bases in batch (batch size exceeded) 25001916
bases in batch (batch size exceeded) 25005569
bases in batch (batch size exceeded) 25000872
bases in batch (batch size exceeded) 25016739
bases in batch (batch size exceeded) 25048986
bases in batch (core allotment reached) 8614729
bases in batch (batch size exceeded) 25023228
bases in batch (batch size exceeded) 25001304
bases in batch (batch size exceeded) 25002468
bases in batch (batch size exceeded) 25001221
bases in batch (batch size exceeded) 25001695
bases in batch (core allotment reached) 8649066
bases in batch (batch size exceeded) 25019187
bases in batch (batch size exceeded) 25005246
bases in batch (batch size exceeded) 25037971
bases in batch (batch size exceeded) 25001806
bases in batch (batch size exceeded) 25030383
bases in batch (core allotment reached) 8606437
bases in batch (batch size exceeded) 25027320
bases in batch (batch size exceeded) 25015298
bases in batch (batch size exceeded) 25018426
bases in batch (batch size exceeded) 25028216
bases in batch (batch size exceeded) 25008257
bases in batch (core allotment reached) 8577029
bases in batch (batch size exceeded) 25001952
bases in batch (batch size exceeded) 25014418
bases in batch (batch size exceeded) 25012226
bases in batch (batch size exceeded) 25026179
bases in batch (batch size exceeded) 25048831
bases in batch (core allotment reached) 8584075
bases in batch (batch size exceeded) 25016897
bases in batch (batch size exceeded) 25003955
bases in batch (batch size exceeded) 25030078
bases in batch (batch size exceeded) 25013984
bases in batch (batch size exceeded) 25017213
bases in batch (core allotment reached) 8610520
bases in batch (batch size exceeded) 25010324
bases in batch (batch size exceeded) 25009630
bases in batch (batch size exceeded) 25056176
bases in batch (batch size exceeded) 25002183
bases in batch (batch size exceeded) 25016152
bases in batch (core allotment reached) 8644660
bases in batch (batch size exceeded) 25014479
bases in batch (batch size exceeded) 25014093
bases in batch (batch size exceeded) 25020736
bases in batch (batch size exceeded) 25057286
bases in batch (batch size exceeded) 25000467
bases in batch (core allotment reached) 8564429
bases in batch (batch size exceeded) 25023547
bases in batch (batch size exceeded) 25003545
bases in batch (batch size exceeded) 25006753
bases in batch (batch size exceeded) 25001851
bases in batch (batch size exceeded) 25032069
bases in batch (core allotment reached) 8645467
bases in batch (batch size exceeded) 25038433
bases in batch (batch size exceeded) 25002549
bases in batch (batch size exceeded) 25005621
bases in batch (batch size exceeded) 25007408
bases in batch (batch size exceeded) 25012750
bases in batch (core allotment reached) 8623909
bases in batch (batch size exceeded) 25016215
bases in batch (batch size exceeded) 25020888
bases in batch (batch size exceeded) 25009981
bases in batch (batch size exceeded) 25000970
bases in batch (batch size exceeded) 25016197
bases in batch (core allotment reached) 8629887
bases in batch (batch size exceeded) 25006911
bases in batch (batch size exceeded) 25006669
bases in batch (batch size exceeded) 25055662
bases in batch (batch size exceeded) 25016605
bases in batch (batch size exceeded) 25026847
bases in batch (core allotment reached) 8583645
bases in batch (batch size exceeded) 25042845
bases in batch (batch size exceeded) 25026714
bases in batch (batch size exceeded) 25008518
bases in batch (batch size exceeded) 25002209
bases in batch (batch size exceeded) 25004887
bases in batch (core allotment reached) 8598391
bases in batch (batch size exceeded) 25008905
bases in batch (batch size exceeded) 25027095
bases in batch (batch size exceeded) 25007630
bases in batch (batch size exceeded) 25000814
bases in batch (batch size exceeded) 25002686
bases in batch (core allotment reached) 8679711
bases in batch (batch size exceeded) 25012483
bases in batch (batch size exceeded) 25024963
bases in batch (batch size exceeded) 25017676
bases in batch (batch size exceeded) 25000171
bases in batch (batch size exceeded) 25025207
bases in batch (core allotment reached) 8592792
bases in batch (batch size exceeded) 25031071
bases in batch (batch size exceeded) 25007000
bases in batch (batch size exceeded) 25006830
bases in batch (batch size exceeded) 25003286
bases in batch (batch size exceeded) 25004075
bases in batch (core allotment reached) 8682645
bases in batch (batch size exceeded) 25047349
bases in batch (batch size exceeded) 25001663
bases in batch (batch size exceeded) 25016623
bases in batch (batch size exceeded) 25033449
bases in batch (batch size exceeded) 25008579
bases in batch (last for core) 7942974
Starting up parallel processes, tasklist took 18.793298721313477
Starting merge, parallel processing took 281.28615856170654
bigwig
Merge took 560.8709554672241

