chr20:0-66210255
histone3_chr20
bases in batch (batch size exceeded) 25009476
bases in batch (batch size exceeded) 25017354
bases in batch (batch size exceeded) 25011465
bases in batch (core allotment reached) 12034998
bases in batch (batch size exceeded) 25000112
bases in batch (batch size exceeded) 25007097
bases in batch (batch size exceeded) 25038310
bases in batch (core allotment reached) 12013864
bases in batch (batch size exceeded) 25022848
bases in batch (batch size exceeded) 25019288
bases in batch (batch size exceeded) 25030884
bases in batch (core allotment reached) 11980430
bases in batch (batch size exceeded) 25013293
bases in batch (batch size exceeded) 25006724
bases in batch (batch size exceeded) 25003525
bases in batch (core allotment reached) 12032210
bases in batch (batch size exceeded) 25001545
bases in batch (batch size exceeded) 25000444
bases in batch (batch size exceeded) 25011111
bases in batch (core allotment reached) 12049648
bases in batch (batch size exceeded) 25028434
bases in batch (batch size exceeded) 25038205
bases in batch (batch size exceeded) 25018980
bases in batch (core allotment reached) 11971750
bases in batch (batch size exceeded) 25001044
bases in batch (batch size exceeded) 25020736
bases in batch (batch size exceeded) 25000569
bases in batch (core allotment reached) 12039459
bases in batch (batch size exceeded) 25000958
bases in batch (batch size exceeded) 25010021
bases in batch (batch size exceeded) 25011943
bases in batch (core allotment reached) 12054862
bases in batch (batch size exceeded) 25034673
bases in batch (batch size exceeded) 25030623
bases in batch (batch size exceeded) 25003596
bases in batch (core allotment reached) 11999052
bases in batch (batch size exceeded) 25021845
bases in batch (batch size exceeded) 25000911
bases in batch (batch size exceeded) 25007545
bases in batch (core allotment reached) 12023328
bases in batch (batch size exceeded) 25022534
bases in batch (batch size exceeded) 25015212
bases in batch (batch size exceeded) 25031360
bases in batch (core allotment reached) 11999764
bases in batch (batch size exceeded) 25000046
bases in batch (batch size exceeded) 25005746
bases in batch (batch size exceeded) 25021380
bases in batch (core allotment reached) 12040635
bases in batch (batch size exceeded) 25018216
bases in batch (batch size exceeded) 25006351
bases in batch (batch size exceeded) 25017324
bases in batch (core allotment reached) 12017445
bases in batch (batch size exceeded) 25001823
bases in batch (batch size exceeded) 25013860
bases in batch (batch size exceeded) 25009466
bases in batch (core allotment reached) 12073064
bases in batch (batch size exceeded) 25028934
bases in batch (batch size exceeded) 25035671
bases in batch (batch size exceeded) 25001017
bases in batch (core allotment reached) 12069111
bases in batch (batch size exceeded) 25014462
bases in batch (batch size exceeded) 25010214
bases in batch (batch size exceeded) 25002409
bases in batch (core allotment reached) 12033170
bases in batch (batch size exceeded) 25004002
bases in batch (batch size exceeded) 25001475
bases in batch (batch size exceeded) 25027080
bases in batch (core allotment reached) 12020370
bases in batch (batch size exceeded) 25004021
bases in batch (batch size exceeded) 25001000
bases in batch (batch size exceeded) 25010838
bases in batch (core allotment reached) 12050191
bases in batch (batch size exceeded) 25000815
bases in batch (batch size exceeded) 25007877
bases in batch (batch size exceeded) 25000730
bases in batch (core allotment reached) 12046905
bases in batch (batch size exceeded) 25000822
bases in batch (batch size exceeded) 25001640
bases in batch (batch size exceeded) 25035160
bases in batch (core allotment reached) 12020469
bases in batch (batch size exceeded) 25031577
bases in batch (batch size exceeded) 25005636
bases in batch (batch size exceeded) 25010612
bases in batch (core allotment reached) 12015775
bases in batch (batch size exceeded) 25001657
bases in batch (batch size exceeded) 25006598
bases in batch (batch size exceeded) 25007455
bases in batch (core allotment reached) 12045168
bases in batch (batch size exceeded) 25007521
bases in batch (batch size exceeded) 25011244
bases in batch (batch size exceeded) 25007069
bases in batch (core allotment reached) 12039481
bases in batch (batch size exceeded) 25008433
bases in batch (batch size exceeded) 25011029
bases in batch (batch size exceeded) 25021376
bases in batch (core allotment reached) 12016155
bases in batch (batch size exceeded) 25000342
bases in batch (batch size exceeded) 25004871
bases in batch (batch size exceeded) 25022884
bases in batch (core allotment reached) 12029641
bases in batch (batch size exceeded) 25029677
bases in batch (batch size exceeded) 25008059
bases in batch (batch size exceeded) 25001214
bases in batch (core allotment reached) 12026564
bases in batch (batch size exceeded) 25010093
bases in batch (batch size exceeded) 25012033
bases in batch (batch size exceeded) 25026252
bases in batch (core allotment reached) 12004165
bases in batch (batch size exceeded) 25022150
bases in batch (batch size exceeded) 25011816
bases in batch (batch size exceeded) 25005658
bases in batch (core allotment reached) 12013963
bases in batch (batch size exceeded) 25019764
bases in batch (batch size exceeded) 25034594
bases in batch (batch size exceeded) 25025319
bases in batch (core allotment reached) 11984867
bases in batch (batch size exceeded) 25027901
bases in batch (batch size exceeded) 25007110
bases in batch (batch size exceeded) 25005633
bases in batch (core allotment reached) 12012375
bases in batch (batch size exceeded) 25004049
bases in batch (batch size exceeded) 25028316
bases in batch (batch size exceeded) 25037066
bases in batch (core allotment reached) 11987882
bases in batch (batch size exceeded) 25001176
bases in batch (batch size exceeded) 25024760
bases in batch (batch size exceeded) 25004358
bases in batch (last for core) 11653369
Starting up parallel processes, tasklist took 12.264524936676025
Starting merge, parallel processing took 227.02919363975525
bigwig
Merge took 325.4405267238617

