chrX:0-154259566
histone1_chrX
bases in batch (batch size exceeded) 25026659
bases in batch (batch size exceeded) 25009858
bases in batch (batch size exceeded) 25001215
bases in batch (batch size exceeded) 25013739
bases in batch (batch size exceeded) 25004527
bases in batch (batch size exceeded) 25021475
bases in batch (batch size exceeded) 25011160
bases in batch (core allotment reached) 21065095
bases in batch (batch size exceeded) 25012431
bases in batch (batch size exceeded) 25001021
bases in batch (batch size exceeded) 25019217
bases in batch (batch size exceeded) 25017073
bases in batch (batch size exceeded) 25011602
bases in batch (batch size exceeded) 25002490
bases in batch (batch size exceeded) 25027387
bases in batch (core allotment reached) 21044416
bases in batch (batch size exceeded) 25024416
bases in batch (batch size exceeded) 25004310
bases in batch (batch size exceeded) 25001799
bases in batch (batch size exceeded) 25005579
bases in batch (batch size exceeded) 25002986
bases in batch (batch size exceeded) 25015219
bases in batch (batch size exceeded) 25030763
bases in batch (core allotment reached) 21053176
bases in batch (batch size exceeded) 25008651
bases in batch (batch size exceeded) 25009084
bases in batch (batch size exceeded) 25031967
bases in batch (batch size exceeded) 25019592
bases in batch (batch size exceeded) 25008587
bases in batch (batch size exceeded) 25001239
bases in batch (batch size exceeded) 25020254
bases in batch (core allotment reached) 21095406
bases in batch (batch size exceeded) 25000134
bases in batch (batch size exceeded) 25027540
bases in batch (batch size exceeded) 25013968
bases in batch (batch size exceeded) 25004796
bases in batch (batch size exceeded) 25003987
bases in batch (batch size exceeded) 25021472
bases in batch (batch size exceeded) 25003938
bases in batch (core allotment reached) 21062915
bases in batch (batch size exceeded) 25023880
bases in batch (batch size exceeded) 25007387
bases in batch (batch size exceeded) 25024619
bases in batch (batch size exceeded) 25002576
bases in batch (batch size exceeded) 25008002
bases in batch (batch size exceeded) 25073560
bases in batch (batch size exceeded) 25003598
bases in batch (core allotment reached) 21014914
bases in batch (batch size exceeded) 25009989
bases in batch (batch size exceeded) 25006809
bases in batch (batch size exceeded) 25024690
bases in batch (batch size exceeded) 25001020
bases in batch (batch size exceeded) 25069224
bases in batch (batch size exceeded) 25113738
bases in batch (batch size exceeded) 25027908
bases in batch (core allotment reached) 20883348
bases in batch (batch size exceeded) 25005882
bases in batch (batch size exceeded) 25002725
bases in batch (batch size exceeded) 25050074
bases in batch (batch size exceeded) 25014085
bases in batch (batch size exceeded) 25002375
bases in batch (batch size exceeded) 25004864
bases in batch (batch size exceeded) 25012260
bases in batch (core allotment reached) 21072674
bases in batch (batch size exceeded) 25039535
bases in batch (batch size exceeded) 25012569
bases in batch (batch size exceeded) 25048208
bases in batch (batch size exceeded) 25071796
bases in batch (batch size exceeded) 25005962
bases in batch (batch size exceeded) 25007652
bases in batch (batch size exceeded) 25023646
bases in batch (core allotment reached) 20948623
bases in batch (batch size exceeded) 25006852
bases in batch (batch size exceeded) 25021693
bases in batch (batch size exceeded) 25013054
bases in batch (batch size exceeded) 25000953
bases in batch (batch size exceeded) 25000977
bases in batch (batch size exceeded) 25008315
bases in batch (batch size exceeded) 25015893
bases in batch (core allotment reached) 21081941
bases in batch (batch size exceeded) 25076088
bases in batch (batch size exceeded) 25018362
bases in batch (batch size exceeded) 25010784
bases in batch (batch size exceeded) 25038318
bases in batch (batch size exceeded) 25025473
bases in batch (batch size exceeded) 25021473
bases in batch (batch size exceeded) 25003748
bases in batch (core allotment reached) 20942747
bases in batch (batch size exceeded) 25000896
bases in batch (batch size exceeded) 25022435
bases in batch (batch size exceeded) 25004051
bases in batch (batch size exceeded) 25023815
bases in batch (batch size exceeded) 25006782
bases in batch (batch size exceeded) 25018209
bases in batch (batch size exceeded) 25005430
bases in batch (core allotment reached) 21056989
bases in batch (batch size exceeded) 25046798
bases in batch (batch size exceeded) 25010883
bases in batch (batch size exceeded) 25009565
bases in batch (batch size exceeded) 25000028
bases in batch (batch size exceeded) 25002160
bases in batch (batch size exceeded) 25019452
bases in batch (batch size exceeded) 25007109
bases in batch (core allotment reached) 21045824
bases in batch (batch size exceeded) 25048505
bases in batch (batch size exceeded) 25015573
bases in batch (batch size exceeded) 25000505
bases in batch (batch size exceeded) 25002604
bases in batch (batch size exceeded) 25002816
bases in batch (batch size exceeded) 25024742
bases in batch (batch size exceeded) 25007805
bases in batch (core allotment reached) 21037653
bases in batch (batch size exceeded) 25007187
bases in batch (batch size exceeded) 25016335
bases in batch (batch size exceeded) 25006824
bases in batch (batch size exceeded) 25049677
bases in batch (batch size exceeded) 25001688
bases in batch (batch size exceeded) 25001263
bases in batch (batch size exceeded) 25003792
bases in batch (core allotment reached) 21061255
bases in batch (batch size exceeded) 25001720
bases in batch (batch size exceeded) 25039825
bases in batch (batch size exceeded) 25007183
bases in batch (batch size exceeded) 25004761
bases in batch (batch size exceeded) 25017861
bases in batch (batch size exceeded) 25004225
bases in batch (batch size exceeded) 25000607
bases in batch (core allotment reached) 21058362
bases in batch (batch size exceeded) 25011770
bases in batch (batch size exceeded) 25008636
bases in batch (batch size exceeded) 25013980
bases in batch (batch size exceeded) 25018974
bases in batch (batch size exceeded) 25001470
bases in batch (batch size exceeded) 25032915
bases in batch (batch size exceeded) 25027289
bases in batch (core allotment reached) 21066743
bases in batch (batch size exceeded) 25010316
bases in batch (batch size exceeded) 25013772
bases in batch (batch size exceeded) 25005766
bases in batch (batch size exceeded) 25001336
bases in batch (batch size exceeded) 25010517
bases in batch (batch size exceeded) 25016081
bases in batch (batch size exceeded) 25001835
bases in batch (core allotment reached) 21073928
bases in batch (batch size exceeded) 25015476
bases in batch (batch size exceeded) 25009285
bases in batch (batch size exceeded) 25010673
bases in batch (batch size exceeded) 25032173
bases in batch (batch size exceeded) 25014407
bases in batch (batch size exceeded) 25012794
bases in batch (batch size exceeded) 25044304
bases in batch (core allotment reached) 21010563
bases in batch (batch size exceeded) 25001027
bases in batch (batch size exceeded) 25012838
bases in batch (batch size exceeded) 25012520
bases in batch (batch size exceeded) 25015630
bases in batch (batch size exceeded) 25000264
bases in batch (batch size exceeded) 25003943
bases in batch (batch size exceeded) 25001676
bases in batch (core allotment reached) 21094641
bases in batch (batch size exceeded) 25021908
bases in batch (batch size exceeded) 25046033
bases in batch (batch size exceeded) 25002438
bases in batch (batch size exceeded) 25014520
bases in batch (batch size exceeded) 25003103
bases in batch (batch size exceeded) 25002334
bases in batch (batch size exceeded) 25001284
bases in batch (core allotment reached) 21115546
bases in batch (batch size exceeded) 25022599
bases in batch (batch size exceeded) 25003810
bases in batch (batch size exceeded) 25035094
bases in batch (batch size exceeded) 25020765
bases in batch (batch size exceeded) 25000969
bases in batch (batch size exceeded) 25007855
bases in batch (batch size exceeded) 25017205
bases in batch (core allotment reached) 21026644
bases in batch (batch size exceeded) 25000426
bases in batch (batch size exceeded) 25018178
bases in batch (batch size exceeded) 25016727
bases in batch (batch size exceeded) 25015268
bases in batch (batch size exceeded) 25018609
bases in batch (batch size exceeded) 25015688
bases in batch (batch size exceeded) 25009420
bases in batch (core allotment reached) 21071752
bases in batch (batch size exceeded) 25053058
bases in batch (batch size exceeded) 25009127
bases in batch (batch size exceeded) 25003449
bases in batch (batch size exceeded) 25027869
bases in batch (batch size exceeded) 25014395
bases in batch (batch size exceeded) 25011118
bases in batch (batch size exceeded) 25007194
bases in batch (core allotment reached) 21026257
bases in batch (batch size exceeded) 25005607
bases in batch (batch size exceeded) 25033227
bases in batch (batch size exceeded) 25003198
bases in batch (batch size exceeded) 25000443
bases in batch (batch size exceeded) 25006316
bases in batch (batch size exceeded) 25044018
bases in batch (batch size exceeded) 25017508
bases in batch (core allotment reached) 21046793
bases in batch (batch size exceeded) 25004003
bases in batch (batch size exceeded) 25043243
bases in batch (batch size exceeded) 25007514
bases in batch (batch size exceeded) 25003128
bases in batch (batch size exceeded) 25001291
bases in batch (batch size exceeded) 25012465
bases in batch (batch size exceeded) 25001673
bases in batch (core allotment reached) 21071234
bases in batch (batch size exceeded) 25016597
bases in batch (batch size exceeded) 25011469
bases in batch (batch size exceeded) 25003763
bases in batch (batch size exceeded) 25021378
bases in batch (batch size exceeded) 25007804
bases in batch (batch size exceeded) 25005904
bases in batch (batch size exceeded) 25003110
bases in batch (core allotment reached) 21064547
bases in batch (batch size exceeded) 25033848
bases in batch (batch size exceeded) 25031500
bases in batch (batch size exceeded) 25010757
bases in batch (batch size exceeded) 25002196
bases in batch (batch size exceeded) 25026805
bases in batch (batch size exceeded) 25015199
bases in batch (batch size exceeded) 25018711
bases in batch (core allotment reached) 21023663
bases in batch (batch size exceeded) 25013267
bases in batch (batch size exceeded) 25003273
bases in batch (batch size exceeded) 25028267
bases in batch (batch size exceeded) 25008278
bases in batch (batch size exceeded) 25002564
bases in batch (batch size exceeded) 25007929
bases in batch (batch size exceeded) 25047548
bases in batch (core allotment reached) 21039607
bases in batch (batch size exceeded) 25009097
bases in batch (batch size exceeded) 25002885
bases in batch (batch size exceeded) 25036730
bases in batch (batch size exceeded) 25005972
bases in batch (batch size exceeded) 25000820
bases in batch (batch size exceeded) 25000449
bases in batch (batch size exceeded) 25022092
bases in batch (core allotment reached) 21064810
bases in batch (batch size exceeded) 25009198
bases in batch (batch size exceeded) 25004780
bases in batch (batch size exceeded) 25016198
bases in batch (batch size exceeded) 25002028
bases in batch (batch size exceeded) 25019492
bases in batch (batch size exceeded) 25002944
bases in batch (batch size exceeded) 25000133
bases in batch (core allotment reached) 21079025
bases in batch (batch size exceeded) 25001807
bases in batch (batch size exceeded) 25034756
bases in batch (batch size exceeded) 25001007
bases in batch (batch size exceeded) 25108792
bases in batch (batch size exceeded) 25010110
bases in batch (batch size exceeded) 25034598
bases in batch (batch size exceeded) 25018439
bases in batch (last for core) 20393579
Starting up parallel processes, tasklist took 27.110098361968994
Starting merge, parallel processing took 339.52321696281433
bigwig
Merge took 726.8962118625641

