chr22:0-51324926
histone3_chr22
bases in batch (core allotment reached) 62954349
bases in batch (core allotment reached) 62959873
bases in batch (core allotment reached) 62972703
bases in batch (core allotment reached) 62970814
bases in batch (core allotment reached) 62992878
bases in batch (core allotment reached) 62985854
bases in batch (core allotment reached) 62960681
bases in batch (core allotment reached) 62976560
bases in batch (core allotment reached) 62964463
bases in batch (core allotment reached) 62977479
bases in batch (core allotment reached) 62952700
bases in batch (core allotment reached) 62950724
bases in batch (core allotment reached) 62954268
bases in batch (core allotment reached) 62959160
bases in batch (core allotment reached) 62962283
bases in batch (core allotment reached) 62966558
bases in batch (core allotment reached) 62960877
bases in batch (core allotment reached) 62958557
bases in batch (core allotment reached) 62967306
bases in batch (core allotment reached) 62950942
bases in batch (core allotment reached) 62970027
bases in batch (core allotment reached) 62969996
bases in batch (core allotment reached) 62951137
bases in batch (core allotment reached) 62959123
bases in batch (core allotment reached) 62959012
bases in batch (core allotment reached) 62968589
bases in batch (core allotment reached) 62959084
bases in batch (core allotment reached) 62979941
bases in batch (core allotment reached) 62950447
bases in batch (core allotment reached) 62971385
bases in batch (core allotment reached) 62977300
bases in batch (last for core) 62493675
Starting up parallel processes, tasklist took 8.593724250793457
Starting merge, parallel processing took 121.231605052948
bigwig
Merge took 241.84584069252014

