chr17:0-84276897
histone3_chr17
bases in batch (batch size exceeded) 25028902
bases in batch (batch size exceeded) 25008157
bases in batch (batch size exceeded) 25001287
bases in batch (batch size exceeded) 25004409
bases in batch (core allotment reached) 8596356
bases in batch (batch size exceeded) 25008231
bases in batch (batch size exceeded) 25006617
bases in batch (batch size exceeded) 25032922
bases in batch (batch size exceeded) 25001526
bases in batch (core allotment reached) 8602245
bases in batch (batch size exceeded) 25000602
bases in batch (batch size exceeded) 25042551
bases in batch (batch size exceeded) 25001134
bases in batch (batch size exceeded) 25004682
bases in batch (core allotment reached) 8586518
bases in batch (batch size exceeded) 25012613
bases in batch (batch size exceeded) 25001279
bases in batch (batch size exceeded) 25020025
bases in batch (batch size exceeded) 25000481
bases in batch (core allotment reached) 8630684
bases in batch (batch size exceeded) 25020157
bases in batch (batch size exceeded) 25035217
bases in batch (batch size exceeded) 25000340
bases in batch (batch size exceeded) 25042190
bases in batch (core allotment reached) 8549072
bases in batch (batch size exceeded) 25031132
bases in batch (batch size exceeded) 25009109
bases in batch (batch size exceeded) 25034005
bases in batch (batch size exceeded) 25009743
bases in batch (core allotment reached) 8547866
bases in batch (batch size exceeded) 25061440
bases in batch (batch size exceeded) 25017828
bases in batch (batch size exceeded) 25044237
bases in batch (batch size exceeded) 25006011
bases in batch (core allotment reached) 8522255
bases in batch (batch size exceeded) 25012222
bases in batch (batch size exceeded) 25016673
bases in batch (batch size exceeded) 25009742
bases in batch (batch size exceeded) 25012003
bases in batch (core allotment reached) 8584545
bases in batch (batch size exceeded) 25002462
bases in batch (batch size exceeded) 25031156
bases in batch (batch size exceeded) 25003704
bases in batch (batch size exceeded) 25016915
bases in batch (core allotment reached) 8616930
bases in batch (batch size exceeded) 25113310
bases in batch (batch size exceeded) 25000528
bases in batch (batch size exceeded) 25007851
bases in batch (batch size exceeded) 25000865
bases in batch (core allotment reached) 8567657
bases in batch (batch size exceeded) 25000306
bases in batch (batch size exceeded) 25014197
bases in batch (batch size exceeded) 25045107
bases in batch (batch size exceeded) 25001270
bases in batch (core allotment reached) 8574049
bases in batch (batch size exceeded) 25015584
bases in batch (batch size exceeded) 25027746
bases in batch (batch size exceeded) 25003021
bases in batch (batch size exceeded) 25002636
bases in batch (core allotment reached) 8599681
bases in batch (batch size exceeded) 25008708
bases in batch (batch size exceeded) 25001637
bases in batch (batch size exceeded) 25000333
bases in batch (batch size exceeded) 25026773
bases in batch (core allotment reached) 8597112
bases in batch (batch size exceeded) 25005161
bases in batch (batch size exceeded) 25011915
bases in batch (batch size exceeded) 25002610
bases in batch (batch size exceeded) 25055319
bases in batch (core allotment reached) 8562024
bases in batch (batch size exceeded) 25019692
bases in batch (batch size exceeded) 25028365
bases in batch (batch size exceeded) 25033517
bases in batch (batch size exceeded) 25004881
bases in batch (core allotment reached) 8553945
bases in batch (batch size exceeded) 25005970
bases in batch (batch size exceeded) 25025314
bases in batch (batch size exceeded) 25019561
bases in batch (batch size exceeded) 25011468
bases in batch (core allotment reached) 8583841
bases in batch (batch size exceeded) 25013804
bases in batch (batch size exceeded) 25010712
bases in batch (batch size exceeded) 25015018
bases in batch (batch size exceeded) 25000565
bases in batch (core allotment reached) 8602241
bases in batch (batch size exceeded) 25025663
bases in batch (batch size exceeded) 25023865
bases in batch (batch size exceeded) 25011625
bases in batch (batch size exceeded) 25014979
bases in batch (core allotment reached) 8574528
bases in batch (batch size exceeded) 25002039
bases in batch (batch size exceeded) 25004161
bases in batch (batch size exceeded) 25016253
bases in batch (batch size exceeded) 25050784
bases in batch (core allotment reached) 8561250
bases in batch (batch size exceeded) 25005492
bases in batch (batch size exceeded) 25004509
bases in batch (batch size exceeded) 25001482
bases in batch (batch size exceeded) 25003674
bases in batch (core allotment reached) 8638153
bases in batch (batch size exceeded) 25005646
bases in batch (batch size exceeded) 25057897
bases in batch (batch size exceeded) 25027395
bases in batch (batch size exceeded) 25001787
bases in batch (core allotment reached) 8539395
bases in batch (batch size exceeded) 25040187
bases in batch (batch size exceeded) 25018331
bases in batch (batch size exceeded) 25040569
bases in batch (batch size exceeded) 25023878
bases in batch (core allotment reached) 8534432
bases in batch (batch size exceeded) 25002074
bases in batch (batch size exceeded) 25000992
bases in batch (batch size exceeded) 25029031
bases in batch (batch size exceeded) 25005711
bases in batch (core allotment reached) 8607225
bases in batch (batch size exceeded) 25033026
bases in batch (batch size exceeded) 25006753
bases in batch (batch size exceeded) 25002036
bases in batch (batch size exceeded) 25001385
bases in batch (core allotment reached) 8617638
bases in batch (batch size exceeded) 25002818
bases in batch (batch size exceeded) 25084365
bases in batch (batch size exceeded) 25002172
bases in batch (batch size exceeded) 25008483
bases in batch (core allotment reached) 8535774
bases in batch (batch size exceeded) 25044739
bases in batch (batch size exceeded) 25009226
bases in batch (batch size exceeded) 25006281
bases in batch (batch size exceeded) 25008203
bases in batch (core allotment reached) 8588037
bases in batch (batch size exceeded) 25003926
bases in batch (batch size exceeded) 25012679
bases in batch (batch size exceeded) 25025252
bases in batch (batch size exceeded) 25007992
bases in batch (core allotment reached) 8585037
bases in batch (batch size exceeded) 25002481
bases in batch (batch size exceeded) 25007709
bases in batch (batch size exceeded) 25014839
bases in batch (batch size exceeded) 25003032
bases in batch (core allotment reached) 8624456
bases in batch (batch size exceeded) 25006031
bases in batch (batch size exceeded) 25016955
bases in batch (batch size exceeded) 25011069
bases in batch (batch size exceeded) 25037768
bases in batch (core allotment reached) 8587749
bases in batch (batch size exceeded) 25010506
bases in batch (batch size exceeded) 25014256
bases in batch (batch size exceeded) 25007931
bases in batch (batch size exceeded) 25000417
bases in batch (core allotment reached) 8607223
bases in batch (batch size exceeded) 25008707
bases in batch (batch size exceeded) 25017719
bases in batch (batch size exceeded) 25017012
bases in batch (batch size exceeded) 25001757
bases in batch (core allotment reached) 8587637
bases in batch (batch size exceeded) 25004513
bases in batch (batch size exceeded) 25012638
bases in batch (batch size exceeded) 25000978
bases in batch (batch size exceeded) 25010314
bases in batch (last for core) 8139331
Starting up parallel processes, tasklist took 15.220237255096436
Starting merge, parallel processing took 285.48304986953735
bigwig
Merge took 413.82848358154297

