chr18:0-80542538
histone1_chr18
bases in batch (batch size exceeded) 25000456
bases in batch (batch size exceeded) 25037069
bases in batch (batch size exceeded) 25002805
bases in batch (batch size exceeded) 25006386
bases in batch (core allotment reached) 1001990
bases in batch (batch size exceeded) 25009328
bases in batch (batch size exceeded) 25003779
bases in batch (batch size exceeded) 25000632
bases in batch (batch size exceeded) 25006409
bases in batch (core allotment reached) 1025812
bases in batch (batch size exceeded) 25015890
bases in batch (batch size exceeded) 25053107
bases in batch (batch size exceeded) 25009545
bases in batch (batch size exceeded) 25030234
bases in batch (core allotment reached) 934580
bases in batch (batch size exceeded) 25004775
bases in batch (batch size exceeded) 25002652
bases in batch (batch size exceeded) 25000289
bases in batch (batch size exceeded) 25001794
bases in batch (core allotment reached) 1047435
bases in batch (batch size exceeded) 25033446
bases in batch (batch size exceeded) 25002421
bases in batch (batch size exceeded) 25002697
bases in batch (batch size exceeded) 25003410
bases in batch (core allotment reached) 1009108
bases in batch (batch size exceeded) 25005170
bases in batch (batch size exceeded) 25006313
bases in batch (batch size exceeded) 25002903
bases in batch (batch size exceeded) 25001835
bases in batch (core allotment reached) 1052911
bases in batch (batch size exceeded) 25043103
bases in batch (batch size exceeded) 25025919
bases in batch (batch size exceeded) 25048552
bases in batch (batch size exceeded) 25015174
bases in batch (core allotment reached) 921688
bases in batch (batch size exceeded) 25008378
bases in batch (batch size exceeded) 25005172
bases in batch (batch size exceeded) 25007174
bases in batch (batch size exceeded) 25009977
bases in batch (core allotment reached) 1038889
bases in batch (batch size exceeded) 25018426
bases in batch (batch size exceeded) 25005081
bases in batch (batch size exceeded) 25005634
bases in batch (batch size exceeded) 25002470
bases in batch (core allotment reached) 1017757
bases in batch (batch size exceeded) 25000097
bases in batch (batch size exceeded) 25008340
bases in batch (batch size exceeded) 25012198
bases in batch (batch size exceeded) 25016619
bases in batch (core allotment reached) 1020105
bases in batch (batch size exceeded) 25009650
bases in batch (batch size exceeded) 25033246
bases in batch (batch size exceeded) 25003819
bases in batch (batch size exceeded) 25016353
bases in batch (core allotment reached) 1004670
bases in batch (batch size exceeded) 25015629
bases in batch (batch size exceeded) 25003494
bases in batch (batch size exceeded) 25007327
bases in batch (batch size exceeded) 25000883
bases in batch (core allotment reached) 1040779
bases in batch (batch size exceeded) 25002054
bases in batch (batch size exceeded) 25000062
bases in batch (batch size exceeded) 25078207
bases in batch (batch size exceeded) 25001698
bases in batch (core allotment reached) 960075
bases in batch (batch size exceeded) 25001468
bases in batch (batch size exceeded) 25002391
bases in batch (batch size exceeded) 25009907
bases in batch (batch size exceeded) 25009017
bases in batch (core allotment reached) 1020420
bases in batch (batch size exceeded) 25001900
bases in batch (batch size exceeded) 25012793
bases in batch (batch size exceeded) 25039531
bases in batch (batch size exceeded) 25017364
bases in batch (core allotment reached) 1017184
bases in batch (batch size exceeded) 25006013
bases in batch (batch size exceeded) 25011168
bases in batch (batch size exceeded) 25028082
bases in batch (batch size exceeded) 25018388
bases in batch (core allotment reached) 1027619
bases in batch (batch size exceeded) 25023048
bases in batch (batch size exceeded) 25000424
bases in batch (batch size exceeded) 25014648
bases in batch (batch size exceeded) 25011640
bases in batch (core allotment reached) 1012330
bases in batch (batch size exceeded) 25010226
bases in batch (batch size exceeded) 25008317
bases in batch (batch size exceeded) 25000553
bases in batch (batch size exceeded) 25029847
bases in batch (core allotment reached) 1012747
bases in batch (batch size exceeded) 25010361
bases in batch (batch size exceeded) 25002140
bases in batch (batch size exceeded) 25044724
bases in batch (batch size exceeded) 25020326
bases in batch (core allotment reached) 972476
bases in batch (batch size exceeded) 25008314
bases in batch (batch size exceeded) 25067664
bases in batch (batch size exceeded) 25004740
bases in batch (batch size exceeded) 25002237
bases in batch (core allotment reached) 973048
bases in batch (batch size exceeded) 25040300
bases in batch (batch size exceeded) 25000577
bases in batch (batch size exceeded) 25000672
bases in batch (batch size exceeded) 25013088
bases in batch (core allotment reached) 991854
bases in batch (batch size exceeded) 25031959
bases in batch (batch size exceeded) 25022572
bases in batch (batch size exceeded) 25000293
bases in batch (batch size exceeded) 25020928
bases in batch (core allotment reached) 985048
bases in batch (batch size exceeded) 25019345
bases in batch (batch size exceeded) 25001156
bases in batch (batch size exceeded) 25023183
bases in batch (batch size exceeded) 25008281
bases in batch (core allotment reached) 1006328
bases in batch (batch size exceeded) 25019887
bases in batch (batch size exceeded) 25020923
bases in batch (batch size exceeded) 25040983
bases in batch (batch size exceeded) 25005131
bases in batch (core allotment reached) 961945
bases in batch (batch size exceeded) 25000342
bases in batch (batch size exceeded) 25001461
bases in batch (batch size exceeded) 25010566
bases in batch (batch size exceeded) 25000940
bases in batch (core allotment reached) 1040931
bases in batch (batch size exceeded) 25029060
bases in batch (batch size exceeded) 25005598
bases in batch (batch size exceeded) 25003663
bases in batch (batch size exceeded) 25000143
bases in batch (core allotment reached) 1005053
bases in batch (batch size exceeded) 25001804
bases in batch (batch size exceeded) 25001554
bases in batch (batch size exceeded) 25046648
bases in batch (batch size exceeded) 25001822
bases in batch (core allotment reached) 992294
bases in batch (batch size exceeded) 25006359
bases in batch (batch size exceeded) 25004637
bases in batch (batch size exceeded) 25016452
bases in batch (batch size exceeded) 25041924
bases in batch (core allotment reached) 974294
bases in batch (batch size exceeded) 25003070
bases in batch (batch size exceeded) 25002206
bases in batch (batch size exceeded) 25029335
bases in batch (batch size exceeded) 25003038
bases in batch (core allotment reached) 1032220
bases in batch (batch size exceeded) 25003502
bases in batch (batch size exceeded) 25005488
bases in batch (batch size exceeded) 25031659
bases in batch (batch size exceeded) 25001849
bases in batch (core allotment reached) 1009313
bases in batch (batch size exceeded) 25004418
bases in batch (batch size exceeded) 25006389
bases in batch (batch size exceeded) 25011601
bases in batch (batch size exceeded) 25010124
bases in batch (core allotment reached) 1030919
bases in batch (batch size exceeded) 25007292
bases in batch (batch size exceeded) 25016830
bases in batch (batch size exceeded) 25002675
bases in batch (batch size exceeded) 25015855
bases in batch (last for core) 509086
Starting up parallel processes, tasklist took 14.7535982131958
Starting merge, parallel processing took 182.43640542030334
bigwig
Merge took 401.36818528175354

