chr19:0-61707364
histone2_chr19
bases in batch (core allotment reached) 76548539
bases in batch (core allotment reached) 76577315
bases in batch (core allotment reached) 76551769
bases in batch (core allotment reached) 76553698
bases in batch (core allotment reached) 76566961
bases in batch (core allotment reached) 76550470
bases in batch (core allotment reached) 76612139
bases in batch (core allotment reached) 76544819
bases in batch (core allotment reached) 76553533
bases in batch (core allotment reached) 76549821
bases in batch (core allotment reached) 76609325
bases in batch (core allotment reached) 76563559
bases in batch (core allotment reached) 76608561
bases in batch (core allotment reached) 76562091
bases in batch (core allotment reached) 76547733
bases in batch (core allotment reached) 76553413
bases in batch (core allotment reached) 76586616
bases in batch (core allotment reached) 76555106
bases in batch (core allotment reached) 76547430
bases in batch (core allotment reached) 76544794
bases in batch (core allotment reached) 76570371
bases in batch (core allotment reached) 76547427
bases in batch (core allotment reached) 76571367
bases in batch (core allotment reached) 76547425
bases in batch (core allotment reached) 76556848
bases in batch (core allotment reached) 76585461
bases in batch (core allotment reached) 76543930
bases in batch (core allotment reached) 76544182
bases in batch (core allotment reached) 76554085
bases in batch (core allotment reached) 76547686
bases in batch (core allotment reached) 76559621
bases in batch (last for core) 75981717
Starting up parallel processes, tasklist took 10.533066987991333
Starting merge, parallel processing took 234.91659688949585
bigwig
Merge took 315.06658482551575

