chr8:0-146259331
histone3_chr8
bases in batch (batch size exceeded) 25001276
bases in batch (batch size exceeded) 25037357
bases in batch (batch size exceeded) 25021512
bases in batch (batch size exceeded) 25004231
bases in batch (batch size exceeded) 25006192
bases in batch (batch size exceeded) 25028706
bases in batch (batch size exceeded) 25002025
bases in batch (core allotment reached) 10415013
bases in batch (batch size exceeded) 25071191
bases in batch (batch size exceeded) 25022930
bases in batch (batch size exceeded) 25006335
bases in batch (batch size exceeded) 25007120
bases in batch (batch size exceeded) 25020475
bases in batch (batch size exceeded) 25100650
bases in batch (batch size exceeded) 25017000
bases in batch (core allotment reached) 10284707
bases in batch (batch size exceeded) 25003957
bases in batch (batch size exceeded) 25014539
bases in batch (batch size exceeded) 25004250
bases in batch (batch size exceeded) 25018127
bases in batch (batch size exceeded) 25001956
bases in batch (batch size exceeded) 25028536
bases in batch (batch size exceeded) 25035178
bases in batch (core allotment reached) 10400439
bases in batch (batch size exceeded) 25017610
bases in batch (batch size exceeded) 25004853
bases in batch (batch size exceeded) 25032329
bases in batch (batch size exceeded) 25012382
bases in batch (batch size exceeded) 25002034
bases in batch (batch size exceeded) 25028973
bases in batch (batch size exceeded) 25003368
bases in batch (core allotment reached) 10431419
bases in batch (batch size exceeded) 25001762
bases in batch (batch size exceeded) 25022466
bases in batch (batch size exceeded) 25012666
bases in batch (batch size exceeded) 25047257
bases in batch (batch size exceeded) 25015534
bases in batch (batch size exceeded) 25005367
bases in batch (batch size exceeded) 25008932
bases in batch (core allotment reached) 10417844
bases in batch (batch size exceeded) 25006646
bases in batch (batch size exceeded) 25013888
bases in batch (batch size exceeded) 25009946
bases in batch (batch size exceeded) 25002814
bases in batch (batch size exceeded) 25008669
bases in batch (batch size exceeded) 25007316
bases in batch (batch size exceeded) 25024415
bases in batch (core allotment reached) 10473203
bases in batch (batch size exceeded) 25008704
bases in batch (batch size exceeded) 25055364
bases in batch (batch size exceeded) 25005158
bases in batch (batch size exceeded) 25000379
bases in batch (batch size exceeded) 25015472
bases in batch (batch size exceeded) 25008127
bases in batch (batch size exceeded) 25002909
bases in batch (core allotment reached) 10413832
bases in batch (batch size exceeded) 25000737
bases in batch (batch size exceeded) 25004350
bases in batch (batch size exceeded) 25002281
bases in batch (batch size exceeded) 25006682
bases in batch (batch size exceeded) 25005426
bases in batch (batch size exceeded) 25003730
bases in batch (batch size exceeded) 25056401
bases in batch (core allotment reached) 10429406
bases in batch (batch size exceeded) 25005986
bases in batch (batch size exceeded) 25008834
bases in batch (batch size exceeded) 25017988
bases in batch (batch size exceeded) 25030123
bases in batch (batch size exceeded) 25027648
bases in batch (batch size exceeded) 25003455
bases in batch (batch size exceeded) 25014382
bases in batch (core allotment reached) 10395086
bases in batch (batch size exceeded) 25003579
bases in batch (batch size exceeded) 25015356
bases in batch (batch size exceeded) 25035939
bases in batch (batch size exceeded) 25023331
bases in batch (batch size exceeded) 25012126
bases in batch (batch size exceeded) 25018114
bases in batch (batch size exceeded) 25001812
bases in batch (core allotment reached) 10400742
bases in batch (batch size exceeded) 25000313
bases in batch (batch size exceeded) 25005893
bases in batch (batch size exceeded) 25011685
bases in batch (batch size exceeded) 25006557
bases in batch (batch size exceeded) 25023799
bases in batch (batch size exceeded) 25023749
bases in batch (batch size exceeded) 25002465
bases in batch (core allotment reached) 10449042
bases in batch (batch size exceeded) 25000759
bases in batch (batch size exceeded) 25029521
bases in batch (batch size exceeded) 25014919
bases in batch (batch size exceeded) 25002271
bases in batch (batch size exceeded) 25001794
bases in batch (batch size exceeded) 25041177
bases in batch (batch size exceeded) 25000292
bases in batch (core allotment reached) 10438953
bases in batch (batch size exceeded) 25017972
bases in batch (batch size exceeded) 25001938
bases in batch (batch size exceeded) 25011435
bases in batch (batch size exceeded) 25035578
bases in batch (batch size exceeded) 25025820
bases in batch (batch size exceeded) 25000980
bases in batch (batch size exceeded) 25001409
bases in batch (core allotment reached) 10434057
bases in batch (batch size exceeded) 25000491
bases in batch (batch size exceeded) 25028276
bases in batch (batch size exceeded) 25041911
bases in batch (batch size exceeded) 25046565
bases in batch (batch size exceeded) 25022469
bases in batch (batch size exceeded) 25004822
bases in batch (batch size exceeded) 25003398
bases in batch (core allotment reached) 10437640
bases in batch (batch size exceeded) 25027285
bases in batch (batch size exceeded) 25031512
bases in batch (batch size exceeded) 25022586
bases in batch (batch size exceeded) 25015881
bases in batch (batch size exceeded) 25003218
bases in batch (batch size exceeded) 25004827
bases in batch (batch size exceeded) 25016175
bases in batch (core allotment reached) 10405095
bases in batch (batch size exceeded) 25050710
bases in batch (batch size exceeded) 25006133
bases in batch (batch size exceeded) 25008174
bases in batch (batch size exceeded) 25041103
bases in batch (batch size exceeded) 25008760
bases in batch (batch size exceeded) 25022829
bases in batch (batch size exceeded) 25031504
bases in batch (core allotment reached) 10380378
bases in batch (batch size exceeded) 25013062
bases in batch (batch size exceeded) 25016543
bases in batch (batch size exceeded) 25064954
bases in batch (batch size exceeded) 25002096
bases in batch (batch size exceeded) 25055479
bases in batch (batch size exceeded) 25000273
bases in batch (batch size exceeded) 25031199
bases in batch (core allotment reached) 10348201
bases in batch (batch size exceeded) 25014461
bases in batch (batch size exceeded) 25052590
bases in batch (batch size exceeded) 25004666
bases in batch (batch size exceeded) 25003925
bases in batch (batch size exceeded) 25000798
bases in batch (batch size exceeded) 25025192
bases in batch (batch size exceeded) 25006253
bases in batch (core allotment reached) 10423574
bases in batch (batch size exceeded) 25001347
bases in batch (batch size exceeded) 25040327
bases in batch (batch size exceeded) 25002239
bases in batch (batch size exceeded) 25009642
bases in batch (batch size exceeded) 25006921
bases in batch (batch size exceeded) 25014088
bases in batch (batch size exceeded) 25008134
bases in batch (core allotment reached) 10429296
bases in batch (batch size exceeded) 25002036
bases in batch (batch size exceeded) 25029653
bases in batch (batch size exceeded) 25012259
bases in batch (batch size exceeded) 25017772
bases in batch (batch size exceeded) 25042790
bases in batch (batch size exceeded) 25001921
bases in batch (batch size exceeded) 25038947
bases in batch (core allotment reached) 10362303
bases in batch (batch size exceeded) 25010447
bases in batch (batch size exceeded) 25008195
bases in batch (batch size exceeded) 25003346
bases in batch (batch size exceeded) 25019944
bases in batch (batch size exceeded) 25019456
bases in batch (batch size exceeded) 25002989
bases in batch (batch size exceeded) 25002438
bases in batch (core allotment reached) 10437367
bases in batch (batch size exceeded) 25000755
bases in batch (batch size exceeded) 25018295
bases in batch (batch size exceeded) 25001644
bases in batch (batch size exceeded) 25019085
bases in batch (batch size exceeded) 25014668
bases in batch (batch size exceeded) 25040259
bases in batch (batch size exceeded) 25000861
bases in batch (core allotment reached) 10454822
bases in batch (batch size exceeded) 25018229
bases in batch (batch size exceeded) 25005349
bases in batch (batch size exceeded) 25084353
bases in batch (batch size exceeded) 25004122
bases in batch (batch size exceeded) 25002074
bases in batch (batch size exceeded) 25015461
bases in batch (batch size exceeded) 25002172
bases in batch (core allotment reached) 10375579
bases in batch (batch size exceeded) 25037605
bases in batch (batch size exceeded) 25014977
bases in batch (batch size exceeded) 25007504
bases in batch (batch size exceeded) 25003136
bases in batch (batch size exceeded) 25009209
bases in batch (batch size exceeded) 25010732
bases in batch (batch size exceeded) 25010454
bases in batch (core allotment reached) 10424727
bases in batch (batch size exceeded) 25007731
bases in batch (batch size exceeded) 25020336
bases in batch (batch size exceeded) 25058608
bases in batch (batch size exceeded) 25013634
bases in batch (batch size exceeded) 25007809
bases in batch (batch size exceeded) 25013222
bases in batch (batch size exceeded) 25025438
bases in batch (core allotment reached) 10384653
bases in batch (batch size exceeded) 25026741
bases in batch (batch size exceeded) 25017220
bases in batch (batch size exceeded) 25008875
bases in batch (batch size exceeded) 25008571
bases in batch (batch size exceeded) 25009433
bases in batch (batch size exceeded) 25017685
bases in batch (batch size exceeded) 25045389
bases in batch (core allotment reached) 10373653
bases in batch (batch size exceeded) 25009632
bases in batch (batch size exceeded) 25001241
bases in batch (batch size exceeded) 25001645
bases in batch (batch size exceeded) 25004263
bases in batch (batch size exceeded) 25001455
bases in batch (batch size exceeded) 25000025
bases in batch (batch size exceeded) 25018820
bases in batch (core allotment reached) 10474511
bases in batch (batch size exceeded) 25008870
bases in batch (batch size exceeded) 25016136
bases in batch (batch size exceeded) 25009085
bases in batch (batch size exceeded) 25021112
bases in batch (batch size exceeded) 25000823
bases in batch (batch size exceeded) 25032973
bases in batch (batch size exceeded) 25004670
bases in batch (core allotment reached) 10411438
bases in batch (batch size exceeded) 25015757
bases in batch (batch size exceeded) 25002020
bases in batch (batch size exceeded) 25000595
bases in batch (batch size exceeded) 25004760
bases in batch (batch size exceeded) 25015143
bases in batch (batch size exceeded) 25051846
bases in batch (batch size exceeded) 25017122
bases in batch (core allotment reached) 10398806
bases in batch (batch size exceeded) 25000921
bases in batch (batch size exceeded) 25000352
bases in batch (batch size exceeded) 25000794
bases in batch (batch size exceeded) 25029372
bases in batch (batch size exceeded) 25011986
bases in batch (batch size exceeded) 25005425
bases in batch (batch size exceeded) 25019961
bases in batch (core allotment reached) 10435078
bases in batch (batch size exceeded) 25027537
bases in batch (batch size exceeded) 25009236
bases in batch (batch size exceeded) 25000920
bases in batch (batch size exceeded) 25033611
bases in batch (batch size exceeded) 25004455
bases in batch (batch size exceeded) 25005697
bases in batch (batch size exceeded) 25004725
bases in batch (core allotment reached) 10448714
bases in batch (batch size exceeded) 25003953
bases in batch (batch size exceeded) 25024556
bases in batch (batch size exceeded) 25002758
bases in batch (batch size exceeded) 25014579
bases in batch (batch size exceeded) 25038947
bases in batch (batch size exceeded) 25008080
bases in batch (batch size exceeded) 25003089
bases in batch (last for core) 9790750
Starting up parallel processes, tasklist took 26.357474327087402
Starting merge, parallel processing took 337.16199707984924
bigwig
Merge took 721.6187973022461

