chr4:0-193574945
histone3_chr4
bases in batch (batch size exceeded) 25043383
bases in batch (batch size exceeded) 25024142
bases in batch (batch size exceeded) 25025849
bases in batch (batch size exceeded) 25013503
bases in batch (batch size exceeded) 25005528
bases in batch (batch size exceeded) 25007571
bases in batch (batch size exceeded) 25016841
bases in batch (batch size exceeded) 25008224
bases in batch (batch size exceeded) 25006355
bases in batch (core allotment reached) 16927834
bases in batch (batch size exceeded) 25010381
bases in batch (batch size exceeded) 25006051
bases in batch (batch size exceeded) 25013827
bases in batch (batch size exceeded) 25014554
bases in batch (batch size exceeded) 25016193
bases in batch (batch size exceeded) 25001275
bases in batch (batch size exceeded) 25004395
bases in batch (batch size exceeded) 25036966
bases in batch (batch size exceeded) 25004604
bases in batch (core allotment reached) 16983052
bases in batch (batch size exceeded) 25048146
bases in batch (batch size exceeded) 25000190
bases in batch (batch size exceeded) 25038264
bases in batch (batch size exceeded) 25000468
bases in batch (batch size exceeded) 25009615
bases in batch (batch size exceeded) 25007043
bases in batch (batch size exceeded) 25013098
bases in batch (batch size exceeded) 25043826
bases in batch (batch size exceeded) 25002588
bases in batch (core allotment reached) 16910557
bases in batch (batch size exceeded) 25003719
bases in batch (batch size exceeded) 25000331
bases in batch (batch size exceeded) 25007473
bases in batch (batch size exceeded) 25032251
bases in batch (batch size exceeded) 25036874
bases in batch (batch size exceeded) 25012888
bases in batch (batch size exceeded) 25005812
bases in batch (batch size exceeded) 25000344
bases in batch (batch size exceeded) 25026780
bases in batch (core allotment reached) 16966146
bases in batch (batch size exceeded) 25006759
bases in batch (batch size exceeded) 25066140
bases in batch (batch size exceeded) 25022792
bases in batch (batch size exceeded) 25003147
bases in batch (batch size exceeded) 25062359
bases in batch (batch size exceeded) 25001546
bases in batch (batch size exceeded) 25001914
bases in batch (batch size exceeded) 25009047
bases in batch (batch size exceeded) 25054836
bases in batch (core allotment reached) 16858153
bases in batch (batch size exceeded) 25010513
bases in batch (batch size exceeded) 25003365
bases in batch (batch size exceeded) 25011467
bases in batch (batch size exceeded) 25013134
bases in batch (batch size exceeded) 25013825
bases in batch (batch size exceeded) 25001532
bases in batch (batch size exceeded) 25016745
bases in batch (batch size exceeded) 25007684
bases in batch (batch size exceeded) 25001618
bases in batch (core allotment reached) 17031963
bases in batch (batch size exceeded) 25030187
bases in batch (batch size exceeded) 25016373
bases in batch (batch size exceeded) 25006366
bases in batch (batch size exceeded) 25004310
bases in batch (batch size exceeded) 25004027
bases in batch (batch size exceeded) 25013240
bases in batch (batch size exceeded) 25023813
bases in batch (batch size exceeded) 25020474
bases in batch (batch size exceeded) 25013935
bases in batch (core allotment reached) 16942758
bases in batch (batch size exceeded) 25017695
bases in batch (batch size exceeded) 25015933
bases in batch (batch size exceeded) 25017037
bases in batch (batch size exceeded) 25000180
bases in batch (batch size exceeded) 25032079
bases in batch (batch size exceeded) 25000453
bases in batch (batch size exceeded) 25003051
bases in batch (batch size exceeded) 25023473
bases in batch (batch size exceeded) 25046128
bases in batch (core allotment reached) 16920651
bases in batch (batch size exceeded) 25001626
bases in batch (batch size exceeded) 25004283
bases in batch (batch size exceeded) 25041751
bases in batch (batch size exceeded) 25001208
bases in batch (batch size exceeded) 25005083
bases in batch (batch size exceeded) 25020659
bases in batch (batch size exceeded) 25000380
bases in batch (batch size exceeded) 25000252
bases in batch (batch size exceeded) 25000070
bases in batch (core allotment reached) 16999001
bases in batch (batch size exceeded) 25018324
bases in batch (batch size exceeded) 25009398
bases in batch (batch size exceeded) 25013101
bases in batch (batch size exceeded) 25023918
bases in batch (batch size exceeded) 25000411
bases in batch (batch size exceeded) 25000349
bases in batch (batch size exceeded) 25009084
bases in batch (batch size exceeded) 25000925
bases in batch (batch size exceeded) 25042396
bases in batch (core allotment reached) 16958389
bases in batch (batch size exceeded) 25002354
bases in batch (batch size exceeded) 25000133
bases in batch (batch size exceeded) 25002152
bases in batch (batch size exceeded) 25023775
bases in batch (batch size exceeded) 25000727
bases in batch (batch size exceeded) 25023293
bases in batch (batch size exceeded) 25003522
bases in batch (batch size exceeded) 25014247
bases in batch (batch size exceeded) 25002858
bases in batch (core allotment reached) 17022124
bases in batch (batch size exceeded) 25000515
bases in batch (batch size exceeded) 25022921
bases in batch (batch size exceeded) 25000164
bases in batch (batch size exceeded) 25034651
bases in batch (batch size exceeded) 25002012
bases in batch (batch size exceeded) 25004302
bases in batch (batch size exceeded) 25026931
bases in batch (batch size exceeded) 25003086
bases in batch (batch size exceeded) 25000250
bases in batch (core allotment reached) 16983178
bases in batch (batch size exceeded) 25033425
bases in batch (batch size exceeded) 25000770
bases in batch (batch size exceeded) 25015882
bases in batch (batch size exceeded) 25002877
bases in batch (batch size exceeded) 25010571
bases in batch (batch size exceeded) 25007881
bases in batch (batch size exceeded) 25014355
bases in batch (batch size exceeded) 25007577
bases in batch (batch size exceeded) 25023397
bases in batch (core allotment reached) 16987142
bases in batch (batch size exceeded) 25001680
bases in batch (batch size exceeded) 25002456
bases in batch (batch size exceeded) 25005540
bases in batch (batch size exceeded) 25003852
bases in batch (batch size exceeded) 25002947
bases in batch (batch size exceeded) 25023594
bases in batch (batch size exceeded) 25001766
bases in batch (batch size exceeded) 25048457
bases in batch (batch size exceeded) 25000107
bases in batch (core allotment reached) 16986393
bases in batch (batch size exceeded) 25003928
bases in batch (batch size exceeded) 25003523
bases in batch (batch size exceeded) 25058376
bases in batch (batch size exceeded) 25004781
bases in batch (batch size exceeded) 25023581
bases in batch (batch size exceeded) 25000617
bases in batch (batch size exceeded) 25045049
bases in batch (batch size exceeded) 25000822
bases in batch (batch size exceeded) 25006013
bases in batch (core allotment reached) 16927266
bases in batch (batch size exceeded) 25023850
bases in batch (batch size exceeded) 25010511
bases in batch (batch size exceeded) 25013391
bases in batch (batch size exceeded) 25000105
bases in batch (batch size exceeded) 25038658
bases in batch (batch size exceeded) 25003414
bases in batch (batch size exceeded) 25042918
bases in batch (batch size exceeded) 25037827
bases in batch (batch size exceeded) 25032850
bases in batch (core allotment reached) 16933756
bases in batch (batch size exceeded) 25020803
bases in batch (batch size exceeded) 25008556
bases in batch (batch size exceeded) 25016636
bases in batch (batch size exceeded) 25004890
bases in batch (batch size exceeded) 25007006
bases in batch (batch size exceeded) 25003231
bases in batch (batch size exceeded) 25011246
bases in batch (batch size exceeded) 25002292
bases in batch (batch size exceeded) 25002875
bases in batch (core allotment reached) 17001442
bases in batch (batch size exceeded) 25000393
bases in batch (batch size exceeded) 25005466
bases in batch (batch size exceeded) 25049496
bases in batch (batch size exceeded) 25002958
bases in batch (batch size exceeded) 25017360
bases in batch (batch size exceeded) 25001084
bases in batch (batch size exceeded) 25012328
bases in batch (batch size exceeded) 25018668
bases in batch (batch size exceeded) 25030125
bases in batch (core allotment reached) 16970177
bases in batch (batch size exceeded) 25003126
bases in batch (batch size exceeded) 25051813
bases in batch (batch size exceeded) 25022046
bases in batch (batch size exceeded) 25002488
bases in batch (batch size exceeded) 25006504
bases in batch (batch size exceeded) 25003827
bases in batch (batch size exceeded) 25013145
bases in batch (batch size exceeded) 25002843
bases in batch (batch size exceeded) 25002909
bases in batch (core allotment reached) 16971468
bases in batch (batch size exceeded) 25001495
bases in batch (batch size exceeded) 25059057
bases in batch (batch size exceeded) 25049342
bases in batch (batch size exceeded) 25001064
bases in batch (batch size exceeded) 25015492
bases in batch (batch size exceeded) 25015115
bases in batch (batch size exceeded) 25001480
bases in batch (batch size exceeded) 25003495
bases in batch (batch size exceeded) 25006365
bases in batch (core allotment reached) 16938146
bases in batch (batch size exceeded) 25006441
bases in batch (batch size exceeded) 25029918
bases in batch (batch size exceeded) 25001976
bases in batch (batch size exceeded) 25005099
bases in batch (batch size exceeded) 25023378
bases in batch (batch size exceeded) 25000467
bases in batch (batch size exceeded) 25008002
bases in batch (batch size exceeded) 25014942
bases in batch (batch size exceeded) 25046505
bases in batch (core allotment reached) 16941485
bases in batch (batch size exceeded) 25001880
bases in batch (batch size exceeded) 25020209
bases in batch (batch size exceeded) 25046227
bases in batch (batch size exceeded) 25002495
bases in batch (batch size exceeded) 25001602
bases in batch (batch size exceeded) 25055506
bases in batch (batch size exceeded) 25020336
bases in batch (batch size exceeded) 25041177
bases in batch (batch size exceeded) 25021293
bases in batch (core allotment reached) 16886026
bases in batch (batch size exceeded) 25016476
bases in batch (batch size exceeded) 25008333
bases in batch (batch size exceeded) 25008314
bases in batch (batch size exceeded) 25002805
bases in batch (batch size exceeded) 25000966
bases in batch (batch size exceeded) 25003236
bases in batch (batch size exceeded) 25002967
bases in batch (batch size exceeded) 25002061
bases in batch (batch size exceeded) 25000054
bases in batch (core allotment reached) 17032256
bases in batch (batch size exceeded) 25015999
bases in batch (batch size exceeded) 25024752
bases in batch (batch size exceeded) 25010962
bases in batch (batch size exceeded) 25002524
bases in batch (batch size exceeded) 25004125
bases in batch (batch size exceeded) 25022144
bases in batch (batch size exceeded) 25016718
bases in batch (batch size exceeded) 25003491
bases in batch (batch size exceeded) 25010030
bases in batch (core allotment reached) 16969310
bases in batch (batch size exceeded) 25049096
bases in batch (batch size exceeded) 25002742
bases in batch (batch size exceeded) 25009909
bases in batch (batch size exceeded) 25007257
bases in batch (batch size exceeded) 25038694
bases in batch (batch size exceeded) 25031113
bases in batch (batch size exceeded) 25012952
bases in batch (batch size exceeded) 25002679
bases in batch (batch size exceeded) 25018722
bases in batch (core allotment reached) 16916032
bases in batch (batch size exceeded) 25047987
bases in batch (batch size exceeded) 25023200
bases in batch (batch size exceeded) 25028159
bases in batch (batch size exceeded) 25034190
bases in batch (batch size exceeded) 25070279
bases in batch (batch size exceeded) 25013478
bases in batch (batch size exceeded) 25000111
bases in batch (batch size exceeded) 25016499
bases in batch (batch size exceeded) 25000778
bases in batch (core allotment reached) 16839360
bases in batch (batch size exceeded) 25057001
bases in batch (batch size exceeded) 25001288
bases in batch (batch size exceeded) 25009199
bases in batch (batch size exceeded) 25005194
bases in batch (batch size exceeded) 25012918
bases in batch (batch size exceeded) 25001482
bases in batch (batch size exceeded) 25000240
bases in batch (batch size exceeded) 25011990
bases in batch (batch size exceeded) 25006123
bases in batch (core allotment reached) 16974410
bases in batch (batch size exceeded) 25004739
bases in batch (batch size exceeded) 25011090
bases in batch (batch size exceeded) 25004769
bases in batch (batch size exceeded) 25008717
bases in batch (batch size exceeded) 25018577
bases in batch (batch size exceeded) 25029677
bases in batch (batch size exceeded) 25000249
bases in batch (batch size exceeded) 25031434
bases in batch (batch size exceeded) 25060145
bases in batch (core allotment reached) 16908611
bases in batch (batch size exceeded) 25010312
bases in batch (batch size exceeded) 25006184
bases in batch (batch size exceeded) 25024669
bases in batch (batch size exceeded) 25014535
bases in batch (batch size exceeded) 25001037
bases in batch (batch size exceeded) 25001914
bases in batch (batch size exceeded) 25000986
bases in batch (batch size exceeded) 25020726
bases in batch (batch size exceeded) 25000013
bases in batch (core allotment reached) 16996455
bases in batch (batch size exceeded) 25000047
bases in batch (batch size exceeded) 25024025
bases in batch (batch size exceeded) 25038123
bases in batch (batch size exceeded) 25012032
bases in batch (batch size exceeded) 25008654
bases in batch (batch size exceeded) 25005851
bases in batch (batch size exceeded) 25000198
bases in batch (batch size exceeded) 25041733
bases in batch (batch size exceeded) 25012664
bases in batch (core allotment reached) 16938555
bases in batch (batch size exceeded) 25001915
bases in batch (batch size exceeded) 25057597
bases in batch (batch size exceeded) 25038269
bases in batch (batch size exceeded) 25049654
bases in batch (batch size exceeded) 25026288
bases in batch (batch size exceeded) 25002587
bases in batch (batch size exceeded) 25008996
bases in batch (batch size exceeded) 25007346
bases in batch (batch size exceeded) 25018126
bases in batch (core allotment reached) 16898607
bases in batch (batch size exceeded) 25001998
bases in batch (batch size exceeded) 25004383
bases in batch (batch size exceeded) 25082509
bases in batch (batch size exceeded) 25008909
bases in batch (batch size exceeded) 25004596
bases in batch (batch size exceeded) 25006115
bases in batch (batch size exceeded) 25005718
bases in batch (batch size exceeded) 25021074
bases in batch (batch size exceeded) 25014667
bases in batch (last for core) 16512629
Starting up parallel processes, tasklist took 34.8758590221405
Starting merge, parallel processing took 481.8851752281189
bigwig
Merge took 957.0583653450012

