chr16:0-96330374
histone1_chr16
bases in batch (batch size exceeded) 25017155
bases in batch (batch size exceeded) 25010389
bases in batch (batch size exceeded) 25003109
bases in batch (batch size exceeded) 25005697
bases in batch (core allotment reached) 16450663
bases in batch (batch size exceeded) 25000738
bases in batch (batch size exceeded) 25019782
bases in batch (batch size exceeded) 25028177
bases in batch (batch size exceeded) 25027357
bases in batch (core allotment reached) 16434984
bases in batch (batch size exceeded) 25010095
bases in batch (batch size exceeded) 25007683
bases in batch (batch size exceeded) 25007596
bases in batch (batch size exceeded) 25010117
bases in batch (core allotment reached) 16444014
bases in batch (batch size exceeded) 25025623
bases in batch (batch size exceeded) 25000632
bases in batch (batch size exceeded) 25017416
bases in batch (batch size exceeded) 25043553
bases in batch (core allotment reached) 16401658
bases in batch (batch size exceeded) 25013723
bases in batch (batch size exceeded) 25002681
bases in batch (batch size exceeded) 25000724
bases in batch (batch size exceeded) 25001208
bases in batch (core allotment reached) 16462844
bases in batch (batch size exceeded) 25002938
bases in batch (batch size exceeded) 25002800
bases in batch (batch size exceeded) 25044112
bases in batch (batch size exceeded) 25005233
bases in batch (core allotment reached) 16449921
bases in batch (batch size exceeded) 25006335
bases in batch (batch size exceeded) 25008499
bases in batch (batch size exceeded) 25006187
bases in batch (batch size exceeded) 25000871
bases in batch (core allotment reached) 16457836
bases in batch (batch size exceeded) 25052314
bases in batch (batch size exceeded) 25003008
bases in batch (batch size exceeded) 25002168
bases in batch (batch size exceeded) 25004595
bases in batch (core allotment reached) 16441465
bases in batch (batch size exceeded) 25005582
bases in batch (batch size exceeded) 25006764
bases in batch (batch size exceeded) 25021775
bases in batch (batch size exceeded) 25003482
bases in batch (core allotment reached) 16492631
bases in batch (batch size exceeded) 25019971
bases in batch (batch size exceeded) 25007138
bases in batch (batch size exceeded) 25024026
bases in batch (batch size exceeded) 25006714
bases in batch (core allotment reached) 16421604
bases in batch (batch size exceeded) 25014138
bases in batch (batch size exceeded) 25016237
bases in batch (batch size exceeded) 25019259
bases in batch (batch size exceeded) 25001255
bases in batch (core allotment reached) 16452634
bases in batch (batch size exceeded) 25005444
bases in batch (batch size exceeded) 25005573
bases in batch (batch size exceeded) 25002315
bases in batch (batch size exceeded) 25009487
bases in batch (core allotment reached) 16471287
bases in batch (batch size exceeded) 25018159
bases in batch (batch size exceeded) 25036007
bases in batch (batch size exceeded) 25001172
bases in batch (batch size exceeded) 25000587
bases in batch (core allotment reached) 16436701
bases in batch (batch size exceeded) 25003965
bases in batch (batch size exceeded) 25008586
bases in batch (batch size exceeded) 25001512
bases in batch (batch size exceeded) 25025138
bases in batch (core allotment reached) 16472388
bases in batch (batch size exceeded) 25001283
bases in batch (batch size exceeded) 25006629
bases in batch (batch size exceeded) 25014179
bases in batch (batch size exceeded) 25002599
bases in batch (core allotment reached) 16495320
bases in batch (batch size exceeded) 25008682
bases in batch (batch size exceeded) 25022380
bases in batch (batch size exceeded) 25011714
bases in batch (batch size exceeded) 25019105
bases in batch (core allotment reached) 16462693
bases in batch (batch size exceeded) 25055105
bases in batch (batch size exceeded) 25005898
bases in batch (batch size exceeded) 25007502
bases in batch (batch size exceeded) 25009062
bases in batch (core allotment reached) 16402418
bases in batch (batch size exceeded) 25005066
bases in batch (batch size exceeded) 25009548
bases in batch (batch size exceeded) 25078825
bases in batch (batch size exceeded) 25008439
bases in batch (core allotment reached) 16376763
bases in batch (batch size exceeded) 25033996
bases in batch (batch size exceeded) 25025739
bases in batch (batch size exceeded) 25010043
bases in batch (batch size exceeded) 25007909
bases in batch (core allotment reached) 16419215
bases in batch (batch size exceeded) 25024934
bases in batch (batch size exceeded) 25000813
bases in batch (batch size exceeded) 25011035
bases in batch (batch size exceeded) 25007833
bases in batch (core allotment reached) 16443113
bases in batch (batch size exceeded) 25005865
bases in batch (batch size exceeded) 25029753
bases in batch (batch size exceeded) 25001837
bases in batch (batch size exceeded) 25001446
bases in batch (core allotment reached) 16446835
bases in batch (batch size exceeded) 25013958
bases in batch (batch size exceeded) 25033615
bases in batch (batch size exceeded) 25040590
bases in batch (batch size exceeded) 25047322
bases in batch (core allotment reached) 16348512
bases in batch (batch size exceeded) 25046956
bases in batch (batch size exceeded) 25022388
bases in batch (batch size exceeded) 25005655
bases in batch (batch size exceeded) 25010657
bases in batch (core allotment reached) 16394503
bases in batch (batch size exceeded) 25019494
bases in batch (batch size exceeded) 25025471
bases in batch (batch size exceeded) 25007280
bases in batch (batch size exceeded) 25012326
bases in batch (core allotment reached) 16427103
bases in batch (batch size exceeded) 25019511
bases in batch (batch size exceeded) 25033591
bases in batch (batch size exceeded) 25001107
bases in batch (batch size exceeded) 25013474
bases in batch (core allotment reached) 16430346
bases in batch (batch size exceeded) 25005634
bases in batch (batch size exceeded) 25004413
bases in batch (batch size exceeded) 25016942
bases in batch (batch size exceeded) 25007156
bases in batch (core allotment reached) 16445031
bases in batch (batch size exceeded) 25001570
bases in batch (batch size exceeded) 25006788
bases in batch (batch size exceeded) 25011442
bases in batch (batch size exceeded) 25008870
bases in batch (core allotment reached) 16471246
bases in batch (batch size exceeded) 25001727
bases in batch (batch size exceeded) 25000240
bases in batch (batch size exceeded) 25001727
bases in batch (batch size exceeded) 25002423
bases in batch (core allotment reached) 16513213
bases in batch (batch size exceeded) 25023266
bases in batch (batch size exceeded) 25002223
bases in batch (batch size exceeded) 25008808
bases in batch (batch size exceeded) 25039271
bases in batch (core allotment reached) 16412241
bases in batch (batch size exceeded) 25000053
bases in batch (batch size exceeded) 25008594
bases in batch (batch size exceeded) 25009104
bases in batch (batch size exceeded) 25021491
bases in batch (core allotment reached) 16447012
bases in batch (batch size exceeded) 25000940
bases in batch (batch size exceeded) 25071289
bases in batch (batch size exceeded) 25013814
bases in batch (batch size exceeded) 25002427
bases in batch (core allotment reached) 16423148
bases in batch (batch size exceeded) 25000334
bases in batch (batch size exceeded) 25009827
bases in batch (batch size exceeded) 25012618
bases in batch (batch size exceeded) 25002726
bases in batch (last for core) 15926167
Starting up parallel processes, tasklist took 16.54350733757019
Starting merge, parallel processing took 339.4733715057373
bigwig
Merge took 478.16401529312134

